<?xml version="1.0" encoding="utf-8"?>
<!DOCTYPE coverage SYSTEM "http://cobertura.sourceforge.net/xml/coverage-04.dtd">
<coverage line-rate="0.32181168057211" branch-rate="1" lines-covered="270" lines-valid="839" branches-covered="0" branches-valid="0" complexity="0" version="0" timestamp="1752180590">
  <sources />
  <packages>
    <package name="Assembly-CSharp" line-rate="0.0821114369501466" branch-rate="1" complexity="0">
      <classes>
        <class name="AttackAction" filename="P:/uni/final_project/Game/The Tower - Final Project/Assets/Scripts/BehaviorGraphActions/AttackAction.cs" line-rate="0" branch-rate="1" complexity="0">
          <methods>
            <method name="OnStart" signature="()" line-rate="0" branch-rate="1" complexity="0">
              <lines>
                <line number="16" hits="0" branch="false" />
                <line number="17" hits="0" branch="false" />
                <line number="18" hits="0" branch="false" />
                <line number="19" hits="0" branch="false" />
                <line number="20" hits="0" branch="false" />
              </lines>
            </method>
            <method name="OnUpdate" signature="()" line-rate="0" branch-rate="1" complexity="0">
              <lines>
                <line number="23" hits="0" branch="false" />
                <line number="24" hits="0" branch="false" />
                <line number="25" hits="0" branch="false" />
              </lines>
            </method>
            <method name="OnEnd" signature="()" line-rate="0" branch-rate="1" complexity="0">
              <lines>
                <line number="28" hits="0" branch="false" />
                <line number="29" hits="0" branch="false" />
                <line number="30" hits="0" branch="false" />
              </lines>
            </method>
          </methods>
          <lines>
            <line number="16" hits="0" branch="false" />
            <line number="17" hits="0" branch="false" />
            <line number="18" hits="0" branch="false" />
            <line number="19" hits="0" branch="false" />
            <line number="20" hits="0" branch="false" />
            <line number="23" hits="0" branch="false" />
            <line number="24" hits="0" branch="false" />
            <line number="25" hits="0" branch="false" />
            <line number="28" hits="0" branch="false" />
            <line number="29" hits="0" branch="false" />
            <line number="30" hits="0" branch="false" />
          </lines>
        </class>
        <class name="AvoidTargetAction" filename="P:/uni/final_project/Game/The Tower - Final Project/Assets/Scripts/BehaviorGraphActions/AvoidTargetAction.cs" line-rate="0" branch-rate="1" complexity="0">
          <methods>
            <method name="OnStart" signature="()" line-rate="0" branch-rate="1" complexity="0">
              <lines>
                <line number="19" hits="0" branch="false" />
                <line number="20" hits="0" branch="false" />
                <line number="21" hits="0" branch="false" />
                <line number="23" hits="0" branch="false" />
                <line number="24" hits="0" branch="false" />
              </lines>
            </method>
            <method name="OnUpdate" signature="()" line-rate="0" branch-rate="1" complexity="0">
              <lines>
                <line number="27" hits="0" branch="false" />
                <line number="28" hits="0" branch="false" />
                <line number="29" hits="0" branch="false" />
                <line number="30" hits="0" branch="false" />
                <line number="31" hits="0" branch="false" />
                <line number="32" hits="0" branch="false" />
                <line number="33" hits="0" branch="false" />
                <line number="35" hits="0" branch="false" />
                <line number="36" hits="0" branch="false" />
              </lines>
            </method>
            <method name="OnEnd" signature="()" line-rate="0" branch-rate="1" complexity="0">
              <lines>
                <line number="39" hits="0" branch="false" />
                <line number="40" hits="0" branch="false" />
              </lines>
            </method>
          </methods>
          <lines>
            <line number="19" hits="0" branch="false" />
            <line number="20" hits="0" branch="false" />
            <line number="21" hits="0" branch="false" />
            <line number="23" hits="0" branch="false" />
            <line number="24" hits="0" branch="false" />
            <line number="27" hits="0" branch="false" />
            <line number="28" hits="0" branch="false" />
            <line number="29" hits="0" branch="false" />
            <line number="30" hits="0" branch="false" />
            <line number="31" hits="0" branch="false" />
            <line number="32" hits="0" branch="false" />
            <line number="33" hits="0" branch="false" />
            <line number="35" hits="0" branch="false" />
            <line number="36" hits="0" branch="false" />
            <line number="39" hits="0" branch="false" />
            <line number="40" hits="0" branch="false" />
          </lines>
        </class>
        <class name="CharacterAudioPlayer" filename="P:/uni/final_project/Game/The Tower - Final Project/Assets/Scripts/Character/CharacterAudioPlayer.cs" line-rate="1" branch-rate="1" complexity="0">
          <methods>
            <method name="Awake" signature="()" line-rate="1" branch-rate="1" complexity="0">
              <lines>
                <line number="14" hits="25" branch="false" />
                <line number="15" hits="25" branch="false" />
                <line number="16" hits="25" branch="false" />
              </lines>
            </method>
            <method name="Hit" signature="()" line-rate="1" branch-rate="1" complexity="0">
              <lines>
                <line number="19" hits="4" branch="false" />
                <line number="21" hits="4" branch="false" />
              </lines>
            </method>
            <method name="OnFootstep" signature="()" line-rate="1" branch-rate="1" complexity="0">
              <lines>
                <line number="24" hits="944" branch="false" />
                <line number="25" hits="944" branch="false" />
                <line number="26" hits="944" branch="false" />
                <line number="27" hits="944" branch="false" />
              </lines>
            </method>
          </methods>
          <lines>
            <line number="14" hits="25" branch="false" />
            <line number="15" hits="25" branch="false" />
            <line number="16" hits="25" branch="false" />
            <line number="19" hits="4" branch="false" />
            <line number="21" hits="4" branch="false" />
            <line number="24" hits="944" branch="false" />
            <line number="25" hits="944" branch="false" />
            <line number="26" hits="944" branch="false" />
            <line number="27" hits="944" branch="false" />
          </lines>
        </class>
        <class name="EnemyController" filename="P:/uni/final_project/Game/The Tower - Final Project/Assets/Scripts/Enemies/EnemyController.cs" line-rate="1" branch-rate="1" complexity="0">
          <methods>
            <method name="Start" signature="()" line-rate="1" branch-rate="1" complexity="0">
              <lines>
                <line number="17" hits="20" branch="false" />
                <line number="18" hits="20" branch="false" />
                <line number="19" hits="20" branch="false" />
                <line number="20" hits="20" branch="false" />
                <line number="23" hits="20" branch="false" />
                <line number="24" hits="20" branch="false" />
                <line number="26" hits="20" branch="false" />
                <line number="27" hits="20" branch="false" />
                <line number="28" hits="20" branch="false" />
                <line number="30" hits="20" branch="false" />
              </lines>
            </method>
            <method name="Hit" signature="()" line-rate="1" branch-rate="1" complexity="0">
              <lines>
                <line number="45" hits="3" branch="false" />
                <line number="47" hits="3" branch="false" />
                <line number="48" hits="3" branch="false" />
              </lines>
            </method>
            <method name="EnemyController" signature="()" line-rate="1" branch-rate="1" complexity="0">
              <lines>
                <line number="9" hits="26" branch="false" />
              </lines>
            </method>
          </methods>
          <lines>
            <line number="9" hits="26" branch="false" />
            <line number="17" hits="20" branch="false" />
            <line number="18" hits="20" branch="false" />
            <line number="19" hits="20" branch="false" />
            <line number="20" hits="20" branch="false" />
            <line number="23" hits="20" branch="false" />
            <line number="24" hits="20" branch="false" />
            <line number="26" hits="20" branch="false" />
            <line number="27" hits="20" branch="false" />
            <line number="28" hits="20" branch="false" />
            <line number="30" hits="20" branch="false" />
            <line number="45" hits="3" branch="false" />
            <line number="47" hits="3" branch="false" />
            <line number="48" hits="3" branch="false" />
          </lines>
        </class>
        <class name="GameManager" filename="P:/uni/final_project/Game/The Tower - Final Project/Assets/Scripts/GameManager.cs" line-rate="0" branch-rate="1" complexity="0">
          <methods>
            <method name="Start" signature="()" line-rate="0" branch-rate="1" complexity="0">
              <lines>
                <line number="7" hits="0" branch="false" />
                <line number="9" hits="0" branch="false" />
              </lines>
            </method>
            <method name="Update" signature="()" line-rate="0" branch-rate="1" complexity="0">
              <lines>
                <line number="13" hits="0" branch="false" />
                <line number="15" hits="0" branch="false" />
              </lines>
            </method>
          </methods>
          <lines>
            <line number="7" hits="0" branch="false" />
            <line number="9" hits="0" branch="false" />
            <line number="13" hits="0" branch="false" />
            <line number="15" hits="0" branch="false" />
          </lines>
        </class>
        <class name="InputSystemActions" filename="P:/uni/final_project/Game/The Tower - Final Project/Assets/InputSystemActions.cs" line-rate="0" branch-rate="1" complexity="0">
          <methods>
            <method name="asset" signature="()" line-rate="0" branch-rate="1" complexity="NaN">
              <lines>
                <line number="20" hits="0" branch="false" />
              </lines>
            </method>
            <method name="Finalize" signature="()" line-rate="0" branch-rate="1" complexity="0">
              <lines>
                <line number="1106" hits="0" branch="false" />
                <line number="1107" hits="0" branch="false" />
                <line number="1108" hits="0" branch="false" />
                <line number="1109" hits="0" branch="false" />
              </lines>
            </method>
            <method name="Dispose" signature="()" line-rate="0" branch-rate="1" complexity="0">
              <lines>
                <line number="1112" hits="0" branch="false" />
                <line number="1113" hits="0" branch="false" />
                <line number="1114" hits="0" branch="false" />
              </lines>
            </method>
            <method name="bindingMask" signature="()" line-rate="0" branch-rate="1" complexity="NaN">
              <lines>
                <line number="1118" hits="0" branch="false" />
              </lines>
            </method>
            <method name="bindingMask" signature="(System.Nullable[InputBinding])" line-rate="0" branch-rate="1" complexity="NaN">
              <lines>
                <line number="1119" hits="0" branch="false" />
              </lines>
            </method>
            <method name="devices" signature="()" line-rate="0" branch-rate="1" complexity="NaN">
              <lines>
                <line number="1124" hits="0" branch="false" />
              </lines>
            </method>
            <method name="devices" signature="(System.Nullable[ReadOnlyArray`1])" line-rate="0" branch-rate="1" complexity="NaN">
              <lines>
                <line number="1125" hits="0" branch="false" />
              </lines>
            </method>
            <method name="controlSchemes" signature="()" line-rate="0" branch-rate="1" complexity="NaN">
              <lines>
                <line number="1128" hits="0" branch="false" />
              </lines>
            </method>
            <method name="Contains" signature="(UnityEngine.InputSystem.InputAction)" line-rate="0" branch-rate="1" complexity="NaN">
              <lines>
                <line number="1131" hits="0" branch="false" />
                <line number="1132" hits="0" branch="false" />
                <line number="1133" hits="0" branch="false" />
              </lines>
            </method>
            <method name="GetEnumerator" signature="()" line-rate="0" branch-rate="1" complexity="0">
              <lines>
                <line number="1136" hits="0" branch="false" />
                <line number="1137" hits="0" branch="false" />
                <line number="1138" hits="0" branch="false" />
              </lines>
            </method>
            <method name="GetEnumerator" signature="()" line-rate="0" branch-rate="1" complexity="0">
              <lines>
                <line number="1141" hits="0" branch="false" />
                <line number="1142" hits="0" branch="false" />
                <line number="1143" hits="0" branch="false" />
              </lines>
            </method>
            <method name="Enable" signature="()" line-rate="0" branch-rate="1" complexity="0">
              <lines>
                <line number="1146" hits="0" branch="false" />
                <line number="1147" hits="0" branch="false" />
                <line number="1148" hits="0" branch="false" />
              </lines>
            </method>
            <method name="Disable" signature="()" line-rate="0" branch-rate="1" complexity="0">
              <lines>
                <line number="1151" hits="0" branch="false" />
                <line number="1152" hits="0" branch="false" />
                <line number="1153" hits="0" branch="false" />
              </lines>
            </method>
            <method name="bindings" signature="()" line-rate="0" branch-rate="1" complexity="NaN">
              <lines>
                <line number="1155" hits="0" branch="false" />
              </lines>
            </method>
            <method name="FindAction" signature="(System.String, System.Boolean)" line-rate="0" branch-rate="1" complexity="NaN">
              <lines>
                <line number="1158" hits="0" branch="false" />
                <line number="1159" hits="0" branch="false" />
                <line number="1160" hits="0" branch="false" />
              </lines>
            </method>
            <method name="FindBinding" signature="(UnityEngine.InputSystem.InputBinding, UnityEngine.InputSystem.InputAction&amp;)" line-rate="0" branch-rate="1" complexity="NaN">
              <lines>
                <line number="1163" hits="0" branch="false" />
                <line number="1164" hits="0" branch="false" />
                <line number="1165" hits="0" branch="false" />
              </lines>
            </method>
            <method name="Player" signature="()" line-rate="0" branch-rate="1" complexity="NaN">
              <lines>
                <line number="1275" hits="0" branch="false" />
              </lines>
            </method>
            <method name="UI" signature="()" line-rate="0" branch-rate="1" complexity="NaN">
              <lines>
                <line number="1393" hits="0" branch="false" />
              </lines>
            </method>
            <method name="KeyboardMouseScheme" signature="()" line-rate="0" branch-rate="1" complexity="NaN">
              <lines>
                <line number="1398" hits="0" branch="false" />
                <line number="1399" hits="0" branch="false" />
                <line number="1400" hits="0" branch="false" />
                <line number="1401" hits="0" branch="false" />
              </lines>
            </method>
            <method name="GamepadScheme" signature="()" line-rate="0" branch-rate="1" complexity="NaN">
              <lines>
                <line number="1407" hits="0" branch="false" />
                <line number="1408" hits="0" branch="false" />
                <line number="1409" hits="0" branch="false" />
                <line number="1410" hits="0" branch="false" />
              </lines>
            </method>
            <method name="TouchScheme" signature="()" line-rate="0" branch-rate="1" complexity="NaN">
              <lines>
                <line number="1416" hits="0" branch="false" />
                <line number="1417" hits="0" branch="false" />
                <line number="1418" hits="0" branch="false" />
                <line number="1419" hits="0" branch="false" />
              </lines>
            </method>
            <method name="JoystickScheme" signature="()" line-rate="0" branch-rate="1" complexity="NaN">
              <lines>
                <line number="1425" hits="0" branch="false" />
                <line number="1426" hits="0" branch="false" />
                <line number="1427" hits="0" branch="false" />
                <line number="1428" hits="0" branch="false" />
              </lines>
            </method>
            <method name="XRScheme" signature="()" line-rate="0" branch-rate="1" complexity="NaN">
              <lines>
                <line number="1434" hits="0" branch="false" />
                <line number="1435" hits="0" branch="false" />
                <line number="1436" hits="0" branch="false" />
                <line number="1437" hits="0" branch="false" />
              </lines>
            </method>
            <method name="InputSystemActions" signature="()" line-rate="0" branch-rate="1" complexity="NaN">
              <lines>
                <line number="21" hits="0" branch="false" />
                <line number="22" hits="0" branch="false" />
                <line number="23" hits="0" branch="false" />
                <line number="1081" hits="0" branch="false" />
                <line number="1082" hits="0" branch="false" />
                <line number="1083" hits="0" branch="false" />
                <line number="1084" hits="0" branch="false" />
                <line number="1085" hits="0" branch="false" />
                <line number="1086" hits="0" branch="false" />
                <line number="1087" hits="0" branch="false" />
                <line number="1088" hits="0" branch="false" />
                <line number="1089" hits="0" branch="false" />
                <line number="1090" hits="0" branch="false" />
                <line number="1092" hits="0" branch="false" />
                <line number="1093" hits="0" branch="false" />
                <line number="1094" hits="0" branch="false" />
                <line number="1095" hits="0" branch="false" />
                <line number="1096" hits="0" branch="false" />
                <line number="1097" hits="0" branch="false" />
                <line number="1098" hits="0" branch="false" />
                <line number="1099" hits="0" branch="false" />
                <line number="1100" hits="0" branch="false" />
                <line number="1101" hits="0" branch="false" />
                <line number="1102" hits="0" branch="false" />
                <line number="1103" hits="0" branch="false" />
                <line number="1106" hits="0" branch="false" />
                <line number="1107" hits="0" branch="false" />
                <line number="1108" hits="0" branch="false" />
                <line number="1109" hits="0" branch="false" />
                <line number="1112" hits="0" branch="false" />
                <line number="1113" hits="0" branch="false" />
                <line number="1114" hits="0" branch="false" />
                <line number="1118" hits="0" branch="false" />
                <line number="1119" hits="0" branch="false" />
                <line number="1124" hits="0" branch="false" />
                <line number="1125" hits="0" branch="false" />
                <line number="1128" hits="0" branch="false" />
                <line number="1131" hits="0" branch="false" />
                <line number="1132" hits="0" branch="false" />
                <line number="1133" hits="0" branch="false" />
                <line number="1136" hits="0" branch="false" />
                <line number="1137" hits="0" branch="false" />
                <line number="1138" hits="0" branch="false" />
                <line number="1141" hits="0" branch="false" />
                <line number="1142" hits="0" branch="false" />
                <line number="1143" hits="0" branch="false" />
                <line number="1146" hits="0" branch="false" />
                <line number="1147" hits="0" branch="false" />
                <line number="1148" hits="0" branch="false" />
                <line number="1151" hits="0" branch="false" />
                <line number="1152" hits="0" branch="false" />
                <line number="1153" hits="0" branch="false" />
                <line number="1155" hits="0" branch="false" />
                <line number="1158" hits="0" branch="false" />
                <line number="1159" hits="0" branch="false" />
                <line number="1160" hits="0" branch="false" />
                <line number="1163" hits="0" branch="false" />
                <line number="1164" hits="0" branch="false" />
                <line number="1165" hits="0" branch="false" />
                <line number="1169" hits="0" branch="false" />
                <line number="1182" hits="0" branch="false" />
                <line number="1183" hits="0" branch="false" />
                <line number="1184" hits="0" branch="false" />
                <line number="1185" hits="0" branch="false" />
                <line number="1186" hits="0" branch="false" />
                <line number="1187" hits="0" branch="false" />
                <line number="1188" hits="0" branch="false" />
                <line number="1189" hits="0" branch="false" />
                <line number="1190" hits="0" branch="false" />
                <line number="1191" hits="0" branch="false" />
                <line number="1192" hits="0" branch="false" />
                <line number="1193" hits="0" branch="false" />
                <line number="1194" hits="0" branch="false" />
                <line number="1195" hits="0" branch="false" />
                <line number="1196" hits="0" branch="false" />
                <line number="1198" hits="0" branch="false" />
                <line number="1199" hits="0" branch="false" />
                <line number="1200" hits="0" branch="false" />
                <line number="1201" hits="0" branch="false" />
                <line number="1202" hits="0" branch="false" />
                <line number="1203" hits="0" branch="false" />
                <line number="1204" hits="0" branch="false" />
                <line number="1205" hits="0" branch="false" />
                <line number="1206" hits="0" branch="false" />
                <line number="1207" hits="0" branch="false" />
                <line number="1208" hits="0" branch="false" />
                <line number="1209" hits="0" branch="false" />
                <line number="1210" hits="0" branch="false" />
                <line number="1211" hits="0" branch="false" />
                <line number="1212" hits="0" branch="false" />
                <line number="1213" hits="0" branch="false" />
                <line number="1214" hits="0" branch="false" />
                <line number="1215" hits="0" branch="false" />
                <line number="1216" hits="0" branch="false" />
                <line number="1217" hits="0" branch="false" />
                <line number="1218" hits="0" branch="false" />
                <line number="1219" hits="0" branch="false" />
                <line number="1220" hits="0" branch="false" />
                <line number="1221" hits="0" branch="false" />
                <line number="1222" hits="0" branch="false" />
                <line number="1223" hits="0" branch="false" />
                <line number="1224" hits="0" branch="false" />
                <line number="1225" hits="0" branch="false" />
                <line number="1226" hits="0" branch="false" />
                <line number="1227" hits="0" branch="false" />
                <line number="1228" hits="0" branch="false" />
                <line number="1231" hits="0" branch="false" />
                <line number="1232" hits="0" branch="false" />
                <line number="1233" hits="0" branch="false" />
                <line number="1234" hits="0" branch="false" />
                <line number="1235" hits="0" branch="false" />
                <line number="1236" hits="0" branch="false" />
                <line number="1237" hits="0" branch="false" />
                <line number="1238" hits="0" branch="false" />
                <line number="1239" hits="0" branch="false" />
                <line number="1240" hits="0" branch="false" />
                <line number="1241" hits="0" branch="false" />
                <line number="1242" hits="0" branch="false" />
                <line number="1243" hits="0" branch="false" />
                <line number="1244" hits="0" branch="false" />
                <line number="1245" hits="0" branch="false" />
                <line number="1246" hits="0" branch="false" />
                <line number="1247" hits="0" branch="false" />
                <line number="1248" hits="0" branch="false" />
                <line number="1249" hits="0" branch="false" />
                <line number="1250" hits="0" branch="false" />
                <line number="1251" hits="0" branch="false" />
                <line number="1252" hits="0" branch="false" />
                <line number="1253" hits="0" branch="false" />
                <line number="1254" hits="0" branch="false" />
                <line number="1255" hits="0" branch="false" />
                <line number="1256" hits="0" branch="false" />
                <line number="1257" hits="0" branch="false" />
                <line number="1258" hits="0" branch="false" />
                <line number="1259" hits="0" branch="false" />
                <line number="1262" hits="0" branch="false" />
                <line number="1263" hits="0" branch="false" />
                <line number="1264" hits="0" branch="false" />
                <line number="1265" hits="0" branch="false" />
                <line number="1268" hits="0" branch="false" />
                <line number="1269" hits="0" branch="false" />
                <line number="1270" hits="0" branch="false" />
                <line number="1271" hits="0" branch="false" />
                <line number="1272" hits="0" branch="false" />
                <line number="1273" hits="0" branch="false" />
                <line number="1275" hits="0" branch="false" />
                <line number="1279" hits="0" branch="false" />
                <line number="1293" hits="0" branch="false" />
                <line number="1294" hits="0" branch="false" />
                <line number="1295" hits="0" branch="false" />
                <line number="1296" hits="0" branch="false" />
                <line number="1297" hits="0" branch="false" />
                <line number="1298" hits="0" branch="false" />
                <line number="1299" hits="0" branch="false" />
                <line number="1300" hits="0" branch="false" />
                <line number="1301" hits="0" branch="false" />
                <line number="1302" hits="0" branch="false" />
                <line number="1303" hits="0" branch="false" />
                <line number="1304" hits="0" branch="false" />
                <line number="1305" hits="0" branch="false" />
                <line number="1306" hits="0" branch="false" />
                <line number="1307" hits="0" branch="false" />
                <line number="1308" hits="0" branch="false" />
                <line number="1310" hits="0" branch="false" />
                <line number="1311" hits="0" branch="false" />
                <line number="1312" hits="0" branch="false" />
                <line number="1313" hits="0" branch="false" />
                <line number="1314" hits="0" branch="false" />
                <line number="1315" hits="0" branch="false" />
                <line number="1316" hits="0" branch="false" />
                <line number="1317" hits="0" branch="false" />
                <line number="1318" hits="0" branch="false" />
                <line number="1319" hits="0" branch="false" />
                <line number="1320" hits="0" branch="false" />
                <line number="1321" hits="0" branch="false" />
                <line number="1322" hits="0" branch="false" />
                <line number="1323" hits="0" branch="false" />
                <line number="1324" hits="0" branch="false" />
                <line number="1325" hits="0" branch="false" />
                <line number="1326" hits="0" branch="false" />
                <line number="1327" hits="0" branch="false" />
                <line number="1328" hits="0" branch="false" />
                <line number="1329" hits="0" branch="false" />
                <line number="1330" hits="0" branch="false" />
                <line number="1331" hits="0" branch="false" />
                <line number="1332" hits="0" branch="false" />
                <line number="1333" hits="0" branch="false" />
                <line number="1334" hits="0" branch="false" />
                <line number="1335" hits="0" branch="false" />
                <line number="1336" hits="0" branch="false" />
                <line number="1337" hits="0" branch="false" />
                <line number="1338" hits="0" branch="false" />
                <line number="1339" hits="0" branch="false" />
                <line number="1340" hits="0" branch="false" />
                <line number="1341" hits="0" branch="false" />
                <line number="1342" hits="0" branch="false" />
                <line number="1343" hits="0" branch="false" />
                <line number="1346" hits="0" branch="false" />
                <line number="1347" hits="0" branch="false" />
                <line number="1348" hits="0" branch="false" />
                <line number="1349" hits="0" branch="false" />
                <line number="1350" hits="0" branch="false" />
                <line number="1351" hits="0" branch="false" />
                <line number="1352" hits="0" branch="false" />
                <line number="1353" hits="0" branch="false" />
                <line number="1354" hits="0" branch="false" />
                <line number="1355" hits="0" branch="false" />
                <line number="1356" hits="0" branch="false" />
                <line number="1357" hits="0" branch="false" />
                <line number="1358" hits="0" branch="false" />
                <line number="1359" hits="0" branch="false" />
                <line number="1360" hits="0" branch="false" />
                <line number="1361" hits="0" branch="false" />
                <line number="1362" hits="0" branch="false" />
                <line number="1363" hits="0" branch="false" />
                <line number="1364" hits="0" branch="false" />
                <line number="1365" hits="0" branch="false" />
                <line number="1366" hits="0" branch="false" />
                <line number="1367" hits="0" branch="false" />
                <line number="1368" hits="0" branch="false" />
                <line number="1369" hits="0" branch="false" />
                <line number="1370" hits="0" branch="false" />
                <line number="1371" hits="0" branch="false" />
                <line number="1372" hits="0" branch="false" />
                <line number="1373" hits="0" branch="false" />
                <line number="1374" hits="0" branch="false" />
                <line number="1375" hits="0" branch="false" />
                <line number="1376" hits="0" branch="false" />
                <line number="1377" hits="0" branch="false" />
                <line number="1380" hits="0" branch="false" />
                <line number="1381" hits="0" branch="false" />
                <line number="1382" hits="0" branch="false" />
                <line number="1383" hits="0" branch="false" />
                <line number="1386" hits="0" branch="false" />
                <line number="1387" hits="0" branch="false" />
                <line number="1388" hits="0" branch="false" />
                <line number="1389" hits="0" branch="false" />
                <line number="1390" hits="0" branch="false" />
                <line number="1391" hits="0" branch="false" />
                <line number="1393" hits="0" branch="false" />
                <line number="1394" hits="0" branch="false" />
                <line number="1398" hits="0" branch="false" />
                <line number="1399" hits="0" branch="false" />
                <line number="1400" hits="0" branch="false" />
                <line number="1401" hits="0" branch="false" />
                <line number="1403" hits="0" branch="false" />
                <line number="1407" hits="0" branch="false" />
                <line number="1408" hits="0" branch="false" />
                <line number="1409" hits="0" branch="false" />
                <line number="1410" hits="0" branch="false" />
                <line number="1412" hits="0" branch="false" />
                <line number="1416" hits="0" branch="false" />
                <line number="1417" hits="0" branch="false" />
                <line number="1418" hits="0" branch="false" />
                <line number="1419" hits="0" branch="false" />
                <line number="1421" hits="0" branch="false" />
                <line number="1425" hits="0" branch="false" />
                <line number="1426" hits="0" branch="false" />
                <line number="1427" hits="0" branch="false" />
                <line number="1428" hits="0" branch="false" />
                <line number="1430" hits="0" branch="false" />
              </lines>
            </method>
            <method name="Move" signature="()" line-rate="0" branch-rate="1" complexity="NaN">
              <lines>
                <line number="1183" hits="0" branch="false" />
              </lines>
            </method>
            <method name="Look" signature="()" line-rate="0" branch-rate="1" complexity="NaN">
              <lines>
                <line number="1184" hits="0" branch="false" />
              </lines>
            </method>
            <method name="Attack" signature="()" line-rate="0" branch-rate="1" complexity="NaN">
              <lines>
                <line number="1185" hits="0" branch="false" />
              </lines>
            </method>
            <method name="Interact" signature="()" line-rate="0" branch-rate="1" complexity="NaN">
              <lines>
                <line number="1186" hits="0" branch="false" />
              </lines>
            </method>
            <method name="Crouch" signature="()" line-rate="0" branch-rate="1" complexity="NaN">
              <lines>
                <line number="1187" hits="0" branch="false" />
              </lines>
            </method>
            <method name="Jump" signature="()" line-rate="0" branch-rate="1" complexity="NaN">
              <lines>
                <line number="1188" hits="0" branch="false" />
              </lines>
            </method>
            <method name="Previous" signature="()" line-rate="0" branch-rate="1" complexity="NaN">
              <lines>
                <line number="1189" hits="0" branch="false" />
              </lines>
            </method>
            <method name="Next" signature="()" line-rate="0" branch-rate="1" complexity="NaN">
              <lines>
                <line number="1190" hits="0" branch="false" />
              </lines>
            </method>
            <method name="Sprint" signature="()" line-rate="0" branch-rate="1" complexity="NaN">
              <lines>
                <line number="1191" hits="0" branch="false" />
              </lines>
            </method>
            <method name="Get" signature="()" line-rate="0" branch-rate="1" complexity="0">
              <lines>
                <line number="1192" hits="0" branch="false" />
              </lines>
            </method>
            <method name="Enable" signature="()" line-rate="0" branch-rate="1" complexity="0">
              <lines>
                <line number="1193" hits="0" branch="false" />
              </lines>
            </method>
            <method name="Disable" signature="()" line-rate="0" branch-rate="1" complexity="0">
              <lines>
                <line number="1194" hits="0" branch="false" />
              </lines>
            </method>
            <method name="enabled" signature="()" line-rate="0" branch-rate="1" complexity="NaN">
              <lines>
                <line number="1195" hits="0" branch="false" />
              </lines>
            </method>
            <method name="implicit operator UnityEngine.InputSystem.InputActionMap" signature="(InputSystemActions/PlayerActions)" line-rate="0" branch-rate="1" complexity="NaN">
              <lines>
                <line number="1196" hits="0" branch="false" />
              </lines>
            </method>
            <method name="AddCallbacks" signature="(InputSystemActions/IPlayerActions)" line-rate="0" branch-rate="1" complexity="NaN">
              <lines>
                <line number="1198" hits="0" branch="false" />
                <line number="1199" hits="0" branch="false" />
                <line number="1200" hits="0" branch="false" />
                <line number="1201" hits="0" branch="false" />
                <line number="1202" hits="0" branch="false" />
                <line number="1203" hits="0" branch="false" />
                <line number="1204" hits="0" branch="false" />
                <line number="1205" hits="0" branch="false" />
                <line number="1206" hits="0" branch="false" />
                <line number="1207" hits="0" branch="false" />
                <line number="1208" hits="0" branch="false" />
                <line number="1209" hits="0" branch="false" />
                <line number="1210" hits="0" branch="false" />
                <line number="1211" hits="0" branch="false" />
                <line number="1212" hits="0" branch="false" />
                <line number="1213" hits="0" branch="false" />
                <line number="1214" hits="0" branch="false" />
                <line number="1215" hits="0" branch="false" />
                <line number="1216" hits="0" branch="false" />
                <line number="1217" hits="0" branch="false" />
                <line number="1218" hits="0" branch="false" />
                <line number="1219" hits="0" branch="false" />
                <line number="1220" hits="0" branch="false" />
                <line number="1221" hits="0" branch="false" />
                <line number="1222" hits="0" branch="false" />
                <line number="1223" hits="0" branch="false" />
                <line number="1224" hits="0" branch="false" />
                <line number="1225" hits="0" branch="false" />
                <line number="1226" hits="0" branch="false" />
                <line number="1227" hits="0" branch="false" />
                <line number="1228" hits="0" branch="false" />
              </lines>
            </method>
            <method name="UnregisterCallbacks" signature="(InputSystemActions/IPlayerActions)" line-rate="0" branch-rate="1" complexity="NaN">
              <lines>
                <line number="1231" hits="0" branch="false" />
                <line number="1232" hits="0" branch="false" />
                <line number="1233" hits="0" branch="false" />
                <line number="1234" hits="0" branch="false" />
                <line number="1235" hits="0" branch="false" />
                <line number="1236" hits="0" branch="false" />
                <line number="1237" hits="0" branch="false" />
                <line number="1238" hits="0" branch="false" />
                <line number="1239" hits="0" branch="false" />
                <line number="1240" hits="0" branch="false" />
                <line number="1241" hits="0" branch="false" />
                <line number="1242" hits="0" branch="false" />
                <line number="1243" hits="0" branch="false" />
                <line number="1244" hits="0" branch="false" />
                <line number="1245" hits="0" branch="false" />
                <line number="1246" hits="0" branch="false" />
                <line number="1247" hits="0" branch="false" />
                <line number="1248" hits="0" branch="false" />
                <line number="1249" hits="0" branch="false" />
                <line number="1250" hits="0" branch="false" />
                <line number="1251" hits="0" branch="false" />
                <line number="1252" hits="0" branch="false" />
                <line number="1253" hits="0" branch="false" />
                <line number="1254" hits="0" branch="false" />
                <line number="1255" hits="0" branch="false" />
                <line number="1256" hits="0" branch="false" />
                <line number="1257" hits="0" branch="false" />
                <line number="1258" hits="0" branch="false" />
                <line number="1259" hits="0" branch="false" />
              </lines>
            </method>
            <method name="RemoveCallbacks" signature="(InputSystemActions/IPlayerActions)" line-rate="0" branch-rate="1" complexity="NaN">
              <lines>
                <line number="1262" hits="0" branch="false" />
                <line number="1263" hits="0" branch="false" />
                <line number="1264" hits="0" branch="false" />
                <line number="1265" hits="0" branch="false" />
              </lines>
            </method>
            <method name="SetCallbacks" signature="(InputSystemActions/IPlayerActions)" line-rate="0" branch-rate="1" complexity="NaN">
              <lines>
                <line number="1268" hits="0" branch="false" />
                <line number="1269" hits="0" branch="false" />
                <line number="1270" hits="0" branch="false" />
                <line number="1271" hits="0" branch="false" />
                <line number="1272" hits="0" branch="false" />
                <line number="1273" hits="0" branch="false" />
              </lines>
            </method>
            <method name="PlayerActions" signature="(InputSystemActions)" line-rate="0" branch-rate="1" complexity="NaN">
              <lines>
                <line number="1182" hits="0" branch="false" />
              </lines>
            </method>
            <method name="Navigate" signature="()" line-rate="0" branch-rate="1" complexity="NaN">
              <lines>
                <line number="1294" hits="0" branch="false" />
              </lines>
            </method>
            <method name="Submit" signature="()" line-rate="0" branch-rate="1" complexity="NaN">
              <lines>
                <line number="1295" hits="0" branch="false" />
              </lines>
            </method>
            <method name="Cancel" signature="()" line-rate="0" branch-rate="1" complexity="NaN">
              <lines>
                <line number="1296" hits="0" branch="false" />
              </lines>
            </method>
            <method name="Point" signature="()" line-rate="0" branch-rate="1" complexity="NaN">
              <lines>
                <line number="1297" hits="0" branch="false" />
              </lines>
            </method>
            <method name="Click" signature="()" line-rate="0" branch-rate="1" complexity="NaN">
              <lines>
                <line number="1298" hits="0" branch="false" />
              </lines>
            </method>
            <method name="RightClick" signature="()" line-rate="0" branch-rate="1" complexity="NaN">
              <lines>
                <line number="1299" hits="0" branch="false" />
              </lines>
            </method>
            <method name="MiddleClick" signature="()" line-rate="0" branch-rate="1" complexity="NaN">
              <lines>
                <line number="1300" hits="0" branch="false" />
              </lines>
            </method>
            <method name="ScrollWheel" signature="()" line-rate="0" branch-rate="1" complexity="NaN">
              <lines>
                <line number="1301" hits="0" branch="false" />
              </lines>
            </method>
            <method name="TrackedDevicePosition" signature="()" line-rate="0" branch-rate="1" complexity="NaN">
              <lines>
                <line number="1302" hits="0" branch="false" />
              </lines>
            </method>
            <method name="TrackedDeviceOrientation" signature="()" line-rate="0" branch-rate="1" complexity="NaN">
              <lines>
                <line number="1303" hits="0" branch="false" />
              </lines>
            </method>
            <method name="Get" signature="()" line-rate="0" branch-rate="1" complexity="0">
              <lines>
                <line number="1304" hits="0" branch="false" />
              </lines>
            </method>
            <method name="Enable" signature="()" line-rate="0" branch-rate="1" complexity="0">
              <lines>
                <line number="1305" hits="0" branch="false" />
              </lines>
            </method>
            <method name="Disable" signature="()" line-rate="0" branch-rate="1" complexity="0">
              <lines>
                <line number="1306" hits="0" branch="false" />
              </lines>
            </method>
            <method name="enabled" signature="()" line-rate="0" branch-rate="1" complexity="NaN">
              <lines>
                <line number="1307" hits="0" branch="false" />
              </lines>
            </method>
            <method name="implicit operator UnityEngine.InputSystem.InputActionMap" signature="(InputSystemActions/UIActions)" line-rate="0" branch-rate="1" complexity="NaN">
              <lines>
                <line number="1308" hits="0" branch="false" />
              </lines>
            </method>
            <method name="AddCallbacks" signature="(InputSystemActions/IUIActions)" line-rate="0" branch-rate="1" complexity="NaN">
              <lines>
                <line number="1310" hits="0" branch="false" />
                <line number="1311" hits="0" branch="false" />
                <line number="1312" hits="0" branch="false" />
                <line number="1313" hits="0" branch="false" />
                <line number="1314" hits="0" branch="false" />
                <line number="1315" hits="0" branch="false" />
                <line number="1316" hits="0" branch="false" />
                <line number="1317" hits="0" branch="false" />
                <line number="1318" hits="0" branch="false" />
                <line number="1319" hits="0" branch="false" />
                <line number="1320" hits="0" branch="false" />
                <line number="1321" hits="0" branch="false" />
                <line number="1322" hits="0" branch="false" />
                <line number="1323" hits="0" branch="false" />
                <line number="1324" hits="0" branch="false" />
                <line number="1325" hits="0" branch="false" />
                <line number="1326" hits="0" branch="false" />
                <line number="1327" hits="0" branch="false" />
                <line number="1328" hits="0" branch="false" />
                <line number="1329" hits="0" branch="false" />
                <line number="1330" hits="0" branch="false" />
                <line number="1331" hits="0" branch="false" />
                <line number="1332" hits="0" branch="false" />
                <line number="1333" hits="0" branch="false" />
                <line number="1334" hits="0" branch="false" />
                <line number="1335" hits="0" branch="false" />
                <line number="1336" hits="0" branch="false" />
                <line number="1337" hits="0" branch="false" />
                <line number="1338" hits="0" branch="false" />
                <line number="1339" hits="0" branch="false" />
                <line number="1340" hits="0" branch="false" />
                <line number="1341" hits="0" branch="false" />
                <line number="1342" hits="0" branch="false" />
                <line number="1343" hits="0" branch="false" />
              </lines>
            </method>
            <method name="UnregisterCallbacks" signature="(InputSystemActions/IUIActions)" line-rate="0" branch-rate="1" complexity="NaN">
              <lines>
                <line number="1346" hits="0" branch="false" />
                <line number="1347" hits="0" branch="false" />
                <line number="1348" hits="0" branch="false" />
                <line number="1349" hits="0" branch="false" />
                <line number="1350" hits="0" branch="false" />
                <line number="1351" hits="0" branch="false" />
                <line number="1352" hits="0" branch="false" />
                <line number="1353" hits="0" branch="false" />
                <line number="1354" hits="0" branch="false" />
                <line number="1355" hits="0" branch="false" />
                <line number="1356" hits="0" branch="false" />
                <line number="1357" hits="0" branch="false" />
                <line number="1358" hits="0" branch="false" />
                <line number="1359" hits="0" branch="false" />
                <line number="1360" hits="0" branch="false" />
                <line number="1361" hits="0" branch="false" />
                <line number="1362" hits="0" branch="false" />
                <line number="1363" hits="0" branch="false" />
                <line number="1364" hits="0" branch="false" />
                <line number="1365" hits="0" branch="false" />
                <line number="1366" hits="0" branch="false" />
                <line number="1367" hits="0" branch="false" />
                <line number="1368" hits="0" branch="false" />
                <line number="1369" hits="0" branch="false" />
                <line number="1370" hits="0" branch="false" />
                <line number="1371" hits="0" branch="false" />
                <line number="1372" hits="0" branch="false" />
                <line number="1373" hits="0" branch="false" />
                <line number="1374" hits="0" branch="false" />
                <line number="1375" hits="0" branch="false" />
                <line number="1376" hits="0" branch="false" />
                <line number="1377" hits="0" branch="false" />
              </lines>
            </method>
            <method name="RemoveCallbacks" signature="(InputSystemActions/IUIActions)" line-rate="0" branch-rate="1" complexity="NaN">
              <lines>
                <line number="1380" hits="0" branch="false" />
                <line number="1381" hits="0" branch="false" />
                <line number="1382" hits="0" branch="false" />
                <line number="1383" hits="0" branch="false" />
              </lines>
            </method>
            <method name="SetCallbacks" signature="(InputSystemActions/IUIActions)" line-rate="0" branch-rate="1" complexity="NaN">
              <lines>
                <line number="1386" hits="0" branch="false" />
                <line number="1387" hits="0" branch="false" />
                <line number="1388" hits="0" branch="false" />
                <line number="1389" hits="0" branch="false" />
                <line number="1390" hits="0" branch="false" />
                <line number="1391" hits="0" branch="false" />
              </lines>
            </method>
            <method name="UIActions" signature="(InputSystemActions)" line-rate="0" branch-rate="1" complexity="NaN">
              <lines>
                <line number="1293" hits="0" branch="false" />
              </lines>
            </method>
          </methods>
          <lines>
            <line number="20" hits="0" branch="false" />
            <line number="21" hits="0" branch="false" />
            <line number="22" hits="0" branch="false" />
            <line number="23" hits="0" branch="false" />
            <line number="1081" hits="0" branch="false" />
            <line number="1082" hits="0" branch="false" />
            <line number="1083" hits="0" branch="false" />
            <line number="1084" hits="0" branch="false" />
            <line number="1085" hits="0" branch="false" />
            <line number="1086" hits="0" branch="false" />
            <line number="1087" hits="0" branch="false" />
            <line number="1088" hits="0" branch="false" />
            <line number="1089" hits="0" branch="false" />
            <line number="1090" hits="0" branch="false" />
            <line number="1092" hits="0" branch="false" />
            <line number="1093" hits="0" branch="false" />
            <line number="1094" hits="0" branch="false" />
            <line number="1095" hits="0" branch="false" />
            <line number="1096" hits="0" branch="false" />
            <line number="1097" hits="0" branch="false" />
            <line number="1098" hits="0" branch="false" />
            <line number="1099" hits="0" branch="false" />
            <line number="1100" hits="0" branch="false" />
            <line number="1101" hits="0" branch="false" />
            <line number="1102" hits="0" branch="false" />
            <line number="1103" hits="0" branch="false" />
            <line number="1106" hits="0" branch="false" />
            <line number="1107" hits="0" branch="false" />
            <line number="1108" hits="0" branch="false" />
            <line number="1109" hits="0" branch="false" />
            <line number="1112" hits="0" branch="false" />
            <line number="1113" hits="0" branch="false" />
            <line number="1114" hits="0" branch="false" />
            <line number="1118" hits="0" branch="false" />
            <line number="1119" hits="0" branch="false" />
            <line number="1124" hits="0" branch="false" />
            <line number="1125" hits="0" branch="false" />
            <line number="1128" hits="0" branch="false" />
            <line number="1131" hits="0" branch="false" />
            <line number="1132" hits="0" branch="false" />
            <line number="1133" hits="0" branch="false" />
            <line number="1136" hits="0" branch="false" />
            <line number="1137" hits="0" branch="false" />
            <line number="1138" hits="0" branch="false" />
            <line number="1141" hits="0" branch="false" />
            <line number="1142" hits="0" branch="false" />
            <line number="1143" hits="0" branch="false" />
            <line number="1146" hits="0" branch="false" />
            <line number="1147" hits="0" branch="false" />
            <line number="1148" hits="0" branch="false" />
            <line number="1151" hits="0" branch="false" />
            <line number="1152" hits="0" branch="false" />
            <line number="1153" hits="0" branch="false" />
            <line number="1155" hits="0" branch="false" />
            <line number="1158" hits="0" branch="false" />
            <line number="1159" hits="0" branch="false" />
            <line number="1160" hits="0" branch="false" />
            <line number="1163" hits="0" branch="false" />
            <line number="1164" hits="0" branch="false" />
            <line number="1165" hits="0" branch="false" />
            <line number="1169" hits="0" branch="false" />
            <line number="1182" hits="0" branch="false" />
            <line number="1183" hits="0" branch="false" />
            <line number="1184" hits="0" branch="false" />
            <line number="1185" hits="0" branch="false" />
            <line number="1186" hits="0" branch="false" />
            <line number="1187" hits="0" branch="false" />
            <line number="1188" hits="0" branch="false" />
            <line number="1189" hits="0" branch="false" />
            <line number="1190" hits="0" branch="false" />
            <line number="1191" hits="0" branch="false" />
            <line number="1192" hits="0" branch="false" />
            <line number="1193" hits="0" branch="false" />
            <line number="1194" hits="0" branch="false" />
            <line number="1195" hits="0" branch="false" />
            <line number="1196" hits="0" branch="false" />
            <line number="1198" hits="0" branch="false" />
            <line number="1199" hits="0" branch="false" />
            <line number="1200" hits="0" branch="false" />
            <line number="1201" hits="0" branch="false" />
            <line number="1202" hits="0" branch="false" />
            <line number="1203" hits="0" branch="false" />
            <line number="1204" hits="0" branch="false" />
            <line number="1205" hits="0" branch="false" />
            <line number="1206" hits="0" branch="false" />
            <line number="1207" hits="0" branch="false" />
            <line number="1208" hits="0" branch="false" />
            <line number="1209" hits="0" branch="false" />
            <line number="1210" hits="0" branch="false" />
            <line number="1211" hits="0" branch="false" />
            <line number="1212" hits="0" branch="false" />
            <line number="1213" hits="0" branch="false" />
            <line number="1214" hits="0" branch="false" />
            <line number="1215" hits="0" branch="false" />
            <line number="1216" hits="0" branch="false" />
            <line number="1217" hits="0" branch="false" />
            <line number="1218" hits="0" branch="false" />
            <line number="1219" hits="0" branch="false" />
            <line number="1220" hits="0" branch="false" />
            <line number="1221" hits="0" branch="false" />
            <line number="1222" hits="0" branch="false" />
            <line number="1223" hits="0" branch="false" />
            <line number="1224" hits="0" branch="false" />
            <line number="1225" hits="0" branch="false" />
            <line number="1226" hits="0" branch="false" />
            <line number="1227" hits="0" branch="false" />
            <line number="1228" hits="0" branch="false" />
            <line number="1231" hits="0" branch="false" />
            <line number="1232" hits="0" branch="false" />
            <line number="1233" hits="0" branch="false" />
            <line number="1234" hits="0" branch="false" />
            <line number="1235" hits="0" branch="false" />
            <line number="1236" hits="0" branch="false" />
            <line number="1237" hits="0" branch="false" />
            <line number="1238" hits="0" branch="false" />
            <line number="1239" hits="0" branch="false" />
            <line number="1240" hits="0" branch="false" />
            <line number="1241" hits="0" branch="false" />
            <line number="1242" hits="0" branch="false" />
            <line number="1243" hits="0" branch="false" />
            <line number="1244" hits="0" branch="false" />
            <line number="1245" hits="0" branch="false" />
            <line number="1246" hits="0" branch="false" />
            <line number="1247" hits="0" branch="false" />
            <line number="1248" hits="0" branch="false" />
            <line number="1249" hits="0" branch="false" />
            <line number="1250" hits="0" branch="false" />
            <line number="1251" hits="0" branch="false" />
            <line number="1252" hits="0" branch="false" />
            <line number="1253" hits="0" branch="false" />
            <line number="1254" hits="0" branch="false" />
            <line number="1255" hits="0" branch="false" />
            <line number="1256" hits="0" branch="false" />
            <line number="1257" hits="0" branch="false" />
            <line number="1258" hits="0" branch="false" />
            <line number="1259" hits="0" branch="false" />
            <line number="1262" hits="0" branch="false" />
            <line number="1263" hits="0" branch="false" />
            <line number="1264" hits="0" branch="false" />
            <line number="1265" hits="0" branch="false" />
            <line number="1268" hits="0" branch="false" />
            <line number="1269" hits="0" branch="false" />
            <line number="1270" hits="0" branch="false" />
            <line number="1271" hits="0" branch="false" />
            <line number="1272" hits="0" branch="false" />
            <line number="1273" hits="0" branch="false" />
            <line number="1275" hits="0" branch="false" />
            <line number="1279" hits="0" branch="false" />
            <line number="1293" hits="0" branch="false" />
            <line number="1294" hits="0" branch="false" />
            <line number="1295" hits="0" branch="false" />
            <line number="1296" hits="0" branch="false" />
            <line number="1297" hits="0" branch="false" />
            <line number="1298" hits="0" branch="false" />
            <line number="1299" hits="0" branch="false" />
            <line number="1300" hits="0" branch="false" />
            <line number="1301" hits="0" branch="false" />
            <line number="1302" hits="0" branch="false" />
            <line number="1303" hits="0" branch="false" />
            <line number="1304" hits="0" branch="false" />
            <line number="1305" hits="0" branch="false" />
            <line number="1306" hits="0" branch="false" />
            <line number="1307" hits="0" branch="false" />
            <line number="1308" hits="0" branch="false" />
            <line number="1310" hits="0" branch="false" />
            <line number="1311" hits="0" branch="false" />
            <line number="1312" hits="0" branch="false" />
            <line number="1313" hits="0" branch="false" />
            <line number="1314" hits="0" branch="false" />
            <line number="1315" hits="0" branch="false" />
            <line number="1316" hits="0" branch="false" />
            <line number="1317" hits="0" branch="false" />
            <line number="1318" hits="0" branch="false" />
            <line number="1319" hits="0" branch="false" />
            <line number="1320" hits="0" branch="false" />
            <line number="1321" hits="0" branch="false" />
            <line number="1322" hits="0" branch="false" />
            <line number="1323" hits="0" branch="false" />
            <line number="1324" hits="0" branch="false" />
            <line number="1325" hits="0" branch="false" />
            <line number="1326" hits="0" branch="false" />
            <line number="1327" hits="0" branch="false" />
            <line number="1328" hits="0" branch="false" />
            <line number="1329" hits="0" branch="false" />
            <line number="1330" hits="0" branch="false" />
            <line number="1331" hits="0" branch="false" />
            <line number="1332" hits="0" branch="false" />
            <line number="1333" hits="0" branch="false" />
            <line number="1334" hits="0" branch="false" />
            <line number="1335" hits="0" branch="false" />
            <line number="1336" hits="0" branch="false" />
            <line number="1337" hits="0" branch="false" />
            <line number="1338" hits="0" branch="false" />
            <line number="1339" hits="0" branch="false" />
            <line number="1340" hits="0" branch="false" />
            <line number="1341" hits="0" branch="false" />
            <line number="1342" hits="0" branch="false" />
            <line number="1343" hits="0" branch="false" />
            <line number="1346" hits="0" branch="false" />
            <line number="1347" hits="0" branch="false" />
            <line number="1348" hits="0" branch="false" />
            <line number="1349" hits="0" branch="false" />
            <line number="1350" hits="0" branch="false" />
            <line number="1351" hits="0" branch="false" />
            <line number="1352" hits="0" branch="false" />
            <line number="1353" hits="0" branch="false" />
            <line number="1354" hits="0" branch="false" />
            <line number="1355" hits="0" branch="false" />
            <line number="1356" hits="0" branch="false" />
            <line number="1357" hits="0" branch="false" />
            <line number="1358" hits="0" branch="false" />
            <line number="1359" hits="0" branch="false" />
            <line number="1360" hits="0" branch="false" />
            <line number="1361" hits="0" branch="false" />
            <line number="1362" hits="0" branch="false" />
            <line number="1363" hits="0" branch="false" />
            <line number="1364" hits="0" branch="false" />
            <line number="1365" hits="0" branch="false" />
            <line number="1366" hits="0" branch="false" />
            <line number="1367" hits="0" branch="false" />
            <line number="1368" hits="0" branch="false" />
            <line number="1369" hits="0" branch="false" />
            <line number="1370" hits="0" branch="false" />
            <line number="1371" hits="0" branch="false" />
            <line number="1372" hits="0" branch="false" />
            <line number="1373" hits="0" branch="false" />
            <line number="1374" hits="0" branch="false" />
            <line number="1375" hits="0" branch="false" />
            <line number="1376" hits="0" branch="false" />
            <line number="1377" hits="0" branch="false" />
            <line number="1380" hits="0" branch="false" />
            <line number="1381" hits="0" branch="false" />
            <line number="1382" hits="0" branch="false" />
            <line number="1383" hits="0" branch="false" />
            <line number="1386" hits="0" branch="false" />
            <line number="1387" hits="0" branch="false" />
            <line number="1388" hits="0" branch="false" />
            <line number="1389" hits="0" branch="false" />
            <line number="1390" hits="0" branch="false" />
            <line number="1391" hits="0" branch="false" />
            <line number="1393" hits="0" branch="false" />
            <line number="1394" hits="0" branch="false" />
            <line number="1398" hits="0" branch="false" />
            <line number="1399" hits="0" branch="false" />
            <line number="1400" hits="0" branch="false" />
            <line number="1401" hits="0" branch="false" />
            <line number="1403" hits="0" branch="false" />
            <line number="1407" hits="0" branch="false" />
            <line number="1408" hits="0" branch="false" />
            <line number="1409" hits="0" branch="false" />
            <line number="1410" hits="0" branch="false" />
            <line number="1412" hits="0" branch="false" />
            <line number="1416" hits="0" branch="false" />
            <line number="1417" hits="0" branch="false" />
            <line number="1418" hits="0" branch="false" />
            <line number="1419" hits="0" branch="false" />
            <line number="1421" hits="0" branch="false" />
            <line number="1425" hits="0" branch="false" />
            <line number="1426" hits="0" branch="false" />
            <line number="1427" hits="0" branch="false" />
            <line number="1428" hits="0" branch="false" />
            <line number="1430" hits="0" branch="false" />
            <line number="1434" hits="0" branch="false" />
            <line number="1435" hits="0" branch="false" />
            <line number="1436" hits="0" branch="false" />
            <line number="1437" hits="0" branch="false" />
          </lines>
        </class>
        <class name="NewPlayableBehaviour" filename="P:/uni/final_project/Game/The Tower - Final Project/Assets/Enemies/NewPlayableBehaviour.cs" line-rate="0" branch-rate="1" complexity="NaN">
          <methods>
            <method name="OnGraphStart" signature="(UnityEngine.Playables.Playable)" line-rate="0" branch-rate="1" complexity="NaN">
              <lines>
                <line number="9" hits="0" branch="false" />
                <line number="11" hits="0" branch="false" />
              </lines>
            </method>
            <method name="OnGraphStop" signature="(UnityEngine.Playables.Playable)" line-rate="0" branch-rate="1" complexity="NaN">
              <lines>
                <line number="15" hits="0" branch="false" />
                <line number="17" hits="0" branch="false" />
              </lines>
            </method>
            <method name="OnBehaviourPlay" signature="(UnityEngine.Playables.Playable, UnityEngine.Playables.FrameData)" line-rate="0" branch-rate="1" complexity="NaN">
              <lines>
                <line number="21" hits="0" branch="false" />
                <line number="23" hits="0" branch="false" />
              </lines>
            </method>
            <method name="OnBehaviourPause" signature="(UnityEngine.Playables.Playable, UnityEngine.Playables.FrameData)" line-rate="0" branch-rate="1" complexity="NaN">
              <lines>
                <line number="27" hits="0" branch="false" />
                <line number="29" hits="0" branch="false" />
              </lines>
            </method>
            <method name="PrepareFrame" signature="(UnityEngine.Playables.Playable, UnityEngine.Playables.FrameData)" line-rate="0" branch-rate="1" complexity="NaN">
              <lines>
                <line number="33" hits="0" branch="false" />
                <line number="35" hits="0" branch="false" />
              </lines>
            </method>
          </methods>
          <lines>
            <line number="9" hits="0" branch="false" />
            <line number="11" hits="0" branch="false" />
            <line number="15" hits="0" branch="false" />
            <line number="17" hits="0" branch="false" />
            <line number="21" hits="0" branch="false" />
            <line number="23" hits="0" branch="false" />
            <line number="27" hits="0" branch="false" />
            <line number="29" hits="0" branch="false" />
            <line number="33" hits="0" branch="false" />
            <line number="35" hits="0" branch="false" />
          </lines>
        </class>
        <class name="TestPlayer" filename="P:/uni/final_project/Game/The Tower - Final Project/Assets/TestPlayer.cs" line-rate="0.454545454545455" branch-rate="1" complexity="0">
          <methods>
            <method name="Start" signature="()" line-rate="1" branch-rate="1" complexity="0">
              <lines>
                <line number="9" hits="3" branch="false" />
                <line number="10" hits="3" branch="false" />
                <line number="11" hits="3" branch="false" />
                <line number="12" hits="3" branch="false" />
              </lines>
            </method>
            <method name="OnCollisionEnter" signature="(UnityEngine.Collision)" line-rate="0" branch-rate="1" complexity="NaN">
              <lines>
                <line number="15" hits="0" branch="false" />
                <line number="16" hits="0" branch="false" />
                <line number="17" hits="0" branch="false" />
                <line number="18" hits="0" branch="false" />
                <line number="19" hits="0" branch="false" />
                <line number="20" hits="0" branch="false" />
              </lines>
            </method>
            <method name="TestPlayer" signature="()" line-rate="1" branch-rate="1" complexity="0">
              <lines>
                <line number="7" hits="4" branch="false" />
              </lines>
            </method>
          </methods>
          <lines>
            <line number="7" hits="4" branch="false" />
            <line number="9" hits="3" branch="false" />
            <line number="10" hits="3" branch="false" />
            <line number="11" hits="3" branch="false" />
            <line number="12" hits="3" branch="false" />
            <line number="15" hits="0" branch="false" />
            <line number="16" hits="0" branch="false" />
            <line number="17" hits="0" branch="false" />
            <line number="18" hits="0" branch="false" />
            <line number="19" hits="0" branch="false" />
            <line number="20" hits="0" branch="false" />
          </lines>
        </class>
      </classes>
    </package>
    <package name="CombatSystem" line-rate="0.680555555555556" branch-rate="1" complexity="0">
      <classes>
        <class name="Assets.CombatSystem.Fighter" filename="P:/uni/final_project/Game/The Tower - Final Project/Assets/Scripts/Combat/Fighter.cs" line-rate="0.661764705882353" branch-rate="1" complexity="0">
          <methods>
            <method name="Awake" signature="()" line-rate="0.833333333333333" branch-rate="1" complexity="0">
              <lines>
                <line number="30" hits="25" branch="false" />
                <line number="31" hits="25" branch="false" />
                <line number="32" hits="25" branch="false" />
                <line number="33" hits="25" branch="false" />
                <line number="34" hits="25" branch="false" />
                <line number="36" hits="25" branch="false" />
                <line number="37" hits="0" branch="false" />
                <line number="38" hits="0" branch="false" />
                <line number="39" hits="0" branch="false" />
                <line number="41" hits="25" branch="false" />
                <line number="42" hits="5" branch="false" />
                <line number="43" hits="5" branch="false" />
                <line number="44" hits="5" branch="false" />
                <line number="45" hits="5" branch="false" />
                <line number="47" hits="20" branch="false" />
                <line number="48" hits="20" branch="false" />
                <line number="49" hits="20" branch="false" />
                <line number="50" hits="25" branch="false" />
              </lines>
            </method>
            <method name="GetStat" signature="(Assets.CombatSystem.FighterStats)" line-rate="1" branch-rate="1" complexity="NaN">
              <lines>
                <line number="52" hits="22" branch="false" />
              </lines>
            </method>
            <method name="Attack" signature="(Assets.CombatSystem.Fighter)" line-rate="0" branch-rate="1" complexity="NaN">
              <lines>
                <line number="55" hits="0" branch="false" />
                <line number="56" hits="0" branch="false" />
                <line number="57" hits="0" branch="false" />
                <line number="58" hits="0" branch="false" />
                <line number="59" hits="0" branch="false" />
                <line number="60" hits="0" branch="false" />
                <line number="61" hits="0" branch="false" />
                <line number="62" hits="0" branch="false" />
                <line number="63" hits="0" branch="false" />
              </lines>
            </method>
            <method name="IsDead" signature="()" line-rate="0" branch-rate="1" complexity="0">
              <lines>
                <line number="66" hits="0" branch="false" />
                <line number="67" hits="0" branch="false" />
                <line number="68" hits="0" branch="false" />
              </lines>
            </method>
            <method name="IsAttacking" signature="(System.Boolean)" line-rate="1" branch-rate="1" complexity="NaN">
              <lines>
                <line number="71" hits="4" branch="false" />
                <line number="72" hits="4" branch="false" />
                <line number="73" hits="4" branch="false" />
              </lines>
            </method>
            <method name="Update" signature="()" line-rate="0.578947368421053" branch-rate="1" complexity="0">
              <lines>
                <line number="76" hits="56729" branch="false" />
                <line number="77" hits="56729" branch="false" />
                <line number="78" hits="4516" branch="false" />
                <line number="79" hits="4516" branch="false" />
                <line number="80" hits="4516" branch="false" />
                <line number="81" hits="4516" branch="false" />
                <line number="82" hits="0" branch="false" />
                <line number="83" hits="0" branch="false" />
                <line number="84" hits="0" branch="false" />
                <line number="85" hits="0" branch="false" />
                <line number="86" hits="0" branch="false" />
                <line number="87" hits="0" branch="false" />
                <line number="88" hits="0" branch="false" />
                <line number="89" hits="0" branch="false" />
                <line number="90" hits="4516" branch="false" />
                <line number="92" hits="52213" branch="false" />
                <line number="93" hits="52213" branch="false" />
                <line number="94" hits="52213" branch="false" />
                <line number="95" hits="56729" branch="false" />
              </lines>
            </method>
            <method name="UpdateAttackPosition" signature="()" line-rate="1" branch-rate="1" complexity="0">
              <lines>
                <line number="98" hits="4516" branch="false" />
                <line number="99" hits="4516" branch="false" />
                <line number="100" hits="137" branch="false" />
                <line number="101" hits="137" branch="false" />
                <line number="102" hits="137" branch="false" />
                <line number="104" hits="4379" branch="false" />
                <line number="105" hits="4379" branch="false" />
                <line number="106" hits="4379" branch="false" />
                <line number="107" hits="4516" branch="false" />
              </lines>
            </method>
            <method name="Fighter" signature="()" line-rate="1" branch-rate="1" complexity="0">
              <lines>
                <line number="9" hits="34" branch="false" />
                <line number="12" hits="34" branch="false" />
                <line number="17" hits="34" branch="false" />
                <line number="20" hits="34" branch="false" />
                <line number="24" hits="34" branch="false" />
                <line number="27" hits="34" branch="false" />
              </lines>
            </method>
          </methods>
          <lines>
            <line number="9" hits="34" branch="false" />
            <line number="12" hits="34" branch="false" />
            <line number="17" hits="34" branch="false" />
            <line number="20" hits="34" branch="false" />
            <line number="24" hits="34" branch="false" />
            <line number="27" hits="34" branch="false" />
[...]
            <line number="1325" hits="0" branch="false" />
            <line number="1326" hits="0" branch="false" />
            <line number="1327" hits="0" branch="false" />
            <line number="1328" hits="0" branch="false" />
            <line number="1329" hits="0" branch="false" />
            <line number="1330" hits="0" branch="false" />
            <line number="1331" hits="0" branch="false" />
            <line number="1332" hits="0" branch="false" />
            <line number="1333" hits="0" branch="false" />
            <line number="1334" hits="0" branch="false" />
            <line number="1335" hits="0" branch="false" />
            <line number="1336" hits="0" branch="false" />
            <line number="1337" hits="0" branch="false" />
            <line number="1338" hits="0" branch="false" />
            <line number="1339" hits="0" branch="false" />
            <line number="1340" hits="0" branch="false" />
            <line number="1341" hits="0" branch="false" />
            <line number="1342" hits="0" branch="false" />
            <line number="1343" hits="0" branch="false" />
            <line number="1346" hits="0" branch="false" />
            <line number="1347" hits="0" branch="false" />
            <line number="1348" hits="0" branch="false" />
            <line number="1349" hits="0" branch="false" />
            <line number="1350" hits="0" branch="false" />
            <line number="1351" hits="0" branch="false" />
            <line number="1352" hits="0" branch="false" />
            <line number="1353" hits="0" branch="false" />
            <line number="1354" hits="0" branch="false" />
            <line number="1355" hits="0" branch="false" />
            <line number="1356" hits="0" branch="false" />
            <line number="1357" hits="0" branch="false" />
            <line number="1358" hits="0" branch="false" />
            <line number="1359" hits="0" branch="false" />
            <line number="1360" hits="0" branch="false" />
            <line number="1361" hits="0" branch="false" />
            <line number="1362" hits="0" branch="false" />
            <line number="1363" hits="0" branch="false" />
            <line number="1364" hits="0" branch="false" />
            <line number="1365" hits="0" branch="false" />
            <line number="1366" hits="0" branch="false" />
            <line number="1367" hits="0" branch="false" />
            <line number="1368" hits="0" branch="false" />
            <line number="1369" hits="0" branch="false" />
            <line number="1370" hits="0" branch="false" />
            <line number="1371" hits="0" branch="false" />
            <line number="1372" hits="0" branch="false" />
            <line number="1373" hits="0" branch="false" />
            <line number="1374" hits="0" branch="false" />
            <line number="1375" hits="0" branch="false" />
            <line number="1376" hits="0" branch="false" />
            <line number="1377" hits="0" branch="false" />
            <line number="1380" hits="0" branch="false" />
            <line number="1381" hits="0" branch="false" />
            <line number="1382" hits="0" branch="false" />
            <line number="1383" hits="0" branch="false" />
            <line number="1386" hits="0" branch="false" />
            <line number="1387" hits="0" branch="false" />
            <line number="1388" hits="0" branch="false" />
            <line number="1389" hits="0" branch="false" />
            <line number="1390" hits="0" branch="false" />
            <line number="1391" hits="0" branch="false" />
            <line number="1393" hits="0" branch="false" />
            <line number="1394" hits="2" branch="false" />
            <line number="1398" hits="0" branch="false" />
            <line number="1399" hits="0" branch="false" />
            <line number="1400" hits="0" branch="false" />
            <line number="1401" hits="0" branch="false" />
            <line number="1403" hits="2" branch="false" />
            <line number="1407" hits="0" branch="false" />
            <line number="1408" hits="0" branch="false" />
            <line number="1409" hits="0" branch="false" />
            <line number="1410" hits="0" branch="false" />
            <line number="1412" hits="2" branch="false" />
            <line number="1416" hits="0" branch="false" />
            <line number="1417" hits="0" branch="false" />
            <line number="1418" hits="0" branch="false" />
            <line number="1419" hits="0" branch="false" />
            <line number="1421" hits="2" branch="false" />
            <line number="1425" hits="0" branch="false" />
            <line number="1426" hits="0" branch="false" />
            <line number="1427" hits="0" branch="false" />
            <line number="1428" hits="0" branch="false" />
            <line number="1430" hits="2" branch="false" />
            <line number="1434" hits="0" branch="false" />
            <line number="1435" hits="0" branch="false" />
            <line number="1436" hits="0" branch="false" />
            <line number="1437" hits="0" branch="false" />
          </lines>
        </class>
      </classes>
    </package>
    <package name="Tests" line-rate="0.988888888888889" branch-rate="1" complexity="0">
      <classes>
        <class name="CameraTests" filename="P:/uni/final_project/Game/The Tower - Final Project/Assets/Tests/CameraTests.cs" line-rate="1" branch-rate="1" complexity="0">
          <methods>
            <method name="CameraTestsSimplePasses" signature="()" line-rate="1" branch-rate="1" complexity="0">
              <lines>
                <line number="11" hits="1" branch="false" />
                <line number="13" hits="1" branch="false" />
              </lines>
            </method>
            <method name="CameraTestsWithEnumeratorPasses" signature="()" line-rate="1" branch-rate="1" complexity="0">
              <lines>
                <line number="19" hits="1" branch="false" />
                <line number="22" hits="1" branch="false" />
                <line number="23" hits="1" branch="false" />
              </lines>
            </method>
          </methods>
          <lines>
            <line number="11" hits="1" branch="false" />
            <line number="13" hits="1" branch="false" />
            <line number="19" hits="1" branch="false" />
            <line number="22" hits="1" branch="false" />
            <line number="23" hits="1" branch="false" />
          </lines>
        </class>
        <class name="CharacterMovementTest" filename="P:/uni/final_project/Game/The Tower - Final Project/Assets/Tests/CharacterMovementTest.cs" line-rate="0.973684210526316" branch-rate="1" complexity="0">
          <methods>
            <method name="Setup" signature="()" line-rate="1" branch-rate="1" complexity="0">
              <lines>
                <line number="18" hits="2" branch="false" />
                <line number="19" hits="2" branch="false" />
                <line number="20" hits="2" branch="false" />
                <line number="21" hits="2" branch="false" />
                <line number="22" hits="2" branch="false" />
                <line number="24" hits="2" branch="false" />
                <line number="25" hits="2" branch="false" />
                <line number="26" hits="2" branch="false" />
              </lines>
            </method>
            <method name="CharacterMovementTest" signature="()" line-rate="1" branch-rate="1" complexity="0">
              <lines>
                <line number="12" hits="1" branch="false" />
              </lines>
            </method>
            <method name="ShouldBeAbleToAttackEnemy" signature="()" line-rate="0.9" branch-rate="1" complexity="0">
              <lines>
                <line number="55" hits="1" branch="false" />
                <line number="56" hits="1" branch="false" />
                <line number="57" hits="1" branch="false" />
                <line number="59" hits="1" branch="false" />
                <line number="61" hits="1" branch="false" />
                <line number="62" hits="1" branch="false" />
                <line number="63" hits="1" branch="false" />
                <line number="64" hits="1" branch="false" />
                <line number="67" hits="1" branch="false" />
                <line number="68" hits="0" branch="false" />
              </lines>
            </method>
            <method name="ShouldMovePlayerCharacterWhenKeyIsPressed" signature="()" line-rate="1" branch-rate="1" complexity="0">
              <lines>
                <line number="30" hits="1" branch="false" />
                <line number="31" hits="1" branch="false" />
                <line number="32" hits="1" branch="false" />
                <line number="33" hits="1" branch="false" />
                <line number="34" hits="1" branch="false" />
                <line number="35" hits="1" branch="false" />
                <line number="36" hits="1" branch="false" />
                <line number="37" hits="1" branch="false" />
                <line number="39" hits="1" branch="false" />
                <line number="40" hits="1" branch="false" />
                <line number="42" hits="1" branch="false" />
                <line number="43" hits="1" branch="false" />
                <line number="44" hits="1" branch="false" />
                <line number="45" hits="1" branch="false" />
                <line number="46" hits="1" branch="false" />
                <line number="47" hits="1" branch="false" />
                <line number="49" hits="1" branch="false" />
                <line number="50" hits="1" branch="false" />
                <line number="51" hits="1" branch="false" />
              </lines>
            </method>
          </methods>
          <lines>
            <line number="12" hits="1" branch="false" />
            <line number="18" hits="2" branch="false" />
            <line number="19" hits="2" branch="false" />
            <line number="20" hits="2" branch="false" />
            <line number="21" hits="2" branch="false" />
            <line number="22" hits="2" branch="false" />
            <line number="24" hits="2" branch="false" />
            <line number="25" hits="2" branch="false" />
            <line number="26" hits="2" branch="false" />
            <line number="30" hits="1" branch="false" />
            <line number="31" hits="1" branch="false" />
            <line number="32" hits="1" branch="false" />
            <line number="33" hits="1" branch="false" />
            <line number="34" hits="1" branch="false" />
            <line number="35" hits="1" branch="false" />
            <line number="36" hits="1" branch="false" />
            <line number="37" hits="1" branch="false" />
            <line number="39" hits="1" branch="false" />
            <line number="40" hits="1" branch="false" />
            <line number="42" hits="1" branch="false" />
            <line number="43" hits="1" branch="false" />
            <line number="44" hits="1" branch="false" />
            <line number="45" hits="1" branch="false" />
            <line number="46" hits="1" branch="false" />
            <line number="47" hits="1" branch="false" />
            <line number="49" hits="1" branch="false" />
            <line number="50" hits="1" branch="false" />
            <line number="51" hits="1" branch="false" />
            <line number="55" hits="1" branch="false" />
            <line number="56" hits="1" branch="false" />
            <line number="57" hits="1" branch="false" />
            <line number="59" hits="1" branch="false" />
            <line number="61" hits="1" branch="false" />
            <line number="62" hits="1" branch="false" />
            <line number="63" hits="1" branch="false" />
            <line number="64" hits="1" branch="false" />
            <line number="67" hits="1" branch="false" />
            <line number="68" hits="0" branch="false" />
          </lines>
        </class>
        <class name="DungeonPlayability" filename="P:/uni/final_project/Game/The Tower - Final Project/Assets/Tests/DungeonPlayabilityTest.cs" line-rate="1" branch-rate="1" complexity="0">
          <methods>
            <method name="Setup" signature="()" line-rate="1" branch-rate="1" complexity="0">
              <lines>
                <line number="14" hits="3" branch="false" />
                <line number="15" hits="3" branch="false" />
                <line number="16" hits="3" branch="false" />
                <line number="17" hits="3" branch="false" />
              </lines>
            </method>
            <method name="hasReachedDestination" signature="(UnityEngine.AI.NavMeshAgent)" line-rate="1" branch-rate="1" complexity="NaN">
              <lines>
                <line number="38" hits="176" branch="false" />
                <line number="40" hits="176" branch="false" />
                <line number="41" hits="176" branch="false" />
              </lines>
            </method>
            <method name="DungeonPlayability" signature="()" line-rate="1" branch-rate="1" complexity="0">
              <lines>
                <line number="11" hits="1" branch="false" />
              </lines>
            </method>
            <method name="ShouldReachDungeonEnd" signature="()" line-rate="1" branch-rate="1" complexity="0">
              <lines>
                <line number="24" hits="3" branch="false" />
                <line number="25" hits="3" branch="false" />
                <line number="26" hits="3" branch="false" />
                <line number="29" hits="175" branch="false" />
                <line number="30" hits="175" branch="false" />
                <line number="31" hits="174" branch="false" />
                <line number="32" hits="174" branch="false" />
                <line number="33" hits="174" branch="false" />
                <line number="34" hits="2" branch="false" />
                <line number="35" hits="2" branch="false" />
              </lines>
            </method>
          </methods>
          <lines>
            <line number="11" hits="1" branch="false" />
            <line number="14" hits="3" branch="false" />
            <line number="15" hits="3" branch="false" />
            <line number="16" hits="3" branch="false" />
            <line number="17" hits="3" branch="false" />
            <line number="24" hits="3" branch="false" />
            <line number="25" hits="3" branch="false" />
            <line number="26" hits="3" branch="false" />
            <line number="29" hits="175" branch="false" />
            <line number="30" hits="175" branch="false" />
            <line number="31" hits="174" branch="false" />
            <line number="32" hits="174" branch="false" />
            <line number="33" hits="174" branch="false" />
            <line number="34" hits="2" branch="false" />
            <line number="35" hits="2" branch="false" />
            <line number="38" hits="176" branch="false" />
            <line number="40" hits="176" branch="false" />
            <line number="41" hits="176" branch="false" />
          </lines>
        </class>
        <class name="GraphTests" filename="P:/uni/final_project/Game/The Tower - Final Project/Assets/Tests/GraphTests.cs" line-rate="1" branch-rate="1" complexity="0">
          <methods>
            <method name="SetUp" signature="()" line-rate="1" branch-rate="1" complexity="0">
              <lines>
                <line number="13" hits="12" branch="false" />
              </lines>
            </method>
            <method name="ShouldAddNode" signature="()" line-rate="1" branch-rate="1" complexity="0">
              <lines>
                <line number="17" hits="1" branch="false" />
                <line number="18" hits="1" branch="false" />
                <line number="19" hits="1" branch="false" />
                <line number="20" hits="1" branch="false" />
              </lines>
            </method>
            <method name="ShouldAddNodeIdempotently" signature="()" line-rate="1" branch-rate="1" complexity="0">
              <lines>
                <line number="24" hits="1" branch="false" />
                <line number="25" hits="1" branch="false" />
                <line number="26" hits="1" branch="false" />
                <line number="27" hits="1" branch="false" />
                <line number="28" hits="1" branch="false" />
                <line number="29" hits="1" branch="false" />
              </lines>
            </method>
            <method name="ShouldAddNodeWithLinkedNodes" signature="()" line-rate="1" branch-rate="1" complexity="0">
              <lines>
                <line number="33" hits="1" branch="false" />
                <line number="34" hits="1" branch="false" />
                <line number="36" hits="1" branch="false" />
                <line number="37" hits="1" branch="false" />
                <line number="38" hits="1" branch="false" />
                <line number="40" hits="1" branch="false" />
                <line number="41" hits="1" branch="false" />
                <line number="42" hits="1" branch="false" />
                <line number="44" hits="1" branch="false" />
              </lines>
            </method>
            <method name="ShouldAddNodeWithLinkedNodesIdempotently" signature="()" line-rate="1" branch-rate="1" complexity="0">
              <lines>
                <line number="48" hits="1" branch="false" />
                <line number="49" hits="1" branch="false" />
                <line number="51" hits="1" branch="false" />
                <line number="52" hits="1" branch="false" />
                <line number="54" hits="1" branch="false" />
                <line number="56" hits="1" branch="false" />
                <line number="57" hits="1" branch="false" />
                <line number="58" hits="1" branch="false" />
              </lines>
            </method>
            <method name="GraphTests" signature="()" line-rate="1" branch-rate="1" complexity="0">
              <lines>
                <line number="9" hits="1" branch="false" />
              </lines>
            </method>
          </methods>
          <lines>
            <line number="9" hits="1" branch="false" />
            <line number="13" hits="12" branch="false" />
            <line number="17" hits="1" branch="false" />
            <line number="18" hits="1" branch="false" />
            <line number="19" hits="1" branch="false" />
            <line number="20" hits="1" branch="false" />
            <line number="24" hits="1" branch="false" />
            <line number="25" hits="1" branch="false" />
            <line number="26" hits="1" branch="false" />
            <line number="27" hits="1" branch="false" />
            <line number="28" hits="1" branch="false" />
            <line number="29" hits="1" branch="false" />
            <line number="33" hits="1" branch="false" />
            <line number="34" hits="1" branch="false" />
            <line number="36" hits="1" branch="false" />
            <line number="37" hits="1" branch="false" />
            <line number="38" hits="1" branch="false" />
            <line number="40" hits="1" branch="false" />
            <line number="41" hits="1" branch="false" />
            <line number="42" hits="1" branch="false" />
            <line number="44" hits="1" branch="false" />
            <line number="48" hits="1" branch="false" />
            <line number="49" hits="1" branch="false" />
            <line number="51" hits="1" branch="false" />
            <line number="52" hits="1" branch="false" />
            <line number="54" hits="1" branch="false" />
            <line number="56" hits="1" branch="false" />
            <line number="57" hits="1" branch="false" />
            <line number="58" hits="1" branch="false" />
          </lines>
        </class>
      </classes>
    </package>
  </packages>
</coverage>