<?xml version="1.0" encoding="utf-8"?>
<!DOCTYPE coverage SYSTEM "http://cobertura.sourceforge.net/xml/coverage-04.dtd">
<coverage line-rate="0.0164874551971326" branch-rate="1" lines-covered="23" lines-valid="1395" branches-covered="0" branches-valid="0" complexity="0" version="0" timestamp="1754522843">
  <sources />
  <packages>
    <package name="Assembly-CSharp" line-rate="0.00251256281407035" branch-rate="1" complexity="0">
      <classes>
        <class name="Assets.PointUtils" filename="P:/uni/final_project/Game/The Tower - Final Project/Assets/PointUtils.cs" line-rate="0" branch-rate="1" complexity="NaN">
          <methods>
            <method name="RandomSize" signature="(UnityEngine.Vector2, UnityEngine.Vector2)" line-rate="0" branch-rate="1" complexity="NaN">
              <lines>
                <line number="15" hits="0" branch="false" />
                <line number="16" hits="0" branch="false" />
                <line number="17" hits="0" branch="false" />
                <line number="19" hits="0" branch="false" />
                <line number="20" hits="0" branch="false" />
              </lines>
            </method>
            <method name="Vec2ToVec3" signature="(UnityEngine.Vector3, System.Single)" line-rate="0" branch-rate="1" complexity="NaN">
              <lines>
                <line number="23" hits="0" branch="false" />
                <line number="24" hits="0" branch="false" />
                <line number="25" hits="0" branch="false" />
              </lines>
            </method>
            <method name="Vec2ToVec3" signature="(UnityEngine.Vector2)" line-rate="0" branch-rate="1" complexity="NaN">
              <lines>
                <line number="28" hits="0" branch="false" />
                <line number="29" hits="0" branch="false" />
                <line number="30" hits="0" branch="false" />
              </lines>
            </method>
            <method name="RandomPointWithinRange" signature="(UnityEngine.Vector3, UnityEngine.Vector3)" line-rate="0" branch-rate="1" complexity="NaN">
              <lines>
                <line number="39" hits="0" branch="false" />
                <line number="40" hits="0" branch="false" />
                <line number="41" hits="0" branch="false" />
                <line number="42" hits="0" branch="false" />
                <line number="43" hits="0" branch="false" />
              </lines>
            </method>
            <method name="RandomPointWithinBounds" signature="(UnityEngine.Bounds)" line-rate="0" branch-rate="1" complexity="NaN">
              <lines>
                <line number="52" hits="0" branch="false" />
                <line number="53" hits="0" branch="false" />
                <line number="54" hits="0" branch="false" />
                <line number="55" hits="0" branch="false" />
                <line number="56" hits="0" branch="false" />
              </lines>
            </method>
          </methods>
          <lines>
            <line number="15" hits="0" branch="false" />
            <line number="16" hits="0" branch="false" />
            <line number="17" hits="0" branch="false" />
            <line number="19" hits="0" branch="false" />
            <line number="20" hits="0" branch="false" />
            <line number="23" hits="0" branch="false" />
            <line number="24" hits="0" branch="false" />
            <line number="25" hits="0" branch="false" />
            <line number="28" hits="0" branch="false" />
            <line number="29" hits="0" branch="false" />
            <line number="30" hits="0" branch="false" />
            <line number="39" hits="0" branch="false" />
            <line number="40" hits="0" branch="false" />
            <line number="41" hits="0" branch="false" />
            <line number="42" hits="0" branch="false" />
            <line number="43" hits="0" branch="false" />
            <line number="52" hits="0" branch="false" />
            <line number="53" hits="0" branch="false" />
            <line number="54" hits="0" branch="false" />
            <line number="55" hits="0" branch="false" />
            <line number="56" hits="0" branch="false" />
          </lines>
        </class>
        <class name="AttackAction" filename="P:/uni/final_project/Game/The Tower - Final Project/Assets/Scripts/BehaviorGraphActions/AttackAction.cs" line-rate="0" branch-rate="1" complexity="0">
          <methods>
            <method name="OnStart" signature="()" line-rate="0" branch-rate="1" complexity="0">
              <lines>
                <line number="16" hits="0" branch="false" />
                <line number="17" hits="0" branch="false" />
                <line number="18" hits="0" branch="false" />
                <line number="19" hits="0" branch="false" />
                <line number="20" hits="0" branch="false" />
              </lines>
            </method>
            <method name="OnUpdate" signature="()" line-rate="0" branch-rate="1" complexity="0">
              <lines>
                <line number="23" hits="0" branch="false" />
                <line number="24" hits="0" branch="false" />
                <line number="25" hits="0" branch="false" />
              </lines>
            </method>
            <method name="OnEnd" signature="()" line-rate="0" branch-rate="1" complexity="0">
              <lines>
                <line number="28" hits="0" branch="false" />
                <line number="29" hits="0" branch="false" />
                <line number="30" hits="0" branch="false" />
              </lines>
            </method>
          </methods>
          <lines>
            <line number="16" hits="0" branch="false" />
            <line number="17" hits="0" branch="false" />
            <line number="18" hits="0" branch="false" />
            <line number="19" hits="0" branch="false" />
            <line number="20" hits="0" branch="false" />
            <line number="23" hits="0" branch="false" />
            <line number="24" hits="0" branch="false" />
            <line number="25" hits="0" branch="false" />
            <line number="28" hits="0" branch="false" />
            <line number="29" hits="0" branch="false" />
            <line number="30" hits="0" branch="false" />
          </lines>
        </class>
        <class name="AvoidTargetAction" filename="P:/uni/final_project/Game/The Tower - Final Project/Assets/Scripts/BehaviorGraphActions/AvoidTargetAction.cs" line-rate="0" branch-rate="1" complexity="0">
          <methods>
            <method name="OnStart" signature="()" line-rate="0" branch-rate="1" complexity="0">
              <lines>
                <line number="19" hits="0" branch="false" />
                <line number="20" hits="0" branch="false" />
                <line number="21" hits="0" branch="false" />
                <line number="23" hits="0" branch="false" />
                <line number="24" hits="0" branch="false" />
              </lines>
            </method>
            <method name="OnUpdate" signature="()" line-rate="0" branch-rate="1" complexity="0">
              <lines>
                <line number="27" hits="0" branch="false" />
                <line number="28" hits="0" branch="false" />
                <line number="29" hits="0" branch="false" />
                <line number="30" hits="0" branch="false" />
                <line number="31" hits="0" branch="false" />
                <line number="32" hits="0" branch="false" />
                <line number="33" hits="0" branch="false" />
                <line number="35" hits="0" branch="false" />
                <line number="36" hits="0" branch="false" />
              </lines>
            </method>
            <method name="OnEnd" signature="()" line-rate="0" branch-rate="1" complexity="0">
              <lines>
                <line number="39" hits="0" branch="false" />
                <line number="40" hits="0" branch="false" />
              </lines>
            </method>
          </methods>
          <lines>
            <line number="19" hits="0" branch="false" />
            <line number="20" hits="0" branch="false" />
            <line number="21" hits="0" branch="false" />
            <line number="23" hits="0" branch="false" />
            <line number="24" hits="0" branch="false" />
            <line number="27" hits="0" branch="false" />
            <line number="28" hits="0" branch="false" />
            <line number="29" hits="0" branch="false" />
            <line number="30" hits="0" branch="false" />
            <line number="31" hits="0" branch="false" />
            <line number="32" hits="0" branch="false" />
            <line number="33" hits="0" branch="false" />
            <line number="35" hits="0" branch="false" />
            <line number="36" hits="0" branch="false" />
            <line number="39" hits="0" branch="false" />
            <line number="40" hits="0" branch="false" />
          </lines>
        </class>
        <class name="EnemyController" filename="P:/uni/final_project/Game/The Tower - Final Project/Assets/Scripts/Enemies/EnemyController.cs" line-rate="0.0714285714285714" branch-rate="1" complexity="0">
          <methods>
            <method name="Start" signature="()" line-rate="0" branch-rate="1" complexity="0">
              <lines>
                <line number="20" hits="0" branch="false" />
                <line number="21" hits="0" branch="false" />
                <line number="22" hits="0" branch="false" />
                <line number="23" hits="0" branch="false" />
                <line number="26" hits="0" branch="false" />
                <line number="27" hits="0" branch="false" />
                <line number="29" hits="0" branch="false" />
                <line number="30" hits="0" branch="false" />
                <line number="31" hits="0" branch="false" />
                <line number="33" hits="0" branch="false" />
              </lines>
            </method>
            <method name="Hit" signature="()" line-rate="0" branch-rate="1" complexity="0">
              <lines>
                <line number="48" hits="0" branch="false" />
                <line number="50" hits="0" branch="false" />
                <line number="51" hits="0" branch="false" />
              </lines>
            </method>
            <method name="EnemyController" signature="()" line-rate="1" branch-rate="1" complexity="0">
              <lines>
                <line number="11" hits="1" branch="false" />
              </lines>
            </method>
          </methods>
          <lines>
            <line number="11" hits="1" branch="false" />
            <line number="20" hits="0" branch="false" />
            <line number="21" hits="0" branch="false" />
            <line number="22" hits="0" branch="false" />
            <line number="23" hits="0" branch="false" />
            <line number="26" hits="0" branch="false" />
            <line number="27" hits="0" branch="false" />
            <line number="29" hits="0" branch="false" />
            <line number="30" hits="0" branch="false" />
            <line number="31" hits="0" branch="false" />
            <line number="33" hits="0" branch="false" />
            <line number="48" hits="0" branch="false" />
            <line number="50" hits="0" branch="false" />
            <line number="51" hits="0" branch="false" />
          </lines>
        </class>
        <class name="HealthBar" filename="P:/uni/final_project/Game/The Tower - Final Project/Assets/HealthBar.cs" line-rate="0" branch-rate="1" complexity="0">
          <methods>
            <method name="Start" signature="()" line-rate="0" branch-rate="1" complexity="0">
              <lines>
                <line number="13" hits="0" branch="false" />
                <line number="14" hits="0" branch="false" />
                <line number="15" hits="0" branch="false" />
                <line number="17" hits="0" branch="false" />
                <line number="18" hits="0" branch="false" />
                <line number="19" hits="0" branch="false" />
              </lines>
            </method>
            <method name="Update" signature="()" line-rate="0" branch-rate="1" complexity="0">
              <lines>
                <line number="22" hits="0" branch="false" />
                <line number="24" hits="0" branch="false" />
                <line number="25" hits="0" branch="false" />
                <line number="26" hits="0" branch="false" />
              </lines>
            </method>
            <method name="UpdateHealthBar" signature="()" line-rate="0" branch-rate="1" complexity="0">
              <lines>
                <line number="29" hits="0" branch="false" />
                <line number="30" hits="0" branch="false" />
                <line number="31" hits="0" branch="false" />
                <line number="32" hits="0" branch="false" />
              </lines>
            </method>
          </methods>
          <lines>
            <line number="13" hits="0" branch="false" />
            <line number="14" hits="0" branch="false" />
            <line number="15" hits="0" branch="false" />
            <line number="17" hits="0" branch="false" />
            <line number="18" hits="0" branch="false" />
            <line number="19" hits="0" branch="false" />
            <line number="22" hits="0" branch="false" />
            <line number="24" hits="0" branch="false" />
            <line number="25" hits="0" branch="false" />
            <line number="26" hits="0" branch="false" />
            <line number="29" hits="0" branch="false" />
            <line number="30" hits="0" branch="false" />
            <line number="31" hits="0" branch="false" />
            <line number="32" hits="0" branch="false" />
          </lines>
        </class>
        <class name="InputSystemActions" filename="P:/uni/final_project/Game/The Tower - Final Project/Assets/InputSystemActions.cs" line-rate="0" branch-rate="1" complexity="0">
          <methods>
            <method name="asset" signature="()" line-rate="0" branch-rate="1" complexity="NaN">
              <lines>
                <line number="20" hits="0" branch="false" />
              </lines>
            </method>
            <method name="Finalize" signature="()" line-rate="0" branch-rate="1" complexity="0">
              <lines>
                <line number="1106" hits="0" branch="false" />
                <line number="1107" hits="0" branch="false" />
                <line number="1108" hits="0" branch="false" />
                <line number="1109" hits="0" branch="false" />
              </lines>
            </method>
            <method name="Dispose" signature="()" line-rate="0" branch-rate="1" complexity="0">
              <lines>
                <line number="1112" hits="0" branch="false" />
                <line number="1113" hits="0" branch="false" />
                <line number="1114" hits="0" branch="false" />
              </lines>
            </method>
            <method name="bindingMask" signature="()" line-rate="0" branch-rate="1" complexity="NaN">
              <lines>
                <line number="1118" hits="0" branch="false" />
              </lines>
            </method>
            <method name="bindingMask" signature="(System.Nullable[InputBinding])" line-rate="0" branch-rate="1" complexity="NaN">
              <lines>
                <line number="1119" hits="0" branch="false" />
              </lines>
            </method>
            <method name="devices" signature="()" line-rate="0" branch-rate="1" complexity="NaN">
              <lines>
                <line number="1124" hits="0" branch="false" />
              </lines>
            </method>
            <method name="devices" signature="(System.Nullable[ReadOnlyArray`1])" line-rate="0" branch-rate="1" complexity="NaN">
              <lines>
                <line number="1125" hits="0" branch="false" />
              </lines>
            </method>
            <method name="controlSchemes" signature="()" line-rate="0" branch-rate="1" complexity="NaN">
              <lines>
                <line number="1128" hits="0" branch="false" />
              </lines>
            </method>
            <method name="Contains" signature="(UnityEngine.InputSystem.InputAction)" line-rate="0" branch-rate="1" complexity="NaN">
              <lines>
                <line number="1131" hits="0" branch="false" />
                <line number="1132" hits="0" branch="false" />
                <line number="1133" hits="0" branch="false" />
              </lines>
            </method>
            <method name="GetEnumerator" signature="()" line-rate="0" branch-rate="1" complexity="0">
              <lines>
                <line number="1136" hits="0" branch="false" />
                <line number="1137" hits="0" branch="false" />
                <line number="1138" hits="0" branch="false" />
              </lines>
            </method>
            <method name="GetEnumerator" signature="()" line-rate="0" branch-rate="1" complexity="0">
              <lines>
                <line number="1141" hits="0" branch="false" />
                <line number="1142" hits="0" branch="false" />
                <line number="1143" hits="0" branch="false" />
              </lines>
            </method>
            <method name="Enable" signature="()" line-rate="0" branch-rate="1" complexity="0">
              <lines>
                <line number="1146" hits="0" branch="false" />
                <line number="1147" hits="0" branch="false" />
                <line number="1148" hits="0" branch="false" />
              </lines>
            </method>
            <method name="Disable" signature="()" line-rate="0" branch-rate="1" complexity="0">
              <lines>
                <line number="1151" hits="0" branch="false" />
                <line number="1152" hits="0" branch="false" />
                <line number="1153" hits="0" branch="false" />
              </lines>
            </method>
            <method name="bindings" signature="()" line-rate="0" branch-rate="1" complexity="NaN">
              <lines>
                <line number="1155" hits="0" branch="false" />
              </lines>
            </method>
            <method name="FindAction" signature="(System.String, System.Boolean)" line-rate="0" branch-rate="1" complexity="NaN">
              <lines>
                <line number="1158" hits="0" branch="false" />
                <line number="1159" hits="0" branch="false" />
                <line number="1160" hits="0" branch="false" />
              </lines>
            </method>
            <method name="FindBinding" signature="(UnityEngine.InputSystem.InputBinding, UnityEngine.InputSystem.InputAction&amp;)" line-rate="0" branch-rate="1" complexity="NaN">
              <lines>
                <line number="1163" hits="0" branch="false" />
                <line number="1164" hits="0" branch="false" />
                <line number="1165" hits="0" branch="false" />
              </lines>
            </method>
            <method name="Player" signature="()" line-rate="0" branch-rate="1" complexity="NaN">
              <lines>
                <line number="1275" hits="0" branch="false" />
              </lines>
            </method>
            <method name="UI" signature="()" line-rate="0" branch-rate="1" complexity="NaN">
              <lines>
                <line number="1393" hits="0" branch="false" />
              </lines>
            </method>
            <method name="KeyboardMouseScheme" signature="()" line-rate="0" branch-rate="1" complexity="NaN">
              <lines>
                <line number="1398" hits="0" branch="false" />
                <line number="1399" hits="0" branch="false" />
                <line number="1400" hits="0" branch="false" />
                <line number="1401" hits="0" branch="false" />
              </lines>
            </method>
            <method name="GamepadScheme" signature="()" line-rate="0" branch-rate="1" complexity="NaN">
              <lines>
                <line number="1407" hits="0" branch="false" />
                <line number="1408" hits="0" branch="false" />
                <line number="1409" hits="0" branch="false" />
                <line number="1410" hits="0" branch="false" />
              </lines>
            </method>
            <method name="TouchScheme" signature="()" line-rate="0" branch-rate="1" complexity="NaN">
              <lines>
                <line number="1416" hits="0" branch="false" />
                <line number="1417" hits="0" branch="false" />
                <line number="1418" hits="0" branch="false" />
                <line number="1419" hits="0" branch="false" />
              </lines>
            </method>
            <method name="JoystickScheme" signature="()" line-rate="0" branch-rate="1" complexity="NaN">
              <lines>
                <line number="1425" hits="0" branch="false" />
                <line number="1426" hits="0" branch="false" />
                <line number="1427" hits="0" branch="false" />
                <line number="1428" hits="0" branch="false" />
              </lines>
            </method>
            <method name="XRScheme" signature="()" line-rate="0" branch-rate="1" complexity="NaN">
              <lines>
                <line number="1434" hits="0" branch="false" />
                <line number="1435" hits="0" branch="false" />
                <line number="1436" hits="0" branch="false" />
                <line number="1437" hits="0" branch="false" />
              </lines>
            </method>
            <method name="InputSystemActions" signature="()" line-rate="0" branch-rate="1" complexity="NaN">
              <lines>
                <line number="21" hits="0" branch="false" />
                <line number="22" hits="0" branch="false" />
                <line number="23" hits="0" branch="false" />
                <line number="1081" hits="0" branch="false" />
                <line number="1082" hits="0" branch="false" />
                <line number="1083" hits="0" branch="false" />
                <line number="1084" hits="0" branch="false" />
                <line number="1085" hits="0" branch="false" />
                <line number="1086" hits="0" branch="false" />
                <line number="1087" hits="0" branch="false" />
                <line number="1088" hits="0" branch="false" />
                <line number="1089" hits="0" branch="false" />
                <line number="1090" hits="0" branch="false" />
                <line number="1092" hits="0" branch="false" />
                <line number="1093" hits="0" branch="false" />
                <line number="1094" hits="0" branch="false" />
                <line number="1095" hits="0" branch="false" />
                <line number="1096" hits="0" branch="false" />
                <line number="1097" hits="0" branch="false" />
                <line number="1098" hits="0" branch="false" />
                <line number="1099" hits="0" branch="false" />
                <line number="1100" hits="0" branch="false" />
                <line number="1101" hits="0" branch="false" />
                <line number="1102" hits="0" branch="false" />
                <line number="1103" hits="0" branch="false" />
                <line number="1106" hits="0" branch="false" />
                <line number="1107" hits="0" branch="false" />
                <line number="1108" hits="0" branch="false" />
                <line number="1109" hits="0" branch="false" />
                <line number="1112" hits="0" branch="false" />
                <line number="1113" hits="0" branch="false" />
                <line number="1114" hits="0" branch="false" />
                <line number="1118" hits="0" branch="false" />
                <line number="1119" hits="0" branch="false" />
                <line number="1124" hits="0" branch="false" />
                <line number="1125" hits="0" branch="false" />
                <line number="1128" hits="0" branch="false" />
                <line number="1131" hits="0" branch="false" />
                <line number="1132" hits="0" branch="false" />
                <line number="1133" hits="0" branch="false" />
                <line number="1136" hits="0" branch="false" />
                <line number="1137" hits="0" branch="false" />
                <line number="1138" hits="0" branch="false" />
                <line number="1141" hits="0" branch="false" />
                <line number="1142" hits="0" branch="false" />
                <line number="1143" hits="0" branch="false" />
                <line number="1146" hits="0" branch="false" />
                <line number="1147" hits="0" branch="false" />
                <line number="1148" hits="0" branch="false" />
                <line number="1151" hits="0" branch="false" />
                <line number="1152" hits="0" branch="false" />
                <line number="1153" hits="0" branch="false" />
                <line number="1155" hits="0" branch="false" />
                <line number="1158" hits="0" branch="false" />
                <line number="1159" hits="0" branch="false" />
                <line number="1160" hits="0" branch="false" />
                <line number="1163" hits="0" branch="false" />
                <line number="1164" hits="0" branch="false" />
                <line number="1165" hits="0" branch="false" />
                <line number="1169" hits="0" branch="false" />
                <line number="1182" hits="0" branch="false" />
                <line number="1183" hits="0" branch="false" />
                <line number="1184" hits="0" branch="false" />
                <line number="1185" hits="0" branch="false" />
                <line number="1186" hits="0" branch="false" />
                <line number="1187" hits="0" branch="false" />
                <line number="1188" hits="0" branch="false" />
                <line number="1189" hits="0" branch="false" />
                <line number="1190" hits="0" branch="false" />
                <line number="1191" hits="0" branch="false" />
                <line number="1192" hits="0" branch="false" />
                <line number="1193" hits="0" branch="false" />
                <line number="1194" hits="0" branch="false" />
                <line number="1195" hits="0" branch="false" />
                <line number="1196" hits="0" branch="false" />
                <line number="1198" hits="0" branch="false" />
                <line number="1199" hits="0" branch="false" />
                <line number="1200" hits="0" branch="false" />
                <line number="1201" hits="0" branch="false" />
                <line number="1202" hits="0" branch="false" />
                <line number="1203" hits="0" branch="false" />
                <line number="1204" hits="0" branch="false" />
                <line number="1205" hits="0" branch="false" />
                <line number="1206" hits="0" branch="false" />
                <line number="1207" hits="0" branch="false" />
                <line number="1208" hits="0" branch="false" />
                <line number="1209" hits="0" branch="false" />
                <line number="1210" hits="0" branch="false" />
                <line number="1211" hits="0" branch="false" />
                <line number="1212" hits="0" branch="false" />
                <line number="1213" hits="0" branch="false" />
                <line number="1214" hits="0" branch="false" />
                <line number="1215" hits="0" branch="false" />
                <line number="1216" hits="0" branch="false" />
                <line number="1217" hits="0" branch="false" />
                <line number="1218" hits="0" branch="false" />
                <line number="1219" hits="0" branch="false" />
                <line number="1220" hits="0" branch="false" />
                <line number="1221" hits="0" branch="false" />
                <line number="1222" hits="0" branch="false" />
                <line number="1223" hits="0" branch="false" />
                <line number="1224" hits="0" branch="false" />
                <line number="1225" hits="0" branch="false" />
                <line number="1226" hits="0" branch="false" />
                <line number="1227" hits="0" branch="false" />
                <line number="1228" hits="0" branch="false" />
                <line number="1231" hits="0" branch="false" />
                <line number="1232" hits="0" branch="false" />
                <line number="1233" hits="0" branch="false" />
                <line number="1234" hits="0" branch="false" />
                <line number="1235" hits="0" branch="false" />
                <line number="1236" hits="0" branch="false" />
                <line number="1237" hits="0" branch="false" />
                <line number="1238" hits="0" branch="false" />
                <line number="1239" hits="0" branch="false" />
                <line number="1240" hits="0" branch="false" />
                <line number="1241" hits="0" branch="false" />
                <line number="1242" hits="0" branch="false" />
                <line number="1243" hits="0" branch="false" />
                <line number="1244" hits="0" branch="false" />
                <line number="1245" hits="0" branch="false" />
                <line number="1246" hits="0" branch="false" />
                <line number="1247" hits="0" branch="false" />
                <line number="1248" hits="0" branch="false" />
                <line number="1249" hits="0" branch="false" />
                <line number="1250" hits="0" branch="false" />
                <line number="1251" hits="0" branch="false" />
                <line number="1252" hits="0" branch="false" />
                <line number="1253" hits="0" branch="false" />
                <line number="1254" hits="0" branch="false" />
                <line number="1255" hits="0" branch="false" />
                <line number="1256" hits="0" branch="false" />
                <line number="1257" hits="0" branch="false" />
                <line number="1258" hits="0" branch="false" />
                <line number="1259" hits="0" branch="false" />
                <line number="1262" hits="0" branch="false" />
                <line number="1263" hits="0" branch="false" />
                <line number="1264" hits="0" branch="false" />
                <line number="1265" hits="0" branch="false" />
                <line number="1268" hits="0" branch="false" />
                <line number="1269" hits="0" branch="false" />
                <line number="1270" hits="0" branch="false" />
                <line number="1271" hits="0" branch="false" />
                <line number="1272" hits="0" branch="false" />
                <line number="1273" hits="0" branch="false" />
                <line number="1275" hits="0" branch="false" />
                <line number="1279" hits="0" branch="false" />
                <line number="1293" hits="0" branch="false" />
                <line number="1294" hits="0" branch="false" />
                <line number="1295" hits="0" branch="false" />
                <line number="1296" hits="0" branch="false" />
                <line number="1297" hits="0" branch="false" />
                <line number="1298" hits="0" branch="false" />
                <line number="1299" hits="0" branch="false" />
                <line number="1300" hits="0" branch="false" />
                <line number="1301" hits="0" branch="false" />
                <line number="1302" hits="0" branch="false" />
                <line number="1303" hits="0" branch="false" />
                <line number="1304" hits="0" branch="false" />
                <line number="1305" hits="0" branch="false" />
                <line number="1306" hits="0" branch="false" />
                <line number="1307" hits="0" branch="false" />
                <line number="1308" hits="0" branch="false" />
                <line number="1310" hits="0" branch="false" />
                <line number="1311" hits="0" branch="false" />
                <line number="1312" hits="0" branch="false" />
                <line number="1313" hits="0" branch="false" />
                <line number="1314" hits="0" branch="false" />
                <line number="1315" hits="0" branch="false" />
                <line number="1316" hits="0" branch="false" />
                <line number="1317" hits="0" branch="false" />
                <line number="1318" hits="0" branch="false" />
                <line number="1319" hits="0" branch="false" />
                <line number="1320" hits="0" branch="false" />
                <line number="1321" hits="0" branch="false" />
                <line number="1322" hits="0" branch="false" />
                <line number="1323" hits="0" branch="false" />
                <line number="1324" hits="0" branch="false" />
                <line number="1325" hits="0" branch="false" />
                <line number="1326" hits="0" branch="false" />
                <line number="1327" hits="0" branch="false" />
                <line number="1328" hits="0" branch="false" />
                <line number="1329" hits="0" branch="false" />
                <line number="1330" hits="0" branch="false" />
                <line number="1331" hits="0" branch="false" />
                <line number="1332" hits="0" branch="false" />
                <line number="1333" hits="0" branch="false" />
                <line number="1334" hits="0" branch="false" />
                <line number="1335" hits="0" branch="false" />
                <line number="1336" hits="0" branch="false" />
                <line number="1337" hits="0" branch="false" />
                <line number="1338" hits="0" branch="false" />
                <line number="1339" hits="0" branch="false" />
                <line number="1340" hits="0" branch="false" />
                <line number="1341" hits="0" branch="false" />
                <line number="1342" hits="0" branch="false" />
                <line number="1343" hits="0" branch="false" />
                <line number="1346" hits="0" branch="false" />
                <line number="1347" hits="0" branch="false" />
                <line number="1348" hits="0" branch="false" />
                <line number="1349" hits="0" branch="false" />
                <line number="1350" hits="0" branch="false" />
                <line number="1351" hits="0" branch="false" />
                <line number="1352" hits="0" branch="false" />
                <line number="1353" hits="0" branch="false" />
                <line number="1354" hits="0" branch="false" />
                <line number="1355" hits="0" branch="false" />
                <line number="1356" hits="0" branch="false" />
                <line number="1357" hits="0" branch="false" />
                <line number="1358" hits="0" branch="false" />
                <line number="1359" hits="0" branch="false" />
                <line number="1360" hits="0" branch="false" />
                <line number="1361" hits="0" branch="false" />
                <line number="1362" hits="0" branch="false" />
                <line number="1363" hits="0" branch="false" />
                <line number="1364" hits="0" branch="false" />
                <line number="1365" hits="0" branch="false" />
                <line number="1366" hits="0" branch="false" />
                <line number="1367" hits="0" branch="false" />
                <line number="1368" hits="0" branch="false" />
                <line number="1369" hits="0" branch="false" />
                <line number="1370" hits="0" branch="false" />
                <line number="1371" hits="0" branch="false" />
                <line number="1372" hits="0" branch="false" />
                <line number="1373" hits="0" branch="false" />
                <line number="1374" hits="0" branch="false" />
                <line number="1375" hits="0" branch="false" />
                <line number="1376" hits="0" branch="false" />
                <line number="1377" hits="0" branch="false" />
                <line number="1380" hits="0" branch="false" />
                <line number="1381" hits="0" branch="false" />
                <line number="1382" hits="0" branch="false" />
                <line number="1383" hits="0" branch="false" />
                <line number="1386" hits="0" branch="false" />
                <line number="1387" hits="0" branch="false" />
                <line number="1388" hits="0" branch="false" />
                <line number="1389" hits="0" branch="false" />
                <line number="1390" hits="0" branch="false" />
                <line number="1391" hits="0" branch="false" />
                <line number="1393" hits="0" branch="false" />
                <line number="1394" hits="0" branch="false" />
                <line number="1398" hits="0" branch="false" />
                <line number="1399" hits="0" branch="false" />
                <line number="1400" hits="0" branch="false" />
                <line number="1401" hits="0" branch="false" />
                <line number="1403" hits="0" branch="false" />
                <line number="1407" hits="0" branch="false" />
                <line number="1408" hits="0" branch="false" />
                <line number="1409" hits="0" branch="false" />
                <line number="1410" hits="0" branch="false" />
                <line number="1412" hits="0" branch="false" />
                <line number="1416" hits="0" branch="false" />
                <line number="1417" hits="0" branch="false" />
                <line number="1418" hits="0" branch="false" />
                <line number="1419" hits="0" branch="false" />
                <line number="1421" hits="0" branch="false" />
                <line number="1425" hits="0" branch="false" />
                <line number="1426" hits="0" branch="false" />
                <line number="1427" hits="0" branch="false" />
                <line number="1428" hits="0" branch="false" />
                <line number="1430" hits="0" branch="false" />
              </lines>
            </method>
            <method name="Move" signature="()" line-rate="0" branch-rate="1" complexity="NaN">
              <lines>
                <line number="1183" hits="0" branch="false" />
              </lines>
            </method>
            <method name="Look" signature="()" line-rate="0" branch-rate="1" complexity="NaN">
              <lines>
                <line number="1184" hits="0" branch="false" />
              </lines>
            </method>
            <method name="Attack" signature="()" line-rate="0" branch-rate="1" complexity="NaN">
              <lines>
                <line number="1185" hits="0" branch="false" />
              </lines>
            </method>
            <method name="Interact" signature="()" line-rate="0" branch-rate="1" complexity="NaN">
              <lines>
                <line number="1186" hits="0" branch="false" />
              </lines>
            </method>
            <method name="Crouch" signature="()" line-rate="0" branch-rate="1" complexity="NaN">
              <lines>
                <line number="1187" hits="0" branch="false" />
              </lines>
            </method>
            <method name="Jump" signature="()" line-rate="0" branch-rate="1" complexity="NaN">
              <lines>
                <line number="1188" hits="0" branch="false" />
              </lines>
            </method>
            <method name="Previous" signature="()" line-rate="0" branch-rate="1" complexity="NaN">
              <lines>
                <line number="1189" hits="0" branch="false" />
              </lines>
            </method>
            <method name="Next" signature="()" line-rate="0" branch-rate="1" complexity="NaN">
              <lines>
                <line number="1190" hits="0" branch="false" />
              </lines>
            </method>
            <method name="Sprint" signature="()" line-rate="0" branch-rate="1" complexity="NaN">
              <lines>
                <line number="1191" hits="0" branch="false" />
              </lines>
            </method>
            <method name="Get" signature="()" line-rate="0" branch-rate="1" complexity="0">
              <lines>
                <line number="1192" hits="0" branch="false" />
              </lines>
            </method>
            <method name="Enable" signature="()" line-rate="0" branch-rate="1" complexity="0">
              <lines>
                <line number="1193" hits="0" branch="false" />
              </lines>
            </method>
            <method name="Disable" signature="()" line-rate="0" branch-rate="1" complexity="0">
              <lines>
                <line number="1194" hits="0" branch="false" />
              </lines>
            </method>
            <method name="enabled" signature="()" line-rate="0" branch-rate="1" complexity="NaN">
              <lines>
                <line number="1195" hits="0" branch="false" />
              </lines>
            </method>
            <method name="implicit operator UnityEngine.InputSystem.InputActionMap" signature="(InputSystemActions/PlayerActions)" line-rate="0" branch-rate="1" complexity="NaN">
              <lines>
                <line number="1196" hits="0" branch="false" />
              </lines>
            </method>
            <method name="AddCallbacks" signature="(InputSystemActions/IPlayerActions)" line-rate="0" branch-rate="1" complexity="NaN">
              <lines>
                <line number="1198" hits="0" branch="false" />
                <line number="1199" hits="0" branch="false" />
                <line number="1200" hits="0" branch="false" />
                <line number="1201" hits="0" branch="false" />
                <line number="1202" hits="0" branch="false" />
                <line number="1203" hits="0" branch="false" />
                <line number="1204" hits="0" branch="false" />
                <line number="1205" hits="0" branch="false" />
                <line number="1206" hits="0" branch="false" />
                <line number="1207" hits="0" branch="false" />
                <line number="1208" hits="0" branch="false" />
                <line number="1209" hits="0" branch="false" />
                <line number="1210" hits="0" branch="false" />
                <line number="1211" hits="0" branch="false" />
                <line number="1212" hits="0" branch="false" />
                <line number="1213" hits="0" branch="false" />
                <line number="1214" hits="0" branch="false" />
                <line number="1215" hits="0" branch="false" />
                <line number="1216" hits="0" branch="false" />
                <line number="1217" hits="0" branch="false" />
                <line number="1218" hits="0" branch="false" />
                <line number="1219" hits="0" branch="false" />
                <line number="1220" hits="0" branch="false" />
                <line number="1221" hits="0" branch="false" />
                <line number="1222" hits="0" branch="false" />
                <line number="1223" hits="0" branch="false" />
                <line number="1224" hits="0" branch="false" />
                <line number="1225" hits="0" branch="false" />
                <line number="1226" hits="0" branch="false" />
                <line number="1227" hits="0" branch="false" />
                <line number="1228" hits="0" branch="false" />
              </lines>
            </method>
            <method name="UnregisterCallbacks" signature="(InputSystemActions/IPlayerActions)" line-rate="0" branch-rate="1" complexity="NaN">
              <lines>
                <line number="1231" hits="0" branch="false" />
                <line number="1232" hits="0" branch="false" />
                <line number="1233" hits="0" branch="false" />
                <line number="1234" hits="0" branch="false" />
                <line number="1235" hits="0" branch="false" />
                <line number="1236" hits="0" branch="false" />
                <line number="1237" hits="0" branch="false" />
                <line number="1238" hits="0" branch="false" />
                <line number="1239" hits="0" branch="false" />
                <line number="1240" hits="0" branch="false" />
                <line number="1241" hits="0" branch="false" />
                <line number="1242" hits="0" branch="false" />
                <line number="1243" hits="0" branch="false" />
                <line number="1244" hits="0" branch="false" />
                <line number="1245" hits="0" branch="false" />
                <line number="1246" hits="0" branch="false" />
                <line number="1247" hits="0" branch="false" />
                <line number="1248" hits="0" branch="false" />
                <line number="1249" hits="0" branch="false" />
                <line number="1250" hits="0" branch="false" />
                <line number="1251" hits="0" branch="false" />
                <line number="1252" hits="0" branch="false" />
                <line number="1253" hits="0" branch="false" />
                <line number="1254" hits="0" branch="false" />
                <line number="1255" hits="0" branch="false" />
                <line number="1256" hits="0" branch="false" />
                <line number="1257" hits="0" branch="false" />
                <line number="1258" hits="0" branch="false" />
                <line number="1259" hits="0" branch="false" />
              </lines>
            </method>
            <method name="RemoveCallbacks" signature="(InputSystemActions/IPlayerActions)" line-rate="0" branch-rate="1" complexity="NaN">
              <lines>
                <line number="1262" hits="0" branch="false" />
                <line number="1263" hits="0" branch="false" />
                <line number="1264" hits="0" branch="false" />
                <line number="1265" hits="0" branch="false" />
              </lines>
            </method>
            <method name="SetCallbacks" signature="(InputSystemActions/IPlayerActions)" line-rate="0" branch-rate="1" complexity="NaN">
              <lines>
                <line number="1268" hits="0" branch="false" />
                <line number="1269" hits="0" branch="false" />
                <line number="1270" hits="0" branch="false" />
                <line number="1271" hits="0" branch="false" />
                <line number="1272" hits="0" branch="false" />
                <line number="1273" hits="0" branch="false" />
              </lines>
            </method>
            <method name="PlayerActions" signature="(InputSystemActions)" line-rate="0" branch-rate="1" complexity="NaN">
              <lines>
                <line number="1182" hits="0" branch="false" />
              </lines>
            </method>
            <method name="Navigate" signature="()" line-rate="0" branch-rate="1" complexity="NaN">
              <lines>
                <line number="1294" hits="0" branch="false" />
              </lines>
            </method>
            <method name="Submit" signature="()" line-rate="0" branch-rate="1" complexity="NaN">
              <lines>
                <line number="1295" hits="0" branch="false" />
              </lines>
            </method>
            <method name="Cancel" signature="()" line-rate="0" branch-rate="1" complexity="NaN">
              <lines>
                <line number="1296" hits="0" branch="false" />
              </lines>
            </method>
            <method name="Point" signature="()" line-rate="0" branch-rate="1" complexity="NaN">
              <lines>
                <line number="1297" hits="0" branch="false" />
              </lines>
            </method>
            <method name="Click" signature="()" line-rate="0" branch-rate="1" complexity="NaN">
              <lines>
                <line number="1298" hits="0" branch="false" />
              </lines>
            </method>
            <method name="RightClick" signature="()" line-rate="0" branch-rate="1" complexity="NaN">
              <lines>
                <line number="1299" hits="0" branch="false" />
              </lines>
            </method>
            <method name="MiddleClick" signature="()" line-rate="0" branch-rate="1" complexity="NaN">
              <lines>
                <line number="1300" hits="0" branch="false" />
              </lines>
            </method>
            <method name="ScrollWheel" signature="()" line-rate="0" branch-rate="1" complexity="NaN">
              <lines>
                <line number="1301" hits="0" branch="false" />
              </lines>
            </method>
            <method name="TrackedDevicePosition" signature="()" line-rate="0" branch-rate="1" complexity="NaN">
              <lines>
                <line number="1302" hits="0" branch="false" />
              </lines>
            </method>
            <method name="TrackedDeviceOrientation" signature="()" line-rate="0" branch-rate="1" complexity="NaN">
              <lines>
                <line number="1303" hits="0" branch="false" />
              </lines>
            </method>
            <method name="Get" signature="()" line-rate="0" branch-rate="1" complexity="0">
              <lines>
                <line number="1304" hits="0" branch="false" />
              </lines>
            </method>
            <method name="Enable" signature="()" line-rate="0" branch-rate="1" complexity="0">
              <lines>
                <line number="1305" hits="0" branch="false" />
              </lines>
            </method>
            <method name="Disable" signature="()" line-rate="0" branch-rate="1" complexity="0">
              <lines>
                <line number="1306" hits="0" branch="false" />
              </lines>
            </method>
            <method name="enabled" signature="()" line-rate="0" branch-rate="1" complexity="NaN">
              <lines>
                <line number="1307" hits="0" branch="false" />
              </lines>
            </method>
            <method name="implicit operator UnityEngine.InputSystem.InputActionMap" signature="(InputSystemActions/UIActions)" line-rate="0" branch-rate="1" complexity="NaN">
              <lines>
                <line number="1308" hits="0" branch="false" />
              </lines>
            </method>
            <method name="AddCallbacks" signature="(InputSystemActions/IUIActions)" line-rate="0" branch-rate="1" complexity="NaN">
              <lines>
                <line number="1310" hits="0" branch="false" />
                <line number="1311" hits="0" branch="false" />
                <line number="1312" hits="0" branch="false" />
                <line number="1313" hits="0" branch="false" />
                <line number="1314" hits="0" branch="false" />
                <line number="1315" hits="0" branch="false" />
                <line number="1316" hits="0" branch="false" />
                <line number="1317" hits="0" branch="false" />
                <line number="1318" hits="0" branch="false" />
                <line number="1319" hits="0" branch="false" />
                <line number="1320" hits="0" branch="false" />
                <line number="1321" hits="0" branch="false" />
                <line number="1322" hits="0" branch="false" />
                <line number="1323" hits="0" branch="false" />
                <line number="1324" hits="0" branch="false" />
                <line number="1325" hits="0" branch="false" />
                <line number="1326" hits="0" branch="false" />
                <line number="1327" hits="0" branch="false" />
                <line number="1328" hits="0" branch="false" />
                <line number="1329" hits="0" branch="false" />
                <line number="1330" hits="0" branch="false" />
                <line number="1331" hits="0" branch="false" />
                <line number="1332" hits="0" branch="false" />
                <line number="1333" hits="0" branch="false" />
                <line number="1334" hits="0" branch="false" />
                <line number="1335" hits="0" branch="false" />
                <line number="1336" hits="0" branch="false" />
                <line number="1337" hits="0" branch="false" />
                <line number="1338" hits="0" branch="false" />
                <line number="1339" hits="0" branch="false" />
                <line number="1340" hits="0" branch="false" />
                <line number="1341" hits="0" branch="false" />
                <line number="1342" hits="0" branch="false" />
                <line number="1343" hits="0" branch="false" />
              </lines>
            </method>
            <method name="UnregisterCallbacks" signature="(InputSystemActions/IUIActions)" line-rate="0" branch-rate="1" complexity="NaN">
              <lines>
                <line number="1346" hits="0" branch="false" />
                <line number="1347" hits="0" branch="false" />
                <line number="1348" hits="0" branch="false" />
                <line number="1349" hits="0" branch="false" />
                <line number="1350" hits="0" branch="false" />
                <line number="1351" hits="0" branch="false" />
                <line number="1352" hits="0" branch="false" />
                <line number="1353" hits="0" branch="false" />
                <line number="1354" hits="0" branch="false" />
                <line number="1355" hits="0" branch="false" />
                <line number="1356" hits="0" branch="false" />
                <line number="1357" hits="0" branch="false" />
                <line number="1358" hits="0" branch="false" />
                <line number="1359" hits="0" branch="false" />
                <line number="1360" hits="0" branch="false" />
                <line number="1361" hits="0" branch="false" />
                <line number="1362" hits="0" branch="false" />
                <line number="1363" hits="0" branch="false" />
                <line number="1364" hits="0" branch="false" />
                <line number="1365" hits="0" branch="false" />
                <line number="1366" hits="0" branch="false" />
                <line number="1367" hits="0" branch="false" />
                <line number="1368" hits="0" branch="false" />
                <line number="1369" hits="0" branch="false" />
                <line number="1370" hits="0" branch="false" />
                <line number="1371" hits="0" branch="false" />
                <line number="1372" hits="0" branch="false" />
                <line number="1373" hits="0" branch="false" />
                <line number="1374" hits="0" branch="false" />
                <line number="1375" hits="0" branch="false" />
                <line number="1376" hits="0" branch="false" />
                <line number="1377" hits="0" branch="false" />
              </lines>
            </method>
            <method name="RemoveCallbacks" signature="(InputSystemActions/IUIActions)" line-rate="0" branch-rate="1" complexity="NaN">
              <lines>
                <line number="1380" hits="0" branch="false" />
                <line number="1381" hits="0" branch="false" />
                <line number="1382" hits="0" branch="false" />
                <line number="1383" hits="0" branch="false" />
              </lines>
            </method>
            <method name="SetCallbacks" signature="(InputSystemActions/IUIActions)" line-rate="0" branch-rate="1" complexity="NaN">
              <lines>
                <line number="1386" hits="0" branch="false" />
                <line number="1387" hits="0" branch="false" />
                <line number="1388" hits="0" branch="false" />
                <line number="1389" hits="0" branch="false" />
                <line number="1390" hits="0" branch="false" />
                <line number="1391" hits="0" branch="false" />
              </lines>
            </method>
            <method name="UIActions" signature="(InputSystemActions)" line-rate="0" branch-rate="1" complexity="NaN">
              <lines>
                <line number="1293" hits="0" branch="false" />
              </lines>
            </method>
          </methods>
          <lines>
            <line number="20" hits="0" branch="false" />
            <line number="21" hits="0" branch="false" />
            <line number="22" hits="0" branch="false" />
            <line number="23" hits="0" branch="false" />
            <line number="1081" hits="0" branch="false" />
            <line number="1082" hits="0" branch="false" />
            <line number="1083" hits="0" branch="false" />
            <line number="1084" hits="0" branch="false" />
            <line number="1085" hits="0" branch="false" />
            <line number="1086" hits="0" branch="false" />
            <line number="1087" hits="0" branch="false" />
            <line number="1088" hits="0" branch="false" />
            <line number="1089" hits="0" branch="false" />
            <line number="1090" hits="0" branch="false" />
            <line number="1092" hits="0" branch="false" />
            <line number="1093" hits="0" branch="false" />
            <line number="1094" hits="0" branch="false" />
            <line number="1095" hits="0" branch="false" />
            <line number="1096" hits="0" branch="false" />
            <line number="1097" hits="0" branch="false" />
            <line number="1098" hits="0" branch="false" />
            <line number="1099" hits="0" branch="false" />
            <line number="1100" hits="0" branch="false" />
            <line number="1101" hits="0" branch="false" />
            <line number="1102" hits="0" branch="false" />
            <line number="1103" hits="0" branch="false" />
            <line number="1106" hits="0" branch="false" />
            <line number="1107" hits="0" branch="false" />
            <line number="1108" hits="0" branch="false" />
            <line number="1109" hits="0" branch="false" />
            <line number="1112" hits="0" branch="false" />
            <line number="1113" hits="0" branch="false" />
            <line number="1114" hits="0" branch="false" />
            <line number="1118" hits="0" branch="false" />
            <line number="1119" hits="0" branch="false" />
            <line number="1124" hits="0" branch="false" />
            <line number="1125" hits="0" branch="false" />
            <line number="1128" hits="0" branch="false" />
            <line number="1131" hits="0" branch="false" />
            <line number="1132" hits="0" branch="false" />
            <line number="1133" hits="0" branch="false" />
            <line number="1136" hits="0" branch="false" />
            <line number="1137" hits="0" branch="false" />
            <line number="1138" hits="0" branch="false" />
            <line number="1141" hits="0" branch="false" />
            <line number="1142" hits="0" branch="false" />
            <line number="1143" hits="0" branch="false" />
            <line number="1146" hits="0" branch="false" />
            <line number="1147" hits="0" branch="false" />
            <line number="1148" hits="0" branch="false" />
            <line number="1151" hits="0" branch="false" />
            <line number="1152" hits="0" branch="false" />
            <line number="1153" hits="0" branch="false" />
            <line number="1155" hits="0" branch="false" />
            <line number="1158" hits="0" branch="false" />
            <line number="1159" hits="0" branch="false" />
            <line number="1160" hits="0" branch="false" />
            <line number="1163" hits="0" branch="false" />
            <line number="1164" hits="0" branch="false" />
            <line number="1165" hits="0" branch="false" />
            <line number="1169" hits="0" branch="false" />
            <line number="1182" hits="0" branch="false" />
            <line number="1183" hits="0" branch="false" />
            <line number="1184" hits="0" branch="false" />
            <line number="1185" hits="0" branch="false" />
            <line number="1186" hits="0" branch="false" />
            <line number="1187" hits="0" branch="false" />
            <line number="1188" hits="0" branch="false" />
            <line number="1189" hits="0" branch="false" />
            <line number="1190" hits="0" branch="false" />
            <line number="1191" hits="0" branch="false" />
            <line number="1192" hits="0" branch="false" />
            <line number="1193" hits="0" branch="false" />
            <line number="1194" hits="0" branch="false" />
            <line number="1195" hits="0" branch="false" />
            <line number="1196" hits="0" branch="false" />
            <line number="1198" hits="0" branch="false" />
            <line number="1199" hits="0" branch="false" />
            <line number="1200" hits="0" branch="false" />
            <line number="1201" hits="0" branch="false" />
            <line number="1202" hits="0" branch="false" />
            <line number="1203" hits="0" branch="false" />
            <line number="1204" hits="0" branch="false" />
            <line number="1205" hits="0" branch="false" />
            <line number="1206" hits="0" branch="false" />
            <line number="1207" hits="0" branch="false" />
            <line number="1208" hits="0" branch="false" />
            <line number="1209" hits="0" branch="false" />
            <line number="1210" hits="0" branch="false" />
            <line number="1211" hits="0" branch="false" />
            <line number="1212" hits="0" branch="false" />
            <line number="1213" hits="0" branch="false" />
            <line number="1214" hits="0" branch="false" />
            <line number="1215" hits="0" branch="false" />
            <line number="1216" hits="0" branch="false" />
            <line number="1217" hits="0" branch="false" />
            <line number="1218" hits="0" branch="false" />
            <line number="1219" hits="0" branch="false" />
            <line number="1220" hits="0" branch="false" />
            <line number="1221" hits="0" branch="false" />
            <line number="1222" hits="0" branch="false" />
            <line number="1223" hits="0" branch="false" />
            <line number="1224" hits="0" branch="false" />
            <line number="1225" hits="0" branch="false" />
            <line number="1226" hits="0" branch="false" />
            <line number="1227" hits="0" branch="false" />
            <line number="1228" hits="0" branch="false" />
            <line number="1231" hits="0" branch="false" />
            <line number="1232" hits="0" branch="false" />
            <line number="1233" hits="0" branch="false" />
            <line number="1234" hits="0" branch="false" />
            <line number="1235" hits="0" branch="false" />
            <line number="1236" hits="0" branch="false" />
            <line number="1237" hits="0" branch="false" />
            <line number="1238" hits="0" branch="false" />
            <line number="1239" hits="0" branch="false" />
            <line number="1240" hits="0" branch="false" />
            <line number="1241" hits="0" branch="false" />
            <line number="1242" hits="0" branch="false" />
            <line number="1243" hits="0" branch="false" />
            <line number="1244" hits="0" branch="false" />
            <line number="1245" hits="0" branch="false" />
            <line number="1246" hits="0" branch="false" />
            <line number="1247" hits="0" branch="false" />
            <line number="1248" hits="0" branch="false" />
            <line number="1249" hits="0" branch="false" />
            <line number="1250" hits="0" branch="false" />
            <line number="1251" hits="0" branch="false" />
            <line number="1252" hits="0" branch="false" />
            <line number="1253" hits="0" branch="false" />
            <line number="1254" hits="0" branch="false" />
            <line number="1255" hits="0" branch="false" />
            <line number="1256" hits="0" branch="false" />
            <line number="1257" hits="0" branch="false" />
            <line number="1258" hits="0" branch="false" />
            <line number="1259" hits="0" branch="false" />
            <line number="1262" hits="0" branch="false" />
            <line number="1263" hits="0" branch="false" />
            <line number="1264" hits="0" branch="false" />
            <line number="1265" hits="0" branch="false" />
            <line number="1268" hits="0" branch="false" />
            <line number="1269" hits="0" branch="false" />
            <line number="1270" hits="0" branch="false" />
            <line number="1271" hits="0" branch="false" />
            <line number="1272" hits="0" branch="false" />
            <line number="1273" hits="0" branch="false" />
            <line number="1275" hits="0" branch="false" />
            <line number="1279" hits="0" branch="false" />
            <line number="1293" hits="0" branch="false" />
            <line number="1294" hits="0" branch="false" />
            <line number="1295" hits="0" branch="false" />
            <line number="1296" hits="0" branch="false" />
            <line number="1297" hits="0" branch="false" />
            <line number="1298" hits="0" branch="false" />
            <line number="1299" hits="0" branch="false" />
            <line number="1300" hits="0" branch="false" />
            <line number="1301" hits="0" branch="false" />
            <line number="1302" hits="0" branch="false" />
            <line number="1303" hits="0" branch="false" />
            <line number="1304" hits="0" branch="false" />
            <line number="1305" hits="0" branch="false" />
            <line number="1306" hits="0" branch="false" />
            <line number="1307" hits="0" branch="false" />
            <line number="1308" hits="0" branch="false" />
            <line number="1310" hits="0" branch="false" />
            <line number="1311" hits="0" branch="false" />
            <line number="1312" hits="0" branch="false" />
            <line number="1313" hits="0" branch="false" />
            <line number="1314" hits="0" branch="false" />
            <line number="1315" hits="0" branch="false" />
            <line number="1316" hits="0" branch="false" />
            <line number="1317" hits="0" branch="false" />
            <line number="1318" hits="0" branch="false" />
            <line number="1319" hits="0" branch="false" />
            <line number="1320" hits="0" branch="false" />
            <line number="1321" hits="0" branch="false" />
            <line number="1322" hits="0" branch="false" />
            <line number="1323" hits="0" branch="false" />
            <line number="1324" hits="0" branch="false" />
            <line number="1325" hits="0" branch="false" />
            <line number="1326" hits="0" branch="false" />
            <line number="1327" hits="0" branch="false" />
            <line number="1328" hits="0" branch="false" />
            <line number="1329" hits="0" branch="false" />
            <line number="1330" hits="0" branch="false" />
            <line number="1331" hits="0" branch="false" />
            <line number="1332" hits="0" branch="false" />
            <line number="1333" hits="0" branch="false" />
            <line number="1334" hits="0" branch="false" />
            <line number="1335" hits="0" branch="false" />
            <line number="1336" hits="0" branch="false" />
            <line number="1337" hits="0" branch="false" />
            <line number="1338" hits="0" branch="false" />
            <line number="1339" hits="0" branch="false" />
            <line number="1340" hits="0" branch="false" />
            <line number="1341" hits="0" branch="false" />
            <line number="1342" hits="0" branch="false" />
            <line number="1343" hits="0" branch="false" />
            <line number="1346" hits="0" branch="false" />
            <line number="1347" hits="0" branch="false" />
            <line number="1348" hits="0" branch="false" />
            <line number="1349" hits="0" branch="false" />
            <line number="1350" hits="0" branch="false" />
            <line number="1351" hits="0" branch="false" />
            <line number="1352" hits="0" branch="false" />
            <line number="1353" hits="0" branch="false" />
            <line number="1354" hits="0" branch="false" />
            <line number="1355" hits="0" branch="false" />
            <line number="1356" hits="0" branch="false" />
            <line number="1357" hits="0" branch="false" />
            <line number="1358" hits="0" branch="false" />
            <line number="1359" hits="0" branch="false" />
            <line number="1360" hits="0" branch="false" />
            <line number="1361" hits="0" branch="false" />
            <line number="1362" hits="0" branch="false" />
            <line number="1363" hits="0" branch="false" />
            <line number="1364" hits="0" branch="false" />
            <line number="1365" hits="0" branch="false" />
            <line number="1366" hits="0" branch="false" />
            <line number="1367" hits="0" branch="false" />
            <line number="1368" hits="0" branch="false" />
            <line number="1369" hits="0" branch="false" />
            <line number="1370" hits="0" branch="false" />
            <line number="1371" hits="0" branch="false" />
            <line number="1372" hits="0" branch="false" />
            <line number="1373" hits="0" branch="false" />
            <line number="1374" hits="0" branch="false" />
            <line number="1375" hits="0" branch="false" />
            <line number="1376" hits="0" branch="false" />
            <line number="1377" hits="0" branch="false" />
            <line number="1380" hits="0" branch="false" />
            <line number="1381" hits="0" branch="false" />
            <line number="1382" hits="0" branch="false" />
            <line number="1383" hits="0" branch="false" />
            <line number="1386" hits="0" branch="false" />
            <line number="1387" hits="0" branch="false" />
            <line number="1388" hits="0" branch="false" />
            <line number="1389" hits="0" branch="false" />
            <line number="1390" hits="0" branch="false" />
            <line number="1391" hits="0" branch="false" />
            <line number="1393" hits="0" branch="false" />
            <line number="1394" hits="0" branch="false" />
            <line number="1398" hits="0" branch="false" />
            <line number="1399" hits="0" branch="false" />
            <line number="1400" hits="0" branch="false" />
            <line number="1401" hits="0" branch="false" />
            <line number="1403" hits="0" branch="false" />
            <line number="1407" hits="0" branch="false" />
            <line number="1408" hits="0" branch="false" />
            <line number="1409" hits="0" branch="false" />
            <line number="1410" hits="0" branch="false" />
            <line number="1412" hits="0" branch="false" />
            <line number="1416" hits="0" branch="false" />
            <line number="1417" hits="0" branch="false" />
            <line number="1418" hits="0" branch="false" />
            <line number="1419" hits="0" branch="false" />
            <line number="1421" hits="0" branch="false" />
            <line number="1425" hits="0" branch="false" />
            <line number="1426" hits="0" branch="false" />
            <line number="1427" hits="0" branch="false" />
            <line number="1428" hits="0" branch="false" />
            <line number="1430" hits="0" branch="false" />
            <line number="1434" hits="0" branch="false" />
            <line number="1435" hits="0" branch="false" />
            <line number="1436" hits="0" branch="false" />
            <line number="1437" hits="0" branch="false" />
          </lines>
        </class>
        <class name="NewPlayableBehaviour" filename="P:/uni/final_project/Game/The Tower - Final Project/Assets/Enemies/NewPlayableBehaviour.cs" line-rate="0" branch-rate="1" complexity="NaN">
          <methods>
            <method name="OnGraphStart" signature="(UnityEngine.Playables.Playable)" line-rate="0" branch-rate="1" complexity="NaN">
              <lines>
                <line number="9" hits="0" branch="false" />
                <line number="11" hits="0" branch="false" />
              </lines>
            </method>
            <method name="OnGraphStop" signature="(UnityEngine.Playables.Playable)" line-rate="0" branch-rate="1" complexity="NaN">
              <lines>
                <line number="15" hits="0" branch="false" />
                <line number="17" hits="0" branch="false" />
              </lines>
            </method>
            <method name="OnBehaviourPlay" signature="(UnityEngine.Playables.Playable, UnityEngine.Playables.FrameData)" line-rate="0" branch-rate="1" complexity="NaN">
              <lines>
                <line number="21" hits="0" branch="false" />
                <line number="23" hits="0" branch="false" />
              </lines>
            </method>
            <method name="OnBehaviourPause" signature="(UnityEngine.Playables.Playable, UnityEngine.Playables.FrameData)" line-rate="0" branch-rate="1" complexity="NaN">
              <lines>
                <line number="27" hits="0" branch="false" />
                <line number="29" hits="0" branch="false" />
              </lines>
            </method>
            <method name="PrepareFrame" signature="(UnityEngine.Playables.Playable, UnityEngine.Playables.FrameData)" line-rate="0" branch-rate="1" complexity="NaN">
              <lines>
                <line number="33" hits="0" branch="false" />
                <line number="35" hits="0" branch="false" />
              </lines>
            </method>
          </methods>
          <lines>
            <line number="9" hits="0" branch="false" />
            <line number="11" hits="0" branch="false" />
            <line number="15" hits="0" branch="false" />
            <line number="17" hits="0" branch="false" />
            <line number="21" hits="0" branch="false" />
            <line number="23" hits="0" branch="false" />
            <line number="27" hits="0" branch="false" />
            <line number="29" hits="0" branch="false" />
            <line number="33" hits="0" branch="false" />
            <line number="35" hits="0" branch="false" />
          </lines>
        </class>
        <class name="PlayerHUD" filename="P:/uni/final_project/Game/The Tower - Final Project/Assets/PlayerHUD.cs" line-rate="0" branch-rate="1" complexity="0">
          <methods>
            <method name="Start" signature="()" line-rate="0" branch-rate="1" complexity="0">
              <lines>
                <line number="14" hits="0" branch="false" />
                <line number="15" hits="0" branch="false" />
                <line number="16" hits="0" branch="false" />
                <line number="18" hits="0" branch="false" />
                <line number="19" hits="0" branch="false" />
                <line number="20" hits="0" branch="false" />
              </lines>
            </method>
            <method name="UpdateHealthBar" signature="()" line-rate="0" branch-rate="1" complexity="0">
              <lines>
                <line number="23" hits="0" branch="false" />
                <line number="24" hits="0" branch="false" />
                <line number="25" hits="0" branch="false" />
                <line number="26" hits="0" branch="false" />
              </lines>
            </method>
          </methods>
          <lines>
            <line number="14" hits="0" branch="false" />
            <line number="15" hits="0" branch="false" />
            <line number="16" hits="0" branch="false" />
            <line number="18" hits="0" branch="false" />
            <line number="19" hits="0" branch="false" />
            <line number="20" hits="0" branch="false" />
            <line number="23" hits="0" branch="false" />
            <line number="24" hits="0" branch="false" />
            <line number="25" hits="0" branch="false" />
            <line number="26" hits="0" branch="false" />
          </lines>
        </class>
        <class name="RandomPatrolAction" filename="P:/uni/final_project/Game/The Tower - Final Project/Assets/RandomPatrolAction.cs" line-rate="0" branch-rate="1" complexity="0">
          <methods>
            <method name="OnStart" signature="()" line-rate="0" branch-rate="1" complexity="0">
              <lines>
                <line number="19" hits="0" branch="false" />
                <line number="20" hits="0" branch="false" />
                <line number="21" hits="0" branch="false" />
                <line number="22" hits="0" branch="false" />
                <line number="24" hits="0" branch="false" />
                <line number="25" hits="0" branch="false" />
                <line number="26" hits="0" branch="false" />
                <line number="27" hits="0" branch="false" />
                <line number="30" hits="0" branch="false" />
                <line number="31" hits="0" branch="false" />
                <line number="32" hits="0" branch="false" />
                <line number="33" hits="0" branch="false" />
              </lines>
            </method>
            <method name="OnUpdate" signature="()" line-rate="0" branch-rate="1" complexity="0">
              <lines>
                <line number="36" hits="0" branch="false" />
                <line number="37" hits="0" branch="false" />
                <line number="38" hits="0" branch="false" />
                <line number="40" hits="0" branch="false" />
                <line number="41" hits="0" branch="false" />
                <line number="42" hits="0" branch="false" />
              </lines>
            </method>
            <method name="OnEnd" signature="()" line-rate="0" branch-rate="1" complexity="0">
              <lines>
                <line number="45" hits="0" branch="false" />
                <line number="46" hits="0" branch="false" />
              </lines>
            </method>
            <method name="FindClosestRoom" signature="()" line-rate="0" branch-rate="1" complexity="0">
              <lines>
                <line number="49" hits="0" branch="false" />
                <line number="52" hits="0" branch="false" />
                <line number="53" hits="0" branch="false" />
                <line number="54" hits="0" branch="false" />
                <line number="57" hits="0" branch="false" />
                <line number="58" hits="0" branch="false" />
              </lines>
            </method>
            <method name="HasReachedDestination" signature="(UnityEngine.Transform, UnityEngine.Vector3)" line-rate="0" branch-rate="1" complexity="NaN">
              <lines>
                <line number="61" hits="0" branch="false" />
                <line number="62" hits="0" branch="false" />
                <line number="63" hits="0" branch="false" />
              </lines>
            </method>
          </methods>
          <lines>
            <line number="19" hits="0" branch="false" />
            <line number="20" hits="0" branch="false" />
            <line number="21" hits="0" branch="false" />
            <line number="22" hits="0" branch="false" />
            <line number="24" hits="0" branch="false" />
            <line number="25" hits="0" branch="false" />
            <line number="26" hits="0" branch="false" />
            <line number="27" hits="0" branch="false" />
            <line number="30" hits="0" branch="false" />
            <line number="31" hits="0" branch="false" />
            <line number="32" hits="0" branch="false" />
[...]
                <line number="32" hits="0" branch="false" />
                <line number="34" hits="0" branch="false" />
                <line number="35" hits="0" branch="false" />
                <line number="37" hits="0" branch="false" />
                <line number="38" hits="0" branch="false" />
                <line number="40" hits="0" branch="false" />
                <line number="42" hits="0" branch="false" />
                <line number="43" hits="0" branch="false" />
                <line number="44" hits="0" branch="false" />
                <line number="46" hits="0" branch="false" />
                <line number="47" hits="0" branch="false" />
              </lines>
            </method>
            <method name="TestSetup" signature="()" line-rate="0" branch-rate="1" complexity="0">
              <lines>
                <line number="88" hits="0" branch="false" />
                <line number="89" hits="0" branch="false" />
                <line number="90" hits="0" branch="false" />
                <line number="91" hits="0" branch="false" />
                <line number="92" hits="0" branch="false" />
              </lines>
            </method>
          </methods>
          <lines>
            <line number="12" hits="0" branch="false" />
            <line number="19" hits="0" branch="false" />
            <line number="20" hits="0" branch="false" />
            <line number="21" hits="0" branch="false" />
            <line number="22" hits="0" branch="false" />
            <line number="23" hits="0" branch="false" />
            <line number="25" hits="0" branch="false" />
            <line number="26" hits="0" branch="false" />
            <line number="27" hits="0" branch="false" />
            <line number="31" hits="0" branch="false" />
            <line number="32" hits="0" branch="false" />
            <line number="34" hits="0" branch="false" />
            <line number="35" hits="0" branch="false" />
            <line number="37" hits="0" branch="false" />
            <line number="38" hits="0" branch="false" />
            <line number="40" hits="0" branch="false" />
            <line number="42" hits="0" branch="false" />
            <line number="43" hits="0" branch="false" />
            <line number="44" hits="0" branch="false" />
            <line number="46" hits="0" branch="false" />
            <line number="47" hits="0" branch="false" />
            <line number="51" hits="0" branch="false" />
            <line number="52" hits="0" branch="false" />
            <line number="54" hits="0" branch="false" />
            <line number="55" hits="0" branch="false" />
            <line number="57" hits="0" branch="false" />
            <line number="59" hits="0" branch="false" />
            <line number="61" hits="0" branch="false" />
            <line number="62" hits="0" branch="false" />
            <line number="63" hits="0" branch="false" />
            <line number="65" hits="0" branch="false" />
            <line number="70" hits="0" branch="false" />
            <line number="72" hits="0" branch="false" />
            <line number="73" hits="0" branch="false" />
            <line number="75" hits="0" branch="false" />
            <line number="76" hits="0" branch="false" />
            <line number="79" hits="0" branch="false" />
            <line number="80" hits="0" branch="false" />
            <line number="81" hits="0" branch="false" />
            <line number="83" hits="0" branch="false" />
            <line number="84" hits="0" branch="false" />
            <line number="88" hits="0" branch="false" />
            <line number="89" hits="0" branch="false" />
            <line number="90" hits="0" branch="false" />
            <line number="91" hits="0" branch="false" />
            <line number="92" hits="0" branch="false" />
            <line number="95" hits="0" branch="false" />
            <line number="96" hits="0" branch="false" />
            <line number="97" hits="0" branch="false" />
            <line number="98" hits="0" branch="false" />
            <line number="99" hits="0" branch="false" />
            <line number="100" hits="0" branch="false" />
            <line number="101" hits="0" branch="false" />
            <line number="102" hits="0" branch="false" />
          </lines>
        </class>
        <class name="PlayerControllerTests" filename="P:/uni/final_project/Game/The Tower - Final Project/Assets/Tests/PlayerCharacter/PlayerControllerTests.cs" line-rate="0" branch-rate="1" complexity="0">
          <methods>
            <method name="Setup" signature="()" line-rate="0" branch-rate="1" complexity="0">
              <lines>
                <line number="16" hits="0" branch="false" />
                <line number="17" hits="0" branch="false" />
                <line number="18" hits="0" branch="false" />
              </lines>
            </method>
            <method name="PlayerControllerTests" signature="()" line-rate="0" branch-rate="1" complexity="0">
              <lines>
                <line number="10" hits="0" branch="false" />
              </lines>
            </method>
            <method name="ShouldSpawnCamera" signature="()" line-rate="0" branch-rate="1" complexity="0">
              <lines>
                <line number="22" hits="0" branch="false" />
                <line number="23" hits="0" branch="false" />
                <line number="25" hits="0" branch="false" />
                <line number="26" hits="0" branch="false" />
                <line number="27" hits="0" branch="false" />
              </lines>
            </method>
            <method name="TestSetup" signature="()" line-rate="0" branch-rate="1" complexity="0">
              <lines>
                <line number="30" hits="0" branch="false" />
                <line number="31" hits="0" branch="false" />
                <line number="32" hits="0" branch="false" />
                <line number="33" hits="0" branch="false" />
                <line number="34" hits="0" branch="false" />
              </lines>
            </method>
          </methods>
          <lines>
            <line number="10" hits="0" branch="false" />
            <line number="16" hits="0" branch="false" />
            <line number="17" hits="0" branch="false" />
            <line number="18" hits="0" branch="false" />
            <line number="22" hits="0" branch="false" />
            <line number="23" hits="0" branch="false" />
            <line number="25" hits="0" branch="false" />
            <line number="26" hits="0" branch="false" />
            <line number="27" hits="0" branch="false" />
            <line number="30" hits="0" branch="false" />
            <line number="31" hits="0" branch="false" />
            <line number="32" hits="0" branch="false" />
            <line number="33" hits="0" branch="false" />
            <line number="34" hits="0" branch="false" />
          </lines>
        </class>
        <class name="RandomWalkTests" filename="P:/uni/final_project/Game/The Tower - Final Project/Assets/Tests/DungeonGenerator/RandomWalkAlgorithmTests.cs" line-rate="0" branch-rate="1" complexity="0">
          <methods>
            <method name="SetUp" signature="()" line-rate="0" branch-rate="1" complexity="0">
              <lines>
                <line number="19" hits="0" branch="false" />
                <line number="20" hits="0" branch="false" />
                <line number="21" hits="0" branch="false" />
              </lines>
            </method>
            <method name="CreateParameters" signature="()" line-rate="0" branch-rate="1" complexity="0">
              <lines>
                <line number="70" hits="0" branch="false" />
                <line number="71" hits="0" branch="false" />
                <line number="72" hits="0" branch="false" />
              </lines>
            </method>
            <method name="FindRooms" signature="()" line-rate="0" branch-rate="1" complexity="0">
              <lines>
                <line number="75" hits="0" branch="false" />
                <line number="76" hits="0" branch="false" />
                <line number="78" hits="0" branch="false" />
                <line number="79" hits="0" branch="false" />
                <line number="80" hits="0" branch="false" />
              </lines>
            </method>
            <method name="RandomWalkTests" signature="()" line-rate="0" branch-rate="1" complexity="0">
              <lines>
                <line number="14" hits="0" branch="false" />
                <line number="15" hits="0" branch="false" />
              </lines>
            </method>
            <method name="ShouldGenerateCompleteDungeon" signature="()" line-rate="0" branch-rate="1" complexity="0">
              <lines>
                <line number="44" hits="0" branch="false" />
                <line number="45" hits="0" branch="false" />
                <line number="47" hits="0" branch="false" />
                <line number="48" hits="0" branch="false" />
                <line number="50" hits="0" branch="false" />
                <line number="51" hits="0" branch="false" />
                <line number="52" hits="0" branch="false" />
              </lines>
            </method>
            <method name="ShouldGenerateDungeonWithSpecifiedRoomNumber" signature="()" line-rate="0" branch-rate="1" complexity="0">
              <lines>
                <line number="25" hits="0" branch="false" />
                <line number="26" hits="0" branch="false" />
                <line number="27" hits="0" branch="false" />
                <line number="28" hits="0" branch="false" />
                <line number="30" hits="0" branch="false" />
                <line number="31" hits="0" branch="false" />
                <line number="33" hits="0" branch="false" />
                <line number="35" hits="0" branch="false" />
                <line number="36" hits="0" branch="false" />
                <line number="38" hits="0" branch="false" />
                <line number="39" hits="0" branch="false" />
                <line number="40" hits="0" branch="false" />
              </lines>
            </method>
            <method name="TestSetUp" signature="()" line-rate="0" branch-rate="1" complexity="0">
              <lines>
                <line number="55" hits="0" branch="false" />
                <line number="56" hits="0" branch="false" />
                <line number="57" hits="0" branch="false" />
                <line number="59" hits="0" branch="false" />
                <line number="60" hits="0" branch="false" />
                <line number="62" hits="0" branch="false" />
                <line number="63" hits="0" branch="false" />
                <line number="64" hits="0" branch="false" />
                <line number="66" hits="0" branch="false" />
                <line number="67" hits="0" branch="false" />
              </lines>
            </method>
          </methods>
          <lines>
            <line number="14" hits="0" branch="false" />
            <line number="15" hits="0" branch="false" />
            <line number="19" hits="0" branch="false" />
            <line number="20" hits="0" branch="false" />
            <line number="21" hits="0" branch="false" />
            <line number="25" hits="0" branch="false" />
            <line number="26" hits="0" branch="false" />
            <line number="27" hits="0" branch="false" />
            <line number="28" hits="0" branch="false" />
            <line number="30" hits="0" branch="false" />
            <line number="31" hits="0" branch="false" />
            <line number="33" hits="0" branch="false" />
            <line number="35" hits="0" branch="false" />
            <line number="36" hits="0" branch="false" />
            <line number="38" hits="0" branch="false" />
            <line number="39" hits="0" branch="false" />
            <line number="40" hits="0" branch="false" />
            <line number="44" hits="0" branch="false" />
            <line number="45" hits="0" branch="false" />
            <line number="47" hits="0" branch="false" />
            <line number="48" hits="0" branch="false" />
            <line number="50" hits="0" branch="false" />
            <line number="51" hits="0" branch="false" />
            <line number="52" hits="0" branch="false" />
            <line number="55" hits="0" branch="false" />
            <line number="56" hits="0" branch="false" />
            <line number="57" hits="0" branch="false" />
            <line number="59" hits="0" branch="false" />
            <line number="60" hits="0" branch="false" />
            <line number="62" hits="0" branch="false" />
            <line number="63" hits="0" branch="false" />
            <line number="64" hits="0" branch="false" />
            <line number="66" hits="0" branch="false" />
            <line number="67" hits="0" branch="false" />
            <line number="70" hits="0" branch="false" />
            <line number="71" hits="0" branch="false" />
            <line number="72" hits="0" branch="false" />
            <line number="75" hits="0" branch="false" />
            <line number="76" hits="0" branch="false" />
            <line number="78" hits="0" branch="false" />
            <line number="79" hits="0" branch="false" />
            <line number="80" hits="0" branch="false" />
          </lines>
        </class>
        <class name="RuleConditionTest" filename="P:/uni/final_project/Game/The Tower - Final Project/Assets/Tests/DungeonMaster/RuleConditionTest.cs" line-rate="0" branch-rate="1" complexity="0">
          <methods>
            <method name="SetUp" signature="()" line-rate="0" branch-rate="1" complexity="0">
              <lines>
                <line number="11" hits="0" branch="false" />
                <line number="12" hits="0" branch="false" />
                <line number="13" hits="0" branch="false" />
              </lines>
            </method>
            <method name="ShouldReturnTrueIfConditionIsMet" signature="()" line-rate="0" branch-rate="1" complexity="0">
              <lines>
                <line number="17" hits="0" branch="false" />
                <line number="18" hits="0" branch="false" />
                <line number="19" hits="0" branch="false" />
              </lines>
            </method>
            <method name="ShouldReturnFalseIfConditionIsNotMet" signature="()" line-rate="0" branch-rate="1" complexity="0">
              <lines>
                <line number="23" hits="0" branch="false" />
                <line number="24" hits="0" branch="false" />
                <line number="25" hits="0" branch="false" />
              </lines>
            </method>
            <method name="ShouldHandleGreaterThanOperator" signature="()" line-rate="0" branch-rate="1" complexity="0">
              <lines>
                <line number="29" hits="0" branch="false" />
                <line number="30" hits="0" branch="false" />
                <line number="31" hits="0" branch="false" />
                <line number="32" hits="0" branch="false" />
              </lines>
            </method>
            <method name="ShouldHandleLessThanOperator" signature="()" line-rate="0" branch-rate="1" complexity="0">
              <lines>
                <line number="36" hits="0" branch="false" />
                <line number="37" hits="0" branch="false" />
                <line number="38" hits="0" branch="false" />
                <line number="39" hits="0" branch="false" />
                <line number="40" hits="0" branch="false" />
              </lines>
            </method>
          </methods>
          <lines>
            <line number="11" hits="0" branch="false" />
            <line number="12" hits="0" branch="false" />
            <line number="13" hits="0" branch="false" />
            <line number="17" hits="0" branch="false" />
            <line number="18" hits="0" branch="false" />
            <line number="19" hits="0" branch="false" />
            <line number="23" hits="0" branch="false" />
            <line number="24" hits="0" branch="false" />
            <line number="25" hits="0" branch="false" />
            <line number="29" hits="0" branch="false" />
            <line number="30" hits="0" branch="false" />
            <line number="31" hits="0" branch="false" />
            <line number="32" hits="0" branch="false" />
            <line number="36" hits="0" branch="false" />
            <line number="37" hits="0" branch="false" />
            <line number="38" hits="0" branch="false" />
            <line number="39" hits="0" branch="false" />
            <line number="40" hits="0" branch="false" />
          </lines>
        </class>
        <class name="RuleValueTest" filename="P:/uni/final_project/Game/The Tower - Final Project/Assets/Tests/DungeonMaster/RuleValueTest.cs" line-rate="0" branch-rate="1" complexity="0">
          <methods>
            <method name="SetUp" signature="()" line-rate="0" branch-rate="1" complexity="0">
              <lines>
                <line number="12" hits="0" branch="false" />
                <line number="13" hits="0" branch="false" />
                <line number="19" hits="0" branch="false" />
                <line number="20" hits="0" branch="false" />
              </lines>
            </method>
            <method name="ShouldReturnFloatValue" signature="()" line-rate="0" branch-rate="1" complexity="0">
              <lines>
                <line number="24" hits="0" branch="false" />
                <line number="25" hits="0" branch="false" />
                <line number="26" hits="0" branch="false" />
                <line number="27" hits="0" branch="false" />
              </lines>
            </method>
            <method name="ShouldReturnRangeValue" signature="()" line-rate="0" branch-rate="1" complexity="0">
              <lines>
                <line number="31" hits="0" branch="false" />
                <line number="32" hits="0" branch="false" />
                <line number="33" hits="0" branch="false" />
                <line number="34" hits="0" branch="false" />
              </lines>
            </method>
            <method name="ShouldReturnNullIfValueIsNotOfTypeT" signature="()" line-rate="0" branch-rate="1" complexity="0">
              <lines>
                <line number="38" hits="0" branch="false" />
                <line number="39" hits="0" branch="false" />
                <line number="45" hits="0" branch="false" />
                <line number="46" hits="0" branch="false" />
                <line number="47" hits="0" branch="false" />
                <line number="48" hits="0" branch="false" />
              </lines>
            </method>
          </methods>
          <lines>
            <line number="12" hits="0" branch="false" />
            <line number="13" hits="0" branch="false" />
            <line number="19" hits="0" branch="false" />
            <line number="20" hits="0" branch="false" />
            <line number="24" hits="0" branch="false" />
            <line number="25" hits="0" branch="false" />
            <line number="26" hits="0" branch="false" />
            <line number="27" hits="0" branch="false" />
            <line number="31" hits="0" branch="false" />
            <line number="32" hits="0" branch="false" />
            <line number="33" hits="0" branch="false" />
            <line number="34" hits="0" branch="false" />
            <line number="38" hits="0" branch="false" />
            <line number="39" hits="0" branch="false" />
            <line number="45" hits="0" branch="false" />
            <line number="46" hits="0" branch="false" />
            <line number="47" hits="0" branch="false" />
            <line number="48" hits="0" branch="false" />
          </lines>
        </class>
      </classes>
    </package>
  </packages>
</coverage>