TN:
SF:P:/uni/final_project/Game/The Tower - Final Project/Assets/Scripts/DungeonGenerator/BSPAlgorithm/BSPAlgorithm.cs
FN:29,GenerateRepresentation(Assets.DungeonGenerator.Components.Dungeon)
FN:42,ConnectRooms()
FN:125,PartitionSpace(Assets.DungeonGenerator.BSPNode, Assets.DungeonGenerator.DungeonAxis)
FN:148,CreateNewNodes(Assets.DungeonGenerator.BSPNode, Assets.DungeonGenerator.DungeonAxis)
FN:216,RandomAxis()
FN:225,ConstructDungeon(Assets.DungeonGenerator.DungeonComponents)
FN:265,ConstructRooms(Assets.DungeonGenerator.BSPNode, Assets.DungeonGenerator.BSPNode, Assets.DungeonGenerator.DungeonCorridor, Assets.DungeonGenerator.DungeonComponents)
FN:280,PlaceContent(Assets.DungeonGenerator.DungeonComponents)
FN:295,GenerateItems(Assets.DungeonGenerator.BSPNode, UnityEngine.GameObject)
FN:310,GenerateEnemies(Assets.DungeonGenerator.BSPNode, UnityEngine.GameObject)
FN:325,GetRandomPointWithinBounds(UnityEngine.Rect)
FN:15,BSPAlgorithm()
FNDA:0,GenerateRepresentation(Assets.DungeonGenerator.Components.Dungeon)
FNDA:0,ConnectRooms()
FNDA:0,PartitionSpace(Assets.DungeonGenerator.BSPNode, Assets.DungeonGenerator.DungeonAxis)
FNDA:0,CreateNewNodes(Assets.DungeonGenerator.BSPNode, Assets.DungeonGenerator.DungeonAxis)
FNDA:0,RandomAxis()
FNDA:0,ConstructDungeon(Assets.DungeonGenerator.DungeonComponents)
FNDA:0,ConstructRooms(Assets.DungeonGenerator.BSPNode, Assets.DungeonGenerator.BSPNode, Assets.DungeonGenerator.DungeonCorridor, Assets.DungeonGenerator.DungeonComponents)
FNDA:0,PlaceContent(Assets.DungeonGenerator.DungeonComponents)
FNDA:0,GenerateItems(Assets.DungeonGenerator.BSPNode, UnityEngine.GameObject)
FNDA:0,GenerateEnemies(Assets.DungeonGenerator.BSPNode, UnityEngine.GameObject)
FNDA:0,GetRandomPointWithinBounds(UnityEngine.Rect)
FNDA:0,BSPAlgorithm()
FNF:12
FNH:0
BRF:0
BRH:0
DA:15,0
DA:16,0
DA:29,0
DA:30,0
DA:32,0
DA:33,0
DA:34,0
DA:35,0
DA:37,0
DA:38,0
DA:39,0
DA:42,0
DA:43,0
DA:44,0
DA:46,0
DA:47,0
DA:48,0
DA:49,0
DA:50,0
DA:51,0
DA:52,0
DA:53,0
DA:54,0
DA:55,0
DA:56,0
DA:58,0
DA:59,0
DA:60,0
DA:62,0
DA:64,0
DA:65,0
DA:66,0
DA:67,0
DA:69,0
DA:70,0
DA:71,0
DA:72,0
DA:73,0
DA:75,0
DA:76,0
DA:77,0
DA:78,0
DA:79,0
DA:80,0
DA:82,0
DA:83,0
DA:84,0
DA:85,0
DA:86,0
DA:87,0
DA:92,0
DA:93,0
DA:95,0
DA:96,0
DA:100,0
DA:101,0
DA:102,0
DA:103,0
DA:105,0
DA:106,0
DA:108,0
DA:109,0
DA:110,0
DA:111,0
DA:112,0
DA:113,0
DA:114,0
DA:122,0
DA:125,0
DA:126,0
DA:127,0
DA:128,0
DA:129,0
DA:130,0
DA:133,0
DA:134,0
DA:136,0
DA:138,0
DA:140,0
DA:141,0
DA:142,0
DA:143,0
DA:144,0
DA:145,0
DA:148,0
DA:149,0
DA:150,0
DA:151,0
DA:153,0
DA:154,0
DA:156,0
DA:157,0
DA:159,0
DA:161,0
DA:162,0
DA:163,0
DA:164,0
DA:166,0
DA:167,0
DA:168,0
DA:169,0
DA:170,0
DA:172,0
DA:173,0
DA:174,0
DA:175,0
DA:177,0
DA:178,0
DA:179,0
DA:181,0
DA:182,0
DA:183,0
DA:184,0
DA:185,0
DA:186,0
DA:187,0
DA:188,0
DA:190,0
DA:191,0
DA:192,0
DA:193,0
DA:195,0
DA:196,0
DA:197,0
DA:199,0
DA:200,0
DA:201,0
DA:202,0
DA:203,0
DA:205,0
DA:206,0
DA:208,0
DA:209,0
DA:210,0
DA:211,0
DA:212,0
DA:213,0
DA:216,0
DA:217,0
DA:218,0
DA:219,0
DA:221,0
DA:222,0
DA:225,0
DA:226,0
DA:227,0
DA:228,0
DA:229,0
DA:231,0
DA:232,0
DA:234,0
DA:235,0
DA:236,0
DA:238,0
DA:240,0
DA:242,0
DA:243,0
DA:245,0
DA:246,0
DA:247,0
DA:249,0
DA:250,0
DA:251,0
DA:252,0
DA:254,0
DA:255,0
DA:256,0
DA:257,0
DA:258,0
DA:259,0
DA:260,0
DA:261,0
DA:262,0
DA:265,0
DA:266,0
DA:267,0
DA:268,0
DA:269,0
DA:270,0
DA:272,0
DA:273,0
DA:274,0
DA:275,0
DA:276,0
DA:277,0
DA:280,0
DA:281,0
DA:282,0
DA:284,0
DA:285,0
DA:287,0
DA:288,0
DA:289,0
DA:290,0
DA:291,0
DA:292,0
DA:295,0
DA:296,0
DA:297,0
DA:298,0
DA:301,0
DA:302,0
DA:303,0
DA:304,0
DA:305,0
DA:306,0
DA:307,0
DA:310,0
DA:311,0
DA:312,0
DA:313,0
DA:316,0
DA:317,0
DA:318,0
DA:319,0
DA:320,0
DA:321,0
DA:322,0
DA:325,0
DA:326,0
DA:327,0
DA:328,0
DA:329,0
LH:0
LF:223
end_of_record
SF:P:/uni/final_project/Game/The Tower - Final Project/Assets/Scripts/DungeonGenerator/BSPAlgorithm/BSPNode.cs
FN:16,Left()
FN:16,Left(Assets.DungeonGenerator.BSPNode)
FN:17,Right()
FN:17,Right(Assets.DungeonGenerator.BSPNode)
FN:18,Parent()
FN:18,Parent(Assets.DungeonGenerator.BSPNode)
FN:19,Bounds()
FN:19,Bounds(UnityEngine.Rect)
FN:20,Room()
FN:60,GenerateRoom()
FN:72,GenerateCorridors()
FN:85,IsRoomMinSize(UnityEngine.Vector2)
FN:90,GenerateCorridor(Assets.DungeonGenerator.BSPNode, Assets.DungeonGenerator.BSPNode, UnityEngine.Vector2)
FN:165,ConnectTo(Assets.DungeonGenerator.BSPNode, UnityEngine.Vector2)
FN:173,HasRoom()
FN:178,HasMaxCorridors()
FN:22,BSPNode(Assets.DungeonGenerator.Components.Dungeon, Assets.DungeonGenerator.DungeonAxis)
FN:22,BSPNode(Assets.DungeonGenerator.BSPNode, UnityEngine.Rect, Assets.DungeonGenerator.DungeonAxis)
FNDA:0,Left()
FNDA:0,Left(Assets.DungeonGenerator.BSPNode)
FNDA:0,Right()
FNDA:0,Right(Assets.DungeonGenerator.BSPNode)
FNDA:0,Parent()
FNDA:0,Parent(Assets.DungeonGenerator.BSPNode)
FNDA:0,Bounds()
FNDA:0,Bounds(UnityEngine.Rect)
FNDA:0,Room()
FNDA:0,GenerateRoom()
FNDA:0,GenerateCorridors()
FNDA:0,IsRoomMinSize(UnityEngine.Vector2)
FNDA:0,GenerateCorridor(Assets.DungeonGenerator.BSPNode, Assets.DungeonGenerator.BSPNode, UnityEngine.Vector2)
FNDA:0,ConnectTo(Assets.DungeonGenerator.BSPNode, UnityEngine.Vector2)
FNDA:0,HasRoom()
FNDA:0,HasMaxCorridors()
FNDA:0,BSPNode(Assets.DungeonGenerator.Components.Dungeon, Assets.DungeonGenerator.DungeonAxis)
FNDA:0,BSPNode(Assets.DungeonGenerator.BSPNode, UnityEngine.Rect, Assets.DungeonGenerator.DungeonAxis)
FNF:18
FNH:0
BRF:0
BRH:0
DA:16,0
DA:17,0
DA:18,0
DA:19,0
DA:20,0
DA:22,0
DA:26,0
DA:29,0
DA:30,0
DA:31,0
DA:32,0
DA:33,0
DA:34,0
DA:35,0
DA:37,0
DA:38,0
DA:39,0
DA:40,0
DA:42,0
DA:43,0
DA:44,0
DA:45,0
DA:46,0
DA:47,0
DA:48,0
DA:49,0
DA:50,0
DA:51,0
DA:53,0
DA:54,0
DA:56,0
DA:57,0
DA:60,0
DA:61,0
DA:62,0
DA:63,0
DA:66,0
DA:67,0
DA:68,0
DA:69,0
DA:72,0
DA:73,0
DA:74,0
DA:75,0
DA:76,0
DA:77,0
DA:78,0
DA:79,0
DA:80,0
DA:81,0
DA:82,0
DA:85,0
DA:86,0
DA:87,0
DA:90,0
DA:92,0
DA:96,0
DA:97,0
DA:98,0
DA:99,0
DA:100,0
DA:102,0
DA:103,0
DA:104,0
DA:106,0
DA:107,0
DA:108,0
DA:109,0
DA:110,0
DA:111,0
DA:113,0
DA:114,0
DA:116,0
DA:117,0
DA:118,0
DA:119,0
DA:121,0
DA:122,0
DA:123,0
DA:124,0
DA:125,0
DA:127,0
DA:128,0
DA:129,0
DA:131,0
DA:132,0
DA:134,0
DA:135,0
DA:137,0
DA:138,0
DA:139,0
DA:140,0
DA:142,0
DA:143,0
DA:144,0
DA:145,0
DA:146,0
DA:148,0
DA:149,0
DA:150,0
DA:151,0
DA:152,0
DA:153,0
DA:154,0
DA:156,0
DA:158,0
DA:159,0
DA:160,0
DA:161,0
DA:162,0
DA:165,0
DA:166,0
DA:167,0
DA:168,0
DA:169,0
DA:170,0
DA:173,0
DA:174,0
DA:175,0
DA:178,0
DA:179,0
DA:180,0
LH:0
LF:122
end_of_record
SF:P:/uni/final_project/Game/The Tower - Final Project/Assets/Scripts/DungeonGenerator/Components/Dungeon.cs
FN:10,Size()
FN:10,Size(UnityEngine.Vector2)
FN:11,MaxRoomSize()
FN:11,MaxRoomSize(UnityEngine.Vector2)
FN:12,MinRoomSize()
FN:12,MinRoomSize(UnityEngine.Vector2)
FN:13,MinCorridorSize()
FN:13,MinCorridorSize(UnityEngine.Vector2)
FN:27,Dungeon(UnityEngine.Vector2, UnityEngine.Vector2, UnityEngine.Vector2, UnityEngine.Vector2, System.Single, System.Single, System.Single, System.Int32, System.Int32, System.Int32, System.Int32)
FNDA:0,Size()
FNDA:0,Size(UnityEngine.Vector2)
FNDA:0,MaxRoomSize()
FNDA:0,MaxRoomSize(UnityEngine.Vector2)
FNDA:0,MinRoomSize()
FNDA:0,MinRoomSize(UnityEngine.Vector2)
FNDA:0,MinCorridorSize()
FNDA:0,MinCorridorSize(UnityEngine.Vector2)
FNDA:0,Dungeon(UnityEngine.Vector2, UnityEngine.Vector2, UnityEngine.Vector2, UnityEngine.Vector2, System.Single, System.Single, System.Single, System.Int32, System.Int32, System.Int32, System.Int32)
FNF:9
FNH:0
BRF:0
BRH:0
DA:10,0
DA:11,0
DA:12,0
DA:13,0
DA:27,0
DA:28,0
DA:29,0
DA:30,0
DA:31,0
DA:32,0
DA:33,0
DA:34,0
DA:35,0
DA:36,0
DA:37,0
DA:38,0
DA:39,0
DA:40,0
LH:0
LF:18
end_of_record
SF:P:/uni/final_project/Game/The Tower - Final Project/Assets/Scripts/DungeonGenerator/Components/DungeonCorridor.cs
FN:13,Bounds()
FN:13,Bounds(UnityEngine.Rect)
FN:14,Axis()
FN:25,Construct(UnityEngine.GameObject, UnityEngine.GameObject)
FN:71,Create(UnityEngine.Rect, Assets.DungeonGenerator.DungeonAxis)
FN:18,DungeonCorridor(UnityEngine.Rect)
FNDA:0,Bounds()
FNDA:0,Bounds(UnityEngine.Rect)
FNDA:0,Axis()
FNDA:0,Construct(UnityEngine.GameObject, UnityEngine.GameObject)
FNDA:0,Create(UnityEngine.Rect, Assets.DungeonGenerator.DungeonAxis)
FNDA:0,DungeonCorridor(UnityEngine.Rect)
FNF:6
FNH:0
BRF:0
BRH:0
DA:13,0
DA:14,0
DA:18,0
DA:19,0
DA:20,0
DA:21,0
DA:25,0
DA:27,0
DA:28,0
DA:29,0
DA:30,0
DA:33,0
DA:34,0
DA:35,0
DA:36,0
DA:38,0
DA:40,0
DA:41,0
DA:42,0
DA:43,0
DA:50,0
DA:51,0
DA:52,0
DA:53,0
DA:55,0
DA:56,0
DA:63,0
DA:64,0
DA:65,0
DA:66,0
DA:67,0
DA:68,0
DA:71,0
DA:73,0
DA:74,0
DA:75,0
DA:76,0
DA:77,0
DA:78,0
LH:0
LF:39
end_of_record
SF:P:/uni/final_project/Game/The Tower - Final Project/Assets/Scripts/DungeonGenerator/DungeonGenerator.cs
FN:17,Start()
FN:27,GenerateDungeon(Assets.DungeonGenerator.Components.Dungeon)
FN:37,GenerateDungeon(Assets.DungeonGenerator.IDungeonAlgorithm)
FNDA:0,Start()
FNDA:0,GenerateDungeon(Assets.DungeonGenerator.Components.Dungeon)
FNDA:0,GenerateDungeon(Assets.DungeonGenerator.IDungeonAlgorithm)
FNF:3
FNH:0
BRF:0
BRH:0
DA:17,0
DA:19,0
DA:20,0
DA:27,0
DA:28,0
DA:29,0
DA:30,0
DA:37,0
DA:38,0
DA:39,0
DA:40,0
DA:41,0
LH:0
LF:12
end_of_record
SF:P:/uni/final_project/Game/The Tower - Final Project/Assets/Scripts/DungeonGenerator/DungeonGeneratorUtils.cs
FN:9,GenerateRandomSize(UnityEngine.Vector2, UnityEngine.Vector2)
FN:18,Vec2ToVec3(UnityEngine.Vector2, System.Single)
FNDA:0,GenerateRandomSize(UnityEngine.Vector2, UnityEngine.Vector2)
FNDA:0,Vec2ToVec3(UnityEngine.Vector2, System.Single)
FNF:2
FNH:0
BRF:0
BRH:0
DA:9,0
DA:10,0
DA:11,0
DA:13,0
DA:15,0
DA:18,0
DA:19,0
DA:20,0
LH:0
LF:8
end_of_record
SF:P:/uni/final_project/Game/The Tower - Final Project/Assets/Scripts/DungeonGenerator/DungeonMaster.cs
FN:41,Start()
FN:50,OnNewDungeon()
FN:57,CreateDungeon()
FN:64,RandomDungeonSize()
FN:84,DetermineDungeonSize()
FN:22,DungeonMaster()
FNDA:0,Start()
FNDA:0,OnNewDungeon()
FNDA:0,CreateDungeon()
FNDA:0,RandomDungeonSize()
FNDA:0,DetermineDungeonSize()
FNDA:0,DungeonMaster()
FNF:6
FNH:0
BRF:0
BRH:0
DA:22,0
DA:24,0
DA:29,0
DA:41,0
DA:43,0
DA:44,0
DA:45,0
DA:46,0
DA:47,0
DA:50,0
DA:51,0
DA:52,0
DA:53,0
DA:54,0
DA:57,0
DA:58,0
DA:61,0
DA:64,0
DA:65,0
DA:68,0
DA:69,0
DA:71,0
DA:72,0
DA:74,0
DA:75,0
DA:77,0
DA:78,0
DA:80,0
DA:81,0
DA:84,0
DA:85,0
DA:86,0
DA:87,0
DA:88,0
DA:89,0
DA:90,0
DA:91,0
DA:93,0
DA:94,0
DA:95,0
DA:96,0
DA:97,0
DA:98,0
DA:99,0
DA:102,0
DA:103,0
LH:0
LF:46
end_of_record
SF:P:/uni/final_project/Game/The Tower - Final Project/Assets/Scripts/DungeonGenerator/Components/DungeonRoom.cs
FN:14,Bounds()
FN:14,Bounds(UnityEngine.Rect)
FN:20,Construct(UnityEngine.GameObject, UnityEngine.GameObject, Assets.DungeonGenerator.DungeonCorridor)
FN:89,Modify(Assets.DungeonGenerator.DungeonCorridor)
FN:116,WithinBounds(System.Single, System.Single)
FN:123,Create(UnityEngine.Rect)
FNDA:0,Bounds()
FNDA:0,Bounds(UnityEngine.Rect)
FNDA:0,Construct(UnityEngine.GameObject, UnityEngine.GameObject, Assets.DungeonGenerator.DungeonCorridor)
FNDA:0,Modify(Assets.DungeonGenerator.DungeonCorridor)
FNDA:0,WithinBounds(System.Single, System.Single)
FNDA:0,Create(UnityEngine.Rect)
FNF:6
FNH:0
BRF:0
BRH:0
DA:14,0
DA:20,0
DA:22,0
DA:23,0
DA:24,0
DA:25,0
DA:28,0
DA:29,0
DA:30,0
DA:31,0
DA:33,0
DA:34,0
DA:35,0
DA:36,0
DA:37,0
DA:38,0
DA:39,0
DA:40,0
DA:41,0
DA:44,0
DA:45,0
DA:46,0
DA:47,0
DA:48,0
DA:50,0
DA:51,0
DA:52,0
DA:53,0
DA:54,0
DA:55,0
DA:56,0
DA:57,0
DA:59,0
DA:60,0
DA:61,0
DA:62,0
DA:63,0
DA:64,0
DA:65,0
DA:66,0
DA:67,0
DA:70,0
DA:71,0
DA:72,0
DA:73,0
DA:75,0
DA:76,0
DA:77,0
DA:78,0
DA:79,0
DA:80,0
DA:81,0
DA:82,0
DA:83,0
DA:86,0
DA:89,0
DA:90,0
DA:91,0
DA:92,0
DA:93,0
DA:94,0
DA:96,0
DA:97,0
DA:98,0
DA:100,0
DA:101,0
DA:102,0
DA:103,0
DA:105,0
DA:106,0
DA:108,0
DA:109,0
DA:110,0
DA:111,0
DA:112,0
DA:113,0
DA:116,0
DA:117,0
DA:119,0
DA:120,0
DA:123,0
DA:125,0
DA:126,0
DA:127,0
DA:129,0
DA:131,0
DA:133,0
DA:135,0
DA:136,0
LH:0
LF:89
end_of_record
SF:P:/uni/final_project/Game/The Tower - Final Project/Assets/Scripts/DungeonGenerator/Graph.cs
FN:8,GraphDict()
FN:8,GraphDict(System.Collections.Generic.Dictionary[T,List`1])
FN:15,Add(T)
FN:20,Add(T, )
FN:24,GetNeighbors(T)
FN:29,HasNoNeighbors(T)
FN:35,Remove(T)
FN:10,Graph()
FNDA:0,GraphDict()
FNDA:0,GraphDict(System.Collections.Generic.Dictionary[T,List`1])
FNDA:0,Add(T)
FNDA:0,Add(T, )
FNDA:0,GetNeighbors(T)
FNDA:0,HasNoNeighbors(T)
FNDA:0,Remove(T)
FNDA:0,Graph()
FNF:8
FNH:0
BRF:0
BRH:0
DA:8,0
DA:10,0
DA:11,0
DA:12,0
DA:13,0
DA:15,0
DA:16,0
DA:17,0
DA:20,0
DA:21,0
DA:22,0
DA:24,0
DA:25,0
DA:26,0
DA:29,0
DA:30,0
DA:31,0
DA:32,0
DA:35,0
DA:36,0
DA:37,0
LH:0
LF:21
end_of_record
SF:P:/uni/final_project/Game/The Tower - Final Project/Assets/Scripts/BehaviorGraphActions/AttackAction.cs
FN:16,OnStart()
FN:23,OnUpdate()
FN:28,OnEnd()
FNDA:0,OnStart()
FNDA:0,OnUpdate()
FNDA:0,OnEnd()
FNF:3
FNH:0
BRF:0
BRH:0
DA:16,0
DA:17,0
DA:18,0
DA:19,0
DA:20,0
DA:23,0
DA:24,0
DA:25,0
DA:28,0
DA:29,0
DA:30,0
LH:0
LF:11
end_of_record
SF:P:/uni/final_project/Game/The Tower - Final Project/Assets/Scripts/BehaviorGraphActions/AvoidTargetAction.cs
FN:19,OnStart()
FN:27,OnUpdate()
FN:39,OnEnd()
FNDA:0,OnStart()
FNDA:0,OnUpdate()
FNDA:0,OnEnd()
FNF:3
FNH:0
BRF:0
BRH:0
DA:19,0
DA:20,0
DA:21,0
DA:23,0
DA:24,0
DA:27,0
DA:28,0
DA:29,0
DA:30,0
DA:31,0
DA:32,0
DA:33,0
DA:35,0
DA:36,0
DA:39,0
DA:40,0
LH:0
LF:16
end_of_record
SF:P:/uni/final_project/Game/The Tower - Final Project/Assets/Scripts/Enemies/EnemyController.cs
FN:17,Start()
FN:45,Hit()
FN:9,EnemyController()
FNDA:2,Start()
FNDA:0,Hit()
FNDA:3,EnemyController()
FNF:3
FNH:2
BRF:0
BRH:0
DA:9,3
DA:17,2
DA:18,2
DA:19,2
DA:20,2
DA:23,2
DA:24,2
DA:26,2
DA:27,2
DA:28,2
DA:30,2
DA:45,0
DA:47,0
DA:48,0
LH:11
LF:14
end_of_record
SF:P:/uni/final_project/Game/The Tower - Final Project/Assets/Scripts/GameManager.cs
FN:7,Start()
FN:13,Update()
FNDA:0,Start()
FNDA:0,Update()
FNF:2
FNH:0
BRF:0
BRH:0
DA:7,0
DA:9,0
DA:13,0
DA:15,0
LH:0
LF:4
end_of_record
SF:P:/uni/final_project/Game/The Tower - Final Project/Assets/InputSystemActions.cs
FN:20,asset()
FN:1106,Finalize()
FN:1112,Dispose()
FN:1118,bindingMask()
FN:1119,bindingMask(System.Nullable[InputBinding])
FN:1124,devices()
FN:1125,devices(System.Nullable[ReadOnlyArray`1])
FN:1128,controlSchemes()
FN:1131,Contains(UnityEngine.InputSystem.InputAction)
FN:1136,GetEnumerator()
FN:1141,GetEnumerator()
FN:1146,Enable()
FN:1151,Disable()
FN:1155,bindings()
FN:1158,FindAction(System.String, System.Boolean)
FN:1163,FindBinding(UnityEngine.InputSystem.InputBinding, UnityEngine.InputSystem.InputAction&)
FN:1275,Player()
FN:1393,UI()
FN:1398,KeyboardMouseScheme()
FN:1407,GamepadScheme()
FN:1416,TouchScheme()
FN:1425,JoystickScheme()
FN:1434,XRScheme()
FN:21,InputSystemActions()
FN:1183,Move()
FN:1184,Look()
FN:1185,Attack()
FN:1186,Interact()
FN:1187,Crouch()
FN:1188,Jump()
FN:1189,Previous()
FN:1190,Next()
FN:1191,Sprint()
FN:1192,Get()
FN:1193,Enable()
FN:1194,Disable()
FN:1195,enabled()
FN:1196,implicit operator UnityEngine.InputSystem.InputActionMap(InputSystemActions/PlayerActions)
FN:1198,AddCallbacks(InputSystemActions/IPlayerActions)
FN:1231,UnregisterCallbacks(InputSystemActions/IPlayerActions)
FN:1262,RemoveCallbacks(InputSystemActions/IPlayerActions)
FN:1268,SetCallbacks(InputSystemActions/IPlayerActions)
FN:1182,PlayerActions(InputSystemActions)
FN:1294,Navigate()
FN:1295,Submit()
FN:1296,Cancel()
FN:1297,Point()
FN:1298,Click()
FN:1299,RightClick()
FN:1300,MiddleClick()
FN:1301,ScrollWheel()
FN:1302,TrackedDevicePosition()
FN:1303,TrackedDeviceOrientation()
FN:1304,Get()
FN:1305,Enable()
FN:1306,Disable()
FN:1307,enabled()
FN:1308,implicit operator UnityEngine.InputSystem.InputActionMap(InputSystemActions/UIActions)
FN:1310,AddCallbacks(InputSystemActions/IUIActions)
FN:1346,UnregisterCallbacks(InputSystemActions/IUIActions)
FN:1380,RemoveCallbacks(InputSystemActions/IUIActions)
FN:1386,SetCallbacks(InputSystemActions/IUIActions)
FN:1293,UIActions(InputSystemActions)
FNDA:0,asset()
FNDA:0,Finalize()
FNDA:0,Dispose()
FNDA:0,bindingMask()
FNDA:0,bindingMask(System.Nullable[InputBinding])
FNDA:0,devices()
FNDA:0,devices(System.Nullable[ReadOnlyArray`1])
FNDA:0,controlSchemes()
FNDA:0,Contains(UnityEngine.InputSystem.InputAction)
FNDA:0,GetEnumerator()
FNDA:0,GetEnumerator()
FNDA:0,Enable()
FNDA:0,Disable()
FNDA:0,bindings()
FNDA:0,FindAction(System.String, System.Boolean)
FNDA:0,FindBinding(UnityEngine.InputSystem.InputBinding, UnityEngine.InputSystem.InputAction&)
FNDA:0,Player()
FNDA:0,UI()
FNDA:0,KeyboardMouseScheme()
FNDA:0,GamepadScheme()
FNDA:0,TouchScheme()
FNDA:0,JoystickScheme()
FNDA:0,XRScheme()
FNDA:0,InputSystemActions()
FNDA:0,Move()
FNDA:0,Look()
FNDA:0,Attack()
FNDA:0,Interact()
FNDA:0,Crouch()
FNDA:0,Jump()
FNDA:0,Previous()
FNDA:0,Next()
FNDA:0,Sprint()
FNDA:0,Get()
FNDA:0,Enable()
FNDA:0,Disable()
FNDA:0,enabled()
FNDA:0,implicit operator UnityEngine.InputSystem.InputActionMap(InputSystemActions/PlayerActions)
FNDA:0,AddCallbacks(InputSystemActions/IPlayerActions)
FNDA:0,UnregisterCallbacks(InputSystemActions/IPlayerActions)
FNDA:0,RemoveCallbacks(InputSystemActions/IPlayerActions)
FNDA:0,SetCallbacks(InputSystemActions/IPlayerActions)
FNDA:0,PlayerActions(InputSystemActions)
FNDA:0,Navigate()
FNDA:0,Submit()
FNDA:0,Cancel()
FNDA:0,Point()
FNDA:0,Click()
FNDA:0,RightClick()
FNDA:0,MiddleClick()
FNDA:0,ScrollWheel()
FNDA:0,TrackedDevicePosition()
FNDA:0,TrackedDeviceOrientation()
FNDA:0,Get()
FNDA:0,Enable()
FNDA:0,Disable()
FNDA:0,enabled()
FNDA:0,implicit operator UnityEngine.InputSystem.InputActionMap(InputSystemActions/UIActions)
FNDA:0,AddCallbacks(InputSystemActions/IUIActions)
FNDA:0,UnregisterCallbacks(InputSystemActions/IUIActions)
FNDA:0,RemoveCallbacks(InputSystemActions/IUIActions)
FNDA:0,SetCallbacks(InputSystemActions/IUIActions)
FNDA:0,UIActions(InputSystemActions)
FNF:63
FNH:0
BRF:0
BRH:0
DA:20,0
DA:21,0
DA:22,0
DA:23,0
DA:1081,0
DA:1082,0
DA:1083,0
DA:1084,0
DA:1085,0
DA:1086,0
DA:1087,0
DA:1088,0
DA:1089,0
DA:1090,0
DA:1092,0
DA:1093,0
DA:1094,0
DA:1095,0
DA:1096,0
DA:1097,0
DA:1098,0
DA:1099,0
DA:1100,0
DA:1101,0
DA:1102,0
DA:1103,0
DA:1106,0
DA:1107,0
DA:1108,0
DA:1109,0
DA:1112,0
DA:1113,0
DA:1114,0
DA:1118,0
DA:1119,0
DA:1124,0
DA:1125,0
DA:1128,0
DA:1131,0
DA:1132,0
DA:1133,0
DA:1136,0
DA:1137,0
DA:1138,0
DA:1141,0
DA:1142,0
DA:1143,0
DA:1146,0
DA:1147,0
DA:1148,0
DA:1151,0
DA:1152,0
DA:1153,0
DA:1155,0
DA:1158,0
DA:1159,0
DA:1160,0
DA:1163,0
DA:1164,0
DA:1165,0
DA:1169,0
DA:1182,0
DA:1183,0
DA:1184,0
DA:1185,0
DA:1186,0
DA:1187,0
DA:1188,0
DA:1189,0
DA:1190,0
DA:1191,0
DA:1192,0
DA:1193,0
DA:1194,0
DA:1195,0
DA:1196,0
DA:1198,0
DA:1199,0
DA:1200,0
DA:1201,0
DA:1202,0
DA:1203,0
DA:1204,0
DA:1205,0
DA:1206,0
DA:1207,0
DA:1208,0
DA:1209,0
DA:1210,0
DA:1211,0
DA:1212,0
DA:1213,0
DA:1214,0
DA:1215,0
DA:1216,0
DA:1217,0
DA:1218,0
DA:1219,0
DA:1220,0
DA:1221,0
DA:1222,0
DA:1223,0
DA:1224,0
DA:1225,0
DA:1226,0
DA:1227,0
DA:1228,0
DA:1231,0
DA:1232,0
DA:1233,0
DA:1234,0
DA:1235,0
DA:1236,0
DA:1237,0
DA:1238,0
DA:1239,0
DA:1240,0
DA:1241,0
DA:1242,0
DA:1243,0
DA:1244,0
DA:1245,0
DA:1246,0
DA:1247,0
DA:1248,0
DA:1249,0
DA:1250,0
DA:1251,0
DA:1252,0
DA:1253,0
DA:1254,0
DA:1255,0
DA:1256,0
DA:1257,0
DA:1258,0
DA:1259,0
DA:1262,0
DA:1263,0
DA:1264,0
DA:1265,0
DA:1268,0
DA:1269,0
DA:1270,0
DA:1271,0
DA:1272,0
DA:1273,0
DA:1275,0
DA:1279,0
DA:1293,0
DA:1294,0
DA:1295,0
DA:1296,0
DA:1297,0
DA:1298,0
DA:1299,0
DA:1300,0
DA:1301,0
DA:1302,0
DA:1303,0
DA:1304,0
DA:1305,0
DA:1306,0
DA:1307,0
DA:1308,0
DA:1310,0
DA:1311,0
DA:1312,0
DA:1313,0
DA:1314,0
DA:1315,0
DA:1316,0
DA:1317,0
DA:1318,0
DA:1319,0
DA:1320,0
DA:1321,0
DA:1322,0
DA:1323,0
DA:1324,0
DA:1325,0
DA:1326,0
DA:1327,0
DA:1328,0
DA:1329,0
DA:1330,0
DA:1331,0
DA:1332,0
DA:1333,0
DA:1334,0
DA:1335,0
DA:1336,0
DA:1337,0
DA:1338,0
DA:1339,0
DA:1340,0
DA:1341,0
DA:1342,0
DA:1343,0
DA:1346,0
DA:1347,0
DA:1348,0
DA:1349,0
DA:1350,0
DA:1351,0
DA:1352,0
DA:1353,0
DA:1354,0
DA:1355,0
DA:1356,0
DA:1357,0
DA:1358,0
DA:1359,0
DA:1360,0
DA:1361,0
DA:1362,0
DA:1363,0
DA:1364,0
DA:1365,0
DA:1366,0
DA:1367,0
DA:1368,0
DA:1369,0
DA:1370,0
DA:1371,0
DA:1372,0
DA:1373,0
DA:1374,0
DA:1375,0
DA:1376,0
DA:1377,0
DA:1380,0
DA:1381,0
DA:1382,0
DA:1383,0
DA:1386,0
DA:1387,0
DA:1388,0
DA:1389,0
DA:1390,0
DA:1391,0
DA:1393,0
DA:1394,0
DA:1398,0
DA:1399,0
DA:1400,0
DA:1401,0
DA:1403,0
DA:1407,0
DA:1408,0
DA:1409,0
DA:1410,0
DA:1412,0
DA:1416,0
DA:1417,0
DA:1418,0
DA:1419,0
DA:1421,0
DA:1425,0
DA:1426,0
DA:1427,0
DA:1428,0
DA:1430,0
DA:1434,0
DA:1435,0
DA:1436,0
DA:1437,0
LH:0
LF:266
end_of_record
SF:P:/uni/final_project/Game/The Tower - Final Project/Assets/Enemies/NewPlayableBehaviour.cs
FN:9,OnGraphStart(UnityEngine.Playables.Playable)
FN:15,OnGraphStop(UnityEngine.Playables.Playable)
FN:21,OnBehaviourPlay(UnityEngine.Playables.Playable, UnityEngine.Playables.FrameData)
FN:27,OnBehaviourPause(UnityEngine.Playables.Playable, UnityEngine.Playables.FrameData)
FN:33,PrepareFrame(UnityEngine.Playables.Playable, UnityEngine.Playables.FrameData)
FNDA:0,OnGraphStart(UnityEngine.Playables.Playable)
FNDA:0,OnGraphStop(UnityEngine.Playables.Playable)
FNDA:0,OnBehaviourPlay(UnityEngine.Playables.Playable, UnityEngine.Playables.FrameData)
FNDA:0,OnBehaviourPause(UnityEngine.Playables.Playable, UnityEngine.Playables.FrameData)
FNDA:0,PrepareFrame(UnityEngine.Playables.Playable, UnityEngine.Playables.FrameData)
FNF:5
FNH:0
BRF:0
BRH:0
DA:9,0
DA:11,0
DA:15,0
DA:17,0
DA:21,0
DA:23,0
DA:27,0
DA:29,0
DA:33,0
DA:35,0
LH:0
LF:10
end_of_record
SF:P:/uni/final_project/Game/The Tower - Final Project/Assets/Scripts/Combat/Fighter.cs
FN:30,Awake()
FN:52,GetStat(Assets.CombatSystem.FighterStats)
FN:55,Attack(Assets.CombatSystem.Fighter)
FN:66,IsDead()
FN:71,IsAttacking(System.Boolean)
FN:76,Update()
FN:98,UpdateAttackPosition()
FN:9,Fighter()
FNDA:6,Awake()
FNDA:2,GetStat(Assets.CombatSystem.FighterStats)
FNDA:0,Attack(Assets.CombatSystem.Fighter)
FNDA:0,IsDead()
FNDA:0,IsAttacking(System.Boolean)
FNDA:226,Update()
FNDA:0,UpdateAttackPosition()
FNDA:7,Fighter()
FNF:8
FNH:4
BRF:0
BRH:0
DA:9,7
DA:12,7
DA:17,7
DA:20,7
DA:24,7
DA:27,7
DA:30,6
DA:31,6
DA:32,6
DA:33,6
DA:34,6
DA:36,6
DA:37,0
DA:38,0
DA:39,0
DA:41,6
DA:42,4
DA:43,4
DA:44,4
DA:45,4
DA:47,2
DA:48,2
DA:49,2
DA:50,6
DA:52,2
DA:55,0
DA:56,0
DA:57,0
DA:58,0
DA:59,0
DA:60,0
DA:61,0
DA:62,0
DA:63,0
DA:66,0
DA:67,0
DA:68,0
DA:71,0
DA:72,0
DA:73,0
DA:76,226
DA:77,226
DA:78,0
DA:79,0
DA:80,0
DA:81,0
DA:82,0
DA:83,0
DA:84,0
DA:85,0
DA:86,0
DA:87,0
DA:88,0
DA:89,0
DA:90,0
DA:92,226
DA:93,226
DA:94,226
DA:95,226
DA:98,0
DA:99,0
DA:100,0
DA:101,0
DA:102,0
DA:104,0
DA:105,0
DA:106,0
DA:107,0
LH:28
LF:68
end_of_record
SF:P:/uni/final_project/Game/The Tower - Final Project/Assets/Scripts/Combat/Weapon.cs
FN:9,WeaponReach()
FN:6,Weapon()
FNDA:4,WeaponReach()
FNDA:2,Weapon()
FNF:2
FNH:2
BRF:0
BRH:0
DA:6,2
DA:9,4
DA:10,4
DA:11,4
LH:4
LF:4
end_of_record
SF:P:/uni/final_project/Game/The Tower - Final Project/Assets/Scripts/PlayerCharacter/PlayerAction.cs
FN:14,Start()
FN:19,OnAttackCancelled(UnityEngine.InputSystem.InputAction/CallbackContext)
FN:26,OnAttackPerformed(UnityEngine.InputSystem.InputAction/CallbackContext)
FN:32,Hit()
FNDA:4,Start()
FNDA:0,OnAttackCancelled(UnityEngine.InputSystem.InputAction/CallbackContext)
FNDA:0,OnAttackPerformed(UnityEngine.InputSystem.InputAction/CallbackContext)
FNDA:0,Hit()
FNF:4
FNH:1
BRF:0
BRH:0
DA:14,4
DA:15,4
DA:16,4
DA:19,0
DA:20,0
DA:21,0
DA:23,0
DA:26,0
DA:27,0
DA:28,0
DA:29,0
DA:32,0
DA:34,0
LH:3
LF:13
end_of_record
SF:P:/uni/final_project/Game/The Tower - Final Project/Assets/Scripts/PlayerCharacter/PlayerCamera.cs
FN:16,Start()
FN:24,Update()
FN:8,PlayerCamera()
FNDA:2,Start()
FNDA:74,Update()
FNDA:2,PlayerCamera()
FNF:3
FNH:3
BRF:0
BRH:0
DA:8,2
DA:10,2
DA:12,2
DA:16,2
DA:17,2
DA:19,2
DA:20,2
DA:24,74
DA:25,74
DA:26,74
LH:10
LF:10
end_of_record
SF:P:/uni/final_project/Game/The Tower - Final Project/Assets/Scripts/PlayerCharacter/PlayerController.cs
FN:16,Awake()
FN:25,OnEnable()
FN:36,OnDisable()
FN:9,PlayerController()
FNDA:4,Awake()
FNDA:4,OnEnable()
FNDA:2,OnDisable()
FNDA:4,PlayerController()
FNF:4
FNH:4
BRF:0
BRH:0
DA:9,4
DA:16,4
DA:17,4
DA:18,4
DA:20,4
DA:21,4
DA:22,4
DA:25,4
DA:26,4
DA:27,4
DA:28,4
DA:30,4
DA:31,4
DA:32,4
DA:33,4
DA:36,2
DA:37,2
DA:38,2
DA:39,2
DA:41,2
DA:42,2
DA:43,2
DA:44,2
LH:23
LF:23
end_of_record
SF:P:/uni/final_project/Game/The Tower - Final Project/Assets/Scripts/PlayerCharacter/PlayerInventory.cs
FN:14,Awake()
FNDA:0,Awake()
FNF:1
FNH:0
BRF:0
BRH:0
DA:14,0
DA:15,0
DA:16,0
LH:0
LF:3
end_of_record
SF:P:/uni/final_project/Game/The Tower - Final Project/Assets/Scripts/PlayerCharacter/PlayerMovement.cs
FN:11,speed()
FN:11,speed(System.Single)
FN:20,Awake()
FN:31,OnMovePerformed(UnityEngine.InputSystem.InputAction/CallbackContext)
FN:40,OnMoveCancelled(UnityEngine.InputSystem.InputAction/CallbackContext)
FN:46,Update()
FN:55,OnFootstep()
FNDA:156,speed()
FNDA:156,speed(System.Single)
FNDA:4,Awake()
FNDA:4,OnMovePerformed(UnityEngine.InputSystem.InputAction/CallbackContext)
FNDA:0,OnMoveCancelled(UnityEngine.InputSystem.InputAction/CallbackContext)
FNDA:148,Update()
FNDA:4,OnFootstep()
FNF:7
FNH:6
BRF:0
BRH:0
DA:11,156
DA:20,4
DA:21,4
DA:22,4
DA:23,4
DA:25,4
DA:26,4
DA:27,4
DA:28,4
DA:31,4
DA:32,4
DA:33,4
DA:34,4
DA:35,4
DA:37,4
DA:40,0
DA:41,0
DA:42,0
DA:43,0
DA:46,148
DA:47,148
DA:49,148
DA:51,148
DA:52,148
DA:55,4
DA:56,4
DA:57,4
DA:58,4
LH:24
LF:28
end_of_record
SF:P:/uni/final_project/Game/The Tower - Final Project/Assets/Scripts/PlayerCharacter/InputSystemActions.cs
FN:20,asset()
FN:1106,Finalize()
FN:1112,Dispose()
FN:1118,bindingMask()
FN:1119,bindingMask(System.Nullable[InputBinding])
FN:1124,devices()
FN:1125,devices(System.Nullable[ReadOnlyArray`1])
FN:1128,controlSchemes()
FN:1131,Contains(UnityEngine.InputSystem.InputAction)
FN:1136,GetEnumerator()
FN:1141,GetEnumerator()
FN:1146,Enable()
FN:1151,Disable()
FN:1155,bindings()
FN:1158,FindAction(System.String, System.Boolean)
FN:1163,FindBinding(UnityEngine.InputSystem.InputBinding, UnityEngine.InputSystem.InputAction&)
FN:1275,Player()
FN:1393,UI()
FN:1398,KeyboardMouseScheme()
FN:1407,GamepadScheme()
FN:1416,TouchScheme()
FN:1425,JoystickScheme()
FN:1434,XRScheme()
FN:21,InputSystemActions()
FN:1183,Move()
FN:1184,Look()
FN:1185,Attack()
FN:1186,Interact()
FN:1187,Crouch()
FN:1188,Jump()
FN:1189,Previous()
FN:1190,Next()
FN:1191,Sprint()
FN:1192,Get()
FN:1193,Enable()
FN:1194,Disable()
FN:1195,enabled()
FN:1196,implicit operator UnityEngine.InputSystem.InputActionMap(InputSystemActions/PlayerActions)
FN:1198,AddCallbacks(InputSystemActions/IPlayerActions)
FN:1231,UnregisterCallbacks(InputSystemActions/IPlayerActions)
FN:1262,RemoveCallbacks(InputSystemActions/IPlayerActions)
FN:1268,SetCallbacks(InputSystemActions/IPlayerActions)
FN:1182,PlayerActions(InputSystemActions)
FN:1294,Navigate()
FN:1295,Submit()
FN:1296,Cancel()
FN:1297,Point()
FN:1298,Click()
FN:1299,RightClick()
FN:1300,MiddleClick()
FN:1301,ScrollWheel()
FN:1302,TrackedDevicePosition()
FN:1303,TrackedDeviceOrientation()
FN:1304,Get()
FN:1305,Enable()
FN:1306,Disable()
FN:1307,enabled()
FN:1308,implicit operator UnityEngine.InputSystem.InputActionMap(InputSystemActions/UIActions)
FN:1310,AddCallbacks(InputSystemActions/IUIActions)
FN:1346,UnregisterCallbacks(InputSystemActions/IUIActions)
FN:1380,RemoveCallbacks(InputSystemActions/IUIActions)
FN:1386,SetCallbacks(InputSystemActions/IUIActions)
FN:1293,UIActions(InputSystemActions)
FNDA:8,asset()
FNDA:4,Finalize()
FNDA:0,Dispose()
FNDA:0,bindingMask()
FNDA:0,bindingMask(System.Nullable[InputBinding])
FNDA:0,devices()
FNDA:0,devices(System.Nullable[ReadOnlyArray`1])
FNDA:0,controlSchemes()
FNDA:0,Contains(UnityEngine.InputSystem.InputAction)
FNDA:0,GetEnumerator()
FNDA:0,GetEnumerator()
FNDA:0,Enable()
FNDA:0,Disable()
FNDA:0,bindings()
FNDA:0,FindAction(System.String, System.Boolean)
FNDA:0,FindBinding(UnityEngine.InputSystem.InputBinding, UnityEngine.InputSystem.InputAction&)
FNDA:36,Player()
FNDA:0,UI()
FNDA:0,KeyboardMouseScheme()
FNDA:0,GamepadScheme()
FNDA:0,TouchScheme()
FNDA:0,JoystickScheme()
FNDA:0,XRScheme()
FNDA:4,InputSystemActions()
FNDA:18,Move()
FNDA:0,Look()
FNDA:18,Attack()
FNDA:0,Interact()
FNDA:0,Crouch()
FNDA:0,Jump()
FNDA:0,Previous()
FNDA:0,Next()
FNDA:0,Sprint()
FNDA:0,Get()
FNDA:0,Enable()
FNDA:0,Disable()
FNDA:0,enabled()
FNDA:0,implicit operator UnityEngine.InputSystem.InputActionMap(InputSystemActions/PlayerActions)
FNDA:0,AddCallbacks(InputSystemActions/IPlayerActions)
FNDA:0,UnregisterCallbacks(InputSystemActions/IPlayerActions)
FNDA:0,RemoveCallbacks(InputSystemActions/IPlayerActions)
FNDA:0,SetCallbacks(InputSystemActions/IPlayerActions)
FNDA:108,PlayerActions(InputSystemActions)
FNDA:0,Navigate()
FNDA:0,Submit()
FNDA:0,Cancel()
FNDA:0,Point()
FNDA:0,Click()
FNDA:0,RightClick()
FNDA:0,MiddleClick()
FNDA:0,ScrollWheel()
FNDA:0,TrackedDevicePosition()
FNDA:0,TrackedDeviceOrientation()
FNDA:0,Get()
FNDA:0,Enable()
FNDA:0,Disable()
FNDA:0,enabled()
FNDA:0,implicit operator UnityEngine.InputSystem.InputActionMap(InputSystemActions/UIActions)
FNDA:0,AddCallbacks(InputSystemActions/IUIActions)
FNDA:0,UnregisterCallbacks(InputSystemActions/IUIActions)
FNDA:0,RemoveCallbacks(InputSystemActions/IUIActions)
FNDA:0,SetCallbacks(InputSystemActions/IUIActions)
FNDA:0,UIActions(InputSystemActions)
FNF:63
FNH:7
BRF:0
BRH:0
DA:20,8
DA:21,4
DA:22,4
DA:23,4
DA:1081,4
DA:1082,4
DA:1083,4
DA:1084,4
DA:1085,4
DA:1086,4
DA:1087,4
DA:1088,4
DA:1089,4
DA:1090,4
DA:1092,4
DA:1093,4
DA:1094,4
DA:1095,4
DA:1096,4
DA:1097,4
DA:1098,4
DA:1099,4
DA:1100,4
DA:1101,4
DA:1102,4
DA:1103,4
DA:1106,4
DA:1107,2
DA:1108,2
DA:1109,4
DA:1112,0
DA:1113,0
DA:1114,0
DA:1118,0
DA:1119,0
DA:1124,0
DA:1125,0
DA:1128,0
DA:1131,0
DA:1132,0
DA:1133,0
DA:1136,0
DA:1137,0
DA:1138,0
DA:1141,0
DA:1142,0
DA:1143,0
DA:1146,0
DA:1147,0
DA:1148,0
DA:1151,0
DA:1152,0
DA:1153,0
DA:1155,0
DA:1158,0
DA:1159,0
DA:1160,0
DA:1163,0
DA:1164,0
DA:1165,0
DA:1169,4
DA:1182,108
DA:1183,18
DA:1184,0
DA:1185,18
DA:1186,0
DA:1187,0
DA:1188,0
DA:1189,0
DA:1190,0
DA:1191,0
DA:1192,0
DA:1193,0
DA:1194,0
DA:1195,0
DA:1196,0
DA:1198,0
DA:1199,0
DA:1200,0
DA:1201,0
DA:1202,0
DA:1203,0
DA:1204,0
DA:1205,0
DA:1206,0
DA:1207,0
DA:1208,0
DA:1209,0
DA:1210,0
DA:1211,0
DA:1212,0
DA:1213,0
DA:1214,0
DA:1215,0
DA:1216,0
DA:1217,0
DA:1218,0
DA:1219,0
DA:1220,0
DA:1221,0
DA:1222,0
DA:1223,0
DA:1224,0
DA:1225,0
DA:1226,0
DA:1227,0
DA:1228,0
DA:1231,0
DA:1232,0
DA:1233,0
DA:1234,0
DA:1235,0
DA:1236,0
DA:1237,0
DA:1238,0
DA:1239,0
DA:1240,0
DA:1241,0
DA:1242,0
DA:1243,0
DA:1244,0
DA:1245,0
DA:1246,0
DA:1247,0
DA:1248,0
DA:1249,0
DA:1250,0
DA:1251,0
DA:1252,0
DA:1253,0
DA:1254,0
DA:1255,0
DA:1256,0
DA:1257,0
DA:1258,0
DA:1259,0
DA:1262,0
DA:1263,0
DA:1264,0
DA:1265,0
DA:1268,0
DA:1269,0
DA:1270,0
DA:1271,0
DA:1272,0
DA:1273,0
DA:1275,36
DA:1279,4
DA:1293,0
DA:1294,0
DA:1295,0
DA:1296,0
DA:1297,0
DA:1298,0
DA:1299,0
DA:1300,0
DA:1301,0
DA:1302,0
DA:1303,0
DA:1304,0
DA:1305,0
DA:1306,0
DA:1307,0
DA:1308,0
DA:1310,0
DA:1311,0
DA:1312,0
DA:1313,0
DA:1314,0
DA:1315,0
DA:1316,0
DA:1317,0
DA:1318,0
DA:1319,0
DA:1320,0
DA:1321,0
DA:1322,0
DA:1323,0
DA:1324,0
DA:1325,0
DA:1326,0
DA:1327,0
DA:1328,0
DA:1329,0
DA:1330,0
DA:1331,0
DA:1332,0
DA:1333,0
DA:1334,0
DA:1335,0
DA:1336,0
DA:1337,0
DA:1338,0
DA:1339,0
DA:1340,0
DA:1341,0
DA:1342,0
DA:1343,0
DA:1346,0
DA:1347,0
DA:1348,0
DA:1349,0
DA:1350,0
DA:1351,0
DA:1352,0
DA:1353,0
DA:1354,0
DA:1355,0
DA:1356,0
DA:1357,0
DA:1358,0
DA:1359,0
DA:1360,0
DA:1361,0
DA:1362,0
DA:1363,0
DA:1364,0
DA:1365,0
DA:1366,0
DA:1367,0
DA:1368,0
DA:1369,0
DA:1370,0
DA:1371,0
DA:1372,0
DA:1373,0
DA:1374,0
DA:1375,0
DA:1376,0
DA:1377,0
DA:1380,0
DA:1381,0
DA:1382,0
DA:1383,0
DA:1386,0
DA:1387,0
DA:1388,0
DA:1389,0
DA:1390,0
DA:1391,0
DA:1393,0
DA:1394,4
DA:1398,0
DA:1399,0
DA:1400,0
DA:1401,0
DA:1403,4
DA:1407,0
DA:1408,0
DA:1409,0
DA:1410,0
DA:1412,4
DA:1416,0
DA:1417,0
DA:1418,0
DA:1419,0
DA:1421,4
DA:1425,0
DA:1426,0
DA:1427,0
DA:1428,0
DA:1430,4
DA:1434,0
DA:1435,0
DA:1436,0
DA:1437,0
LH:41
LF:266
end_of_record
SF:P:/uni/final_project/Game/The Tower - Final Project/Assets/Tests/CameraTests.cs
FN:11,CameraTestsSimplePasses()
FN:19,CameraTestsWithEnumeratorPasses()
FNDA:0,CameraTestsSimplePasses()
FNDA:0,CameraTestsWithEnumeratorPasses()
FNF:2
FNH:0
BRF:0
BRH:0
DA:11,0
DA:13,0
DA:19,0
DA:22,0
DA:23,0
LH:0
LF:5
end_of_record
SF:P:/uni/final_project/Game/The Tower - Final Project/Assets/Tests/CharacterMovementTest.cs
FN:18,Setup()
FN:12,CharacterMovementTest()
FN:56,ShouldBeAbleToAttackEnemy()
FN:31,ShouldMovePlayerCharacterWhenKeyIsPressed()
FNDA:2,Setup()
FNDA:1,CharacterMovementTest()
FNDA:1,ShouldBeAbleToAttackEnemy()
FNDA:1,ShouldMovePlayerCharacterWhenKeyIsPressed()
FNF:4
FNH:4
BRF:0
BRH:0
DA:12,1
DA:18,2
DA:19,2
DA:20,2
DA:21,2
DA:22,2
DA:24,2
DA:25,2
DA:27,2
DA:31,1
DA:32,1
DA:33,1
DA:34,1
DA:35,1
DA:36,1
DA:37,1
DA:38,1
DA:40,0
DA:41,0
DA:43,0
DA:44,0
DA:45,0
DA:46,0
DA:47,0
DA:48,0
DA:50,0
DA:51,0
DA:52,0
DA:56,1
DA:57,1
DA:59,1
DA:60,0
DA:62,0
DA:64,0
DA:65,0
DA:66,0
DA:68,0
DA:69,0
LH:20
LF:38
end_of_record
