TN:
SF:P:/uni/final_project/Game/The Tower - Final Project/Assets/Scripts/BehaviorGraphActions/AttackAction.cs
FN:16,OnStart()
FN:23,OnUpdate()
FN:28,OnEnd()
FNDA:0,OnStart()
FNDA:0,OnUpdate()
FNDA:0,OnEnd()
FNF:3
FNH:0
BRF:0
BRH:0
DA:16,0
DA:17,0
DA:18,0
DA:19,0
DA:20,0
DA:23,0
DA:24,0
DA:25,0
DA:28,0
DA:29,0
DA:30,0
LH:0
LF:11
end_of_record
SF:P:/uni/final_project/Game/The Tower - Final Project/Assets/Scripts/BehaviorGraphActions/AvoidTargetAction.cs
FN:19,OnStart()
FN:27,OnUpdate()
FN:39,OnEnd()
FNDA:0,OnStart()
FNDA:0,OnUpdate()
FNDA:0,OnEnd()
FNF:3
FNH:0
BRF:0
BRH:0
DA:19,0
DA:20,0
DA:21,0
DA:23,0
DA:24,0
DA:27,0
DA:28,0
DA:29,0
DA:30,0
DA:31,0
DA:32,0
DA:33,0
DA:35,0
DA:36,0
DA:39,0
DA:40,0
LH:0
LF:16
end_of_record
SF:P:/uni/final_project/Game/The Tower - Final Project/Assets/Scripts/Character/CharacterAudioPlayer.cs
FN:14,Awake()
FN:19,Hit()
FN:24,OnFootstep()
FNDA:25,Awake()
FNDA:4,Hit()
FNDA:944,OnFootstep()
FNF:3
FNH:3
BRF:0
BRH:0
DA:14,25
DA:15,25
DA:16,25
DA:19,4
DA:21,4
DA:24,944
DA:25,944
DA:26,944
DA:27,944
LH:9
LF:9
end_of_record
SF:P:/uni/final_project/Game/The Tower - Final Project/Assets/Scripts/Enemies/EnemyController.cs
FN:17,Start()
FN:45,Hit()
FN:9,EnemyController()
FNDA:20,Start()
FNDA:3,Hit()
FNDA:26,EnemyController()
FNF:3
FNH:3
BRF:0
BRH:0
DA:9,26
DA:17,20
DA:18,20
DA:19,20
DA:20,20
DA:23,20
DA:24,20
DA:26,20
DA:27,20
DA:28,20
DA:30,20
DA:45,3
DA:47,3
DA:48,3
LH:14
LF:14
end_of_record
SF:P:/uni/final_project/Game/The Tower - Final Project/Assets/Scripts/GameManager.cs
FN:7,Start()
FN:13,Update()
FNDA:0,Start()
FNDA:0,Update()
FNF:2
FNH:0
BRF:0
BRH:0
DA:7,0
DA:9,0
DA:13,0
DA:15,0
LH:0
LF:4
end_of_record
SF:P:/uni/final_project/Game/The Tower - Final Project/Assets/InputSystemActions.cs
FN:20,asset()
FN:1106,Finalize()
FN:1112,Dispose()
FN:1118,bindingMask()
FN:1119,bindingMask(System.Nullable[InputBinding])
FN:1124,devices()
FN:1125,devices(System.Nullable[ReadOnlyArray`1])
FN:1128,controlSchemes()
FN:1131,Contains(UnityEngine.InputSystem.InputAction)
FN:1136,GetEnumerator()
FN:1141,GetEnumerator()
FN:1146,Enable()
FN:1151,Disable()
FN:1155,bindings()
FN:1158,FindAction(System.String, System.Boolean)
FN:1163,FindBinding(UnityEngine.InputSystem.InputBinding, UnityEngine.InputSystem.InputAction&)
FN:1275,Player()
FN:1393,UI()
FN:1398,KeyboardMouseScheme()
FN:1407,GamepadScheme()
FN:1416,TouchScheme()
FN:1425,JoystickScheme()
FN:1434,XRScheme()
FN:21,InputSystemActions()
FN:1183,Move()
FN:1184,Look()
FN:1185,Attack()
FN:1186,Interact()
FN:1187,Crouch()
FN:1188,Jump()
FN:1189,Previous()
FN:1190,Next()
FN:1191,Sprint()
FN:1192,Get()
FN:1193,Enable()
FN:1194,Disable()
FN:1195,enabled()
FN:1196,implicit operator UnityEngine.InputSystem.InputActionMap(InputSystemActions/PlayerActions)
FN:1198,AddCallbacks(InputSystemActions/IPlayerActions)
FN:1231,UnregisterCallbacks(InputSystemActions/IPlayerActions)
FN:1262,RemoveCallbacks(InputSystemActions/IPlayerActions)
FN:1268,SetCallbacks(InputSystemActions/IPlayerActions)
FN:1182,PlayerActions(InputSystemActions)
FN:1294,Navigate()
FN:1295,Submit()
FN:1296,Cancel()
FN:1297,Point()
FN:1298,Click()
FN:1299,RightClick()
FN:1300,MiddleClick()
FN:1301,ScrollWheel()
FN:1302,TrackedDevicePosition()
FN:1303,TrackedDeviceOrientation()
FN:1304,Get()
FN:1305,Enable()
FN:1306,Disable()
FN:1307,enabled()
FN:1308,implicit operator UnityEngine.InputSystem.InputActionMap(InputSystemActions/UIActions)
FN:1310,AddCallbacks(InputSystemActions/IUIActions)
FN:1346,UnregisterCallbacks(InputSystemActions/IUIActions)
FN:1380,RemoveCallbacks(InputSystemActions/IUIActions)
FN:1386,SetCallbacks(InputSystemActions/IUIActions)
FN:1293,UIActions(InputSystemActions)
FNDA:0,asset()
FNDA:0,Finalize()
FNDA:0,Dispose()
FNDA:0,bindingMask()
FNDA:0,bindingMask(System.Nullable[InputBinding])
FNDA:0,devices()
FNDA:0,devices(System.Nullable[ReadOnlyArray`1])
FNDA:0,controlSchemes()
FNDA:0,Contains(UnityEngine.InputSystem.InputAction)
FNDA:0,GetEnumerator()
FNDA:0,GetEnumerator()
FNDA:0,Enable()
FNDA:0,Disable()
FNDA:0,bindings()
FNDA:0,FindAction(System.String, System.Boolean)
FNDA:0,FindBinding(UnityEngine.InputSystem.InputBinding, UnityEngine.InputSystem.InputAction&)
FNDA:0,Player()
FNDA:0,UI()
FNDA:0,KeyboardMouseScheme()
FNDA:0,GamepadScheme()
FNDA:0,TouchScheme()
FNDA:0,JoystickScheme()
FNDA:0,XRScheme()
FNDA:0,InputSystemActions()
FNDA:0,Move()
FNDA:0,Look()
FNDA:0,Attack()
FNDA:0,Interact()
FNDA:0,Crouch()
FNDA:0,Jump()
FNDA:0,Previous()
FNDA:0,Next()
FNDA:0,Sprint()
FNDA:0,Get()
FNDA:0,Enable()
FNDA:0,Disable()
FNDA:0,enabled()
FNDA:0,implicit operator UnityEngine.InputSystem.InputActionMap(InputSystemActions/PlayerActions)
FNDA:0,AddCallbacks(InputSystemActions/IPlayerActions)
FNDA:0,UnregisterCallbacks(InputSystemActions/IPlayerActions)
FNDA:0,RemoveCallbacks(InputSystemActions/IPlayerActions)
FNDA:0,SetCallbacks(InputSystemActions/IPlayerActions)
FNDA:0,PlayerActions(InputSystemActions)
FNDA:0,Navigate()
FNDA:0,Submit()
FNDA:0,Cancel()
FNDA:0,Point()
FNDA:0,Click()
FNDA:0,RightClick()
FNDA:0,MiddleClick()
FNDA:0,ScrollWheel()
FNDA:0,TrackedDevicePosition()
FNDA:0,TrackedDeviceOrientation()
FNDA:0,Get()
FNDA:0,Enable()
FNDA:0,Disable()
FNDA:0,enabled()
FNDA:0,implicit operator UnityEngine.InputSystem.InputActionMap(InputSystemActions/UIActions)
FNDA:0,AddCallbacks(InputSystemActions/IUIActions)
FNDA:0,UnregisterCallbacks(InputSystemActions/IUIActions)
FNDA:0,RemoveCallbacks(InputSystemActions/IUIActions)
FNDA:0,SetCallbacks(InputSystemActions/IUIActions)
FNDA:0,UIActions(InputSystemActions)
FNF:63
FNH:0
BRF:0
BRH:0
DA:20,0
DA:21,0
DA:22,0
DA:23,0
DA:1081,0
DA:1082,0
DA:1083,0
DA:1084,0
DA:1085,0
DA:1086,0
DA:1087,0
DA:1088,0
DA:1089,0
DA:1090,0
DA:1092,0
DA:1093,0
DA:1094,0
DA:1095,0
DA:1096,0
DA:1097,0
DA:1098,0
DA:1099,0
DA:1100,0
DA:1101,0
DA:1102,0
DA:1103,0
DA:1106,0
DA:1107,0
DA:1108,0
DA:1109,0
DA:1112,0
DA:1113,0
DA:1114,0
DA:1118,0
DA:1119,0
DA:1124,0
DA:1125,0
DA:1128,0
DA:1131,0
DA:1132,0
DA:1133,0
DA:1136,0
DA:1137,0
DA:1138,0
DA:1141,0
DA:1142,0
DA:1143,0
DA:1146,0
DA:1147,0
DA:1148,0
DA:1151,0
DA:1152,0
DA:1153,0
DA:1155,0
DA:1158,0
DA:1159,0
DA:1160,0
DA:1163,0
DA:1164,0
DA:1165,0
DA:1169,0
DA:1182,0
DA:1183,0
DA:1184,0
DA:1185,0
DA:1186,0
DA:1187,0
DA:1188,0
DA:1189,0
DA:1190,0
DA:1191,0
DA:1192,0
DA:1193,0
DA:1194,0
DA:1195,0
DA:1196,0
DA:1198,0
DA:1199,0
DA:1200,0
DA:1201,0
DA:1202,0
DA:1203,0
DA:1204,0
DA:1205,0
DA:1206,0
DA:1207,0
DA:1208,0
DA:1209,0
DA:1210,0
DA:1211,0
DA:1212,0
DA:1213,0
DA:1214,0
DA:1215,0
DA:1216,0
DA:1217,0
DA:1218,0
DA:1219,0
DA:1220,0
DA:1221,0
DA:1222,0
DA:1223,0
DA:1224,0
DA:1225,0
DA:1226,0
DA:1227,0
DA:1228,0
DA:1231,0
DA:1232,0
DA:1233,0
DA:1234,0
DA:1235,0
DA:1236,0
DA:1237,0
DA:1238,0
DA:1239,0
DA:1240,0
DA:1241,0
DA:1242,0
DA:1243,0
DA:1244,0
DA:1245,0
DA:1246,0
DA:1247,0
DA:1248,0
DA:1249,0
DA:1250,0
DA:1251,0
DA:1252,0
DA:1253,0
DA:1254,0
DA:1255,0
DA:1256,0
DA:1257,0
DA:1258,0
DA:1259,0
DA:1262,0
DA:1263,0
DA:1264,0
DA:1265,0
DA:1268,0
DA:1269,0
DA:1270,0
DA:1271,0
DA:1272,0
DA:1273,0
DA:1275,0
DA:1279,0
DA:1293,0
DA:1294,0
DA:1295,0
DA:1296,0
DA:1297,0
DA:1298,0
DA:1299,0
DA:1300,0
DA:1301,0
DA:1302,0
DA:1303,0
DA:1304,0
DA:1305,0
DA:1306,0
DA:1307,0
DA:1308,0
DA:1310,0
DA:1311,0
DA:1312,0
DA:1313,0
DA:1314,0
DA:1315,0
DA:1316,0
DA:1317,0
DA:1318,0
DA:1319,0
DA:1320,0
DA:1321,0
DA:1322,0
DA:1323,0
DA:1324,0
DA:1325,0
DA:1326,0
DA:1327,0
DA:1328,0
DA:1329,0
DA:1330,0
DA:1331,0
DA:1332,0
DA:1333,0
DA:1334,0
DA:1335,0
DA:1336,0
DA:1337,0
DA:1338,0
DA:1339,0
DA:1340,0
DA:1341,0
DA:1342,0
DA:1343,0
DA:1346,0
DA:1347,0
DA:1348,0
DA:1349,0
DA:1350,0
DA:1351,0
DA:1352,0
DA:1353,0
DA:1354,0
DA:1355,0
DA:1356,0
DA:1357,0
DA:1358,0
DA:1359,0
DA:1360,0
DA:1361,0
DA:1362,0
DA:1363,0
DA:1364,0
DA:1365,0
DA:1366,0
DA:1367,0
DA:1368,0
DA:1369,0
DA:1370,0
DA:1371,0
DA:1372,0
DA:1373,0
DA:1374,0
DA:1375,0
DA:1376,0
DA:1377,0
DA:1380,0
DA:1381,0
DA:1382,0
DA:1383,0
DA:1386,0
DA:1387,0
DA:1388,0
DA:1389,0
DA:1390,0
DA:1391,0
DA:1393,0
DA:1394,0
DA:1398,0
DA:1399,0
DA:1400,0
DA:1401,0
DA:1403,0
DA:1407,0
DA:1408,0
DA:1409,0
DA:1410,0
DA:1412,0
DA:1416,0
DA:1417,0
DA:1418,0
DA:1419,0
DA:1421,0
DA:1425,0
DA:1426,0
DA:1427,0
DA:1428,0
DA:1430,0
DA:1434,0
DA:1435,0
DA:1436,0
DA:1437,0
LH:0
LF:266
end_of_record
SF:P:/uni/final_project/Game/The Tower - Final Project/Assets/Enemies/NewPlayableBehaviour.cs
FN:9,OnGraphStart(UnityEngine.Playables.Playable)
FN:15,OnGraphStop(UnityEngine.Playables.Playable)
FN:21,OnBehaviourPlay(UnityEngine.Playables.Playable, UnityEngine.Playables.FrameData)
FN:27,OnBehaviourPause(UnityEngine.Playables.Playable, UnityEngine.Playables.FrameData)
FN:33,PrepareFrame(UnityEngine.Playables.Playable, UnityEngine.Playables.FrameData)
FNDA:0,OnGraphStart(UnityEngine.Playables.Playable)
FNDA:0,OnGraphStop(UnityEngine.Playables.Playable)
FNDA:0,OnBehaviourPlay(UnityEngine.Playables.Playable, UnityEngine.Playables.FrameData)
FNDA:0,OnBehaviourPause(UnityEngine.Playables.Playable, UnityEngine.Playables.FrameData)
FNDA:0,PrepareFrame(UnityEngine.Playables.Playable, UnityEngine.Playables.FrameData)
FNF:5
FNH:0
BRF:0
BRH:0
DA:9,0
DA:11,0
DA:15,0
DA:17,0
DA:21,0
DA:23,0
DA:27,0
DA:29,0
DA:33,0
DA:35,0
LH:0
LF:10
end_of_record
SF:P:/uni/final_project/Game/The Tower - Final Project/Assets/TestPlayer.cs
FN:9,Start()
FN:15,OnCollisionEnter(UnityEngine.Collision)
FN:7,TestPlayer()
FNDA:3,Start()
FNDA:0,OnCollisionEnter(UnityEngine.Collision)
FNDA:4,TestPlayer()
FNF:3
FNH:2
BRF:0
BRH:0
DA:7,4
DA:9,3
DA:10,3
DA:11,3
DA:12,3
DA:15,0
DA:16,0
DA:17,0
DA:18,0
DA:19,0
DA:20,0
LH:5
LF:11
end_of_record
SF:P:/uni/final_project/Game/The Tower - Final Project/Assets/Scripts/Combat/Fighter.cs
FN:30,Awake()
FN:52,GetStat(Assets.CombatSystem.FighterStats)
FN:55,Attack(Assets.CombatSystem.Fighter)
FN:66,IsDead()
FN:71,IsAttacking(System.Boolean)
FN:76,Update()
FN:98,UpdateAttackPosition()
FN:9,Fighter()
FNDA:25,Awake()
FNDA:22,GetStat(Assets.CombatSystem.FighterStats)
FNDA:0,Attack(Assets.CombatSystem.Fighter)
FNDA:0,IsDead()
FNDA:4,IsAttacking(System.Boolean)
FNDA:56729,Update()
FNDA:4516,UpdateAttackPosition()
FNDA:34,Fighter()
FNF:8
FNH:6
BRF:0
BRH:0
DA:9,34
DA:12,34
DA:17,34
DA:20,34
DA:24,34
DA:27,34
DA:30,25
DA:31,25
DA:32,25
DA:33,25
DA:34,25
DA:36,25
DA:37,0
DA:38,0
DA:39,0
DA:41,25
DA:42,5
DA:43,5
DA:44,5
DA:45,5
DA:47,20
DA:48,20
DA:49,20
DA:50,25
DA:52,22
DA:55,0
DA:56,0
DA:57,0
DA:58,0
DA:59,0
DA:60,0
DA:61,0
DA:62,0
DA:63,0
DA:66,0
DA:67,0
DA:68,0
DA:71,4
DA:72,4
DA:73,4
DA:76,56729
DA:77,56729
DA:78,4516
DA:79,4516
DA:80,4516
DA:81,4516
DA:82,0
DA:83,0
DA:84,0
DA:85,0
DA:86,0
DA:87,0
DA:88,0
DA:89,0
DA:90,4516
DA:92,52213
DA:93,52213
DA:94,52213
DA:95,56729
DA:98,4516
DA:99,4516
DA:100,137
DA:101,137
DA:102,137
DA:104,4379
DA:105,4379
DA:106,4379
DA:107,4516
LH:45
LF:68
end_of_record
SF:P:/uni/final_project/Game/The Tower - Final Project/Assets/Scripts/Combat/Weapon.cs
FN:9,WeaponReach()
FN:6,Weapon()
FNDA:5,WeaponReach()
FNDA:9,Weapon()
FNF:2
FNH:2
BRF:0
BRH:0
DA:6,9
DA:9,5
DA:10,5
DA:11,5
LH:4
LF:4
end_of_record
SF:P:/uni/final_project/Game/The Tower - Final Project/Assets/Scripts/PlayerCharacter/PlayerAction.cs
FN:14,Start()
FN:19,OnAttackCancelled(UnityEngine.InputSystem.InputAction/CallbackContext)
FN:26,OnAttackPerformed(UnityEngine.InputSystem.InputAction/CallbackContext)
FNDA:5,Start()
FNDA:0,OnAttackCancelled(UnityEngine.InputSystem.InputAction/CallbackContext)
FNDA:1,OnAttackPerformed(UnityEngine.InputSystem.InputAction/CallbackContext)
FNF:3
FNH:2
BRF:0
BRH:0
DA:14,5
DA:15,5
DA:16,5
DA:19,0
DA:20,0
DA:21,0
DA:23,0
DA:26,1
DA:27,1
DA:28,1
DA:29,1
LH:7
LF:11
end_of_record
SF:P:/uni/final_project/Game/The Tower - Final Project/Assets/Scripts/PlayerCharacter/PlayerCamera.cs
FN:16,Start()
FN:24,Update()
FN:8,PlayerCamera()
FNDA:5,Start()
FNDA:8085,Update()
FNDA:8,PlayerCamera()
FNF:3
FNH:3
BRF:0
BRH:0
DA:8,8
DA:10,8
DA:12,8
DA:16,5
DA:17,5
DA:19,5
DA:20,5
DA:24,8085
DA:25,8085
DA:26,8085
LH:10
LF:10
end_of_record
SF:P:/uni/final_project/Game/The Tower - Final Project/Assets/Scripts/PlayerCharacter/PlayerController.cs
FN:16,Awake()
FN:25,OnEnable()
FN:36,OnDisable()
FN:9,PlayerController()
FNDA:2,Awake()
FNDA:2,OnEnable()
FNDA:2,OnDisable()
FNDA:4,PlayerController()
FNF:4
FNH:4
BRF:0
BRH:0
DA:9,4
DA:16,2
DA:17,2
DA:18,2
DA:20,2
DA:21,2
DA:22,2
DA:25,2
DA:26,2
DA:27,2
DA:28,2
DA:30,2
DA:31,2
DA:32,2
DA:33,2
DA:36,2
DA:37,2
DA:38,2
DA:39,2
DA:41,2
DA:42,2
DA:43,2
DA:44,2
LH:23
LF:23
end_of_record
SF:P:/uni/final_project/Game/The Tower - Final Project/Assets/Scripts/PlayerCharacter/PlayerInventory.cs
FN:14,Awake()
FNDA:0,Awake()
FNF:1
FNH:0
BRF:0
BRH:0
DA:14,0
DA:15,0
DA:16,0
LH:0
LF:3
end_of_record
SF:P:/uni/final_project/Game/The Tower - Final Project/Assets/Scripts/PlayerCharacter/PlayerMovement.cs
FN:9,speed()
FN:9,speed(System.Single)
FN:16,Awake()
FN:26,OnMovePerformed(UnityEngine.InputSystem.InputAction/CallbackContext)
FN:35,OnMoveCancelled(UnityEngine.InputSystem.InputAction/CallbackContext)
FN:41,Update()
FNDA:1008,speed()
FNDA:1008,speed(System.Single)
FNDA:2,Awake()
FNDA:6,OnMovePerformed(UnityEngine.InputSystem.InputAction/CallbackContext)
FNDA:2,OnMoveCancelled(UnityEngine.InputSystem.InputAction/CallbackContext)
FNDA:1000,Update()
FNF:6
FNH:6
BRF:0
BRH:0
DA:9,1008
DA:16,2
DA:17,2
DA:18,2
DA:19,2
DA:21,2
DA:22,2
DA:23,2
DA:26,6
DA:27,6
DA:28,6
DA:29,6
DA:30,6
DA:32,6
DA:35,2
DA:36,2
DA:37,2
DA:38,2
DA:41,1000
DA:42,1000
DA:44,1000
DA:46,1000
DA:47,1000
LH:23
LF:23
end_of_record
SF:P:/uni/final_project/Game/The Tower - Final Project/Assets/Scripts/PlayerCharacter/InputSystemActions.cs
FN:20,asset()
FN:1106,Finalize()
FN:1112,Dispose()
FN:1118,bindingMask()
FN:1119,bindingMask(System.Nullable[InputBinding])
FN:1124,devices()
FN:1125,devices(System.Nullable[ReadOnlyArray`1])
FN:1128,controlSchemes()
FN:1131,Contains(UnityEngine.InputSystem.InputAction)
FN:1136,GetEnumerator()
FN:1141,GetEnumerator()
FN:1146,Enable()
FN:1151,Disable()
FN:1155,bindings()
FN:1158,FindAction(System.String, System.Boolean)
FN:1163,FindBinding(UnityEngine.InputSystem.InputBinding, UnityEngine.InputSystem.InputAction&)
FN:1275,Player()
FN:1393,UI()
FN:1398,KeyboardMouseScheme()
FN:1407,GamepadScheme()
FN:1416,TouchScheme()
FN:1425,JoystickScheme()
FN:1434,XRScheme()
FN:21,InputSystemActions()
FN:1183,Move()
FN:1184,Look()
FN:1185,Attack()
FN:1186,Interact()
FN:1187,Crouch()
FN:1188,Jump()
FN:1189,Previous()
FN:1190,Next()
FN:1191,Sprint()
FN:1192,Get()
FN:1193,Enable()
FN:1194,Disable()
FN:1195,enabled()
FN:1196,implicit operator UnityEngine.InputSystem.InputActionMap(InputSystemActions/PlayerActions)
FN:1198,AddCallbacks(InputSystemActions/IPlayerActions)
FN:1231,UnregisterCallbacks(InputSystemActions/IPlayerActions)
FN:1262,RemoveCallbacks(InputSystemActions/IPlayerActions)
FN:1268,SetCallbacks(InputSystemActions/IPlayerActions)
FN:1182,PlayerActions(InputSystemActions)
FN:1294,Navigate()
FN:1295,Submit()
FN:1296,Cancel()
FN:1297,Point()
FN:1298,Click()
FN:1299,RightClick()
FN:1300,MiddleClick()
FN:1301,ScrollWheel()
FN:1302,TrackedDevicePosition()
FN:1303,TrackedDeviceOrientation()
FN:1304,Get()
FN:1305,Enable()
FN:1306,Disable()
FN:1307,enabled()
FN:1308,implicit operator UnityEngine.InputSystem.InputActionMap(InputSystemActions/UIActions)
FN:1310,AddCallbacks(InputSystemActions/IUIActions)
FN:1346,UnregisterCallbacks(InputSystemActions/IUIActions)
FN:1380,RemoveCallbacks(InputSystemActions/IUIActions)
FN:1386,SetCallbacks(InputSystemActions/IUIActions)
FN:1293,UIActions(InputSystemActions)
FNDA:4,asset()
FNDA:4,Finalize()
FNDA:0,Dispose()
FNDA:0,bindingMask()
FNDA:0,bindingMask(System.Nullable[InputBinding])
FNDA:0,devices()
FNDA:0,devices(System.Nullable[ReadOnlyArray`1])
FNDA:0,controlSchemes()
FNDA:0,Contains(UnityEngine.InputSystem.InputAction)
FNDA:0,GetEnumerator()
FNDA:0,GetEnumerator()
FNDA:0,Enable()
FNDA:0,Disable()
FNDA:0,bindings()
FNDA:0,FindAction(System.String, System.Boolean)
FNDA:0,FindBinding(UnityEngine.InputSystem.InputBinding, UnityEngine.InputSystem.InputAction&)
FNDA:24,Player()
FNDA:0,UI()
FNDA:0,KeyboardMouseScheme()
FNDA:0,GamepadScheme()
FNDA:0,TouchScheme()
FNDA:0,JoystickScheme()
FNDA:0,XRScheme()
FNDA:2,InputSystemActions()
FNDA:12,Move()
FNDA:0,Look()
FNDA:12,Attack()
FNDA:0,Interact()
FNDA:0,Crouch()
FNDA:0,Jump()
FNDA:0,Previous()
FNDA:0,Next()
FNDA:0,Sprint()
FNDA:0,Get()
FNDA:0,Enable()
FNDA:0,Disable()
FNDA:0,enabled()
FNDA:0,implicit operator UnityEngine.InputSystem.InputActionMap(InputSystemActions/PlayerActions)
FNDA:0,AddCallbacks(InputSystemActions/IPlayerActions)
FNDA:0,UnregisterCallbacks(InputSystemActions/IPlayerActions)
FNDA:0,RemoveCallbacks(InputSystemActions/IPlayerActions)
FNDA:0,SetCallbacks(InputSystemActions/IPlayerActions)
FNDA:72,PlayerActions(InputSystemActions)
FNDA:0,Navigate()
FNDA:0,Submit()
FNDA:0,Cancel()
FNDA:0,Point()
FNDA:0,Click()
FNDA:0,RightClick()
FNDA:0,MiddleClick()
FNDA:0,ScrollWheel()
FNDA:0,TrackedDevicePosition()
FNDA:0,TrackedDeviceOrientation()
FNDA:0,Get()
FNDA:0,Enable()
FNDA:0,Disable()
FNDA:0,enabled()
FNDA:0,implicit operator UnityEngine.InputSystem.InputActionMap(InputSystemActions/UIActions)
FNDA:0,AddCallbacks(InputSystemActions/IUIActions)
FNDA:0,UnregisterCallbacks(InputSystemActions/IUIActions)
FNDA:0,RemoveCallbacks(InputSystemActions/IUIActions)
FNDA:0,SetCallbacks(InputSystemActions/IUIActions)
FNDA:0,UIActions(InputSystemActions)
FNF:63
FNH:7
BRF:0
BRH:0
DA:20,4
DA:21,2
DA:22,2
DA:23,2
DA:1081,2
DA:1082,2
DA:1083,2
DA:1084,2
DA:1085,2
DA:1086,2
DA:1087,2
DA:1088,2
DA:1089,2
DA:1090,2
DA:1092,2
DA:1093,2
DA:1094,2
DA:1095,2
DA:1096,2
DA:1097,2
DA:1098,2
DA:1099,2
DA:1100,2
DA:1101,2
DA:1102,2
DA:1103,2
DA:1106,4
DA:1107,2
DA:1108,2
DA:1109,4
DA:1112,0
DA:1113,0
DA:1114,0
DA:1118,0
DA:1119,0
DA:1124,0
DA:1125,0
DA:1128,0
DA:1131,0
DA:1132,0
DA:1133,0
DA:1136,0
DA:1137,0
DA:1138,0
DA:1141,0
DA:1142,0
DA:1143,0
DA:1146,0
DA:1147,0
DA:1148,0
DA:1151,0
DA:1152,0
DA:1153,0
DA:1155,0
DA:1158,0
DA:1159,0
DA:1160,0
DA:1163,0
DA:1164,0
DA:1165,0
DA:1169,2
DA:1182,72
DA:1183,12
DA:1184,0
DA:1185,12
DA:1186,0
DA:1187,0
DA:1188,0
DA:1189,0
DA:1190,0
DA:1191,0
DA:1192,0
DA:1193,0
DA:1194,0
DA:1195,0
DA:1196,0
DA:1198,0
DA:1199,0
DA:1200,0
DA:1201,0
DA:1202,0
DA:1203,0
DA:1204,0
DA:1205,0
DA:1206,0
DA:1207,0
DA:1208,0
DA:1209,0
DA:1210,0
DA:1211,0
DA:1212,0
DA:1213,0
DA:1214,0
DA:1215,0
DA:1216,0
DA:1217,0
DA:1218,0
DA:1219,0
DA:1220,0
DA:1221,0
DA:1222,0
DA:1223,0
DA:1224,0
DA:1225,0
DA:1226,0
DA:1227,0
DA:1228,0
DA:1231,0
DA:1232,0
DA:1233,0
DA:1234,0
DA:1235,0
DA:1236,0
DA:1237,0
DA:1238,0
DA:1239,0
DA:1240,0
DA:1241,0
DA:1242,0
DA:1243,0
DA:1244,0
DA:1245,0
DA:1246,0
DA:1247,0
DA:1248,0
DA:1249,0
DA:1250,0
DA:1251,0
DA:1252,0
DA:1253,0
DA:1254,0
DA:1255,0
DA:1256,0
DA:1257,0
DA:1258,0
DA:1259,0
DA:1262,0
DA:1263,0
DA:1264,0
DA:1265,0
DA:1268,0
DA:1269,0
DA:1270,0
DA:1271,0
DA:1272,0
DA:1273,0
DA:1275,24
DA:1279,2
DA:1293,0
DA:1294,0
DA:1295,0
DA:1296,0
DA:1297,0
DA:1298,0
DA:1299,0
DA:1300,0
DA:1301,0
DA:1302,0
DA:1303,0
DA:1304,0
DA:1305,0
DA:1306,0
DA:1307,0
DA:1308,0
DA:1310,0
DA:1311,0
DA:1312,0
DA:1313,0
DA:1314,0
DA:1315,0
DA:1316,0
DA:1317,0
DA:1318,0
DA:1319,0
DA:1320,0
DA:1321,0
DA:1322,0
DA:1323,0
DA:1324,0
DA:1325,0
DA:1326,0
DA:1327,0
DA:1328,0
DA:1329,0
DA:1330,0
DA:1331,0
DA:1332,0
DA:1333,0
DA:1334,0
DA:1335,0
DA:1336,0
DA:1337,0
DA:1338,0
DA:1339,0
DA:1340,0
DA:1341,0
DA:1342,0
DA:1343,0
DA:1346,0
DA:1347,0
DA:1348,0
DA:1349,0
DA:1350,0
DA:1351,0
DA:1352,0
DA:1353,0
DA:1354,0
DA:1355,0
DA:1356,0
DA:1357,0
DA:1358,0
DA:1359,0
DA:1360,0
DA:1361,0
DA:1362,0
DA:1363,0
DA:1364,0
DA:1365,0
DA:1366,0
DA:1367,0
DA:1368,0
DA:1369,0
DA:1370,0
DA:1371,0
DA:1372,0
DA:1373,0
DA:1374,0
DA:1375,0
DA:1376,0
DA:1377,0
DA:1380,0
DA:1381,0
DA:1382,0
DA:1383,0
DA:1386,0
DA:1387,0
DA:1388,0
DA:1389,0
DA:1390,0
DA:1391,0
DA:1393,0
DA:1394,2
DA:1398,0
DA:1399,0
DA:1400,0
DA:1401,0
DA:1403,2
DA:1407,0
DA:1408,0
DA:1409,0
DA:1410,0
DA:1412,2
DA:1416,0
DA:1417,0
DA:1418,0
DA:1419,0
DA:1421,2
DA:1425,0
DA:1426,0
DA:1427,0
DA:1428,0
DA:1430,2
DA:1434,0
DA:1435,0
DA:1436,0
DA:1437,0
LH:41
LF:266
end_of_record
SF:P:/uni/final_project/Game/The Tower - Final Project/Assets/Tests/CameraTests.cs
FN:11,CameraTestsSimplePasses()
FN:19,CameraTestsWithEnumeratorPasses()
FNDA:1,CameraTestsSimplePasses()
FNDA:1,CameraTestsWithEnumeratorPasses()
FNF:2
FNH:2
BRF:0
BRH:0
DA:11,1
DA:13,1
DA:19,1
DA:22,1
DA:23,1
LH:5
LF:5
end_of_record
SF:P:/uni/final_project/Game/The Tower - Final Project/Assets/Tests/CharacterMovementTest.cs
FN:18,Setup()
FN:12,CharacterMovementTest()
FN:55,ShouldBeAbleToAttackEnemy()
FN:30,ShouldMovePlayerCharacterWhenKeyIsPressed()
FNDA:2,Setup()
FNDA:1,CharacterMovementTest()
FNDA:1,ShouldBeAbleToAttackEnemy()
FNDA:1,ShouldMovePlayerCharacterWhenKeyIsPressed()
FNF:4
FNH:4
BRF:0
BRH:0
DA:12,1
DA:18,2
DA:19,2
DA:20,2
DA:21,2
DA:22,2
DA:24,2
DA:25,2
DA:26,2
DA:30,1
DA:31,1
DA:32,1
DA:33,1
DA:34,1
DA:35,1
DA:36,1
DA:37,1
DA:39,1
DA:40,1
DA:42,1
DA:43,1
DA:44,1
DA:45,1
DA:46,1
DA:47,1
DA:49,1
DA:50,1
DA:51,1
DA:55,1
DA:56,1
DA:57,1
DA:59,1
DA:61,1
DA:62,1
DA:63,1
DA:64,1
DA:67,1
DA:68,0
LH:37
LF:38
end_of_record
SF:P:/uni/final_project/Game/The Tower - Final Project/Assets/Tests/DungeonPlayabilityTest.cs
FN:14,Setup()
FN:38,hasReachedDestination(UnityEngine.AI.NavMeshAgent)
FN:11,DungeonPlayability()
FN:24,ShouldReachDungeonEnd()
FNDA:3,Setup()
FNDA:176,hasReachedDestination(UnityEngine.AI.NavMeshAgent)
FNDA:1,DungeonPlayability()
FNDA:3,ShouldReachDungeonEnd()
FNF:4
FNH:4
BRF:0
BRH:0
DA:11,1
DA:14,3
DA:15,3
DA:16,3
DA:17,3
DA:24,3
DA:25,3
DA:26,3
DA:29,175
DA:30,175
DA:31,174
DA:32,174
DA:33,174
DA:34,2
DA:35,2
DA:38,176
DA:40,176
DA:41,176
LH:18
LF:18
end_of_record
SF:P:/uni/final_project/Game/The Tower - Final Project/Assets/Tests/GraphTests.cs
FN:13,SetUp()
FN:17,ShouldAddNode()
FN:24,ShouldAddNodeIdempotently()
FN:33,ShouldAddNodeWithLinkedNodes()
FN:48,ShouldAddNodeWithLinkedNodesIdempotently()
FN:9,GraphTests()
FNDA:12,SetUp()
FNDA:1,ShouldAddNode()
FNDA:1,ShouldAddNodeIdempotently()
FNDA:1,ShouldAddNodeWithLinkedNodes()
FNDA:1,ShouldAddNodeWithLinkedNodesIdempotently()
FNDA:1,GraphTests()
FNF:6
FNH:6
BRF:0
BRH:0
DA:9,1
DA:13,12
DA:17,1
DA:18,1
DA:19,1
DA:20,1
DA:24,1
DA:25,1
DA:26,1
DA:27,1
DA:28,1
DA:29,1
DA:33,1
DA:34,1
DA:36,1
DA:37,1
DA:38,1
DA:40,1
DA:41,1
DA:42,1
DA:44,1
DA:48,1
DA:49,1
DA:51,1
DA:52,1
DA:54,1
DA:56,1
DA:57,1
DA:58,1
LH:29
LF:29
end_of_record
