<?xml version="1.0" encoding="utf-8"?>
<CoverageSession xmlns:xsd="http://www.w3.org/2001/XMLSchema" xmlns:xsi="http://www.w3.org/2001/XMLSchema-instance" Version="0.0.0.0">
  <Summary numSequencePoints="2253" visitedSequencePoints="1997" numBranchPoints="0" visitedBranchPoints="0" sequenceCoverage="88.64" branchCoverage="0.0" maxCyclomaticComplexity="0" minCyclomaticComplexity="0" maxCrapScore="0" minCrapScore="0" visitedClasses="112" numClasses="112" visitedMethods="340" numMethods="340" />
  <Modules>
    <Module>
      <Summary numSequencePoints="59" visitedSequencePoints="56" numBranchPoints="0" visitedBranchPoints="0" sequenceCoverage="94.92" branchCoverage="0.0" maxCyclomaticComplexity="0" minCyclomaticComplexity="0" maxCrapScore="0" minCrapScore="0" visitedClasses="1" numClasses="1" visitedMethods="10" numMethods="10" />
      <ModuleTime>0001-01-01T00:00:00</ModuleTime>
      <ModuleName>CombatSystem</ModuleName>
      <Files>
        <File uid="3" fullPath="P:/uni/final_project/Game/The Tower - Final Project/Assets/Scripts/Combat/Fighter.cs" />
      </Files>
      <Classes>
        <Class>
          <Summary numSequencePoints="59" visitedSequencePoints="56" numBranchPoints="0" visitedBranchPoints="0" sequenceCoverage="94.92" branchCoverage="0.0" maxCyclomaticComplexity="0" minCyclomaticComplexity="0" maxCrapScore="0" minCrapScore="0" visitedClasses="1" numClasses="1" visitedMethods="10" numMethods="10" />
          <FullName>Assets.Combat.Fighter</FullName>
          <Methods>
            <Method visited="true" cyclomaticComplexity="0" nPathComplexity="0" sequenceCoverage="100.0" branchCoverage="0" crapScore="0" isConstructor="false" isStatic="false" isGetter="false" isSetter="false">
              <Summary numSequencePoints="10" visitedSequencePoints="10" numBranchPoints="0" visitedBranchPoints="0" sequenceCoverage="100.0" branchCoverage="0" maxCyclomaticComplexity="0" minCyclomaticComplexity="0" maxCrapScore="0" minCrapScore="0" visitedClasses="0" numClasses="0" visitedMethods="1" numMethods="1" />
              <MetadataToken>100663303</MetadataToken>
              <Name>System.Void Assets.Combat.Fighter::Awake()</Name>
              <FileRef uid="3" />
              <SequencePoints>
                <SequencePoint vc="19" uspid="3410" ordinal="0" offset="0" sl="41" sc="9" el="41" ec="9" bec="0" bev="0" fileid="3" />
                <SequencePoint vc="19" uspid="3411" ordinal="0" offset="1" sl="42" sc="13" el="42" ec="13" bec="0" bev="0" fileid="3" />
                <SequencePoint vc="19" uspid="3412" ordinal="0" offset="16" sl="43" sc="13" el="43" ec="13" bec="0" bev="0" fileid="3" />
                <SequencePoint vc="19" uspid="3413" ordinal="0" offset="31" sl="44" sc="13" el="44" ec="13" bec="0" bev="0" fileid="3" />
                <SequencePoint vc="19" uspid="3414" ordinal="0" offset="46" sl="46" sc="13" el="46" ec="13" bec="0" bev="0" fileid="3" />
                <SequencePoint vc="19" uspid="3415" ordinal="0" offset="58" sl="48" sc="13" el="48" ec="13" bec="0" bev="0" fileid="3" />
                <SequencePoint vc="19" uspid="3416" ordinal="0" offset="71" sl="49" sc="13" el="49" ec="13" bec="0" bev="0" fileid="3" />
                <SequencePoint vc="19" uspid="3417" ordinal="0" offset="89" sl="51" sc="13" el="51" ec="13" bec="0" bev="0" fileid="3" />
                <SequencePoint vc="19" uspid="3418" ordinal="0" offset="118" sl="52" sc="13" el="52" ec="13" bec="0" bev="0" fileid="3" />
                <SequencePoint vc="19" uspid="3419" ordinal="0" offset="130" sl="53" sc="9" el="53" ec="9" bec="0" bev="0" fileid="3" />
              </SequencePoints>
              <BranchPoints />
            </Method>
            <Method visited="true" cyclomaticComplexity="0" nPathComplexity="0" sequenceCoverage="100.0" branchCoverage="0" crapScore="0" isConstructor="false" isStatic="false" isGetter="false" isSetter="false">
              <Summary numSequencePoints="1" visitedSequencePoints="1" numBranchPoints="0" visitedBranchPoints="0" sequenceCoverage="100.0" branchCoverage="0" maxCyclomaticComplexity="0" minCyclomaticComplexity="0" maxCrapScore="0" minCrapScore="0" visitedClasses="0" numClasses="0" visitedMethods="1" numMethods="1" />
              <MetadataToken>100663304</MetadataToken>
              <Name>System.Single Assets.Combat.Fighter::GetStat(Assets.Combat.FighterStats)</Name>
              <FileRef uid="3" />
              <SequencePoints>
                <SequencePoint vc="21" uspid="3420" ordinal="0" offset="0" sl="62" sc="52" el="62" ec="52" bec="0" bev="0" fileid="3" />
              </SequencePoints>
              <BranchPoints />
            </Method>
            <Method visited="true" cyclomaticComplexity="0" nPathComplexity="0" sequenceCoverage="100.0" branchCoverage="0" crapScore="0" isConstructor="false" isStatic="false" isGetter="false" isSetter="false">
              <Summary numSequencePoints="1" visitedSequencePoints="1" numBranchPoints="0" visitedBranchPoints="0" sequenceCoverage="100.0" branchCoverage="0" maxCyclomaticComplexity="0" minCyclomaticComplexity="0" maxCrapScore="0" minCrapScore="0" visitedClasses="0" numClasses="0" visitedMethods="1" numMethods="1" />
              <MetadataToken>100663305</MetadataToken>
              <Name>System.Single Assets.Combat.Fighter::GetMaxStat(Assets.Combat.FighterStats)</Name>
              <FileRef uid="3" />
              <SequencePoints>
                <SequencePoint vc="59" uspid="3421" ordinal="0" offset="0" sl="69" sc="55" el="69" ec="55" bec="0" bev="0" fileid="3" />
              </SequencePoints>
              <BranchPoints />
            </Method>
            <Method visited="true" cyclomaticComplexity="0" nPathComplexity="0" sequenceCoverage="100.0" branchCoverage="0" crapScore="0" isConstructor="false" isStatic="false" isGetter="false" isSetter="false">
              <Summary numSequencePoints="5" visitedSequencePoints="5" numBranchPoints="0" visitedBranchPoints="0" sequenceCoverage="100.0" branchCoverage="0" maxCyclomaticComplexity="0" minCyclomaticComplexity="0" maxCrapScore="0" minCrapScore="0" visitedClasses="0" numClasses="0" visitedMethods="1" numMethods="1" />
              <MetadataToken>100663307</MetadataToken>
              <Name>System.Void Assets.Combat.Fighter::Heal(System.Int32)</Name>
              <FileRef uid="3" />
              <SequencePoints>
                <SequencePoint vc="1" uspid="3443" ordinal="0" offset="0" sl="96" sc="9" el="96" ec="9" bec="0" bev="0" fileid="3" />
                <SequencePoint vc="1" uspid="3444" ordinal="0" offset="1" sl="97" sc="13" el="97" ec="13" bec="0" bev="0" fileid="3" />
                <SequencePoint vc="1" uspid="3445" ordinal="0" offset="26" sl="98" sc="13" el="98" ec="13" bec="0" bev="0" fileid="3" />
                <SequencePoint vc="1" uspid="3446" ordinal="0" offset="68" sl="100" sc="13" el="100" ec="13" bec="0" bev="0" fileid="3" />
                <SequencePoint vc="1" uspid="3447" ordinal="0" offset="87" sl="101" sc="9" el="101" ec="9" bec="0" bev="0" fileid="3" />
              </SequencePoints>
              <BranchPoints />
            </Method>
            <Method visited="true" cyclomaticComplexity="0" nPathComplexity="0" sequenceCoverage="100.0" branchCoverage="0" crapScore="0" isConstructor="false" isStatic="false" isGetter="false" isSetter="false">
              <Summary numSequencePoints="3" visitedSequencePoints="3" numBranchPoints="0" visitedBranchPoints="0" sequenceCoverage="100.0" branchCoverage="0" maxCyclomaticComplexity="0" minCyclomaticComplexity="0" maxCrapScore="0" minCrapScore="0" visitedClasses="0" numClasses="0" visitedMethods="1" numMethods="1" />
              <MetadataToken>100663308</MetadataToken>
              <Name>System.Boolean Assets.Combat.Fighter::IsDead()</Name>
              <FileRef uid="3" />
              <SequencePoints>
                <SequencePoint vc="34" uspid="3448" ordinal="0" offset="0" sl="108" sc="9" el="108" ec="9" bec="0" bev="0" fileid="3" />
                <SequencePoint vc="34" uspid="3449" ordinal="0" offset="1" sl="109" sc="13" el="109" ec="13" bec="0" bev="0" fileid="3" />
                <SequencePoint vc="34" uspid="3450" ordinal="0" offset="26" sl="110" sc="9" el="110" ec="9" bec="0" bev="0" fileid="3" />
              </SequencePoints>
              <BranchPoints />
            </Method>
            <Method visited="true" cyclomaticComplexity="0" nPathComplexity="0" sequenceCoverage="100.0" branchCoverage="0" crapScore="0" isConstructor="false" isStatic="false" isGetter="false" isSetter="false">
              <Summary numSequencePoints="11" visitedSequencePoints="11" numBranchPoints="0" visitedBranchPoints="0" sequenceCoverage="100.0" branchCoverage="0" maxCyclomaticComplexity="0" minCyclomaticComplexity="0" maxCrapScore="0" minCrapScore="0" visitedClasses="0" numClasses="0" visitedMethods="1" numMethods="1" />
              <MetadataToken>100663310</MetadataToken>
              <Name>System.Void Assets.Combat.Fighter::TakeDamage(Assets.Combat.Fighter)</Name>
              <FileRef uid="3" />
              <SequencePoints>
                <SequencePoint vc="3" uspid="3454" ordinal="0" offset="0" sl="126" sc="9" el="126" ec="9" bec="0" bev="0" fileid="3" />
                <SequencePoint vc="3" uspid="3455" ordinal="0" offset="1" sl="127" sc="13" el="127" ec="13" bec="0" bev="0" fileid="3" />
                <SequencePoint vc="3" uspid="3456" ordinal="0" offset="30" sl="129" sc="13" el="129" ec="13" bec="0" bev="0" fileid="3" />
                <SequencePoint vc="3" uspid="3457" ordinal="0" offset="54" sl="130" sc="13" el="130" ec="13" bec="0" bev="0" fileid="3" />
                <SequencePoint vc="3" uspid="3458" ordinal="0" offset="71" sl="131" sc="13" el="131" ec="13" bec="0" bev="0" fileid="3" />
                <SequencePoint vc="3" uspid="3459" ordinal="0" offset="90" sl="133" sc="13" el="133" ec="13" bec="0" bev="0" fileid="3" />
                <SequencePoint vc="1" uspid="3460" ordinal="0" offset="100" sl="134" sc="13" el="134" ec="13" bec="0" bev="0" fileid="3" />
                <SequencePoint vc="1" uspid="3461" ordinal="0" offset="101" sl="135" sc="17" el="135" ec="17" bec="0" bev="0" fileid="3" />
                <SequencePoint vc="1" uspid="3462" ordinal="0" offset="120" sl="136" sc="17" el="136" ec="17" bec="0" bev="0" fileid="3" />
                <SequencePoint vc="1" uspid="3463" ordinal="0" offset="137" sl="137" sc="13" el="137" ec="13" bec="0" bev="0" fileid="3" />
                <SequencePoint vc="3" uspid="3464" ordinal="0" offset="138" sl="138" sc="9" el="138" ec="9" bec="0" bev="0" fileid="3" />
              </SequencePoints>
              <BranchPoints />
            </Method>
            <Method visited="true" cyclomaticComplexity="0" nPathComplexity="0" sequenceCoverage="100.0" branchCoverage="0" crapScore="0" isConstructor="false" isStatic="false" isGetter="false" isSetter="false">
              <Summary numSequencePoints="6" visitedSequencePoints="6" numBranchPoints="0" visitedBranchPoints="0" sequenceCoverage="100.0" branchCoverage="0" maxCyclomaticComplexity="0" minCyclomaticComplexity="0" maxCrapScore="0" minCrapScore="0" visitedClasses="0" numClasses="0" visitedMethods="1" numMethods="1" />
              <MetadataToken>100663311</MetadataToken>
              <Name>System.Void Assets.Combat.Fighter::Update()</Name>
              <FileRef uid="3" />
              <SequencePoints>
                <SequencePoint vc="489" uspid="3465" ordinal="0" offset="0" sl="141" sc="9" el="141" ec="9" bec="0" bev="0" fileid="3" />
                <SequencePoint vc="489" uspid="3466" ordinal="0" offset="1" sl="142" sc="13" el="142" ec="13" bec="0" bev="0" fileid="3" />
                <SequencePoint vc="90" uspid="3467" ordinal="0" offset="30" sl="143" sc="13" el="143" ec="13" bec="0" bev="0" fileid="3" />
                <SequencePoint vc="90" uspid="3468" ordinal="0" offset="31" sl="144" sc="17" el="144" ec="17" bec="0" bev="0" fileid="3" />
                <SequencePoint vc="90" uspid="3469" ordinal="0" offset="49" sl="145" sc="13" el="145" ec="13" bec="0" bev="0" fileid="3" />
                <SequencePoint vc="489" uspid="3470" ordinal="0" offset="50" sl="146" sc="9" el="146" ec="9" bec="0" bev="0" fileid="3" />
              </SequencePoints>
              <BranchPoints />
            </Method>
            <Method visited="true" cyclomaticComplexity="0" nPathComplexity="0" sequenceCoverage="62.50" branchCoverage="0" crapScore="0" isConstructor="false" isStatic="false" isGetter="false" isSetter="false">
              <Summary numSequencePoints="8" visitedSequencePoints="5" numBranchPoints="0" visitedBranchPoints="0" sequenceCoverage="62.50" branchCoverage="0" maxCyclomaticComplexity="0" minCyclomaticComplexity="0" maxCrapScore="0" minCrapScore="0" visitedClasses="0" numClasses="0" visitedMethods="1" numMethods="1" />
              <MetadataToken>100663314</MetadataToken>
              <Name>System.Void Assets.Combat.Fighter::ModifyStat(Assets.Combat.FighterStats, System.Single)</Name>
              <FileRef uid="3" />
              <SequencePoints>
                <SequencePoint vc="3" uspid="3480" ordinal="0" offset="0" sl="176" sc="9" el="176" ec="9" bec="0" bev="0" fileid="3" />
                <SequencePoint vc="3" uspid="3481" ordinal="0" offset="1" sl="177" sc="13" el="177" ec="13" bec="0" bev="0" fileid="3" />
                <SequencePoint vc="3" uspid="3482" ordinal="0" offset="27" sl="179" sc="13" el="179" ec="13" bec="0" bev="0" fileid="3" />
                <SequencePoint vc="0" uspid="3483" ordinal="0" offset="50" sl="180" sc="13" el="180" ec="13" bec="0" bev="0" fileid="3" />
                <SequencePoint vc="0" uspid="3484" ordinal="0" offset="51" sl="181" sc="17" el="181" ec="17" bec="0" bev="0" fileid="3" />
                <SequencePoint vc="0" uspid="3485" ordinal="0" offset="69" sl="182" sc="13" el="182" ec="13" bec="0" bev="0" fileid="3" />
                <SequencePoint vc="3" uspid="3486" ordinal="0" offset="70" sl="184" sc="13" el="184" ec="13" bec="0" bev="0" fileid="3" />
                <SequencePoint vc="3" uspid="3487" ordinal="0" offset="89" sl="185" sc="9" el="185" ec="9" bec="0" bev="0" fileid="3" />
              </SequencePoints>
              <BranchPoints />
            </Method>
            <Method visited="true" cyclomaticComplexity="0" nPathComplexity="0" sequenceCoverage="100.0" branchCoverage="0" crapScore="0" isConstructor="false" isStatic="false" isGetter="false" isSetter="false">
              <Summary numSequencePoints="5" visitedSequencePoints="5" numBranchPoints="0" visitedBranchPoints="0" sequenceCoverage="100.0" branchCoverage="0" maxCyclomaticComplexity="0" minCyclomaticComplexity="0" maxCrapScore="0" minCrapScore="0" visitedClasses="0" numClasses="0" visitedMethods="1" numMethods="1" />
              <MetadataToken>100663315</MetadataToken>
              <Name>System.Void Assets.Combat.Fighter::SetStat(Assets.Combat.FighterStats, System.Single)</Name>
              <FileRef uid="3" />
              <SequencePoints>
                <SequencePoint vc="80" uspid="3488" ordinal="0" offset="0" sl="193" sc="9" el="193" ec="9" bec="0" bev="0" fileid="3" />
                <SequencePoint vc="80" uspid="3489" ordinal="0" offset="1" sl="194" sc="13" el="194" ec="13" bec="0" bev="0" fileid="3" />
                <SequencePoint vc="80" uspid="3490" ordinal="0" offset="15" sl="195" sc="13" el="195" ec="13" bec="0" bev="0" fileid="3" />
                <SequencePoint vc="80" uspid="3491" ordinal="0" offset="29" sl="196" sc="13" el="196" ec="13" bec="0" bev="0" fileid="3" />
                <SequencePoint vc="80" uspid="3492" ordinal="0" offset="48" sl="197" sc="9" el="197" ec="9" bec="0" bev="0" fileid="3" />
              </SequencePoints>
              <BranchPoints />
            </Method>
            <Method visited="true" cyclomaticComplexity="0" nPathComplexity="0" sequenceCoverage="100.0" branchCoverage="0" crapScore="0" isConstructor="true" isStatic="false" isGetter="false" isSetter="false">
              <Summary numSequencePoints="9" visitedSequencePoints="9" numBranchPoints="0" visitedBranchPoints="0" sequenceCoverage="100.0" branchCoverage="0" maxCyclomaticComplexity="0" minCyclomaticComplexity="0" maxCrapScore="0" minCrapScore="0" visitedClasses="0" numClasses="0" visitedMethods="1" numMethods="1" />
              <MetadataToken>100663316</MetadataToken>
              <Name>Assets.Combat.Fighter::Fighter()</Name>
              <FileRef uid="3" />
              <SequencePoints>
                <SequencePoint vc="41" uspid="3493" ordinal="0" offset="0" sl="13" sc="9" el="13" ec="9" bec="0" bev="0" fileid="3" />
                <SequencePoint vc="41" uspid="3494" ordinal="0" offset="7" sl="16" sc="9" el="16" ec="9" bec="0" bev="0" fileid="3" />
                <SequencePoint vc="41" uspid="3495" ordinal="0" offset="14" sl="19" sc="9" el="19" ec="9" bec="0" bev="0" fileid="3" />
                <SequencePoint vc="41" uspid="3496" ordinal="0" offset="21" sl="28" sc="9" el="28" ec="9" bec="0" bev="0" fileid="3" />
                <SequencePoint vc="41" uspid="3497" ordinal="0" offset="32" sl="31" sc="9" el="31" ec="9" bec="0" bev="0" fileid="3" />
                <SequencePoint vc="41" uspid="3498" ordinal="0" offset="39" sl="32" sc="9" el="32" ec="9" bec="0" bev="0" fileid="3" />
                <SequencePoint vc="41" uspid="3499" ordinal="0" offset="50" sl="33" sc="9" el="33" ec="9" bec="0" bev="0" fileid="3" />
                <SequencePoint vc="41" uspid="3500" ordinal="0" offset="61" sl="34" sc="9" el="34" ec="9" bec="0" bev="0" fileid="3" />
                <SequencePoint vc="41" uspid="3501" ordinal="0" offset="68" sl="38" sc="9" el="38" ec="9" bec="0" bev="0" fileid="3" />
              </SequencePoints>
              <BranchPoints />
            </Method>
          </Methods>
        </Class>
      </Classes>
    </Module>
    <Module>
      <Summary numSequencePoints="821" visitedSequencePoints="768" numBranchPoints="0" visitedBranchPoints="0" sequenceCoverage="93.54" branchCoverage="0.0" maxCyclomaticComplexity="0" minCyclomaticComplexity="0" maxCrapScore="0" minCrapScore="0" visitedClasses="25" numClasses="25" visitedMethods="115" numMethods="115" />
      <ModuleTime>0001-01-01T00:00:00</ModuleTime>
      <ModuleName>DungeonGenerator</ModuleName>
      <Files>
        <File uid="4" fullPath="P:/uni/final_project/Game/The Tower - Final Project/Assets/Scripts/DungeonGenerator/Components/DungeonCorridor.cs" />
        <File uid="5" fullPath="P:/uni/final_project/Game/The Tower - Final Project/Assets/Scripts/DungeonGenerator/DataStructures/DungeonLayout.cs" />
        <File uid="6" fullPath="P:/uni/final_project/Game/The Tower - Final Project/Assets/Scripts/DungeonGenerator/DungeonGenerator.cs" />
        <File uid="7" fullPath="P:/uni/final_project/Game/The Tower - Final Project/Assets/Scripts/DungeonGenerator/GraphGrammarAlgorithm/DungeonFlow.cs" />
        <File uid="8" fullPath="P:/uni/final_project/Game/The Tower - Final Project/Assets/Scripts/DungeonGenerator/GraphGrammarAlgorithm/FlowPattern.cs" />
        <File uid="9" fullPath="P:/uni/final_project/Game/The Tower - Final Project/Assets/Scripts/DungeonGenerator/GraphGrammarAlgorithm/GraphGrammar.cs" />
        <File uid="10" fullPath="P:/uni/final_project/Game/The Tower - Final Project/Assets/Scripts/DungeonGenerator/GraphGrammarAlgorithm/JsonUtils.cs" />
        <File uid="11" fullPath="P:/uni/final_project/Game/The Tower - Final Project/Assets/Scripts/DungeonGenerator/PointUtils.cs" />
        <File uid="12" fullPath="P:/uni/final_project/Game/The Tower - Final Project/Assets/Scripts/DungeonGenerator/RandomWalk/RandomWalk.cs" />
        <File uid="13" fullPath="P:/uni/final_project/Game/The Tower - Final Project/Assets/Scripts/DungeonGenerator/DataStructures/Shufflebag.cs" />
        <File uid="14" fullPath="P:/uni/final_project/Game/The Tower - Final Project/Assets/Scripts/DungeonGenerator/Components/Dungeon.cs" />
        <File uid="15" fullPath="P:/uni/final_project/Game/The Tower - Final Project/Assets/Scripts/DungeonGenerator/Components/DungeonComponentUtils.cs" />
        <File uid="16" fullPath="P:/uni/final_project/Game/The Tower - Final Project/Assets/Scripts/DungeonGenerator/Components/Environment/DestructibleItem.cs" />
        <File uid="17" fullPath="P:/uni/final_project/Game/The Tower - Final Project/Assets/Scripts/DungeonGenerator/Components/Environment/DoorKey.cs" />
        <File uid="18" fullPath="P:/uni/final_project/Game/The Tower - Final Project/Assets/Scripts/DungeonGenerator/Components/Environment/DungeonDoor.cs" />
        <File uid="19" fullPath="P:/uni/final_project/Game/The Tower - Final Project/Assets/Scripts/DungeonGenerator/Components/Environment/DungeonExit.cs" />
        <File uid="20" fullPath="P:/uni/final_project/Game/The Tower - Final Project/Assets/Scripts/DungeonGenerator/Components/Environment/TreasureChest.cs" />
        <File uid="21" fullPath="P:/uni/final_project/Game/The Tower - Final Project/Assets/Scripts/DungeonGenerator/Components/Range.cs" />
        <File uid="22" fullPath="P:/uni/final_project/Game/The Tower - Final Project/Assets/Scripts/DungeonGenerator/Components/Rooms/CombatRoom.cs" />
        <File uid="23" fullPath="P:/uni/final_project/Game/The Tower - Final Project/Assets/Scripts/DungeonGenerator/Components/Rooms/DungeonEndRoom.cs" />
        <File uid="24" fullPath="P:/uni/final_project/Game/The Tower - Final Project/Assets/Scripts/DungeonGenerator/Components/Rooms/DungeonRoom.cs" />
        <File uid="25" fullPath="P:/uni/final_project/Game/The Tower - Final Project/Assets/Scripts/DungeonGenerator/Components/Rooms/DungeonStartRoom.cs" />
        <File uid="26" fullPath="P:/uni/final_project/Game/The Tower - Final Project/Assets/Scripts/DungeonGenerator/Components/Rooms/LockedRoom.cs" />
        <File uid="27" fullPath="P:/uni/final_project/Game/The Tower - Final Project/Assets/Scripts/DungeonGenerator/Components/SpawnPoint.cs" />
        <File uid="28" fullPath="P:/uni/final_project/Game/The Tower - Final Project/Assets/Scripts/DungeonGenerator/Components/ValueRepresentation.cs" />
        <File uid="29" fullPath="P:/uni/final_project/Game/The Tower - Final Project/Assets/Scripts/DungeonGenerator/DataStructures/DungeonNode.cs" />
        <File uid="30" fullPath="P:/uni/final_project/Game/The Tower - Final Project/Assets/Scripts/DungeonGenerator/DataStructures/DungeonNodeLink.cs" />
        <File uid="31" fullPath="P:/uni/final_project/Game/The Tower - Final Project/Assets/Scripts/DungeonGenerator/DataStructures/DungeonRepresentation.cs" />
        <File uid="32" fullPath="P:/uni/final_project/Game/The Tower - Final Project/Assets/Scripts/DungeonGenerator/Components/Tiles/DungeonTile.cs" />
        <File uid="33" fullPath="P:/uni/final_project/Game/The Tower - Final Project/Assets/Scripts/DungeonGenerator/Components/Tiles/DungeonTilemap.cs" />
        <File uid="34" fullPath="P:/uni/final_project/Game/The Tower - Final Project/Assets/Scripts/DungeonGenerator/Components/Rooms/BossRoom.cs" />
        <File uid="35" fullPath="P:/uni/final_project/Game/The Tower - Final Project/Assets/Scripts/DungeonGenerator/Components/Rooms/RestPointRoom.cs" />
        <File uid="36" fullPath="P:/uni/final_project/Game/The Tower - Final Project/Assets/Scripts/DungeonGenerator/Components/Rooms/TreasureRoom.cs" />
      </Files>
      <Classes>
        <Class>
          <Summary numSequencePoints="163" visitedSequencePoints="163" numBranchPoints="0" visitedBranchPoints="0" sequenceCoverage="100.0" branchCoverage="0.0" maxCyclomaticComplexity="0" minCyclomaticComplexity="0" maxCrapScore="0" minCrapScore="0" visitedClasses="1" numClasses="1" visitedMethods="17" numMethods="17" />
          <FullName>Assets.DungeonGenerator.DungeonLayout</FullName>
          <Methods>
            <Method visited="true" cyclomaticComplexity="0" nPathComplexity="0" sequenceCoverage="100.0" branchCoverage="0" crapScore="0" isConstructor="false" isStatic="false" isGetter="true" isSetter="false">
              <Summary numSequencePoints="3" visitedSequencePoints="3" numBranchPoints="0" visitedBranchPoints="0" sequenceCoverage="100.0" branchCoverage="0" maxCyclomaticComplexity="0" minCyclomaticComplexity="0" maxCrapScore="0" minCrapScore="0" visitedClasses="0" numClasses="0" visitedMethods="1" numMethods="1" />
              <MetadataToken>100663311</MetadataToken>
              <Name>System.Int32 Assets.DungeonGenerator.DungeonLayout::get_Count()</Name>
              <FileRef uid="5" />
              <SequencePoints>
                <SequencePoint vc="266" uspid="3536" ordinal="0" offset="0" sl="10" sc="32" el="10" ec="32" bec="0" bev="0" fileid="5" />
                <SequencePoint vc="266" uspid="3537" ordinal="0" offset="1" sl="10" sc="34" el="10" ec="34" bec="0" bev="0" fileid="5" />
                <SequencePoint vc="266" uspid="3538" ordinal="0" offset="15" sl="10" sc="55" el="10" ec="55" bec="0" bev="0" fileid="5" />
              </SequencePoints>
              <BranchPoints />
            </Method>
            <Method visited="true" cyclomaticComplexity="0" nPathComplexity="0" sequenceCoverage="100.0" branchCoverage="0" crapScore="0" isConstructor="false" isStatic="false" isGetter="true" isSetter="false">
              <Summary numSequencePoints="1" visitedSequencePoints="1" numBranchPoints="0" visitedBranchPoints="0" sequenceCoverage="100.0" branchCoverage="0" maxCyclomaticComplexity="0" minCyclomaticComplexity="0" maxCrapScore="0" minCrapScore="0" visitedClasses="0" numClasses="0" visitedMethods="1" numMethods="1" />
              <MetadataToken>100663312</MetadataToken>
              <Name>Assets.DungeonGenerator.Components.DungeonNode Assets.DungeonGenerator.DungeonLayout::get_FirstNode()</Name>
              <FileRef uid="5" />
              <SequencePoints>
                <SequencePoint vc="618" uspid="3539" ordinal="0" offset="0" sl="12" sc="40" el="12" ec="40" bec="0" bev="0" fileid="5" />
              </SequencePoints>
              <BranchPoints />
            </Method>
            <Method visited="true" cyclomaticComplexity="0" nPathComplexity="0" sequenceCoverage="100.0" branchCoverage="0" crapScore="0" isConstructor="false" isStatic="false" isGetter="false" isSetter="true">
              <Summary numSequencePoints="1" visitedSequencePoints="1" numBranchPoints="0" visitedBranchPoints="0" sequenceCoverage="100.0" branchCoverage="0" maxCyclomaticComplexity="0" minCyclomaticComplexity="0" maxCrapScore="0" minCrapScore="0" visitedClasses="0" numClasses="0" visitedMethods="1" numMethods="1" />
              <MetadataToken>100663313</MetadataToken>
              <Name>System.Void Assets.DungeonGenerator.DungeonLayout::set_FirstNode(Assets.DungeonGenerator.Components.DungeonNode)</Name>
              <FileRef uid="5" />
              <SequencePoints>
                <SequencePoint vc="78" uspid="3540" ordinal="0" offset="0" sl="12" sc="45" el="12" ec="45" bec="0" bev="0" fileid="5" />
              </SequencePoints>
              <BranchPoints />
            </Method>
            <Method visited="true" cyclomaticComplexity="0" nPathComplexity="0" sequenceCoverage="100.0" branchCoverage="0" crapScore="0" isConstructor="false" isStatic="false" isGetter="true" isSetter="false">
              <Summary numSequencePoints="1" visitedSequencePoints="1" numBranchPoints="0" visitedBranchPoints="0" sequenceCoverage="100.0" branchCoverage="0" maxCyclomaticComplexity="0" minCyclomaticComplexity="0" maxCrapScore="0" minCrapScore="0" visitedClasses="0" numClasses="0" visitedMethods="1" numMethods="1" />
              <MetadataToken>100663314</MetadataToken>
              <Name>Assets.DungeonGenerator.Components.DungeonNode Assets.DungeonGenerator.DungeonLayout::get_LastNode()</Name>
              <FileRef uid="5" />
              <SequencePoints>
                <SequencePoint vc="94" uspid="3541" ordinal="0" offset="0" sl="13" sc="39" el="13" ec="39" bec="0" bev="0" fileid="5" />
              </SequencePoints>
              <BranchPoints />
            </Method>
            <Method visited="true" cyclomaticComplexity="0" nPathComplexity="0" sequenceCoverage="100.0" branchCoverage="0" crapScore="0" isConstructor="false" isStatic="false" isGetter="false" isSetter="true">
              <Summary numSequencePoints="1" visitedSequencePoints="1" numBranchPoints="0" visitedBranchPoints="0" sequenceCoverage="100.0" branchCoverage="0" maxCyclomaticComplexity="0" minCyclomaticComplexity="0" maxCrapScore="0" minCrapScore="0" visitedClasses="0" numClasses="0" visitedMethods="1" numMethods="1" />
              <MetadataToken>100663315</MetadataToken>
              <Name>System.Void Assets.DungeonGenerator.DungeonLayout::set_LastNode(Assets.DungeonGenerator.Components.DungeonNode)</Name>
              <FileRef uid="5" />
              <SequencePoints>
                <SequencePoint vc="582" uspid="3542" ordinal="0" offset="0" sl="13" sc="44" el="13" ec="44" bec="0" bev="0" fileid="5" />
              </SequencePoints>
              <BranchPoints />
            </Method>
            <Method visited="true" cyclomaticComplexity="0" nPathComplexity="0" sequenceCoverage="100.0" branchCoverage="0" crapScore="0" isConstructor="false" isStatic="false" isGetter="false" isSetter="false">
              <Summary numSequencePoints="8" visitedSequencePoints="8" numBranchPoints="0" visitedBranchPoints="0" sequenceCoverage="100.0" branchCoverage="0" maxCyclomaticComplexity="0" minCyclomaticComplexity="0" maxCrapScore="0" minCrapScore="0" visitedClasses="0" numClasses="0" visitedMethods="1" numMethods="1" />
              <MetadataToken>100663317</MetadataToken>
              <Name>System.Void Assets.DungeonGenerator.DungeonLayout::Add(Assets.DungeonGenerator.Components.DungeonNode)</Name>
              <FileRef uid="5" />
              <SequencePoints>
                <SequencePoint vc="1343" uspid="3543" ordinal="0" offset="0" sl="33" sc="9" el="33" ec="9" bec="0" bev="0" fileid="5" />
                <SequencePoint vc="1343" uspid="3544" ordinal="0" offset="1" sl="35" sc="13" el="35" ec="13" bec="0" bev="0" fileid="5" />
                <SequencePoint vc="582" uspid="3545" ordinal="0" offset="26" sl="36" sc="13" el="36" ec="13" bec="0" bev="0" fileid="5" />
                <SequencePoint vc="582" uspid="3546" ordinal="0" offset="27" sl="37" sc="17" el="37" ec="17" bec="0" bev="0" fileid="5" />
                <SequencePoint vc="582" uspid="3547" ordinal="0" offset="40" sl="39" sc="17" el="39" ec="17" bec="0" bev="0" fileid="5" />
                <SequencePoint vc="582" uspid="3548" ordinal="0" offset="58" sl="40" sc="17" el="40" ec="17" bec="0" bev="0" fileid="5" />
                <SequencePoint vc="582" uspid="3549" ordinal="0" offset="66" sl="41" sc="13" el="41" ec="13" bec="0" bev="0" fileid="5" />
                <SequencePoint vc="1343" uspid="3550" ordinal="0" offset="67" sl="42" sc="9" el="42" ec="9" bec="0" bev="0" fileid="5" />
              </SequencePoints>
              <BranchPoints />
            </Method>
            <Method visited="true" cyclomaticComplexity="0" nPathComplexity="0" sequenceCoverage="100.0" branchCoverage="0" crapScore="0" isConstructor="false" isStatic="false" isGetter="false" isSetter="false">
              <Summary numSequencePoints="25" visitedSequencePoints="25" numBranchPoints="0" visitedBranchPoints="0" sequenceCoverage="100.0" branchCoverage="0" maxCyclomaticComplexity="0" minCyclomaticComplexity="0" maxCrapScore="0" minCrapScore="0" visitedClasses="0" numClasses="0" visitedMethods="1" numMethods="1" />
              <MetadataToken>100663318</MetadataToken>
              <Name>System.Void Assets.DungeonGenerator.DungeonLayout::Add(Assets.DungeonGenerator.Components.DungeonNode, Assets.DungeonGenerator.Components.DungeonNode[])</Name>
              <FileRef uid="5" />
              <SequencePoints>
                <SequencePoint vc="498" uspid="3551" ordinal="0" offset="0" sl="52" sc="9" el="52" ec="9" bec="0" bev="0" fileid="5" />
                <SequencePoint vc="498" uspid="3552" ordinal="0" offset="1" sl="53" sc="13" el="53" ec="13" bec="0" bev="0" fileid="5" />
                <SequencePoint vc="1" uspid="3553" ordinal="0" offset="9" sl="54" sc="13" el="54" ec="13" bec="0" bev="0" fileid="5" />
                <SequencePoint vc="1" uspid="3554" ordinal="0" offset="10" sl="55" sc="17" el="55" ec="17" bec="0" bev="0" fileid="5" />
                <SequencePoint vc="497" uspid="3555" ordinal="0" offset="15" sl="58" sc="13" el="58" ec="13" bec="0" bev="0" fileid="5" />
                <SequencePoint vc="497" uspid="3556" ordinal="0" offset="23" sl="59" sc="13" el="59" ec="13" bec="0" bev="0" fileid="5" />
                <SequencePoint vc="497" uspid="3557" ordinal="0" offset="30" sl="61" sc="13" el="61" ec="13" bec="0" bev="0" fileid="5" />
                <SequencePoint vc="1" uspid="3558" ordinal="0" offset="52" sl="62" sc="13" el="62" ec="13" bec="0" bev="0" fileid="5" />
                <SequencePoint vc="1" uspid="3559" ordinal="0" offset="53" sl="63" sc="17" el="63" ec="17" bec="0" bev="0" fileid="5" />
                <SequencePoint vc="496" uspid="3560" ordinal="0" offset="55" sl="66" sc="13" el="66" ec="13" bec="0" bev="0" fileid="5" />
                <SequencePoint vc="496" uspid="3561" ordinal="0" offset="56" sl="66" sc="43" el="66" ec="43" bec="0" bev="0" fileid="5" />
                <SequencePoint vc="509" uspid="3562" ordinal="0" offset="63" sl="66" sc="22" el="66" ec="22" bec="0" bev="0" fileid="5" />
                <SequencePoint vc="509" uspid="3563" ordinal="0" offset="69" sl="67" sc="13" el="67" ec="13" bec="0" bev="0" fileid="5" />
                <SequencePoint vc="509" uspid="3564" ordinal="0" offset="70" sl="68" sc="17" el="68" ec="17" bec="0" bev="0" fileid="5" />
                <SequencePoint vc="509" uspid="3565" ordinal="0" offset="79" sl="69" sc="17" el="69" ec="17" bec="0" bev="0" fileid="5" />
                <SequencePoint vc="502" uspid="3566" ordinal="0" offset="103" sl="70" sc="17" el="70" ec="17" bec="0" bev="0" fileid="5" />
                <SequencePoint vc="502" uspid="3567" ordinal="0" offset="104" sl="71" sc="21" el="71" ec="21" bec="0" bev="0" fileid="5" />
                <SequencePoint vc="502" uspid="3568" ordinal="0" offset="113" sl="72" sc="17" el="72" ec="17" bec="0" bev="0" fileid="5" />
                <SequencePoint vc="509" uspid="3569" ordinal="0" offset="114" sl="74" sc="17" el="74" ec="17" bec="0" bev="0" fileid="5" />
                <SequencePoint vc="505" uspid="3570" ordinal="0" offset="143" sl="75" sc="17" el="75" ec="17" bec="0" bev="0" fileid="5" />
                <SequencePoint vc="505" uspid="3571" ordinal="0" offset="144" sl="76" sc="21" el="76" ec="21" bec="0" bev="0" fileid="5" />
                <SequencePoint vc="505" uspid="3572" ordinal="0" offset="158" sl="77" sc="17" el="77" ec="17" bec="0" bev="0" fileid="5" />
                <SequencePoint vc="509" uspid="3573" ordinal="0" offset="159" sl="78" sc="13" el="78" ec="13" bec="0" bev="0" fileid="5" />
                <SequencePoint vc="1005" uspid="3574" ordinal="0" offset="166" sl="66" sc="40" el="66" ec="40" bec="0" bev="0" fileid="5" />
                <SequencePoint vc="498" uspid="3575" ordinal="0" offset="173" sl="79" sc="9" el="79" ec="9" bec="0" bev="0" fileid="5" />
              </SequencePoints>
              <BranchPoints />
            </Method>
            <Method visited="true" cyclomaticComplexity="0" nPathComplexity="0" sequenceCoverage="100.0" branchCoverage="0" crapScore="0" isConstructor="false" isStatic="false" isGetter="false" isSetter="false">
              <Summary numSequencePoints="3" visitedSequencePoints="3" numBranchPoints="0" visitedBranchPoints="0" sequenceCoverage="100.0" branchCoverage="0" maxCyclomaticComplexity="0" minCyclomaticComplexity="0" maxCrapScore="0" minCrapScore="0" visitedClasses="0" numClasses="0" visitedMethods="1" numMethods="1" />
              <MetadataToken>100663319</MetadataToken>
              <Name>System.Boolean Assets.DungeonGenerator.DungeonLayout::Contains(Assets.DungeonGenerator.Components.DungeonNode)</Name>
              <FileRef uid="5" />
              <SequencePoints>
                <SequencePoint vc="7" uspid="3576" ordinal="0" offset="0" sl="87" sc="9" el="87" ec="9" bec="0" bev="0" fileid="5" />
                <SequencePoint vc="7" uspid="3577" ordinal="0" offset="1" sl="88" sc="13" el="88" ec="13" bec="0" bev="0" fileid="5" />
                <SequencePoint vc="7" uspid="3578" ordinal="0" offset="16" sl="89" sc="9" el="89" ec="9" bec="0" bev="0" fileid="5" />
              </SequencePoints>
              <BranchPoints />
            </Method>
            <Method visited="true" cyclomaticComplexity="0" nPathComplexity="0" sequenceCoverage="100.0" branchCoverage="0" crapScore="0" isConstructor="false" isStatic="false" isGetter="false" isSetter="false">
              <Summary numSequencePoints="10" visitedSequencePoints="10" numBranchPoints="0" visitedBranchPoints="0" sequenceCoverage="100.0" branchCoverage="0" maxCyclomaticComplexity="0" minCyclomaticComplexity="0" maxCrapScore="0" minCrapScore="0" visitedClasses="0" numClasses="0" visitedMethods="1" numMethods="1" />
              <MetadataToken>100663321</MetadataToken>
              <Name>System.Boolean Assets.DungeonGenerator.DungeonLayout::IsConnected()</Name>
              <FileRef uid="5" />
              <SequencePoints>
                <SequencePoint vc="17" uspid="3582" ordinal="0" offset="0" sl="106" sc="9" el="106" ec="9" bec="0" bev="0" fileid="5" />
                <SequencePoint vc="17" uspid="3583" ordinal="0" offset="1" sl="107" sc="13" el="107" ec="13" bec="0" bev="0" fileid="5" />
                <SequencePoint vc="1" uspid="3584" ordinal="0" offset="14" sl="108" sc="13" el="108" ec="13" bec="0" bev="0" fileid="5" />
                <SequencePoint vc="1" uspid="3585" ordinal="0" offset="15" sl="109" sc="17" el="109" ec="17" bec="0" bev="0" fileid="5" />
                <SequencePoint vc="16" uspid="3586" ordinal="0" offset="19" sl="111" sc="13" el="111" ec="13" bec="0" bev="0" fileid="5" />
                <SequencePoint vc="16" uspid="3587" ordinal="0" offset="25" sl="112" sc="13" el="112" ec="13" bec="0" bev="0" fileid="5" />
                <SequencePoint vc="16" uspid="3588" ordinal="0" offset="37" sl="113" sc="13" el="113" ec="13" bec="0" bev="0" fileid="5" />
                <SequencePoint vc="16" uspid="3589" ordinal="0" offset="45" sl="114" sc="13" el="114" ec="13" bec="0" bev="0" fileid="5" />
                <SequencePoint vc="16" uspid="3590" ordinal="0" offset="54" sl="115" sc="13" el="115" ec="13" bec="0" bev="0" fileid="5" />
                <SequencePoint vc="17" uspid="3591" ordinal="0" offset="71" sl="116" sc="9" el="116" ec="9" bec="0" bev="0" fileid="5" />
              </SequencePoints>
              <BranchPoints />
            </Method>
            <Method visited="true" cyclomaticComplexity="0" nPathComplexity="0" sequenceCoverage="100.0" branchCoverage="0" crapScore="0" isConstructor="false" isStatic="false" isGetter="false" isSetter="false">
              <Summary numSequencePoints="3" visitedSequencePoints="3" numBranchPoints="0" visitedBranchPoints="0" sequenceCoverage="100.0" branchCoverage="0" maxCyclomaticComplexity="0" minCyclomaticComplexity="0" maxCrapScore="0" minCrapScore="0" visitedClasses="0" numClasses="0" visitedMethods="1" numMethods="1" />
              <MetadataToken>100663322</MetadataToken>
              <Name>System.Collections.Generic.Enumerator Assets.DungeonGenerator.DungeonLayout::GetEnumerator()</Name>
              <FileRef uid="5" />
              <SequencePoints>
                <SequencePoint vc="18" uspid="3592" ordinal="0" offset="0" sl="119" sc="9" el="119" ec="9" bec="0" bev="0" fileid="5" />
                <SequencePoint vc="18" uspid="3593" ordinal="0" offset="1" sl="120" sc="13" el="120" ec="13" bec="0" bev="0" fileid="5" />
                <SequencePoint vc="18" uspid="3594" ordinal="0" offset="15" sl="121" sc="9" el="121" ec="9" bec="0" bev="0" fileid="5" />
              </SequencePoints>
              <BranchPoints />
            </Method>
            <Method visited="true" cyclomaticComplexity="0" nPathComplexity="0" sequenceCoverage="100.0" branchCoverage="0" crapScore="0" isConstructor="false" isStatic="false" isGetter="true" isSetter="false">
              <Summary numSequencePoints="3" visitedSequencePoints="3" numBranchPoints="0" visitedBranchPoints="0" sequenceCoverage="100.0" branchCoverage="0" maxCyclomaticComplexity="0" minCyclomaticComplexity="0" maxCrapScore="0" minCrapScore="0" visitedClasses="0" numClasses="0" visitedMethods="1" numMethods="1" />
              <MetadataToken>100663323</MetadataToken>
              <Name>System.Collections.Generic.List[DungeonNode] Assets.DungeonGenerator.DungeonLayout::get_Item(Assets.DungeonGenerator.Components.DungeonNode)</Name>
              <FileRef uid="5" />
              <SequencePoints>
                <SequencePoint vc="6" uspid="3595" ordinal="0" offset="0" sl="130" sc="13" el="130" ec="13" bec="0" bev="0" fileid="5" />
                <SequencePoint vc="6" uspid="3596" ordinal="0" offset="1" sl="131" sc="17" el="131" ec="17" bec="0" bev="0" fileid="5" />
                <SequencePoint vc="6" uspid="3597" ordinal="0" offset="10" sl="132" sc="13" el="132" ec="13" bec="0" bev="0" fileid="5" />
              </SequencePoints>
              <BranchPoints />
            </Method>
            <Method visited="true" cyclomaticComplexity="0" nPathComplexity="0" sequenceCoverage="100.0" branchCoverage="0" crapScore="0" isConstructor="false" isStatic="false" isGetter="false" isSetter="false">
              <Summary numSequencePoints="10" visitedSequencePoints="10" numBranchPoints="0" visitedBranchPoints="0" sequenceCoverage="100.0" branchCoverage="0" maxCyclomaticComplexity="0" minCyclomaticComplexity="0" maxCrapScore="0" minCrapScore="0" visitedClasses="0" numClasses="0" visitedMethods="1" numMethods="1" />
              <MetadataToken>100663325</MetadataToken>
              <Name>System.Void Assets.DungeonGenerator.DungeonLayout::Remove(Assets.DungeonGenerator.Components.DungeonNode)</Name>
              <FileRef uid="5" />
              <SequencePoints>
                <SequencePoint vc="50" uspid="3601" ordinal="0" offset="0" sl="148" sc="9" el="148" ec="9" bec="0" bev="0" fileid="5" />
                <SequencePoint vc="50" uspid="3602" ordinal="0" offset="1" sl="149" sc="13" el="149" ec="13" bec="0" bev="0" fileid="5" />
                <SequencePoint vc="50" uspid="3603" ordinal="0" offset="2" sl="149" sc="43" el="149" ec="43" bec="0" bev="0" fileid="5" />
                <SequencePoint vc="52" uspid="3604" ordinal="0" offset="16" sl="149" sc="22" el="149" ec="22" bec="0" bev="0" fileid="5" />
                <SequencePoint vc="52" uspid="3605" ordinal="0" offset="24" sl="150" sc="13" el="150" ec="13" bec="0" bev="0" fileid="5" />
                <SequencePoint vc="52" uspid="3606" ordinal="0" offset="25" sl="151" sc="17" el="151" ec="17" bec="0" bev="0" fileid="5" />
                <SequencePoint vc="52" uspid="3607" ordinal="0" offset="38" sl="152" sc="13" el="152" ec="13" bec="0" bev="0" fileid="5" />
                <SequencePoint vc="102" uspid="3608" ordinal="0" offset="39" sl="149" sc="40" el="149" ec="40" bec="0" bev="0" fileid="5" />
                <SequencePoint vc="50" uspid="3609" ordinal="0" offset="65" sl="153" sc="13" el="153" ec="13" bec="0" bev="0" fileid="5" />
                <SequencePoint vc="50" uspid="3610" ordinal="0" offset="78" sl="154" sc="9" el="154" ec="9" bec="0" bev="0" fileid="5" />
              </SequencePoints>
              <BranchPoints />
            </Method>
            <Method visited="true" cyclomaticComplexity="0" nPathComplexity="0" sequenceCoverage="100.0" branchCoverage="0" crapScore="0" isConstructor="false" isStatic="false" isGetter="false" isSetter="false">
              <Summary numSequencePoints="13" visitedSequencePoints="13" numBranchPoints="0" visitedBranchPoints="0" sequenceCoverage="100.0" branchCoverage="0" maxCyclomaticComplexity="0" minCyclomaticComplexity="0" maxCrapScore="0" minCrapScore="0" visitedClasses="0" numClasses="0" visitedMethods="1" numMethods="1" />
              <MetadataToken>100663326</MetadataToken>
              <Name>System.Void Assets.DungeonGenerator.DungeonLayout::VisitNode(Assets.DungeonGenerator.Components.DungeonNode, System.Collections.Generic.HashSet[DungeonNode])</Name>
              <FileRef uid="5" />
              <SequencePoints>
                <SequencePoint vc="188" uspid="3611" ordinal="0" offset="0" sl="157" sc="9" el="157" ec="9" bec="0" bev="0" fileid="5" />
                <SequencePoint vc="188" uspid="3612" ordinal="0" offset="1" sl="158" sc="13" el="158" ec="13" bec="0" bev="0" fileid="5" />
                <SequencePoint vc="188" uspid="3613" ordinal="0" offset="2" sl="158" sc="34" el="158" ec="34" bec="0" bev="0" fileid="5" />
                <SequencePoint vc="344" uspid="3614" ordinal="0" offset="16" sl="158" sc="22" el="158" ec="22" bec="0" bev="0" fileid="5" />
                <SequencePoint vc="344" uspid="3615" ordinal="0" offset="24" sl="159" sc="13" el="159" ec="13" bec="0" bev="0" fileid="5" />
                <SequencePoint vc="344" uspid="3616" ordinal="0" offset="25" sl="160" sc="17" el="160" ec="17" bec="0" bev="0" fileid="5" />
                <SequencePoint vc="172" uspid="3617" ordinal="0" offset="36" sl="161" sc="17" el="161" ec="17" bec="0" bev="0" fileid="5" />
                <SequencePoint vc="172" uspid="3618" ordinal="0" offset="37" sl="162" sc="21" el="162" ec="21" bec="0" bev="0" fileid="5" />
                <SequencePoint vc="172" uspid="3619" ordinal="0" offset="39" sl="164" sc="17" el="164" ec="17" bec="0" bev="0" fileid="5" />
                <SequencePoint vc="172" uspid="3620" ordinal="0" offset="47" sl="165" sc="17" el="165" ec="17" bec="0" bev="0" fileid="5" />
                <SequencePoint vc="172" uspid="3621" ordinal="0" offset="56" sl="166" sc="13" el="166" ec="13" bec="0" bev="0" fileid="5" />
                <SequencePoint vc="532" uspid="3622" ordinal="0" offset="57" sl="158" sc="31" el="158" ec="31" bec="0" bev="0" fileid="5" />
                <SequencePoint vc="188" uspid="3623" ordinal="0" offset="83" sl="167" sc="9" el="167" ec="9" bec="0" bev="0" fileid="5" />
              </SequencePoints>
              <BranchPoints />
            </Method>
            <Method visited="true" cyclomaticComplexity="0" nPathComplexity="0" sequenceCoverage="100.0" branchCoverage="0" crapScore="0" isConstructor="false" isStatic="false" isGetter="false" isSetter="false">
              <Summary numSequencePoints="35" visitedSequencePoints="35" numBranchPoints="0" visitedBranchPoints="0" sequenceCoverage="100.0" branchCoverage="0" maxCyclomaticComplexity="0" minCyclomaticComplexity="0" maxCrapScore="0" minCrapScore="0" visitedClasses="0" numClasses="0" visitedMethods="1" numMethods="1" />
              <MetadataToken>100663327</MetadataToken>
              <Name>System.Collections.Generic.List[DungeonNode] Assets.DungeonGenerator.DungeonLayout::FindMatching(System.Collections.Generic.List[RoomType])</Name>
              <FileRef uid="5" />
              <SequencePoints>
                <SequencePoint vc="175" uspid="3624" ordinal="0" offset="0" sl="175" sc="9" el="175" ec="9" bec="0" bev="0" fileid="5" />
                <SequencePoint vc="175" uspid="3625" ordinal="0" offset="1" sl="176" sc="13" el="176" ec="13" bec="0" bev="0" fileid="5" />
                <SequencePoint vc="175" uspid="3626" ordinal="0" offset="7" sl="177" sc="13" el="177" ec="13" bec="0" bev="0" fileid="5" />
                <SequencePoint vc="175" uspid="3627" ordinal="0" offset="9" sl="179" sc="13" el="179" ec="13" bec="0" bev="0" fileid="5" />
                <SequencePoint vc="175" uspid="3628" ordinal="0" offset="10" sl="179" sc="34" el="179" ec="34" bec="0" bev="0" fileid="5" />
                <SequencePoint vc="1348" uspid="3629" ordinal="0" offset="27" sl="179" sc="22" el="179" ec="22" bec="0" bev="0" fileid="5" />
                <SequencePoint vc="1348" uspid="3630" ordinal="0" offset="35" sl="180" sc="13" el="180" ec="13" bec="0" bev="0" fileid="5" />
                <SequencePoint vc="1348" uspid="3631" ordinal="0" offset="36" sl="181" sc="22" el="181" ec="22" bec="0" bev="0" fileid="5" />
                <SequencePoint vc="1597" uspid="3632" ordinal="0" offset="51" sl="182" sc="17" el="182" ec="17" bec="0" bev="0" fileid="5" />
                <SequencePoint vc="1597" uspid="3633" ordinal="0" offset="52" sl="183" sc="21" el="183" ec="21" bec="0" bev="0" fileid="5" />
                <SequencePoint vc="1597" uspid="3634" ordinal="0" offset="67" sl="185" sc="21" el="185" ec="21" bec="0" bev="0" fileid="5" />
                <SequencePoint vc="293" uspid="3635" ordinal="0" offset="100" sl="186" sc="21" el="186" ec="21" bec="0" bev="0" fileid="5" />
                <SequencePoint vc="293" uspid="3636" ordinal="0" offset="101" sl="187" sc="25" el="187" ec="25" bec="0" bev="0" fileid="5" />
                <SequencePoint vc="293" uspid="3637" ordinal="0" offset="103" sl="188" sc="25" el="188" ec="25" bec="0" bev="0" fileid="5" />
                <SequencePoint vc="293" uspid="3638" ordinal="0" offset="111" sl="189" sc="21" el="189" ec="21" bec="0" bev="0" fileid="5" />
                <SequencePoint vc="1304" uspid="3639" ordinal="0" offset="114" sl="190" sc="26" el="190" ec="26" bec="0" bev="0" fileid="5" />
                <SequencePoint vc="105" uspid="3640" ordinal="0" offset="159" sl="191" sc="21" el="191" ec="21" bec="0" bev="0" fileid="5" />
                <SequencePoint vc="105" uspid="3641" ordinal="0" offset="160" sl="192" sc="25" el="192" ec="25" bec="0" bev="0" fileid="5" />
                <SequencePoint vc="105" uspid="3642" ordinal="0" offset="186" sl="194" sc="25" el="194" ec="25" bec="0" bev="0" fileid="5" />
                <SequencePoint vc="105" uspid="3643" ordinal="0" offset="195" sl="195" sc="25" el="195" ec="25" bec="0" bev="0" fileid="5" />
                <SequencePoint vc="105" uspid="3644" ordinal="0" offset="198" sl="196" sc="21" el="196" ec="21" bec="0" bev="0" fileid="5" />
                <SequencePoint vc="1199" uspid="3645" ordinal="0" offset="201" sl="198" sc="21" el="198" ec="21" bec="0" bev="0" fileid="5" />
                <SequencePoint vc="1199" uspid="3646" ordinal="0" offset="202" sl="199" sc="25" el="199" ec="25" bec="0" bev="0" fileid="5" />
                <SequencePoint vc="1199" uspid="3647" ordinal="0" offset="209" sl="200" sc="25" el="200" ec="25" bec="0" bev="0" fileid="5" />
                <SequencePoint vc="1199" uspid="3648" ordinal="0" offset="211" sl="201" sc="25" el="201" ec="25" bec="0" bev="0" fileid="5" />
                <SequencePoint vc="398" uspid="3649" ordinal="0" offset="213" sl="203" sc="17" el="203" ec="17" bec="0" bev="0" fileid="5" />
                <SequencePoint vc="398" uspid="3650" ordinal="0" offset="214" sl="181" sc="52" el="181" ec="52" bec="0" bev="0" fileid="5" />
                <SequencePoint vc="1746" uspid="3651" ordinal="0" offset="220" sl="181" sc="33" el="181" ec="33" bec="0" bev="0" fileid="5" />
                <SequencePoint vc="1348" uspid="3652" ordinal="0" offset="239" sl="205" sc="17" el="205" ec="17" bec="0" bev="0" fileid="5" />
                <SequencePoint vc="149" uspid="3653" ordinal="0" offset="259" sl="206" sc="17" el="206" ec="17" bec="0" bev="0" fileid="5" />
                <SequencePoint vc="149" uspid="3654" ordinal="0" offset="260" sl="207" sc="21" el="207" ec="21" bec="0" bev="0" fileid="5" />
                <SequencePoint vc="1199" uspid="3655" ordinal="0" offset="262" sl="209" sc="13" el="209" ec="13" bec="0" bev="0" fileid="5" />
                <SequencePoint vc="1374" uspid="3656" ordinal="0" offset="263" sl="179" sc="31" el="179" ec="31" bec="0" bev="0" fileid="5" />
                <SequencePoint vc="175" uspid="3657" ordinal="0" offset="292" sl="210" sc="13" el="210" ec="13" bec="0" bev="0" fileid="5" />
                <SequencePoint vc="175" uspid="3658" ordinal="0" offset="297" sl="211" sc="9" el="211" ec="9" bec="0" bev="0" fileid="5" />
              </SequencePoints>
              <BranchPoints />
            </Method>
            <Method visited="true" cyclomaticComplexity="0" nPathComplexity="0" sequenceCoverage="100.0" branchCoverage="0" crapScore="0" isConstructor="false" isStatic="false" isGetter="false" isSetter="false">
              <Summary numSequencePoints="39" visitedSequencePoints="39" numBranchPoints="0" visitedBranchPoints="0" sequenceCoverage="100.0" branchCoverage="0" maxCyclomaticComplexity="0" minCyclomaticComplexity="0" maxCrapScore="0" minCrapScore="0" visitedClasses="0" numClasses="0" visitedMethods="1" numMethods="1" />
              <MetadataToken>100663328</MetadataToken>
              <Name>System.Void Assets.DungeonGenerator.DungeonLayout::Replace(System.Collections.Generic.List[DungeonNode], System.Collections.Generic.List[RoomType])</Name>
              <FileRef uid="5" />
              <SequencePoints>
                <SequencePoint vc="101" uspid="3659" ordinal="0" offset="0" sl="220" sc="9" el="220" ec="9" bec="0" bev="0" fileid="5" />
                <SequencePoint vc="101" uspid="3660" ordinal="0" offset="1" sl="221" sc="13" el="221" ec="13" bec="0" bev="0" fileid="5" />
                <SequencePoint vc="101" uspid="3661" ordinal="0" offset="3" sl="222" sc="13" el="222" ec="13" bec="0" bev="0" fileid="5" />
                <SequencePoint vc="101" uspid="3662" ordinal="0" offset="21" sl="225" sc="18" el="225" ec="18" bec="0" bev="0" fileid="5" />
                <SequencePoint vc="200" uspid="3663" ordinal="0" offset="25" sl="226" sc="13" el="226" ec="13" bec="0" bev="0" fileid="5" />
                <SequencePoint vc="200" uspid="3664" ordinal="0" offset="26" sl="227" sc="17" el="227" ec="17" bec="0" bev="0" fileid="5" />
                <SequencePoint vc="200" uspid="3665" ordinal="0" offset="34" sl="228" sc="17" el="228" ec="17" bec="0" bev="0" fileid="5" />
                <SequencePoint vc="200" uspid="3666" ordinal="0" offset="48" sl="229" sc="17" el="229" ec="17" bec="0" bev="0" fileid="5" />
                <SequencePoint vc="200" uspid="3667" ordinal="0" offset="50" sl="230" sc="13" el="230" ec="13" bec="0" bev="0" fileid="5" />
                <SequencePoint vc="200" uspid="3668" ordinal="0" offset="51" sl="225" sc="40" el="225" ec="40" bec="0" bev="0" fileid="5" />
                <SequencePoint vc="301" uspid="3669" ordinal="0" offset="55" sl="225" sc="29" el="225" ec="29" bec="0" bev="0" fileid="5" />
                <SequencePoint vc="101" uspid="3670" ordinal="0" offset="65" sl="233" sc="13" el="233" ec="13" bec="0" bev="0" fileid="5" />
                <SequencePoint vc="74" uspid="3671" ordinal="0" offset="85" sl="234" sc="13" el="234" ec="13" bec="0" bev="0" fileid="5" />
                <SequencePoint vc="74" uspid="3672" ordinal="0" offset="86" sl="235" sc="22" el="235" ec="22" bec="0" bev="0" fileid="5" />
                <SequencePoint vc="148" uspid="3673" ordinal="0" offset="91" sl="236" sc="17" el="236" ec="17" bec="0" bev="0" fileid="5" />
                <SequencePoint vc="148" uspid="3674" ordinal="0" offset="92" sl="237" sc="21" el="237" ec="21" bec="0" bev="0" fileid="5" />
                <SequencePoint vc="148" uspid="3675" ordinal="0" offset="107" sl="238" sc="21" el="238" ec="21" bec="0" bev="0" fileid="5" />
                <SequencePoint vc="148" uspid="3676" ordinal="0" offset="126" sl="239" sc="21" el="239" ec="21" bec="0" bev="0" fileid="5" />
                <SequencePoint vc="148" uspid="3677" ordinal="0" offset="129" sl="240" sc="17" el="240" ec="17" bec="0" bev="0" fileid="5" />
                <SequencePoint vc="148" uspid="3678" ordinal="0" offset="130" sl="235" sc="57" el="235" ec="57" bec="0" bev="0" fileid="5" />
                <SequencePoint vc="222" uspid="3679" ordinal="0" offset="136" sl="235" sc="37" el="235" ec="37" bec="0" bev="0" fileid="5" />
                <SequencePoint vc="74" uspid="3680" ordinal="0" offset="152" sl="241" sc="13" el="241" ec="13" bec="0" bev="0" fileid="5" />
                <SequencePoint vc="27" uspid="3681" ordinal="0" offset="158" sl="242" sc="18" el="242" ec="18" bec="0" bev="0" fileid="5" />
                <SequencePoint vc="1" uspid="3682" ordinal="0" offset="178" sl="243" sc="13" el="243" ec="13" bec="0" bev="0" fileid="5" />
                <SequencePoint vc="1" uspid="3683" ordinal="0" offset="179" sl="244" sc="17" el="244" ec="17" bec="0" bev="0" fileid="5" />
                <SequencePoint vc="1" uspid="3684" ordinal="0" offset="186" sl="245" sc="22" el="245" ec="22" bec="0" bev="0" fileid="5" />
                <SequencePoint vc="3" uspid="3685" ordinal="0" offset="191" sl="246" sc="17" el="246" ec="17" bec="0" bev="0" fileid="5" />
                <SequencePoint vc="3" uspid="3686" ordinal="0" offset="192" sl="247" sc="21" el="247" ec="21" bec="0" bev="0" fileid="5" />
                <SequencePoint vc="3" uspid="3687" ordinal="0" offset="202" sl="248" sc="21" el="248" ec="21" bec="0" bev="0" fileid="5" />
                <SequencePoint vc="3" uspid="3688" ordinal="0" offset="211" sl="249" sc="21" el="249" ec="21" bec="0" bev="0" fileid="5" />
                <SequencePoint vc="3" uspid="3689" ordinal="0" offset="221" sl="251" sc="21" el="251" ec="21" bec="0" bev="0" fileid="5" />
                <SequencePoint vc="3" uspid="3690" ordinal="0" offset="230" sl="252" sc="21" el="252" ec="21" bec="0" bev="0" fileid="5" />
                <SequencePoint vc="3" uspid="3691" ordinal="0" offset="240" sl="253" sc="21" el="253" ec="21" bec="0" bev="0" fileid="5" />
                <SequencePoint vc="3" uspid="3692" ordinal="0" offset="254" sl="254" sc="17" el="254" ec="17" bec="0" bev="0" fileid="5" />
                <SequencePoint vc="3" uspid="3693" ordinal="0" offset="255" sl="245" sc="50" el="245" ec="50" bec="0" bev="0" fileid="5" />
                <SequencePoint vc="4" uspid="3694" ordinal="0" offset="261" sl="245" sc="33" el="245" ec="33" bec="0" bev="0" fileid="5" />
                <SequencePoint vc="1" uspid="3695" ordinal="0" offset="277" sl="256" sc="17" el="256" ec="17" bec="0" bev="0" fileid="5" />
                <SequencePoint vc="1" uspid="3696" ordinal="0" offset="292" sl="257" sc="13" el="257" ec="13" bec="0" bev="0" fileid="5" />
                <SequencePoint vc="101" uspid="3697" ordinal="0" offset="293" sl="258" sc="9" el="258" ec="9" bec="0" bev="0" fileid="5" />
              </SequencePoints>
              <BranchPoints />
            </Method>
            <Method visited="true" cyclomaticComplexity="0" nPathComplexity="0" sequenceCoverage="100.0" branchCoverage="0" crapScore="0" isConstructor="false" isStatic="false" isGetter="false" isSetter="false">
              <Summary numSequencePoints="3" visitedSequencePoints="3" numBranchPoints="0" visitedBranchPoints="0" sequenceCoverage="100.0" branchCoverage="0" maxCyclomaticComplexity="0" minCyclomaticComplexity="0" maxCrapScore="0" minCrapScore="0" visitedClasses="0" numClasses="0" visitedMethods="1" numMethods="1" />
              <MetadataToken>100663329</MetadataToken>
              <Name>Assets.DungeonGenerator.Components.DungeonNode Assets.DungeonGenerator.DungeonLayout::FindById(System.Int32)</Name>
              <FileRef uid="5" />
              <SequencePoints>
                <SequencePoint vc="11" uspid="3698" ordinal="0" offset="13" sl="262" sc="9" el="262" ec="9" bec="0" bev="0" fileid="5" />
                <SequencePoint vc="11" uspid="3699" ordinal="0" offset="14" sl="263" sc="13" el="263" ec="13" bec="0" bev="0" fileid="5" />
                <SequencePoint vc="11" uspid="3700" ordinal="0" offset="40" sl="264" sc="9" el="264" ec="9" bec="0" bev="0" fileid="5" />
              </SequencePoints>
              <BranchPoints />
            </Method>
            <Method visited="true" cyclomaticComplexity="0" nPathComplexity="0" sequenceCoverage="100.0" branchCoverage="0" crapScore="0" isConstructor="true" isStatic="false" isGetter="false" isSetter="false">
              <Summary numSequencePoints="4" visitedSequencePoints="4" numBranchPoints="0" visitedBranchPoints="0" sequenceCoverage="100.0" branchCoverage="0" maxCyclomaticComplexity="0" minCyclomaticComplexity="0" maxCrapScore="0" minCrapScore="0" visitedClasses="0" numClasses="0" visitedMethods="1" numMethods="1" />
              <MetadataToken>100663316</MetadataToken>
              <Name>Assets.DungeonGenerator.DungeonLayout::DungeonLayout()</Name>
              <FileRef uid="5" />
              <SequencePoints>
                <SequencePoint vc="95" uspid="3701" ordinal="0" offset="0" sl="22" sc="9" el="22" ec="9" bec="0" bev="0" fileid="5" />
                <SequencePoint vc="95" uspid="3702" ordinal="0" offset="7" sl="23" sc="9" el="23" ec="9" bec="0" bev="0" fileid="5" />
                <SequencePoint vc="95" uspid="3703" ordinal="0" offset="8" sl="24" sc="13" el="24" ec="13" bec="0" bev="0" fileid="5" />
                <SequencePoint vc="95" uspid="3704" ordinal="0" offset="19" sl="25" sc="9" el="25" ec="9" bec="0" bev="0" fileid="5" />
              </SequencePoints>
              <BranchPoints />
            </Method>
          </Methods>
        </Class>
        <Class>
          <Summary numSequencePoints="14" visitedSequencePoints="14" numBranchPoints="0" visitedBranchPoints="0" sequenceCoverage="100.0" branchCoverage="0.0" maxCyclomaticComplexity="0" minCyclomaticComplexity="0" maxCrapScore="0" minCrapScore="0" visitedClasses="1" numClasses="1" visitedMethods="3" numMethods="3" />
          <FullName>Assets.DungeonGenerator.DungeonGenerator</FullName>
          <Methods>
            <Method visited="true" cyclomaticComplexity="0" nPathComplexity="0" sequenceCoverage="100.0" branchCoverage="0" crapScore="0" isConstructor="false" isStatic="false" isGetter="false" isSetter="false">
              <Summary numSequencePoints="2" visitedSequencePoints="2" numBranchPoints="0" visitedBranchPoints="0" sequenceCoverage="100.0" branchCoverage="0" maxCyclomaticComplexity="0" minCyclomaticComplexity="0" maxCrapScore="0" minCrapScore="0" visitedClasses="0" numClasses="0" visitedMethods="1" numMethods="1" />
              <MetadataToken>100663330</MetadataToken>
              <Name>System.Void Assets.DungeonGenerator.DungeonGenerator::Start()</Name>
              <FileRef uid="6" />
              <SequencePoints>
                <SequencePoint vc="17" uspid="3705" ordinal="0" offset="0" sl="10" sc="9" el="10" ec="9" bec="0" bev="0" fileid="6" />
                <SequencePoint vc="17" uspid="3706" ordinal="0" offset="1" sl="12" sc="9" el="12" ec="9" bec="0" bev="0" fileid="6" />
              </SequencePoints>
              <BranchPoints />
            </Method>
            <Method visited="true" cyclomaticComplexity="0" nPathComplexity="0" sequenceCoverage="100.0" branchCoverage="0" crapScore="0" isConstructor="false" isStatic="false" isGetter="false" isSetter="false">
              <Summary numSequencePoints="5" visitedSequencePoints="5" numBranchPoints="0" visitedBranchPoints="0" sequenceCoverage="100.0" branchCoverage="0" maxCyclomaticComplexity="0" minCyclomaticComplexity="0" maxCrapScore="0" minCrapScore="0" visitedClasses="0" numClasses="0" visitedMethods="1" numMethods="1" />
              <MetadataToken>100663331</MetadataToken>
              <Name>Assets.DungeonGenerator.Components.Dungeon Assets.DungeonGenerator.DungeonGenerator::GenerateDungeon(Assets.DungeonGenerator.Components.DungeonRepresentation)</Name>
              <FileRef uid="6" />
              <SequencePoints>
                <SequencePoint vc="18" uspid="3707" ordinal="0" offset="13" sl="19" sc="9" el="19" ec="9" bec="0" bev="0" fileid="6" />
                <SequencePoint vc="18" uspid="3708" ordinal="0" offset="14" sl="20" sc="13" el="20" ec="13" bec="0" bev="0" fileid="6" />
                <SequencePoint vc="18" uspid="3709" ordinal="0" offset="50" sl="25" sc="13" el="25" ec="13" bec="0" bev="0" fileid="6" />
                <SequencePoint vc="18" uspid="3710" ordinal="0" offset="69" sl="26" sc="13" el="26" ec="13" bec="0" bev="0" fileid="6" />
                <SequencePoint vc="18" uspid="3711" ordinal="0" offset="83" sl="27" sc="9" el="27" ec="9" bec="0" bev="0" fileid="6" />
              </SequencePoints>
              <BranchPoints />
            </Method>
            <Method visited="true" cyclomaticComplexity="0" nPathComplexity="0" sequenceCoverage="100.0" branchCoverage="0" crapScore="0" isConstructor="false" isStatic="false" isGetter="false" isSetter="false">
              <Summary numSequencePoints="7" visitedSequencePoints="7" numBranchPoints="0" visitedBranchPoints="0" sequenceCoverage="100.0" branchCoverage="0" maxCyclomaticComplexity="0" minCyclomaticComplexity="0" maxCrapScore="0" minCrapScore="0" visitedClasses="0" numClasses="0" visitedMethods="1" numMethods="1" />
              <MetadataToken>100663332</MetadataToken>
              <Name>System.Void Assets.DungeonGenerator.DungeonGenerator::ClearDungeon()</Name>
              <FileRef uid="6" />
              <SequencePoints>
                <SequencePoint vc="9" uspid="3712" ordinal="0" offset="0" sl="30" sc="9" el="30" ec="9" bec="0" bev="0" fileid="6" />
                <SequencePoint vc="35" uspid="3713" ordinal="0" offset="3" sl="33" sc="13" el="33" ec="13" bec="0" bev="0" fileid="6" />
                <SequencePoint vc="35" uspid="3714" ordinal="0" offset="4" sl="34" sc="17" el="34" ec="17" bec="0" bev="0" fileid="6" />
                <SequencePoint vc="35" uspid="3715" ordinal="0" offset="27" sl="35" sc="13" el="35" ec="13" bec="0" bev="0" fileid="6" />
                <SequencePoint vc="44" uspid="3716" ordinal="0" offset="28" sl="32" sc="13" el="32" ec="13" bec="0" bev="0" fileid="6" />
                <SequencePoint vc="9" uspid="3717" ordinal="0" offset="46" sl="36" sc="13" el="36" ec="13" bec="0" bev="0" fileid="6" />
                <SequencePoint vc="9" uspid="3718" ordinal="0" offset="52" sl="37" sc="9" el="37" ec="9" bec="0" bev="0" fileid="6" />
              </SequencePoints>
              <BranchPoints />
            </Method>
          </Methods>
        </Class>
        <Class>
          <Summary numSequencePoints="21" visitedSequencePoints="21" numBranchPoints="0" visitedBranchPoints="0" sequenceCoverage="100.0" branchCoverage="0.0" maxCyclomaticComplexity="0" minCyclomaticComplexity="0" maxCrapScore="0" minCrapScore="0" visitedClasses="1" numClasses="1" visitedMethods="3" numMethods="3" />
          <FullName>Assets.DungeonGenerator.FlowPattern</FullName>
          <Methods>
            <Method visited="true" cyclomaticComplexity="0" nPathComplexity="0" sequenceCoverage="100.0" branchCoverage="0" crapScore="0" isConstructor="false" isStatic="false" isGetter="true" isSetter="false">
              <Summary numSequencePoints="1" visitedSequencePoints="1" numBranchPoints="0" visitedBranchPoints="0" sequenceCoverage="100.0" branchCoverage="0" maxCyclomaticComplexity="0" minCyclomaticComplexity="0" maxCrapScore="0" minCrapScore="0" visitedClasses="0" numClasses="0" visitedMethods="1" numMethods="1" />
              <MetadataToken>100663337</MetadataToken>
              <Name>System.Collections.Generic.List[RoomType] Assets.DungeonGenerator.FlowPattern::get_Matches()</Name>
              <FileRef uid="8" />
              <SequencePoints>
                <SequencePoint vc="512" uspid="3726" ordinal="0" offset="0" sl="9" sc="41" el="9" ec="41" bec="0" bev="0" fileid="8" />
              </SequencePoints>
              <BranchPoints />
            </Method>
            <Method visited="true" cyclomaticComplexity="0" nPathComplexity="0" sequenceCoverage="100.0" branchCoverage="0" crapScore="0" isConstructor="false" isStatic="false" isGetter="true" isSetter="false">
              <Summary numSequencePoints="1" visitedSequencePoints="1" numBranchPoints="0" visitedBranchPoints="0" sequenceCoverage="100.0" branchCoverage="0" maxCyclomaticComplexity="0" minCyclomaticComplexity="0" maxCrapScore="0" minCrapScore="0" visitedClasses="0" numClasses="0" visitedMethods="1" numMethods="1" />
              <MetadataToken>100663338</MetadataToken>
              <Name>System.Collections.Generic.List[RoomType] Assets.DungeonGenerator.FlowPattern::get_Replacer()</Name>
              <FileRef uid="8" />
              <SequencePoints>
                <SequencePoint vc="538" uspid="3727" ordinal="0" offset="0" sl="10" sc="42" el="10" ec="42" bec="0" bev="0" fileid="8" />
              </SequencePoints>
              <BranchPoints />
            </Method>
            <Method visited="true" cyclomaticComplexity="0" nPathComplexity="0" sequenceCoverage="100.0" branchCoverage="0" crapScore="0" isConstructor="true" isStatic="false" isGetter="false" isSetter="false">
              <Summary numSequencePoints="19" visitedSequencePoints="19" numBranchPoints="0" visitedBranchPoints="0" sequenceCoverage="100.0" branchCoverage="0" maxCyclomaticComplexity="0" minCyclomaticComplexity="0" maxCrapScore="0" minCrapScore="0" visitedClasses="0" numClasses="0" visitedMethods="1" numMethods="1" />
              <MetadataToken>100663339</MetadataToken>
              <Name>Assets.DungeonGenerator.FlowPattern::FlowPattern(Newtonsoft.Json.Linq.JToken, Newtonsoft.Json.Linq.JToken)</Name>
              <FileRef uid="8" />
              <SequencePoints>
                <SequencePoint vc="154" uspid="3728" ordinal="0" offset="0" sl="12" sc="9" el="12" ec="9" bec="0" bev="0" fileid="8" />
                <SequencePoint vc="154" uspid="3729" ordinal="0" offset="7" sl="13" sc="9" el="13" ec="9" bec="0" bev="0" fileid="8" />
                <SequencePoint vc="154" uspid="3730" ordinal="0" offset="8" sl="14" sc="13" el="14" ec="13" bec="0" bev="0" fileid="8" />
                <SequencePoint vc="154" uspid="3731" ordinal="0" offset="19" sl="15" sc="13" el="15" ec="13" bec="0" bev="0" fileid="8" />
                <SequencePoint vc="154" uspid="3732" ordinal="0" offset="30" sl="17" sc="13" el="17" ec="13" bec="0" bev="0" fileid="8" />
                <SequencePoint vc="154" uspid="3733" ordinal="0" offset="31" sl="17" sc="38" el="17" ec="38" bec="0" bev="0" fileid="8" />
                <SequencePoint vc="440" uspid="3734" ordinal="0" offset="40" sl="17" sc="22" el="17" ec="22" bec="0" bev="0" fileid="8" />
                <SequencePoint vc="440" uspid="3735" ordinal="0" offset="47" sl="18" sc="13" el="18" ec="13" bec="0" bev="0" fileid="8" />
                <SequencePoint vc="440" uspid="3736" ordinal="0" offset="48" sl="19" sc="17" el="19" ec="17" bec="0" bev="0" fileid="8" />
                <SequencePoint vc="440" uspid="3737" ordinal="0" offset="66" sl="20" sc="13" el="20" ec="13" bec="0" bev="0" fileid="8" />
                <SequencePoint vc="594" uspid="3738" ordinal="0" offset="67" sl="17" sc="35" el="17" ec="35" bec="0" bev="0" fileid="8" />
                <SequencePoint vc="154" uspid="3739" ordinal="0" offset="88" sl="22" sc="13" el="22" ec="13" bec="0" bev="0" fileid="8" />
                <SequencePoint vc="154" uspid="3740" ordinal="0" offset="89" sl="22" sc="35" el="22" ec="35" bec="0" bev="0" fileid="8" />
                <SequencePoint vc="264" uspid="3741" ordinal="0" offset="98" sl="22" sc="22" el="22" ec="22" bec="0" bev="0" fileid="8" />
                <SequencePoint vc="264" uspid="3742" ordinal="0" offset="105" sl="23" sc="13" el="23" ec="13" bec="0" bev="0" fileid="8" />
                <SequencePoint vc="264" uspid="3743" ordinal="0" offset="106" sl="24" sc="17" el="24" ec="17" bec="0" bev="0" fileid="8" />
                <SequencePoint vc="264" uspid="3744" ordinal="0" offset="124" sl="25" sc="13" el="25" ec="13" bec="0" bev="0" fileid="8" />
                <SequencePoint vc="418" uspid="3745" ordinal="0" offset="125" sl="22" sc="32" el="22" ec="32" bec="0" bev="0" fileid="8" />
                <SequencePoint vc="154" uspid="3746" ordinal="0" offset="146" sl="26" sc="9" el="26" ec="9" bec="0" bev="0" fileid="8" />
              </SequencePoints>
              <BranchPoints />
            </Method>
          </Methods>
        </Class>
        <Class>
          <Summary numSequencePoints="27" visitedSequencePoints="27" numBranchPoints="0" visitedBranchPoints="0" sequenceCoverage="100.0" branchCoverage="0.0" maxCyclomaticComplexity="0" minCyclomaticComplexity="0" maxCrapScore="0" minCrapScore="0" visitedClasses="1" numClasses="1" visitedMethods="1" numMethods="1" />
          <FullName>Assets.DungeonGenerator.GraphGrammar</FullName>
          <Methods>
            <Method visited="true" cyclomaticComplexity="0" nPathComplexity="0" sequenceCoverage="100.0" branchCoverage="0" crapScore="0" isConstructor="false" isStatic="false" isGetter="false" isSetter="false">
              <Summary numSequencePoints="27" visitedSequencePoints="27" numBranchPoints="0" visitedBranchPoints="0" sequenceCoverage="100.0" branchCoverage="0" maxCyclomaticComplexity="0" minCyclomaticComplexity="0" maxCrapScore="0" minCrapScore="0" visitedClasses="0" numClasses="0" visitedMethods="1" numMethods="1" />
              <MetadataToken>100663340</MetadataToken>
              <Name>System.Void Assets.DungeonGenerator.GraphGrammar::GenerateDungeon(Assets.DungeonGenerator.Components.DungeonRepresentation)</Name>
              <FileRef uid="9" />
              <SequencePoints>
                <SequencePoint vc="28" uspid="3747" ordinal="0" offset="0" sl="19" sc="9" el="19" ec="9" bec="0" bev="0" fileid="9" />
                <SequencePoint vc="28" uspid="3748" ordinal="0" offset="1" sl="20" sc="13" el="20" ec="13" bec="0" bev="0" fileid="9" />
                <SequencePoint vc="28" uspid="3749" ordinal="0" offset="8" sl="22" sc="13" el="22" ec="13" bec="0" bev="0" fileid="9" />
                <SequencePoint vc="47" uspid="3750" ordinal="0" offset="21" sl="25" sc="13" el="25" ec="13" bec="0" bev="0" fileid="9" />
                <SequencePoint vc="47" uspid="3751" ordinal="0" offset="22" sl="26" sc="17" el="26" ec="17" bec="0" bev="0" fileid="9" />
                <SequencePoint vc="47" uspid="3752" ordinal="0" offset="23" sl="26" sc="38" el="26" ec="38" bec="0" bev="0" fileid="9" />
                <SequencePoint vc="124" uspid="3753" ordinal="0" offset="37" sl="26" sc="26" el="26" ec="26" bec="0" bev="0" fileid="9" />
                <SequencePoint vc="124" uspid="3754" ordinal="0" offset="45" sl="27" sc="17" el="27" ec="17" bec="0" bev="0" fileid="9" />
                <SequencePoint vc="124" uspid="3755" ordinal="0" offset="46" sl="28" sc="21" el="28" ec="21" bec="0" bev="0" fileid="9" />
                <SequencePoint vc="124" uspid="3756" ordinal="0" offset="60" sl="29" sc="21" el="29" ec="21" bec="0" bev="0" fileid="9" />
                <SequencePoint vc="98" uspid="3757" ordinal="0" offset="86" sl="30" sc="21" el="30" ec="21" bec="0" bev="0" fileid="9" />
                <SequencePoint vc="98" uspid="3758" ordinal="0" offset="87" sl="31" sc="25" el="31" ec="25" bec="0" bev="0" fileid="9" />
                <SequencePoint vc="98" uspid="3759" ordinal="0" offset="102" sl="32" sc="21" el="32" ec="21" bec="0" bev="0" fileid="9" />
                <SequencePoint vc="124" uspid="3760" ordinal="0" offset="103" sl="34" sc="21" el="34" ec="21" bec="0" bev="0" fileid="9" />
                <SequencePoint vc="27" uspid="3761" ordinal="0" offset="121" sl="35" sc="21" el="35" ec="21" bec="0" bev="0" fileid="9" />
                <SequencePoint vc="27" uspid="3762" ordinal="0" offset="122" sl="36" sc="25" el="36" ec="25" bec="0" bev="0" fileid="9" />
                <SequencePoint vc="97" uspid="3763" ordinal="0" offset="124" sl="38" sc="17" el="38" ec="17" bec="0" bev="0" fileid="9" />
                <SequencePoint vc="144" uspid="3764" ordinal="0" offset="125" sl="26" sc="35" el="26" ec="35" bec="0" bev="0" fileid="9" />
                <SequencePoint vc="47" uspid="3765" ordinal="0" offset="151" sl="40" sc="17" el="40" ec="17" bec="0" bev="0" fileid="9" />
                <SequencePoint vc="47" uspid="3766" ordinal="0" offset="174" sl="41" sc="17" el="41" ec="17" bec="0" bev="0" fileid="9" />
                <SequencePoint vc="47" uspid="3767" ordinal="0" offset="175" sl="42" sc="21" el="42" ec="21" bec="0" bev="0" fileid="9" />
                <SequencePoint vc="47" uspid="3768" ordinal="0" offset="196" sl="44" sc="21" el="44" ec="21" bec="0" bev="0" fileid="9" />
                <SequencePoint vc="47" uspid="3769" ordinal="0" offset="211" sl="45" sc="21" el="45" ec="21" bec="0" bev="0" fileid="9" />
                <SequencePoint vc="47" uspid="3770" ordinal="0" offset="239" sl="46" sc="17" el="46" ec="17" bec="0" bev="0" fileid="9" />
                <SequencePoint vc="47" uspid="3771" ordinal="0" offset="240" sl="47" sc="13" el="47" ec="13" bec="0" bev="0" fileid="9" />
                <SequencePoint vc="75" uspid="3772" ordinal="0" offset="241" sl="24" sc="13" el="24" ec="13" bec="0" bev="0" fileid="9" />
                <SequencePoint vc="28" uspid="3773" ordinal="0" offset="259" sl="48" sc="9" el="48" ec="9" bec="0" bev="0" fileid="9" />
              </SequencePoints>
              <BranchPoints />
            </Method>
          </Methods>
        </Class>
        <Class>
          <Summary numSequencePoints="30" visitedSequencePoints="24" numBranchPoints="0" visitedBranchPoints="0" sequenceCoverage="80.00" branchCoverage="0.0" maxCyclomaticComplexity="0" minCyclomaticComplexity="0" maxCrapScore="0" minCrapScore="0" visitedClasses="1" numClasses="1" visitedMethods="5" numMethods="5" />
          <FullName>Assets.DungeonGenerator.JsonUtils</FullName>
          <Methods>
            <Method visited="true" cyclomaticComplexity="0" nPathComplexity="0" sequenceCoverage="57.14" branchCoverage="0" crapScore="0" isConstructor="false" isStatic="true" isGetter="false" isSetter="false">
              <Summary numSequencePoints="7" visitedSequencePoints="4" numBranchPoints="0" visitedBranchPoints="0" sequenceCoverage="57.14" branchCoverage="0" maxCyclomaticComplexity="0" minCyclomaticComplexity="0" maxCrapScore="0" minCrapScore="0" visitedClasses="0" numClasses="0" visitedMethods="1" numMethods="1" />
              <MetadataToken>100663342</MetadataToken>
              <Name>static T Assets.DungeonGenerator.JsonUtils::ConvertToEnum[T](Newtonsoft.Json.Linq.JToken, System.String)</Name>
              <FileRef uid="10" />
              <SequencePoints>
                <SequencePoint vc="48" uspid="3774" ordinal="0" offset="0" sl="12" sc="0" el="12" ec="0" bec="0" bev="0" fileid="10" />
                <SequencePoint vc="48" uspid="3775" ordinal="0" offset="1" sl="14" sc="0" el="14" ec="0" bec="0" bev="0" fileid="10" />
                <SequencePoint vc="48" uspid="3776" ordinal="0" offset="2" sl="15" sc="0" el="15" ec="0" bec="0" bev="0" fileid="10" />
                <SequencePoint vc="0" uspid="3777" ordinal="0" offset="38" sl="17" sc="0" el="17" ec="0" bec="0" bev="0" fileid="10" />
                <SequencePoint vc="0" uspid="3778" ordinal="0" offset="39" sl="18" sc="0" el="18" ec="0" bec="0" bev="0" fileid="10" />
                <SequencePoint vc="0" uspid="3779" ordinal="0" offset="40" sl="19" sc="0" el="19" ec="0" bec="0" bev="0" fileid="10" />
                <SequencePoint vc="48" uspid="3780" ordinal="0" offset="52" sl="21" sc="0" el="21" ec="0" bec="0" bev="0" fileid="10" />
              </SequencePoints>
              <BranchPoints />
            </Method>
[...]
          <Summary numSequencePoints="17" visitedSequencePoints="6" numBranchPoints="0" visitedBranchPoints="0" sequenceCoverage="35.29" branchCoverage="0.0" maxCyclomaticComplexity="0" minCyclomaticComplexity="0" maxCrapScore="0" minCrapScore="0" visitedClasses="1" numClasses="1" visitedMethods="1" numMethods="1" />
          <FullName>GameplayAdaptionTests/&lt;ShouldMonitorEnemiesDefeatedAndIncreaseStatIncreaserDropAccordingly&gt;d__3</FullName>
          <Methods>
            <Method visited="true" cyclomaticComplexity="0" nPathComplexity="0" sequenceCoverage="35.29" branchCoverage="0" crapScore="0" isConstructor="false" isStatic="false" isGetter="false" isSetter="false">
              <Summary numSequencePoints="17" visitedSequencePoints="6" numBranchPoints="0" visitedBranchPoints="0" sequenceCoverage="35.29" branchCoverage="0" maxCyclomaticComplexity="0" minCyclomaticComplexity="0" maxCrapScore="0" minCrapScore="0" visitedClasses="0" numClasses="0" visitedMethods="1" numMethods="1" />
              <MetadataToken>100663600</MetadataToken>
              <Name>System.Boolean GameplayAdaptionTests/&lt;ShouldMonitorEnemiesDefeatedAndIncreaseStatIncreaserDropAccordingly&gt;d__3::MoveNext()</Name>
              <FileRef uid="80" />
              <SequencePoints>
                <SequencePoint vc="1" uspid="6509" ordinal="0" offset="45" sl="30" sc="5" el="30" ec="5" bec="0" bev="0" fileid="80" />
                <SequencePoint vc="1" uspid="6510" ordinal="0" offset="46" sl="31" sc="9" el="31" ec="9" bec="0" bev="0" fileid="80" />
                <SequencePoint vc="1" uspid="6511" ordinal="0" offset="58" sl="33" sc="9" el="33" ec="9" bec="0" bev="0" fileid="80" />
                <SequencePoint vc="1" uspid="6512" ordinal="0" offset="90" sl="35" sc="9" el="35" ec="9" bec="0" bev="0" fileid="80" />
                <SequencePoint vc="1" uspid="6513" ordinal="0" offset="115" sl="37" sc="9" el="37" ec="9" bec="0" bev="0" fileid="80" />
                <SequencePoint vc="1" uspid="6514" ordinal="0" offset="126" sl="38" sc="9" el="38" ec="9" bec="0" bev="0" fileid="80" />
                <SequencePoint vc="0" uspid="6515" ordinal="0" offset="138" sl="40" sc="9" el="40" ec="9" bec="0" bev="0" fileid="80" />
                <SequencePoint vc="0" uspid="6516" ordinal="0" offset="149" sl="42" sc="9" el="42" ec="9" bec="0" bev="0" fileid="80" />
                <SequencePoint vc="0" uspid="6517" ordinal="0" offset="167" sl="43" sc="9" el="43" ec="9" bec="0" bev="0" fileid="80" />
                <SequencePoint vc="0" uspid="6518" ordinal="0" offset="195" sl="45" sc="9" el="45" ec="9" bec="0" bev="0" fileid="80" />
                <SequencePoint vc="0" uspid="6519" ordinal="0" offset="207" sl="47" sc="9" el="47" ec="9" bec="0" bev="0" fileid="80" />
                <SequencePoint vc="0" uspid="6520" ordinal="0" offset="229" sl="49" sc="9" el="49" ec="9" bec="0" bev="0" fileid="80" />
                <SequencePoint vc="0" uspid="6521" ordinal="0" offset="261" sl="51" sc="9" el="51" ec="9" bec="0" bev="0" fileid="80" />
                <SequencePoint vc="0" uspid="6522" ordinal="0" offset="273" sl="53" sc="9" el="53" ec="9" bec="0" bev="0" fileid="80" />
                <SequencePoint vc="0" uspid="6523" ordinal="0" offset="284" sl="55" sc="9" el="55" ec="9" bec="0" bev="0" fileid="80" />
                <SequencePoint vc="0" uspid="6524" ordinal="0" offset="302" sl="56" sc="9" el="56" ec="9" bec="0" bev="0" fileid="80" />
                <SequencePoint vc="0" uspid="6525" ordinal="0" offset="330" sl="57" sc="5" el="57" ec="5" bec="0" bev="0" fileid="80" />
              </SequencePoints>
              <BranchPoints />
            </Method>
          </Methods>
        </Class>
        <Class>
          <Summary numSequencePoints="6" visitedSequencePoints="6" numBranchPoints="0" visitedBranchPoints="0" sequenceCoverage="100.0" branchCoverage="0.0" maxCyclomaticComplexity="0" minCyclomaticComplexity="0" maxCrapScore="0" minCrapScore="0" visitedClasses="1" numClasses="1" visitedMethods="1" numMethods="1" />
          <FullName>GameSceneManagerTests/&lt;GameManagerStartsANewGame&gt;d__2</FullName>
          <Methods>
            <Method visited="true" cyclomaticComplexity="0" nPathComplexity="0" sequenceCoverage="100.0" branchCoverage="0" crapScore="0" isConstructor="false" isStatic="false" isGetter="false" isSetter="false">
              <Summary numSequencePoints="6" visitedSequencePoints="6" numBranchPoints="0" visitedBranchPoints="0" sequenceCoverage="100.0" branchCoverage="0" maxCyclomaticComplexity="0" minCyclomaticComplexity="0" maxCrapScore="0" minCrapScore="0" visitedClasses="0" numClasses="0" visitedMethods="1" numMethods="1" />
              <MetadataToken>100663606</MetadataToken>
              <Name>System.Boolean GameSceneManagerTests/&lt;GameManagerStartsANewGame&gt;d__2::MoveNext()</Name>
              <FileRef uid="95" />
              <SequencePoints>
                <SequencePoint vc="1" uspid="6526" ordinal="0" offset="31" sl="22" sc="5" el="22" ec="5" bec="0" bev="0" fileid="95" />
                <SequencePoint vc="1" uspid="6527" ordinal="0" offset="32" sl="23" sc="9" el="23" ec="9" bec="0" bev="0" fileid="95" />
                <SequencePoint vc="1" uspid="6528" ordinal="0" offset="53" sl="24" sc="9" el="24" ec="9" bec="0" bev="0" fileid="95" />
                <SequencePoint vc="1" uspid="6529" ordinal="0" offset="70" sl="25" sc="9" el="25" ec="9" bec="0" bev="0" fileid="95" />
                <SequencePoint vc="1" uspid="6530" ordinal="0" offset="102" sl="27" sc="9" el="27" ec="9" bec="0" bev="0" fileid="95" />
                <SequencePoint vc="1" uspid="6531" ordinal="0" offset="131" sl="28" sc="5" el="28" ec="5" bec="0" bev="0" fileid="95" />
              </SequencePoints>
              <BranchPoints />
            </Method>
          </Methods>
        </Class>
        <Class>
          <Summary numSequencePoints="4" visitedSequencePoints="4" numBranchPoints="0" visitedBranchPoints="0" sequenceCoverage="100.0" branchCoverage="0.0" maxCyclomaticComplexity="0" minCyclomaticComplexity="0" maxCrapScore="0" minCrapScore="0" visitedClasses="1" numClasses="1" visitedMethods="1" numMethods="1" />
          <FullName>GameSceneManagerTests/&lt;SetUp&gt;d__1</FullName>
          <Methods>
            <Method visited="true" cyclomaticComplexity="0" nPathComplexity="0" sequenceCoverage="100.0" branchCoverage="0" crapScore="0" isConstructor="false" isStatic="false" isGetter="false" isSetter="false">
              <Summary numSequencePoints="4" visitedSequencePoints="4" numBranchPoints="0" visitedBranchPoints="0" sequenceCoverage="100.0" branchCoverage="0" maxCyclomaticComplexity="0" minCyclomaticComplexity="0" maxCrapScore="0" minCrapScore="0" visitedClasses="0" numClasses="0" visitedMethods="1" numMethods="1" />
              <MetadataToken>100663612</MetadataToken>
              <Name>System.Boolean GameSceneManagerTests/&lt;SetUp&gt;d__1::MoveNext()</Name>
              <FileRef uid="95" />
              <SequencePoints>
                <SequencePoint vc="1" uspid="6532" ordinal="0" offset="31" sl="15" sc="5" el="15" ec="5" bec="0" bev="0" fileid="95" />
                <SequencePoint vc="1" uspid="6533" ordinal="0" offset="32" sl="16" sc="9" el="16" ec="9" bec="0" bev="0" fileid="95" />
                <SequencePoint vc="1" uspid="6534" ordinal="0" offset="43" sl="17" sc="9" el="17" ec="9" bec="0" bev="0" fileid="95" />
                <SequencePoint vc="1" uspid="6535" ordinal="0" offset="66" sl="18" sc="5" el="18" ec="5" bec="0" bev="0" fileid="95" />
              </SequencePoints>
              <BranchPoints />
            </Method>
          </Methods>
        </Class>
      </Classes>
    </Module>
    <Module>
      <Summary numSequencePoints="19" visitedSequencePoints="19" numBranchPoints="0" visitedBranchPoints="0" sequenceCoverage="100.0" branchCoverage="0.0" maxCyclomaticComplexity="0" minCyclomaticComplexity="0" maxCrapScore="0" minCrapScore="0" visitedClasses="2" numClasses="2" visitedMethods="5" numMethods="5" />
      <ModuleTime>0001-01-01T00:00:00</ModuleTime>
      <ModuleName>UI</ModuleName>
      <Files>
        <File uid="96" fullPath="P:/uni/final_project/Game/The Tower - Final Project/Assets/Scripts/UI/Common/CloseModal.cs" />
        <File uid="97" fullPath="P:/uni/final_project/Game/The Tower - Final Project/Assets/Scripts/UI/Screens/RetryScreen.cs" />
        <File uid="98" fullPath="P:/uni/final_project/Game/The Tower - Final Project/Assets/Scripts/UI/Screens/StartMenu.cs" />
      </Files>
      <Classes>
        <Class>
          <Summary numSequencePoints="10" visitedSequencePoints="10" numBranchPoints="0" visitedBranchPoints="0" sequenceCoverage="100.0" branchCoverage="0.0" maxCyclomaticComplexity="0" minCyclomaticComplexity="0" maxCrapScore="0" minCrapScore="0" visitedClasses="1" numClasses="1" visitedMethods="3" numMethods="3" />
          <FullName>CloseModal</FullName>
          <Methods>
            <Method visited="true" cyclomaticComplexity="0" nPathComplexity="0" sequenceCoverage="100.0" branchCoverage="0" crapScore="0" isConstructor="false" isStatic="false" isGetter="false" isSetter="false">
              <Summary numSequencePoints="4" visitedSequencePoints="4" numBranchPoints="0" visitedBranchPoints="0" sequenceCoverage="100.0" branchCoverage="0" maxCyclomaticComplexity="0" minCyclomaticComplexity="0" maxCrapScore="0" minCrapScore="0" visitedClasses="0" numClasses="0" visitedMethods="1" numMethods="1" />
              <MetadataToken>100663297</MetadataToken>
              <Name>System.Void CloseModal::Awake()</Name>
              <FileRef uid="96" />
              <SequencePoints>
                <SequencePoint vc="1" uspid="6647" ordinal="0" offset="0" sl="12" sc="5" el="12" ec="5" bec="0" bev="0" fileid="96" />
                <SequencePoint vc="1" uspid="6648" ordinal="0" offset="1" sl="13" sc="9" el="13" ec="9" bec="0" bev="0" fileid="96" />
                <SequencePoint vc="1" uspid="6649" ordinal="0" offset="18" sl="14" sc="9" el="14" ec="9" bec="0" bev="0" fileid="96" />
                <SequencePoint vc="1" uspid="6650" ordinal="0" offset="31" sl="15" sc="5" el="15" ec="5" bec="0" bev="0" fileid="96" />
              </SequencePoints>
              <BranchPoints />
            </Method>
            <Method visited="true" cyclomaticComplexity="0" nPathComplexity="0" sequenceCoverage="100.0" branchCoverage="0" crapScore="0" isConstructor="false" isStatic="false" isGetter="false" isSetter="false">
              <Summary numSequencePoints="3" visitedSequencePoints="3" numBranchPoints="0" visitedBranchPoints="0" sequenceCoverage="100.0" branchCoverage="0" maxCyclomaticComplexity="0" minCyclomaticComplexity="0" maxCrapScore="0" minCrapScore="0" visitedClasses="0" numClasses="0" visitedMethods="1" numMethods="1" />
              <MetadataToken>100663298</MetadataToken>
              <Name>System.Void CloseModal::OnEnable()</Name>
              <FileRef uid="96" />
              <SequencePoints>
                <SequencePoint vc="1" uspid="6651" ordinal="0" offset="0" sl="18" sc="5" el="18" ec="5" bec="0" bev="0" fileid="96" />
                <SequencePoint vc="1" uspid="6652" ordinal="0" offset="1" sl="19" sc="9" el="19" ec="9" bec="0" bev="0" fileid="96" />
                <SequencePoint vc="1" uspid="6653" ordinal="0" offset="36" sl="20" sc="5" el="20" ec="5" bec="0" bev="0" fileid="96" />
              </SequencePoints>
              <BranchPoints />
            </Method>
            <Method visited="true" cyclomaticComplexity="0" nPathComplexity="0" sequenceCoverage="100.0" branchCoverage="0" crapScore="0" isConstructor="false" isStatic="false" isGetter="false" isSetter="false">
              <Summary numSequencePoints="3" visitedSequencePoints="3" numBranchPoints="0" visitedBranchPoints="0" sequenceCoverage="100.0" branchCoverage="0" maxCyclomaticComplexity="0" minCyclomaticComplexity="0" maxCrapScore="0" minCrapScore="0" visitedClasses="0" numClasses="0" visitedMethods="1" numMethods="1" />
              <MetadataToken>100663299</MetadataToken>
              <Name>System.Void CloseModal::OnDisable()</Name>
              <FileRef uid="96" />
              <SequencePoints>
                <SequencePoint vc="1" uspid="6654" ordinal="0" offset="0" sl="23" sc="5" el="23" ec="5" bec="0" bev="0" fileid="96" />
                <SequencePoint vc="1" uspid="6655" ordinal="0" offset="1" sl="24" sc="9" el="24" ec="9" bec="0" bev="0" fileid="96" />
                <SequencePoint vc="1" uspid="6656" ordinal="0" offset="36" sl="25" sc="5" el="25" ec="5" bec="0" bev="0" fileid="96" />
              </SequencePoints>
              <BranchPoints />
            </Method>
          </Methods>
        </Class>
        <Class>
          <Summary numSequencePoints="9" visitedSequencePoints="9" numBranchPoints="0" visitedBranchPoints="0" sequenceCoverage="100.0" branchCoverage="0.0" maxCyclomaticComplexity="0" minCyclomaticComplexity="0" maxCrapScore="0" minCrapScore="0" visitedClasses="1" numClasses="1" visitedMethods="2" numMethods="2" />
          <FullName>RetryScreen</FullName>
          <Methods>
            <Method visited="true" cyclomaticComplexity="0" nPathComplexity="0" sequenceCoverage="100.0" branchCoverage="0" crapScore="0" isConstructor="false" isStatic="false" isGetter="false" isSetter="false">
              <Summary numSequencePoints="4" visitedSequencePoints="4" numBranchPoints="0" visitedBranchPoints="0" sequenceCoverage="100.0" branchCoverage="0" maxCyclomaticComplexity="0" minCyclomaticComplexity="0" maxCrapScore="0" minCrapScore="0" visitedClasses="0" numClasses="0" visitedMethods="1" numMethods="1" />
              <MetadataToken>100663302</MetadataToken>
              <Name>System.Void RetryScreen::Awake()</Name>
              <FileRef uid="97" />
              <SequencePoints>
                <SequencePoint vc="1" uspid="6664" ordinal="0" offset="0" sl="11" sc="5" el="11" ec="5" bec="0" bev="0" fileid="97" />
                <SequencePoint vc="1" uspid="6665" ordinal="0" offset="1" sl="12" sc="9" el="12" ec="9" bec="0" bev="0" fileid="97" />
                <SequencePoint vc="1" uspid="6666" ordinal="0" offset="18" sl="13" sc="9" el="13" ec="9" bec="0" bev="0" fileid="97" />
                <SequencePoint vc="1" uspid="6667" ordinal="0" offset="39" sl="14" sc="5" el="14" ec="5" bec="0" bev="0" fileid="97" />
              </SequencePoints>
              <BranchPoints />
            </Method>
            <Method visited="true" cyclomaticComplexity="0" nPathComplexity="0" sequenceCoverage="100.0" branchCoverage="0" crapScore="0" isConstructor="false" isStatic="false" isGetter="false" isSetter="false">
              <Summary numSequencePoints="5" visitedSequencePoints="5" numBranchPoints="0" visitedBranchPoints="0" sequenceCoverage="100.0" branchCoverage="0" maxCyclomaticComplexity="0" minCyclomaticComplexity="0" maxCrapScore="0" minCrapScore="0" visitedClasses="0" numClasses="0" visitedMethods="1" numMethods="1" />
              <MetadataToken>100663303</MetadataToken>
              <Name>System.Void RetryScreen::OnEnable()</Name>
              <FileRef uid="97" />
              <SequencePoints>
                <SequencePoint vc="1" uspid="6668" ordinal="0" offset="0" sl="17" sc="5" el="17" ec="5" bec="0" bev="0" fileid="97" />
                <SequencePoint vc="1" uspid="6669" ordinal="0" offset="1" sl="18" sc="9" el="18" ec="9" bec="0" bev="0" fileid="97" />
                <SequencePoint vc="1" uspid="6670" ordinal="0" offset="36" sl="19" sc="9" el="19" ec="9" bec="0" bev="0" fileid="97" />
                <SequencePoint vc="1" uspid="6671" ordinal="0" offset="71" sl="20" sc="9" el="20" ec="9" bec="0" bev="0" fileid="97" />
                <SequencePoint vc="1" uspid="6672" ordinal="0" offset="106" sl="21" sc="5" el="21" ec="5" bec="0" bev="0" fileid="97" />
              </SequencePoints>
              <BranchPoints />
            </Method>
          </Methods>
        </Class>
      </Classes>
    </Module>
    <Module>
      <Summary numSequencePoints="7" visitedSequencePoints="7" numBranchPoints="0" visitedBranchPoints="0" sequenceCoverage="100.0" branchCoverage="0.0" maxCyclomaticComplexity="0" minCyclomaticComplexity="0" maxCrapScore="0" minCrapScore="0" visitedClasses="1" numClasses="1" visitedMethods="2" numMethods="2" />
      <ModuleTime>0001-01-01T00:00:00</ModuleTime>
      <ModuleName>Utilities</ModuleName>
      <Files>
        <File uid="99" fullPath="P:/uni/final_project/Game/The Tower - Final Project/Assets/Scripts/Utilities/PointUtils.cs" />
        <File uid="100" fullPath="P:/uni/final_project/Game/The Tower - Final Project/Assets/Scripts/Utilities/GameObjectUtilities.cs" />
      </Files>
      <Classes>
        <Class>
          <Summary numSequencePoints="7" visitedSequencePoints="7" numBranchPoints="0" visitedBranchPoints="0" sequenceCoverage="100.0" branchCoverage="0.0" maxCyclomaticComplexity="0" minCyclomaticComplexity="0" maxCrapScore="0" minCrapScore="0" visitedClasses="1" numClasses="1" visitedMethods="2" numMethods="2" />
          <FullName>Assets.Utilities.GameObjectUtilities</FullName>
          <Methods>
            <Method visited="true" cyclomaticComplexity="0" nPathComplexity="0" sequenceCoverage="100.0" branchCoverage="0" crapScore="0" isConstructor="false" isStatic="true" isGetter="false" isSetter="false">
              <Summary numSequencePoints="3" visitedSequencePoints="3" numBranchPoints="0" visitedBranchPoints="0" sequenceCoverage="100.0" branchCoverage="0" maxCyclomaticComplexity="0" minCyclomaticComplexity="0" maxCrapScore="0" minCrapScore="0" visitedClasses="0" numClasses="0" visitedMethods="1" numMethods="1" />
              <MetadataToken>100663305</MetadataToken>
              <Name>static T Assets.Utilities.GameObjectUtilities::FindComponentByTag[T](System.String)</Name>
              <FileRef uid="100" />
              <SequencePoints>
                <SequencePoint vc="143" uspid="6728" ordinal="0" offset="0" sl="8" sc="0" el="8" ec="0" bec="0" bev="0" fileid="100" />
                <SequencePoint vc="143" uspid="6729" ordinal="0" offset="1" sl="9" sc="0" el="9" ec="0" bec="0" bev="0" fileid="100" />
                <SequencePoint vc="143" uspid="6730" ordinal="0" offset="15" sl="10" sc="0" el="10" ec="0" bec="0" bev="0" fileid="100" />
              </SequencePoints>
              <BranchPoints />
            </Method>
            <Method visited="true" cyclomaticComplexity="0" nPathComplexity="0" sequenceCoverage="100.0" branchCoverage="0" crapScore="0" isConstructor="false" isStatic="true" isGetter="false" isSetter="false">
              <Summary numSequencePoints="4" visitedSequencePoints="4" numBranchPoints="0" visitedBranchPoints="0" sequenceCoverage="100.0" branchCoverage="0" maxCyclomaticComplexity="0" minCyclomaticComplexity="0" maxCrapScore="0" minCrapScore="0" visitedClasses="0" numClasses="0" visitedMethods="1" numMethods="1" />
              <MetadataToken>100663306</MetadataToken>
              <Name>static T Assets.Utilities.GameObjectUtilities::NewGameObjectWithComponent[T](System.String)</Name>
              <FileRef uid="100" />
              <SequencePoints>
                <SequencePoint vc="122" uspid="6731" ordinal="0" offset="0" sl="13" sc="0" el="13" ec="0" bec="0" bev="0" fileid="100" />
                <SequencePoint vc="122" uspid="6732" ordinal="0" offset="1" sl="15" sc="0" el="15" ec="0" bec="0" bev="0" fileid="100" />
                <SequencePoint vc="122" uspid="6733" ordinal="0" offset="8" sl="16" sc="0" el="16" ec="0" bec="0" bev="0" fileid="100" />
                <SequencePoint vc="122" uspid="6734" ordinal="0" offset="17" sl="17" sc="0" el="17" ec="0" bec="0" bev="0" fileid="100" />
              </SequencePoints>
              <BranchPoints />
            </Method>
          </Methods>
        </Class>
      </Classes>
    </Module>
  </Modules>
</CoverageSession>