<?xml version="1.0" encoding="utf-8"?>
<CoverageSession xmlns:xsd="http://www.w3.org/2001/XMLSchema" xmlns:xsi="http://www.w3.org/2001/XMLSchema-instance" Version="0.0.0.0">
  <Summary numSequencePoints="317" visitedSequencePoints="290" numBranchPoints="0" visitedBranchPoints="0" sequenceCoverage="91.48" branchCoverage="0.0" maxCyclomaticComplexity="0" minCyclomaticComplexity="0" maxCrapScore="0" minCrapScore="0" visitedClasses="28" numClasses="28" visitedMethods="64" numMethods="64" />
  <Modules>
    <Module>
      <Summary numSequencePoints="21" visitedSequencePoints="15" numBranchPoints="0" visitedBranchPoints="0" sequenceCoverage="71.43" branchCoverage="0.0" maxCyclomaticComplexity="0" minCyclomaticComplexity="0" maxCrapScore="0" minCrapScore="0" visitedClasses="2" numClasses="2" visitedMethods="4" numMethods="4" />
      <ModuleTime>0001-01-01T00:00:00</ModuleTime>
      <ModuleName>Assembly-CSharp</ModuleName>
      <Files>
        <File uid="1" fullPath="P:/uni/final_project/Game/The Tower - Final Project/Assets/Enemies/NewPlayableBehaviour.cs" />
        <File uid="2" fullPath="P:/uni/final_project/Game/The Tower - Final Project/Assets/HealthBar.cs" />
        <File uid="3" fullPath="P:/uni/final_project/Game/The Tower - Final Project/Assets/InputSystemActions.cs" />
        <File uid="4" fullPath="P:/uni/final_project/Game/The Tower - Final Project/Assets/PlayerHUD.cs" />
        <File uid="5" fullPath="P:/uni/final_project/Game/The Tower - Final Project/Assets/RandomPatrolAction.cs" />
        <File uid="6" fullPath="P:/uni/final_project/Game/The Tower - Final Project/Assets/Scripts/BehaviorGraphActions/AttackAction.cs" />
        <File uid="7" fullPath="P:/uni/final_project/Game/The Tower - Final Project/Assets/Scripts/BehaviorGraphActions/AvoidTargetAction.cs" />
        <File uid="8" fullPath="P:/uni/final_project/Game/The Tower - Final Project/Assets/Scripts/Enemies/EnemyController.cs" />
        <File uid="9" fullPath="P:/uni/final_project/Game/The Tower - Final Project/Assets/TestPlayer.cs" />
        <File uid="10" fullPath="P:/uni/final_project/Game/The Tower - Final Project/Assets/PointUtils.cs" />
      </Files>
      <Classes>
        <Class>
          <Summary numSequencePoints="10" visitedSequencePoints="4" numBranchPoints="0" visitedBranchPoints="0" sequenceCoverage="40.00" branchCoverage="0.0" maxCyclomaticComplexity="0" minCyclomaticComplexity="0" maxCrapScore="0" minCrapScore="0" visitedClasses="1" numClasses="1" visitedMethods="2" numMethods="2" />
          <FullName>HealthBar</FullName>
          <Methods>
            <Method visited="true" cyclomaticComplexity="0" nPathComplexity="0" sequenceCoverage="33.33" branchCoverage="0" crapScore="0" isConstructor="false" isStatic="false" isGetter="false" isSetter="false">
              <Summary numSequencePoints="6" visitedSequencePoints="2" numBranchPoints="0" visitedBranchPoints="0" sequenceCoverage="33.33" branchCoverage="0" maxCyclomaticComplexity="0" minCyclomaticComplexity="0" maxCrapScore="0" minCrapScore="0" visitedClasses="0" numClasses="0" visitedMethods="1" numMethods="1" />
              <MetadataToken>100663303</MetadataToken>
              <Name>System.Void HealthBar::Start()</Name>
              <FileRef uid="2" />
              <SequencePoints>
                <SequencePoint vc="5" uspid="1441" ordinal="0" offset="0" sl="13" sc="5" el="13" ec="5" bec="0" bev="0" fileid="2" />
                <SequencePoint vc="5" uspid="1442" ordinal="0" offset="1" sl="14" sc="9" el="14" ec="9" bec="0" bev="0" fileid="2" />
                <SequencePoint vc="0" uspid="1443" ordinal="0" offset="25" sl="15" sc="9" el="15" ec="9" bec="0" bev="0" fileid="2" />
                <SequencePoint vc="0" uspid="1444" ordinal="0" offset="49" sl="17" sc="9" el="17" ec="9" bec="0" bev="0" fileid="2" />
                <SequencePoint vc="0" uspid="1445" ordinal="0" offset="74" sl="18" sc="9" el="18" ec="9" bec="0" bev="0" fileid="2" />
                <SequencePoint vc="0" uspid="1446" ordinal="0" offset="91" sl="19" sc="5" el="19" ec="5" bec="0" bev="0" fileid="2" />
              </SequencePoints>
              <BranchPoints />
            </Method>
            <Method visited="true" cyclomaticComplexity="0" nPathComplexity="0" sequenceCoverage="50.00" branchCoverage="0" crapScore="0" isConstructor="false" isStatic="false" isGetter="false" isSetter="false">
              <Summary numSequencePoints="4" visitedSequencePoints="2" numBranchPoints="0" visitedBranchPoints="0" sequenceCoverage="50.00" branchCoverage="0" maxCyclomaticComplexity="0" minCyclomaticComplexity="0" maxCrapScore="0" minCrapScore="0" visitedClasses="0" numClasses="0" visitedMethods="1" numMethods="1" />
              <MetadataToken>100663304</MetadataToken>
              <Name>System.Void HealthBar::Update()</Name>
              <FileRef uid="2" />
              <SequencePoints>
                <SequencePoint vc="10" uspid="1447" ordinal="0" offset="0" sl="22" sc="5" el="22" ec="5" bec="0" bev="0" fileid="2" />
                <SequencePoint vc="10" uspid="1448" ordinal="0" offset="1" sl="24" sc="9" el="24" ec="9" bec="0" bev="0" fileid="2" />
                <SequencePoint vc="0" uspid="1449" ordinal="0" offset="49" sl="25" sc="9" el="25" ec="9" bec="0" bev="0" fileid="2" />
                <SequencePoint vc="0" uspid="1450" ordinal="0" offset="72" sl="26" sc="5" el="26" ec="5" bec="0" bev="0" fileid="2" />
              </SequencePoints>
              <BranchPoints />
            </Method>
          </Methods>
        </Class>
        <Class>
          <Summary numSequencePoints="11" visitedSequencePoints="11" numBranchPoints="0" visitedBranchPoints="0" sequenceCoverage="100.0" branchCoverage="0.0" maxCyclomaticComplexity="0" minCyclomaticComplexity="0" maxCrapScore="0" minCrapScore="0" visitedClasses="1" numClasses="1" visitedMethods="2" numMethods="2" />
          <FullName>EnemyController</FullName>
          <Methods>
            <Method visited="true" cyclomaticComplexity="0" nPathComplexity="0" sequenceCoverage="100.0" branchCoverage="0" crapScore="0" isConstructor="false" isStatic="false" isGetter="false" isSetter="false">
              <Summary numSequencePoints="10" visitedSequencePoints="10" numBranchPoints="0" visitedBranchPoints="0" sequenceCoverage="100.0" branchCoverage="0" maxCyclomaticComplexity="0" minCyclomaticComplexity="0" maxCrapScore="0" minCrapScore="0" visitedClasses="0" numClasses="0" visitedMethods="1" numMethods="1" />
              <MetadataToken>100663348</MetadataToken>
              <Name>System.Void EnemyController::Start()</Name>
              <FileRef uid="8" />
              <SequencePoints>
                <SequencePoint vc="5" uspid="1619" ordinal="0" offset="0" sl="20" sc="5" el="20" ec="5" bec="0" bev="0" fileid="8" />
                <SequencePoint vc="5" uspid="1620" ordinal="0" offset="1" sl="21" sc="9" el="21" ec="9" bec="0" bev="0" fileid="8" />
                <SequencePoint vc="5" uspid="1621" ordinal="0" offset="13" sl="22" sc="9" el="22" ec="9" bec="0" bev="0" fileid="8" />
                <SequencePoint vc="5" uspid="1622" ordinal="0" offset="25" sl="23" sc="9" el="23" ec="9" bec="0" bev="0" fileid="8" />
                <SequencePoint vc="5" uspid="1623" ordinal="0" offset="37" sl="26" sc="9" el="26" ec="9" bec="0" bev="0" fileid="8" />
                <SequencePoint vc="5" uspid="1624" ordinal="0" offset="65" sl="27" sc="9" el="27" ec="9" bec="0" bev="0" fileid="8" />
                <SequencePoint vc="5" uspid="1625" ordinal="0" offset="100" sl="29" sc="9" el="29" ec="9" bec="0" bev="0" fileid="8" />
                <SequencePoint vc="5" uspid="1626" ordinal="0" offset="112" sl="30" sc="9" el="30" ec="9" bec="0" bev="0" fileid="8" />
                <SequencePoint vc="5" uspid="1627" ordinal="0" offset="134" sl="31" sc="9" el="31" ec="9" bec="0" bev="0" fileid="8" />
                <SequencePoint vc="5" uspid="1628" ordinal="0" offset="157" sl="33" sc="5" el="33" ec="5" bec="0" bev="0" fileid="8" />
              </SequencePoints>
              <BranchPoints />
            </Method>
            <Method visited="true" cyclomaticComplexity="0" nPathComplexity="0" sequenceCoverage="100.0" branchCoverage="0" crapScore="0" isConstructor="true" isStatic="false" isGetter="false" isSetter="false">
              <Summary numSequencePoints="1" visitedSequencePoints="1" numBranchPoints="0" visitedBranchPoints="0" sequenceCoverage="100.0" branchCoverage="0" maxCyclomaticComplexity="0" minCyclomaticComplexity="0" maxCrapScore="0" minCrapScore="0" visitedClasses="0" numClasses="0" visitedMethods="1" numMethods="1" />
              <MetadataToken>100663350</MetadataToken>
              <Name>EnemyController::EnemyController()</Name>
              <FileRef uid="8" />
              <SequencePoints>
                <SequencePoint vc="22" uspid="1632" ordinal="0" offset="0" sl="11" sc="5" el="11" ec="5" bec="0" bev="0" fileid="8" />
              </SequencePoints>
              <BranchPoints />
            </Method>
          </Methods>
        </Class>
      </Classes>
    </Module>
    <Module>
      <Summary numSequencePoints="28" visitedSequencePoints="25" numBranchPoints="0" visitedBranchPoints="0" sequenceCoverage="89.29" branchCoverage="0.0" maxCyclomaticComplexity="0" minCyclomaticComplexity="0" maxCrapScore="0" minCrapScore="0" visitedClasses="2" numClasses="2" visitedMethods="5" numMethods="5" />
      <ModuleTime>0001-01-01T00:00:00</ModuleTime>
      <ModuleName>CombatSystem</ModuleName>
      <Files>
        <File uid="11" fullPath="P:/uni/final_project/Game/The Tower - Final Project/Assets/Scripts/Combat/Resources/HealingItem.cs" />
        <File uid="12" fullPath="P:/uni/final_project/Game/The Tower - Final Project/Assets/Scripts/Combat/Resources/Weapon.cs" />
        <File uid="13" fullPath="P:/uni/final_project/Game/The Tower - Final Project/Assets/Scripts/Combat/Resources/PickupItem.cs" />
        <File uid="14" fullPath="P:/uni/final_project/Game/The Tower - Final Project/Assets/Scripts/Combat/NpcFighter.cs" />
        <File uid="15" fullPath="P:/uni/final_project/Game/The Tower - Final Project/Assets/Scripts/Combat/Fighter.cs" />
      </Files>
      <Classes>
        <Class>
          <Summary numSequencePoints="1" visitedSequencePoints="1" numBranchPoints="0" visitedBranchPoints="0" sequenceCoverage="100.0" branchCoverage="0.0" maxCyclomaticComplexity="0" minCyclomaticComplexity="0" maxCrapScore="0" minCrapScore="0" visitedClasses="1" numClasses="1" visitedMethods="1" numMethods="1" />
          <FullName>Weapon</FullName>
          <Methods>
            <Method visited="true" cyclomaticComplexity="0" nPathComplexity="0" sequenceCoverage="100.0" branchCoverage="0" crapScore="0" isConstructor="true" isStatic="false" isGetter="false" isSetter="false">
              <Summary numSequencePoints="1" visitedSequencePoints="1" numBranchPoints="0" visitedBranchPoints="0" sequenceCoverage="100.0" branchCoverage="0" maxCyclomaticComplexity="0" minCyclomaticComplexity="0" maxCrapScore="0" minCrapScore="0" visitedClasses="0" numClasses="0" visitedMethods="1" numMethods="1" />
              <MetadataToken>100663300</MetadataToken>
              <Name>Weapon::Weapon()</Name>
              <FileRef uid="12" />
              <SequencePoints>
                <SequencePoint vc="13" uspid="1872" ordinal="0" offset="0" sl="6" sc="5" el="6" ec="5" bec="0" bev="0" fileid="12" />
              </SequencePoints>
              <BranchPoints />
            </Method>
          </Methods>
        </Class>
        <Class>
          <Summary numSequencePoints="27" visitedSequencePoints="24" numBranchPoints="0" visitedBranchPoints="0" sequenceCoverage="88.89" branchCoverage="0.0" maxCyclomaticComplexity="0" minCyclomaticComplexity="0" maxCrapScore="0" minCrapScore="0" visitedClasses="1" numClasses="1" visitedMethods="4" numMethods="4" />
          <FullName>Assets.CombatSystem.Fighter</FullName>
          <Methods>
            <Method visited="true" cyclomaticComplexity="0" nPathComplexity="0" sequenceCoverage="78.57" branchCoverage="0" crapScore="0" isConstructor="false" isStatic="false" isGetter="false" isSetter="false">
              <Summary numSequencePoints="14" visitedSequencePoints="11" numBranchPoints="0" visitedBranchPoints="0" sequenceCoverage="78.57" branchCoverage="0" maxCyclomaticComplexity="0" minCyclomaticComplexity="0" maxCrapScore="0" minCrapScore="0" visitedClasses="0" numClasses="0" visitedMethods="1" numMethods="1" />
              <MetadataToken>100663311</MetadataToken>
              <Name>System.Void Assets.CombatSystem.Fighter::Awake()</Name>
              <FileRef uid="15" />
              <SequencePoints>
                <SequencePoint vc="5" uspid="1880" ordinal="0" offset="0" sl="39" sc="9" el="39" ec="9" bec="0" bev="0" fileid="15" />
                <SequencePoint vc="5" uspid="1881" ordinal="0" offset="1" sl="40" sc="13" el="40" ec="13" bec="0" bev="0" fileid="15" />
                <SequencePoint vc="5" uspid="1882" ordinal="0" offset="20" sl="41" sc="13" el="41" ec="13" bec="0" bev="0" fileid="15" />
                <SequencePoint vc="5" uspid="1883" ordinal="0" offset="39" sl="43" sc="13" el="43" ec="13" bec="0" bev="0" fileid="15" />
                <SequencePoint vc="5" uspid="1884" ordinal="0" offset="51" sl="44" sc="13" el="44" ec="13" bec="0" bev="0" fileid="15" />
                <SequencePoint vc="5" uspid="1885" ordinal="0" offset="63" sl="46" sc="13" el="46" ec="13" bec="0" bev="0" fileid="15" />
                <SequencePoint vc="5" uspid="1886" ordinal="0" offset="75" sl="48" sc="13" el="48" ec="13" bec="0" bev="0" fileid="15" />
                <SequencePoint vc="0" uspid="1887" ordinal="0" offset="91" sl="49" sc="13" el="49" ec="13" bec="0" bev="0" fileid="15" />
                <SequencePoint vc="0" uspid="1888" ordinal="0" offset="92" sl="50" sc="17" el="50" ec="17" bec="0" bev="0" fileid="15" />
                <SequencePoint vc="0" uspid="1889" ordinal="0" offset="104" sl="51" sc="13" el="51" ec="13" bec="0" bev="0" fileid="15" />
                <SequencePoint vc="5" uspid="1890" ordinal="0" offset="105" sl="53" sc="13" el="53" ec="13" bec="0" bev="0" fileid="15" />
                <SequencePoint vc="5" uspid="1891" ordinal="0" offset="123" sl="54" sc="13" el="54" ec="13" bec="0" bev="0" fileid="15" />
                <SequencePoint vc="5" uspid="1892" ordinal="0" offset="136" sl="56" sc="13" el="56" ec="13" bec="0" bev="0" fileid="15" />
                <SequencePoint vc="5" uspid="1893" ordinal="0" offset="160" sl="57" sc="9" el="57" ec="9" bec="0" bev="0" fileid="15" />
              </SequencePoints>
              <BranchPoints />
            </Method>
            <Method visited="true" cyclomaticComplexity="0" nPathComplexity="0" sequenceCoverage="100.0" branchCoverage="0" crapScore="0" isConstructor="false" isStatic="false" isGetter="false" isSetter="false">
              <Summary numSequencePoints="1" visitedSequencePoints="1" numBranchPoints="0" visitedBranchPoints="0" sequenceCoverage="100.0" branchCoverage="0" maxCyclomaticComplexity="0" minCyclomaticComplexity="0" maxCrapScore="0" minCrapScore="0" visitedClasses="0" numClasses="0" visitedMethods="1" numMethods="1" />
              <MetadataToken>100663312</MetadataToken>
              <Name>System.Int32 Assets.CombatSystem.Fighter::GetStat(Assets.CombatSystem.FighterStats)</Name>
              <FileRef uid="15" />
              <SequencePoints>
                <SequencePoint vc="5" uspid="1894" ordinal="0" offset="0" sl="59" sc="50" el="59" ec="50" bec="0" bev="0" fileid="15" />
              </SequencePoints>
              <BranchPoints />
            </Method>
            <Method visited="true" cyclomaticComplexity="0" nPathComplexity="0" sequenceCoverage="100.0" branchCoverage="0" crapScore="0" isConstructor="false" isStatic="false" isGetter="false" isSetter="false">
              <Summary numSequencePoints="6" visitedSequencePoints="6" numBranchPoints="0" visitedBranchPoints="0" sequenceCoverage="100.0" branchCoverage="0" maxCyclomaticComplexity="0" minCyclomaticComplexity="0" maxCrapScore="0" minCrapScore="0" visitedClasses="0" numClasses="0" visitedMethods="1" numMethods="1" />
              <MetadataToken>100663317</MetadataToken>
              <Name>System.Void Assets.CombatSystem.Fighter::Update()</Name>
              <FileRef uid="15" />
              <SequencePoints>
                <SequencePoint vc="10" uspid="1920" ordinal="0" offset="0" sl="98" sc="9" el="98" ec="9" bec="0" bev="0" fileid="15" />
                <SequencePoint vc="10" uspid="1921" ordinal="0" offset="1" sl="99" sc="13" el="99" ec="13" bec="0" bev="0" fileid="15" />
                <SequencePoint vc="10" uspid="1922" ordinal="0" offset="30" sl="100" sc="13" el="100" ec="13" bec="0" bev="0" fileid="15" />
                <SequencePoint vc="10" uspid="1923" ordinal="0" offset="31" sl="101" sc="17" el="101" ec="17" bec="0" bev="0" fileid="15" />
                <SequencePoint vc="10" uspid="1924" ordinal="0" offset="49" sl="102" sc="13" el="102" ec="13" bec="0" bev="0" fileid="15" />
                <SequencePoint vc="10" uspid="1925" ordinal="0" offset="50" sl="103" sc="9" el="103" ec="9" bec="0" bev="0" fileid="15" />
              </SequencePoints>
              <BranchPoints />
            </Method>
            <Method visited="true" cyclomaticComplexity="0" nPathComplexity="0" sequenceCoverage="100.0" branchCoverage="0" crapScore="0" isConstructor="true" isStatic="false" isGetter="false" isSetter="false">
              <Summary numSequencePoints="6" visitedSequencePoints="6" numBranchPoints="0" visitedBranchPoints="0" sequenceCoverage="100.0" branchCoverage="0" maxCyclomaticComplexity="0" minCyclomaticComplexity="0" maxCrapScore="0" minCrapScore="0" visitedClasses="0" numClasses="0" visitedMethods="1" numMethods="1" />
              <MetadataToken>100663323</MetadataToken>
              <Name>Assets.CombatSystem.Fighter::Fighter()</Name>
              <FileRef uid="15" />
              <SequencePoints>
                <SequencePoint vc="34" uspid="1946" ordinal="0" offset="0" sl="13" sc="9" el="13" ec="9" bec="0" bev="0" fileid="15" />
                <SequencePoint vc="34" uspid="1947" ordinal="0" offset="7" sl="16" sc="9" el="16" ec="9" bec="0" bev="0" fileid="15" />
                <SequencePoint vc="34" uspid="1948" ordinal="0" offset="14" sl="25" sc="9" el="25" ec="9" bec="0" bev="0" fileid="15" />
                <SequencePoint vc="34" uspid="1949" ordinal="0" offset="25" sl="27" sc="9" el="27" ec="9" bec="0" bev="0" fileid="15" />
                <SequencePoint vc="34" uspid="1950" ordinal="0" offset="36" sl="30" sc="9" el="30" ec="9" bec="0" bev="0" fileid="15" />
                <SequencePoint vc="34" uspid="1951" ordinal="0" offset="43" sl="31" sc="9" el="31" ec="9" bec="0" bev="0" fileid="15" />
              </SequencePoints>
              <BranchPoints />
            </Method>
          </Methods>
        </Class>
      </Classes>
    </Module>
    <Module>
      <Summary numSequencePoints="4" visitedSequencePoints="4" numBranchPoints="0" visitedBranchPoints="0" sequenceCoverage="100.0" branchCoverage="0.0" maxCyclomaticComplexity="0" minCyclomaticComplexity="0" maxCrapScore="0" minCrapScore="0" visitedClasses="3" numClasses="3" visitedMethods="3" numMethods="3" />
      <ModuleTime>0001-01-01T00:00:00</ModuleTime>
      <ModuleName>PlayerCharacter</ModuleName>
      <Files>
        <File uid="16" fullPath="P:/uni/final_project/Game/The Tower - Final Project/Assets/Scripts/PlayerCharacter/InputSystemActions.cs" />
        <File uid="17" fullPath="P:/uni/final_project/Game/The Tower - Final Project/Assets/Scripts/PlayerCharacter/PlayableFighter.cs" />
        <File uid="18" fullPath="P:/uni/final_project/Game/The Tower - Final Project/Assets/Scripts/PlayerCharacter/PlayerAction.cs" />
        <File uid="19" fullPath="P:/uni/final_project/Game/The Tower - Final Project/Assets/Scripts/PlayerCharacter/PlayerCamera.cs" />
        <File uid="20" fullPath="P:/uni/final_project/Game/The Tower - Final Project/Assets/Scripts/PlayerCharacter/PlayerController.cs" />
        <File uid="21" fullPath="P:/uni/final_project/Game/The Tower - Final Project/Assets/Scripts/PlayerCharacter/PlayerInventory.cs" />
        <File uid="22" fullPath="P:/uni/final_project/Game/The Tower - Final Project/Assets/Scripts/PlayerCharacter/PlayerMovement.cs" />
      </Files>
      <Classes>
        <Class>
          <Summary numSequencePoints="2" visitedSequencePoints="2" numBranchPoints="0" visitedBranchPoints="0" sequenceCoverage="100.0" branchCoverage="0.0" maxCyclomaticComplexity="0" minCyclomaticComplexity="0" maxCrapScore="0" minCrapScore="0" visitedClasses="1" numClasses="1" visitedMethods="1" numMethods="1" />
          <FullName>Assets.PlayerCharacter.PlayableFighter</FullName>
          <Methods>
            <Method visited="true" cyclomaticComplexity="0" nPathComplexity="0" sequenceCoverage="100.0" branchCoverage="0" crapScore="0" isConstructor="true" isStatic="false" isGetter="false" isSetter="false">
              <Summary numSequencePoints="2" visitedSequencePoints="2" numBranchPoints="0" visitedBranchPoints="0" sequenceCoverage="100.0" branchCoverage="0" maxCyclomaticComplexity="0" minCyclomaticComplexity="0" maxCrapScore="0" minCrapScore="0" visitedClasses="0" numClasses="0" visitedMethods="1" numMethods="1" />
              <MetadataToken>100663326</MetadataToken>
              <Name>Assets.PlayerCharacter.PlayableFighter::PlayableFighter()</Name>
              <FileRef uid="17" />
              <SequencePoints>
                <SequencePoint vc="12" uspid="2075" ordinal="0" offset="0" sl="11" sc="9" el="11" ec="9" bec="0" bev="0" fileid="17" />
                <SequencePoint vc="12" uspid="2076" ordinal="0" offset="7" sl="15" sc="9" el="15" ec="9" bec="0" bev="0" fileid="17" />
              </SequencePoints>
              <BranchPoints />
            </Method>
          </Methods>
        </Class>
        <Class>
          <Summary numSequencePoints="1" visitedSequencePoints="1" numBranchPoints="0" visitedBranchPoints="0" sequenceCoverage="100.0" branchCoverage="0.0" maxCyclomaticComplexity="0" minCyclomaticComplexity="0" maxCrapScore="0" minCrapScore="0" visitedClasses="1" numClasses="1" visitedMethods="1" numMethods="1" />
          <FullName>Assets.PlayerCharacter.PlayerCamera</FullName>
          <Methods>
            <Method visited="true" cyclomaticComplexity="0" nPathComplexity="0" sequenceCoverage="100.0" branchCoverage="0" crapScore="0" isConstructor="true" isStatic="false" isGetter="false" isSetter="false">
              <Summary numSequencePoints="1" visitedSequencePoints="1" numBranchPoints="0" visitedBranchPoints="0" sequenceCoverage="100.0" branchCoverage="0" maxCyclomaticComplexity="0" minCyclomaticComplexity="0" maxCrapScore="0" minCrapScore="0" visitedClasses="0" numClasses="0" visitedMethods="1" numMethods="1" />
              <MetadataToken>100663339</MetadataToken>
              <Name>Assets.PlayerCharacter.PlayerCamera::PlayerCamera()</Name>
              <FileRef uid="19" />
              <SequencePoints>
                <SequencePoint vc="2" uspid="2095" ordinal="0" offset="0" sl="15" sc="9" el="15" ec="9" bec="0" bev="0" fileid="19" />
              </SequencePoints>
              <BranchPoints />
            </Method>
          </Methods>
        </Class>
        <Class>
          <Summary numSequencePoints="1" visitedSequencePoints="1" numBranchPoints="0" visitedBranchPoints="0" sequenceCoverage="100.0" branchCoverage="0.0" maxCyclomaticComplexity="0" minCyclomaticComplexity="0" maxCrapScore="0" minCrapScore="0" visitedClasses="1" numClasses="1" visitedMethods="1" numMethods="1" />
          <FullName>Assets.PlayerCharacter.PlayerController</FullName>
          <Methods>
            <Method visited="true" cyclomaticComplexity="0" nPathComplexity="0" sequenceCoverage="100.0" branchCoverage="0" crapScore="0" isConstructor="true" isStatic="false" isGetter="false" isSetter="false">
              <Summary numSequencePoints="1" visitedSequencePoints="1" numBranchPoints="0" visitedBranchPoints="0" sequenceCoverage="100.0" branchCoverage="0" maxCyclomaticComplexity="0" minCyclomaticComplexity="0" maxCrapScore="0" minCrapScore="0" visitedClasses="0" numClasses="0" visitedMethods="1" numMethods="1" />
              <MetadataToken>100663347</MetadataToken>
              <Name>Assets.PlayerCharacter.PlayerController::PlayerController()</Name>
              <FileRef uid="20" />
              <SequencePoints>
                <SequencePoint vc="12" uspid="2127" ordinal="0" offset="0" sl="12" sc="9" el="12" ec="9" bec="0" bev="0" fileid="20" />
              </SequencePoints>
              <BranchPoints />
            </Method>
          </Methods>
        </Class>
      </Classes>
    </Module>
    <Module>
      <Summary numSequencePoints="264" visitedSequencePoints="246" numBranchPoints="0" visitedBranchPoints="0" sequenceCoverage="93.18" branchCoverage="0.0" maxCyclomaticComplexity="0" minCyclomaticComplexity="0" maxCrapScore="0" minCrapScore="0" visitedClasses="21" numClasses="21" visitedMethods="52" numMethods="52" />
      <ModuleTime>0001-01-01T00:00:00</ModuleTime>
      <ModuleName>Tests</ModuleName>
      <Files>
        <File uid="23" fullPath="P:/uni/final_project/Game/The Tower - Final Project/Assets/Tests/DungeonGenerator/DungeonComponentsTest.cs" />
        <File uid="24" fullPath="P:/uni/final_project/Game/The Tower - Final Project/Assets/Tests/DungeonGenerator/DungeonGeneratorTest.cs" />
        <File uid="25" fullPath="P:/uni/final_project/Game/The Tower - Final Project/Assets/Tests/DungeonGenerator/DungeonPlayabilityTest.cs" />
        <File uid="26" fullPath="P:/uni/final_project/Game/The Tower - Final Project/Assets/Tests/DungeonGenerator/RandomWalkAlgorithmTests.cs" />
        <File uid="27" fullPath="P:/uni/final_project/Game/The Tower - Final Project/Assets/Tests/DungeonMaster/DungeonMasterRulesetTest.cs" />
        <File uid="28" fullPath="P:/uni/final_project/Game/The Tower - Final Project/Assets/Tests/DungeonMaster/DungeonMasterRuleTest.cs" />
        <File uid="29" fullPath="P:/uni/final_project/Game/The Tower - Final Project/Assets/Tests/DungeonMaster/DungeonMasterTests.cs" />
        <File uid="30" fullPath="P:/uni/final_project/Game/The Tower - Final Project/Assets/Tests/DungeonMaster/RuleConditionTest.cs" />
        <File uid="31" fullPath="P:/uni/final_project/Game/The Tower - Final Project/Assets/Tests/DungeonMaster/RuleValueTest.cs" />
        <File uid="32" fullPath="P:/uni/final_project/Game/The Tower - Final Project/Assets/Tests/GraphTests.cs" />
        <File uid="33" fullPath="P:/uni/final_project/Game/The Tower - Final Project/Assets/Tests/PlayerCharacter/CharacterMovementTest.cs" />
        <File uid="34" fullPath="P:/uni/final_project/Game/The Tower - Final Project/Assets/Tests/PlayerCharacter/PlayerCameraTests.cs" />
        <File uid="35" fullPath="P:/uni/final_project/Game/The Tower - Final Project/Assets/Tests/PlayerCharacter/PlayerControllerTests.cs" />
        <File uid="36" fullPath="P:/uni/final_project/Game/The Tower - Final Project/Assets/Tests/DungeonGenerator/DungeonParametersTest.cs" />
        <File uid="37" fullPath="P:/uni/final_project/Game/The Tower - Final Project/Assets/Tests/GameSceneManagerTests.cs" />
      </Files>
      <Classes>
        <Class>
          <Summary numSequencePoints="3" visitedSequencePoints="3" numBranchPoints="0" visitedBranchPoints="0" sequenceCoverage="100.0" branchCoverage="0.0" maxCyclomaticComplexity="0" minCyclomaticComplexity="0" maxCrapScore="0" minCrapScore="0" visitedClasses="1" numClasses="1" visitedMethods="1" numMethods="1" />
          <FullName>DungeonComponentsTest</FullName>
          <Methods>
            <Method visited="true" cyclomaticComplexity="0" nPathComplexity="0" sequenceCoverage="100.0" branchCoverage="0" crapScore="0" isConstructor="false" isStatic="false" isGetter="false" isSetter="false">
              <Summary numSequencePoints="3" visitedSequencePoints="3" numBranchPoints="0" visitedBranchPoints="0" sequenceCoverage="100.0" branchCoverage="0" maxCyclomaticComplexity="0" minCyclomaticComplexity="0" maxCrapScore="0" minCrapScore="0" visitedClasses="0" numClasses="0" visitedMethods="1" numMethods="1" />
              <MetadataToken>100663297</MetadataToken>
              <Name>System.Void DungeonComponentsTest::Setup()</Name>
              <FileRef uid="23" />
              <SequencePoints>
                <SequencePoint vc="1" uspid="2360" ordinal="0" offset="0" sl="13" sc="5" el="13" ec="5" bec="0" bev="0" fileid="23" />
                <SequencePoint vc="1" uspid="2361" ordinal="0" offset="1" sl="14" sc="9" el="14" ec="9" bec="0" bev="0" fileid="23" />
                <SequencePoint vc="1" uspid="2362" ordinal="0" offset="12" sl="15" sc="5" el="15" ec="5" bec="0" bev="0" fileid="23" />
              </SequencePoints>
              <BranchPoints />
            </Method>
          </Methods>
        </Class>
        <Class>
          <Summary numSequencePoints="3" visitedSequencePoints="3" numBranchPoints="0" visitedBranchPoints="0" sequenceCoverage="100.0" branchCoverage="0.0" maxCyclomaticComplexity="0" minCyclomaticComplexity="0" maxCrapScore="0" minCrapScore="0" visitedClasses="1" numClasses="1" visitedMethods="1" numMethods="1" />
          <FullName>DungeonGeneratorTest</FullName>
          <Methods>
            <Method visited="true" cyclomaticComplexity="0" nPathComplexity="0" sequenceCoverage="100.0" branchCoverage="0" crapScore="0" isConstructor="false" isStatic="false" isGetter="false" isSetter="false">
              <Summary numSequencePoints="3" visitedSequencePoints="3" numBranchPoints="0" visitedBranchPoints="0" sequenceCoverage="100.0" branchCoverage="0" maxCyclomaticComplexity="0" minCyclomaticComplexity="0" maxCrapScore="0" minCrapScore="0" visitedClasses="0" numClasses="0" visitedMethods="1" numMethods="1" />
              <MetadataToken>100663301</MetadataToken>
              <Name>System.Void DungeonGeneratorTest::Setup()</Name>
              <FileRef uid="24" />
              <SequencePoints>
                <SequencePoint vc="2" uspid="2366" ordinal="0" offset="0" sl="14" sc="5" el="14" ec="5" bec="0" bev="0" fileid="24" />
                <SequencePoint vc="2" uspid="2367" ordinal="0" offset="1" sl="15" sc="9" el="15" ec="9" bec="0" bev="0" fileid="24" />
                <SequencePoint vc="2" uspid="2368" ordinal="0" offset="12" sl="16" sc="5" el="16" ec="5" bec="0" bev="0" fileid="24" />
              </SequencePoints>
              <BranchPoints />
            </Method>
          </Methods>
        </Class>
        <Class>
          <Summary numSequencePoints="3" visitedSequencePoints="3" numBranchPoints="0" visitedBranchPoints="0" sequenceCoverage="100.0" branchCoverage="0.0" maxCyclomaticComplexity="0" minCyclomaticComplexity="0" maxCrapScore="0" minCrapScore="0" visitedClasses="1" numClasses="1" visitedMethods="1" numMethods="1" />
          <FullName>DungeonPlayabilityTest</FullName>
          <Methods>
            <Method visited="true" cyclomaticComplexity="0" nPathComplexity="0" sequenceCoverage="100.0" branchCoverage="0" crapScore="0" isConstructor="false" isStatic="false" isGetter="false" isSetter="false">
              <Summary numSequencePoints="3" visitedSequencePoints="3" numBranchPoints="0" visitedBranchPoints="0" sequenceCoverage="100.0" branchCoverage="0" maxCyclomaticComplexity="0" minCyclomaticComplexity="0" maxCrapScore="0" minCrapScore="0" visitedClasses="0" numClasses="0" visitedMethods="1" numMethods="1" />
              <MetadataToken>100663305</MetadataToken>
              <Name>System.Void DungeonPlayabilityTest::Setup()</Name>
              <FileRef uid="25" />
              <SequencePoints>
                <SequencePoint vc="1" uspid="2369" ordinal="0" offset="0" sl="13" sc="5" el="13" ec="5" bec="0" bev="0" fileid="25" />
                <SequencePoint vc="1" uspid="2370" ordinal="0" offset="1" sl="14" sc="9" el="14" ec="9" bec="0" bev="0" fileid="25" />
                <SequencePoint vc="1" uspid="2371" ordinal="0" offset="12" sl="15" sc="5" el="15" ec="5" bec="0" bev="0" fileid="25" />
              </SequencePoints>
              <BranchPoints />
            </Method>
          </Methods>
        </Class>
        <Class>
          <Summary numSequencePoints="8" visitedSequencePoints="8" numBranchPoints="0" visitedBranchPoints="0" sequenceCoverage="100.0" branchCoverage="0.0" maxCyclomaticComplexity="0" minCyclomaticComplexity="0" maxCrapScore="0" minCrapScore="0" visitedClasses="1" numClasses="1" visitedMethods="3" numMethods="3" />
          <FullName>RandomWalkTests</FullName>
          <Methods>
            <Method visited="true" cyclomaticComplexity="0" nPathComplexity="0" sequenceCoverage="100.0" branchCoverage="0" crapScore="0" isConstructor="false" isStatic="false" isGetter="false" isSetter="false">
              <Summary numSequencePoints="3" visitedSequencePoints="3" numBranchPoints="0" visitedBranchPoints="0" sequenceCoverage="100.0" branchCoverage="0" maxCyclomaticComplexity="0" minCyclomaticComplexity="0" maxCrapScore="0" minCrapScore="0" visitedClasses="0" numClasses="0" visitedMethods="1" numMethods="1" />
              <MetadataToken>100663309</MetadataToken>
              <Name>System.Void RandomWalkTests::SetUp()</Name>
              <FileRef uid="26" />
              <SequencePoints>
                <SequencePoint vc="2" uspid="2375" ordinal="0" offset="0" sl="19" sc="5" el="19" ec="5" bec="0" bev="0" fileid="26" />
                <SequencePoint vc="2" uspid="2376" ordinal="0" offset="1" sl="20" sc="9" el="20" ec="9" bec="0" bev="0" fileid="26" />
                <SequencePoint vc="2" uspid="2377" ordinal="0" offset="12" sl="21" sc="5" el="21" ec="5" bec="0" bev="0" fileid="26" />
              </SequencePoints>
              <BranchPoints />
            </Method>
            <Method visited="true" cyclomaticComplexity="0" nPathComplexity="0" sequenceCoverage="100.0" branchCoverage="0" crapScore="0" isConstructor="false" isStatic="false" isGetter="false" isSetter="false">
              <Summary numSequencePoints="3" visitedSequencePoints="3" numBranchPoints="0" visitedBranchPoints="0" sequenceCoverage="100.0" branchCoverage="0" maxCyclomaticComplexity="0" minCyclomaticComplexity="0" maxCrapScore="0" minCrapScore="0" visitedClasses="0" numClasses="0" visitedMethods="1" numMethods="1" />
              <MetadataToken>100663313</MetadataToken>
              <Name>Assets.DungeonGenerator.Components.DungeonParameters RandomWalkTests::CreateParameters(System.Int32)</Name>
              <FileRef uid="26" />
              <SequencePoints>
                <SequencePoint vc="1" uspid="2378" ordinal="0" offset="0" sl="70" sc="5" el="70" ec="5" bec="0" bev="0" fileid="26" />
                <SequencePoint vc="1" uspid="2379" ordinal="0" offset="1" sl="71" sc="9" el="71" ec="9" bec="0" bev="0" fileid="26" />
                <SequencePoint vc="1" uspid="2380" ordinal="0" offset="20" sl="72" sc="5" el="72" ec="5" bec="0" bev="0" fileid="26" />
              </SequencePoints>
              <BranchPoints />
            </Method>
            <Method visited="true" cyclomaticComplexity="0" nPathComplexity="0" sequenceCoverage="100.0" branchCoverage="0" crapScore="0" isConstructor="true" isStatic="false" isGetter="false" isSetter="false">
              <Summary numSequencePoints="2" visitedSequencePoints="2" numBranchPoints="0" visitedBranchPoints="0" sequenceCoverage="100.0" branchCoverage="0" maxCyclomaticComplexity="0" minCyclomaticComplexity="0" maxCrapScore="0" minCrapScore="0" visitedClasses="0" numClasses="0" visitedMethods="1" numMethods="1" />
              <MetadataToken>100663315</MetadataToken>
              <Name>RandomWalkTests::RandomWalkTests()</Name>
              <FileRef uid="26" />
              <SequencePoints>
                <SequencePoint vc="1" uspid="2386" ordinal="0" offset="0" sl="14" sc="5" el="14" ec="5" bec="0" bev="0" fileid="26" />
                <SequencePoint vc="1" uspid="2387" ordinal="0" offset="16" sl="15" sc="5" el="15" ec="5" bec="0" bev="0" fileid="26" />
              </SequencePoints>
              <BranchPoints />
            </Method>
          </Methods>
        </Class>
        <Class>
          <Summary numSequencePoints="40" visitedSequencePoints="40" numBranchPoints="0" visitedBranchPoints="0" sequenceCoverage="100.0" branchCoverage="0.0" maxCyclomaticComplexity="0" minCyclomaticComplexity="0" maxCrapScore="0" minCrapScore="0" visitedClasses="1" numClasses="1" visitedMethods="4" numMethods="4" />
          <FullName>DungeonMasterRulesetTest</FullName>
          <Methods>
            <Method visited="true" cyclomaticComplexity="0" nPathComplexity="0" sequenceCoverage="100.0" branchCoverage="0" crapScore="0" isConstructor="false" isStatic="false" isGetter="false" isSetter="false">
              <Summary numSequencePoints="3" visitedSequencePoints="3" numBranchPoints="0" visitedBranchPoints="0" sequenceCoverage="100.0" branchCoverage="0" maxCyclomaticComplexity="0" minCyclomaticComplexity="0" maxCrapScore="0" minCrapScore="0" visitedClasses="0" numClasses="0" visitedMethods="1" numMethods="1" />
              <MetadataToken>100663316</MetadataToken>
              <Name>System.Void DungeonMasterRulesetTest::SetUp()</Name>
              <FileRef uid="27" />
              <SequencePoints>
                <SequencePoint vc="3" uspid="2388" ordinal="0" offset="0" sl="15" sc="5" el="15" ec="5" bec="0" bev="0" fileid="27" />
                <SequencePoint vc="3" uspid="2389" ordinal="0" offset="1" sl="16" sc="9" el="16" ec="9" bec="0" bev="0" fileid="27" />
                <SequencePoint vc="3" uspid="2390" ordinal="0" offset="17" sl="17" sc="5" el="17" ec="5" bec="0" bev="0" fileid="27" />
              </SequencePoints>
              <BranchPoints />
            </Method>
            <Method visited="true" cyclomaticComplexity="0" nPathComplexity="0" sequenceCoverage="100.0" branchCoverage="0" crapScore="0" isConstructor="false" isStatic="false" isGetter="false" isSetter="false">
              <Summary numSequencePoints="5" visitedSequencePoints="5" numBranchPoints="0" visitedBranchPoints="0" sequenceCoverage="100.0" branchCoverage="0" maxCyclomaticComplexity="0" minCyclomaticComplexity="0" maxCrapScore="0" minCrapScore="0" visitedClasses="0" numClasses="0" visitedMethods="1" numMethods="1" />
              <MetadataToken>100663317</MetadataToken>
              <Name>System.Void DungeonMasterRulesetTest::ShouldLoopThroughRuleset()</Name>
              <FileRef uid="27" />
              <SequencePoints>
                <SequencePoint vc="1" uspid="2391" ordinal="0" offset="6" sl="21" sc="5" el="21" ec="5" bec="0" bev="0" fileid="27" />
                <SequencePoint vc="1" uspid="2392" ordinal="0" offset="7" sl="22" sc="9" el="22" ec="9" bec="0" bev="0" fileid="27" />
                <SequencePoint vc="1" uspid="2393" ordinal="0" offset="14" sl="23" sc="9" el="23" ec="9" bec="0" bev="0" fileid="27" />
                <SequencePoint vc="1" uspid="2394" ordinal="0" offset="38" sl="24" sc="9" el="24" ec="9" bec="0" bev="0" fileid="27" />
                <SequencePoint vc="1" uspid="2395" ordinal="0" offset="63" sl="25" sc="5" el="25" ec="5" bec="0" bev="0" fileid="27" />
              </SequencePoints>
              <BranchPoints />
            </Method>
            <Method visited="true" cyclomaticComplexity="0" nPathComplexity="0" sequenceCoverage="100.0" branchCoverage="0" crapScore="0" isConstructor="false" isStatic="false" isGetter="false" isSetter="false">
              <Summary numSequencePoints="17" visitedSequencePoints="17" numBranchPoints="0" visitedBranchPoints="0" sequenceCoverage="100.0" branchCoverage="0" maxCyclomaticComplexity="0" minCyclomaticComplexity="0" maxCrapScore="0" minCrapScore="0" visitedClasses="0" numClasses="0" visitedMethods="1" numMethods="1" />
              <MetadataToken>100663318</MetadataToken>
              <Name>System.Void DungeonMasterRulesetTest::ShouldHaveRulesAfterParsingJson()</Name>
              <FileRef uid="27" />
              <SequencePoints>
                <SequencePoint vc="1" uspid="2396" ordinal="0" offset="6" sl="29" sc="5" el="29" ec="5" bec="0" bev="0" fileid="27" />
                <SequencePoint vc="1" uspid="2397" ordinal="0" offset="7" sl="30" sc="9" el="30" ec="9" bec="0" bev="0" fileid="27" />
                <SequencePoint vc="1" uspid="2398" ordinal="0" offset="14" sl="31" sc="9" el="31" ec="9" bec="0" bev="0" fileid="27" />
                <SequencePoint vc="1" uspid="2399" ordinal="0" offset="38" sl="40" sc="9" el="40" ec="9" bec="0" bev="0" fileid="27" />
                <SequencePoint vc="1" uspid="2400" ordinal="0" offset="58" sl="41" sc="9" el="41" ec="9" bec="0" bev="0" fileid="27" />
                <SequencePoint vc="1" uspid="2401" ordinal="0" offset="70" sl="42" sc="9" el="42" ec="9" bec="0" bev="0" fileid="27" />
                <SequencePoint vc="1" uspid="2402" ordinal="0" offset="97" sl="43" sc="9" el="43" ec="9" bec="0" bev="0" fileid="27" />
                <SequencePoint vc="1" uspid="2403" ordinal="0" offset="124" sl="44" sc="9" el="44" ec="9" bec="0" bev="0" fileid="27" />
                <SequencePoint vc="1" uspid="2404" ordinal="0" offset="146" sl="45" sc="9" el="45" ec="9" bec="0" bev="0" fileid="27" />
                <SequencePoint vc="1" uspid="2405" ordinal="0" offset="163" sl="47" sc="9" el="47" ec="9" bec="0" bev="0" fileid="27" />
                <SequencePoint vc="1" uspid="2406" ordinal="0" offset="175" sl="49" sc="9" el="49" ec="9" bec="0" bev="0" fileid="27" />
                <SequencePoint vc="1" uspid="2407" ordinal="0" offset="192" sl="51" sc="9" el="51" ec="9" bec="0" bev="0" fileid="27" />
                <SequencePoint vc="1" uspid="2408" ordinal="0" offset="207" sl="52" sc="9" el="52" ec="9" bec="0" bev="0" fileid="27" />
                <SequencePoint vc="1" uspid="2409" ordinal="0" offset="219" sl="54" sc="9" el="54" ec="9" bec="0" bev="0" fileid="27" />
                <SequencePoint vc="1" uspid="2410" ordinal="0" offset="226" sl="55" sc="9" el="55" ec="9" bec="0" bev="0" fileid="27" />
                <SequencePoint vc="1" uspid="2411" ordinal="0" offset="245" sl="56" sc="9" el="56" ec="9" bec="0" bev="0" fileid="27" />
                <SequencePoint vc="1" uspid="2412" ordinal="0" offset="264" sl="57" sc="5" el="57" ec="5" bec="0" bev="0" fileid="27" />
              </SequencePoints>
              <BranchPoints />
            </Method>
            <Method visited="true" cyclomaticComplexity="0" nPathComplexity="0" sequenceCoverage="100.0" branchCoverage="0" crapScore="0" isConstructor="false" isStatic="false" isGetter="false" isSetter="false">
              <Summary numSequencePoints="15" visitedSequencePoints="15" numBranchPoints="0" visitedBranchPoints="0" sequenceCoverage="100.0" branchCoverage="0" maxCyclomaticComplexity="0" minCyclomaticComplexity="0" maxCrapScore="0" minCrapScore="0" visitedClasses="0" numClasses="0" visitedMethods="1" numMethods="1" />
              <MetadataToken>100663319</MetadataToken>
              <Name>System.Void DungeonMasterRulesetTest::ShouldIgnoreDuplicateRules()</Name>
              <FileRef uid="27" />
              <SequencePoints>
                <SequencePoint vc="1" uspid="2413" ordinal="0" offset="0" sl="61" sc="5" el="61" ec="5" bec="0" bev="0" fileid="27" />
                <SequencePoint vc="1" uspid="2414" ordinal="0" offset="1" sl="62" sc="9" el="62" ec="9" bec="0" bev="0" fileid="27" />
                <SequencePoint vc="1" uspid="2415" ordinal="0" offset="12" sl="63" sc="9" el="63" ec="9" bec="0" bev="0" fileid="27" />
                <SequencePoint vc="1" uspid="2416" ordinal="0" offset="14" sl="65" sc="9" el="65" ec="9" bec="0" bev="0" fileid="27" />
                <SequencePoint vc="1" uspid="2417" ordinal="0" offset="26" sl="66" sc="9" el="66" ec="9" bec="0" bev="0" fileid="27" />
                <SequencePoint vc="1" uspid="2418" ordinal="0" offset="53" sl="68" sc="9" el="68" ec="9" bec="0" bev="0" fileid="27" />
                <SequencePoint vc="1" uspid="2419" ordinal="0" offset="54" sl="68" sc="34" el="68" ec="34" bec="0" bev="0" fileid="27" />
                <SequencePoint vc="4" uspid="2420" ordinal="0" offset="64" sl="68" sc="18" el="68" ec="18" bec="0" bev="0" fileid="27" />
                <SequencePoint vc="4" uspid="2421" ordinal="0" offset="73" sl="69" sc="9" el="69" ec="9" bec="0" bev="0" fileid="27" />
                <SequencePoint vc="4" uspid="2422" ordinal="0" offset="74" sl="71" sc="13" el="71" ec="13" bec="0" bev="0" fileid="27" />
                <SequencePoint vc="4" uspid="2423" ordinal="0" offset="110" sl="72" sc="9" el="72" ec="9" bec="0" bev="0" fileid="27" />
                <SequencePoint vc="5" uspid="2424" ordinal="0" offset="111" sl="68" sc="31" el="68" ec="31" bec="0" bev="0" fileid="27" />
                <SequencePoint vc="1" uspid="2425" ordinal="0" offset="135" sl="74" sc="9" el="74" ec="9" bec="0" bev="0" fileid="27" />
                <SequencePoint vc="1" uspid="2426" ordinal="0" offset="160" sl="75" sc="9" el="75" ec="9" bec="0" bev="0" fileid="27" />
                <SequencePoint vc="1" uspid="2427" ordinal="0" offset="170" sl="76" sc="5" el="76" ec="5" bec="0" bev="0" fileid="27" />
              </SequencePoints>
              <BranchPoints />
            </Method>
          </Methods>
        </Class>
        <Class>
          <Summary numSequencePoints="20" visitedSequencePoints="20" numBranchPoints="0" visitedBranchPoints="0" sequenceCoverage="100.0" branchCoverage="0.0" maxCyclomaticComplexity="0" minCyclomaticComplexity="0" maxCrapScore="0" minCrapScore="0" visitedClasses="1" numClasses="1" visitedMethods="5" numMethods="5" />
          <FullName>DungeonMasterRuleTest</FullName>
          <Methods>
            <Method visited="true" cyclomaticComplexity="0" nPathComplexity="0" sequenceCoverage="100.0" branchCoverage="0" crapScore="0" isConstructor="false" isStatic="false" isGetter="false" isSetter="false">
              <Summary numSequencePoints="5" visitedSequencePoints="5" numBranchPoints="0" visitedBranchPoints="0" sequenceCoverage="100.0" branchCoverage="0" maxCyclomaticComplexity="0" minCyclomaticComplexity="0" maxCrapScore="0" minCrapScore="0" visitedClasses="0" numClasses="0" visitedMethods="1" numMethods="1" />
              <MetadataToken>100663321</MetadataToken>
              <Name>System.Void DungeonMasterRuleTest::SetUp()</Name>
              <FileRef uid="28" />
              <SequencePoints>
                <SequencePoint vc="4" uspid="2428" ordinal="0" offset="0" sl="11" sc="5" el="11" ec="5" bec="0" bev="0" fileid="28" />
                <SequencePoint vc="4" uspid="2429" ordinal="0" offset="1" sl="12" sc="9" el="12" ec="9" bec="0" bev="0" fileid="28" />
                <SequencePoint vc="4" uspid="2430" ordinal="0" offset="58" sl="18" sc="9" el="18" ec="9" bec="0" bev="0" fileid="28" />
                <SequencePoint vc="4" uspid="2431" ordinal="0" offset="108" sl="24" sc="9" el="24" ec="9" bec="0" bev="0" fileid="28" />
                <SequencePoint vc="4" uspid="2432" ordinal="0" offset="136" sl="25" sc="5" el="25" ec="5" bec="0" bev="0" fileid="28" />
              </SequencePoints>
              <BranchPoints />
            </Method>
            <Method visited="true" cyclomaticComplexity="0" nPathComplexity="0" sequenceCoverage="100.0" branchCoverage="0" crapScore="0" isConstructor="false" isStatic="false" isGetter="false" isSetter="false">
              <Summary numSequencePoints="3" visitedSequencePoints="3" numBranchPoints="0" visitedBranchPoints="0" sequenceCoverage="100.0" branchCoverage="0" maxCyclomaticComplexity="0" minCyclomaticComplexity="0" maxCrapScore="0" minCrapScore="0" visitedClasses="0" numClasses="0" visitedMethods="1" numMethods="1" />
              <MetadataToken>100663322</MetadataToken>
              <Name>System.Void DungeonMasterRuleTest::ShouldReturnTrueIfAllConditionsAreMet()</Name>
              <FileRef uid="28" />
              <SequencePoints>
                <SequencePoint vc="1" uspid="2433" ordinal="0" offset="0" sl="29" sc="5" el="29" ec="5" bec="0" bev="0" fileid="28" />
                <SequencePoint vc="1" uspid="2434" ordinal="0" offset="1" sl="30" sc="9" el="30" ec="9" bec="0" bev="0" fileid="28" />
                <SequencePoint vc="1" uspid="2435" ordinal="0" offset="23" sl="31" sc="5" el="31" ec="5" bec="0" bev="0" fileid="28" />
              </SequencePoints>
              <BranchPoints />
            </Method>
            <Method visited="true" cyclomaticComplexity="0" nPathComplexity="0" sequenceCoverage="100.0" branchCoverage="0" crapScore="0" isConstructor="false" isStatic="false" isGetter="false" isSetter="false">
              <Summary numSequencePoints="3" visitedSequencePoints="3" numBranchPoints="0" visitedBranchPoints="0" sequenceCoverage="100.0" branchCoverage="0" maxCyclomaticComplexity="0" minCyclomaticComplexity="0" maxCrapScore="0" minCrapScore="0" visitedClasses="0" numClasses="0" visitedMethods="1" numMethods="1" />
              <MetadataToken>100663323</MetadataToken>
              <Name>System.Void DungeonMasterRuleTest::ShouldReturnFalseIfOneConditionIsNotMet()</Name>
              <FileRef uid="28" />
              <SequencePoints>
                <SequencePoint vc="1" uspid="2436" ordinal="0" offset="0" sl="35" sc="5" el="35" ec="5" bec="0" bev="0" fileid="28" />
                <SequencePoint vc="1" uspid="2437" ordinal="0" offset="1" sl="36" sc="9" el="36" ec="9" bec="0" bev="0" fileid="28" />
                <SequencePoint vc="1" uspid="2438" ordinal="0" offset="23" sl="37" sc="5" el="37" ec="5" bec="0" bev="0" fileid="28" />
              </SequencePoints>
              <BranchPoints />
            </Method>
            <Method visited="true" cyclomaticComplexity="0" nPathComplexity="0" sequenceCoverage="100.0" branchCoverage="0" crapScore="0" isConstructor="false" isStatic="false" isGetter="false" isSetter="false">
              <Summary numSequencePoints="5" visitedSequencePoints="5" numBranchPoints="0" visitedBranchPoints="0" sequenceCoverage="100.0" branchCoverage="0" maxCyclomaticComplexity="0" minCyclomaticComplexity="0" maxCrapScore="0" minCrapScore="0" visitedClasses="0" numClasses="0" visitedMethods="1" numMethods="1" />
              <MetadataToken>100663324</MetadataToken>
              <Name>System.Void DungeonMasterRuleTest::ShouldReturnNullRuleValueIfConditionsNotMet()</Name>
              <FileRef uid="28" />
              <SequencePoints>
                <SequencePoint vc="1" uspid="2439" ordinal="0" offset="0" sl="41" sc="5" el="41" ec="5" bec="0" bev="0" fileid="28" />
                <SequencePoint vc="1" uspid="2440" ordinal="0" offset="1" sl="42" sc="9" el="42" ec="9" bec="0" bev="0" fileid="28" />
                <SequencePoint vc="1" uspid="2441" ordinal="0" offset="18" sl="43" sc="9" el="43" ec="9" bec="0" bev="0" fileid="28" />
                <SequencePoint vc="1" uspid="2442" ordinal="0" offset="35" sl="44" sc="9" el="44" ec="9" bec="0" bev="0" fileid="28" />
                <SequencePoint vc="1" uspid="2443" ordinal="0" offset="52" sl="45" sc="5" el="45" ec="5" bec="0" bev="0" fileid="28" />
              </SequencePoints>
              <BranchPoints />
            </Method>
            <Method visited="true" cyclomaticComplexity="0" nPathComplexity="0" sequenceCoverage="100.0" branchCoverage="0" crapScore="0" isConstructor="false" isStatic="false" isGetter="false" isSetter="false">
              <Summary numSequencePoints="4" visitedSequencePoints="4" numBranchPoints="0" visitedBranchPoints="0" sequenceCoverage="100.0" branchCoverage="0" maxCyclomaticComplexity="0" minCyclomaticComplexity="0" maxCrapScore="0" minCrapScore="0" visitedClasses="0" numClasses="0" visitedMethods="1" numMethods="1" />
              <MetadataToken>100663325</MetadataToken>
              <Name>System.Void DungeonMasterRuleTest::ShouldReturnRuleValueIfConditionsMet()</Name>
              <FileRef uid="28" />
              <SequencePoints>
                <SequencePoint vc="1" uspid="2444" ordinal="0" offset="0" sl="49" sc="5" el="49" ec="5" bec="0" bev="0" fileid="28" />
                <SequencePoint vc="1" uspid="2445" ordinal="0" offset="1" sl="50" sc="9" el="50" ec="9" bec="0" bev="0" fileid="28" />
                <SequencePoint vc="1" uspid="2446" ordinal="0" offset="18" sl="51" sc="9" el="51" ec="9" bec="0" bev="0" fileid="28" />
                <SequencePoint vc="1" uspid="2447" ordinal="0" offset="35" sl="52" sc="5" el="52" ec="5" bec="0" bev="0" fileid="28" />
              </SequencePoints>
              <BranchPoints />
            </Method>
          </Methods>
        </Class>
        <Class>
          <Summary numSequencePoints="18" visitedSequencePoints="18" numBranchPoints="0" visitedBranchPoints="0" sequenceCoverage="100.0" branchCoverage="0.0" maxCyclomaticComplexity="0" minCyclomaticComplexity="0" maxCrapScore="0" minCrapScore="0" visitedClasses="1" numClasses="1" visitedMethods="5" numMethods="5" />
          <FullName>RuleConditionTest</FullName>
          <Methods>
            <Method visited="true" cyclomaticComplexity="0" nPathComplexity="0" sequenceCoverage="100.0" branchCoverage="0" crapScore="0" isConstructor="false" isStatic="false" isGetter="false" isSetter="false">
              <Summary numSequencePoints="3" visitedSequencePoints="3" numBranchPoints="0" visitedBranchPoints="0" sequenceCoverage="100.0" branchCoverage="0" maxCyclomaticComplexity="0" minCyclomaticComplexity="0" maxCrapScore="0" minCrapScore="0" visitedClasses="0" numClasses="0" visitedMethods="1" numMethods="1" />
              <MetadataToken>100663337</MetadataToken>
              <Name>System.Void RuleConditionTest::SetUp()</Name>
              <FileRef uid="30" />
              <SequencePoints>
                <SequencePoint vc="4" uspid="2453" ordinal="0" offset="0" sl="11" sc="5" el="11" ec="5" bec="0" bev="0" fileid="30" />
                <SequencePoint vc="4" uspid="2454" ordinal="0" offset="1" sl="12" sc="9" el="12" ec="9" bec="0" bev="0" fileid="30" />
                <SequencePoint vc="4" uspid="2455" ordinal="0" offset="22" sl="13" sc="5" el="13" ec="5" bec="0" bev="0" fileid="30" />
              </SequencePoints>
              <BranchPoints />
            </Method>
            <Method visited="true" cyclomaticComplexity="0" nPathComplexity="0" sequenceCoverage="100.0" branchCoverage="0" crapScore="0" isConstructor="false" isStatic="false" isGetter="false" isSetter="false">
              <Summary numSequencePoints="3" visitedSequencePoints="3" numBranchPoints="0" visitedBranchPoints="0" sequenceCoverage="100.0" branchCoverage="0" maxCyclomaticComplexity="0" minCyclomaticComplexity="0" maxCrapScore="0" minCrapScore="0" visitedClasses="0" numClasses="0" visitedMethods="1" numMethods="1" />
              <MetadataToken>100663338</MetadataToken>
              <Name>System.Void RuleConditionTest::ShouldReturnTrueIfConditionIsMet()</Name>
              <FileRef uid="30" />
              <SequencePoints>
                <SequencePoint vc="1" uspid="2456" ordinal="0" offset="0" sl="17" sc="5" el="17" ec="5" bec="0" bev="0" fileid="30" />
                <SequencePoint vc="1" uspid="2457" ordinal="0" offset="1" sl="18" sc="9" el="18" ec="9" bec="0" bev="0" fileid="30" />
                <SequencePoint vc="1" uspid="2458" ordinal="0" offset="23" sl="19" sc="5" el="19" ec="5" bec="0" bev="0" fileid="30" />
              </SequencePoints>
              <BranchPoints />
            </Method>
            <Method visited="true" cyclomaticComplexity="0" nPathComplexity="0" sequenceCoverage="100.0" branchCoverage="0" crapScore="0" isConstructor="false" isStatic="false" isGetter="false" isSetter="false">
              <Summary numSequencePoints="3" visitedSequencePoints="3" numBranchPoints="0" visitedBranchPoints="0" sequenceCoverage="100.0" branchCoverage="0" maxCyclomaticComplexity="0" minCyclomaticComplexity="0" maxCrapScore="0" minCrapScore="0" visitedClasses="0" numClasses="0" visitedMethods="1" numMethods="1" />
              <MetadataToken>100663339</MetadataToken>
              <Name>System.Void RuleConditionTest::ShouldReturnFalseIfConditionIsNotMet()</Name>
              <FileRef uid="30" />
              <SequencePoints>
                <SequencePoint vc="1" uspid="2459" ordinal="0" offset="0" sl="23" sc="5" el="23" ec="5" bec="0" bev="0" fileid="30" />
                <SequencePoint vc="1" uspid="2460" ordinal="0" offset="1" sl="24" sc="9" el="24" ec="9" bec="0" bev="0" fileid="30" />
                <SequencePoint vc="1" uspid="2461" ordinal="0" offset="23" sl="25" sc="5" el="25" ec="5" bec="0" bev="0" fileid="30" />
              </SequencePoints>
              <BranchPoints />
            </Method>
            <Method visited="true" cyclomaticComplexity="0" nPathComplexity="0" sequenceCoverage="100.0" branchCoverage="0" crapScore="0" isConstructor="false" isStatic="false" isGetter="false" isSetter="false">
              <Summary numSequencePoints="4" visitedSequencePoints="4" numBranchPoints="0" visitedBranchPoints="0" sequenceCoverage="100.0" branchCoverage="0" maxCyclomaticComplexity="0" minCyclomaticComplexity="0" maxCrapScore="0" minCrapScore="0" visitedClasses="0" numClasses="0" visitedMethods="1" numMethods="1" />
              <MetadataToken>100663340</MetadataToken>
              <Name>System.Void RuleConditionTest::ShouldHandleGreaterThanOperator()</Name>
              <FileRef uid="30" />
              <SequencePoints>
                <SequencePoint vc="1" uspid="2462" ordinal="0" offset="0" sl="29" sc="5" el="29" ec="5" bec="0" bev="0" fileid="30" />
                <SequencePoint vc="1" uspid="2463" ordinal="0" offset="1" sl="30" sc="9" el="30" ec="9" bec="0" bev="0" fileid="30" />
                <SequencePoint vc="1" uspid="2464" ordinal="0" offset="23" sl="31" sc="9" el="31" ec="9" bec="0" bev="0" fileid="30" />
                <SequencePoint vc="1" uspid="2465" ordinal="0" offset="45" sl="32" sc="5" el="32" ec="5" bec="0" bev="0" fileid="30" />
              </SequencePoints>
              <BranchPoints />
            </Method>
            <Method visited="true" cyclomaticComplexity="0" nPathComplexity="0" sequenceCoverage="100.0" branchCoverage="0" crapScore="0" isConstructor="false" isStatic="false" isGetter="false" isSetter="false">
              <Summary numSequencePoints="5" visitedSequencePoints="5" numBranchPoints="0" visitedBranchPoints="0" sequenceCoverage="100.0" branchCoverage="0" maxCyclomaticComplexity="0" minCyclomaticComplexity="0" maxCrapScore="0" minCrapScore="0" visitedClasses="0" numClasses="0" visitedMethods="1" numMethods="1" />
              <MetadataToken>100663341</MetadataToken>
              <Name>System.Void RuleConditionTest::ShouldHandleLessThanOperator()</Name>
              <FileRef uid="30" />
              <SequencePoints>
                <SequencePoint vc="1" uspid="2466" ordinal="0" offset="0" sl="36" sc="5" el="36" ec="5" bec="0" bev="0" fileid="30" />
                <SequencePoint vc="1" uspid="2467" ordinal="0" offset="1" sl="37" sc="9" el="37" ec="9" bec="0" bev="0" fileid="30" />
                <SequencePoint vc="1" uspid="2468" ordinal="0" offset="22" sl="38" sc="9" el="38" ec="9" bec="0" bev="0" fileid="30" />
                <SequencePoint vc="1" uspid="2469" ordinal="0" offset="44" sl="39" sc="9" el="39" ec="9" bec="0" bev="0" fileid="30" />
                <SequencePoint vc="1" uspid="2470" ordinal="0" offset="66" sl="40" sc="5" el="40" ec="5" bec="0" bev="0" fileid="30" />
              </SequencePoints>
              <BranchPoints />
            </Method>
          </Methods>
        </Class>
        <Class>
          <Summary numSequencePoints="18" visitedSequencePoints="17" numBranchPoints="0" visitedBranchPoints="0" sequenceCoverage="94.44" branchCoverage="0.0" maxCyclomaticComplexity="0" minCyclomaticComplexity="0" maxCrapScore="0" minCrapScore="0" visitedClasses="1" numClasses="1" visitedMethods="4" numMethods="4" />
          <FullName>RuleValueTest</FullName>
          <Methods>
            <Method visited="true" cyclomaticComplexity="0" nPathComplexity="0" sequenceCoverage="100.0" branchCoverage="0" crapScore="0" isConstructor="false" isStatic="false" isGetter="false" isSetter="false">
              <Summary numSequencePoints="4" visitedSequencePoints="4" numBranchPoints="0" visitedBranchPoints="0" sequenceCoverage="100.0" branchCoverage="0" maxCyclomaticComplexity="0" minCyclomaticComplexity="0" maxCrapScore="0" minCrapScore="0" visitedClasses="0" numClasses="0" visitedMethods="1" numMethods="1" />
              <MetadataToken>100663343</MetadataToken>
              <Name>System.Void RuleValueTest::SetUp()</Name>
              <FileRef uid="31" />
              <SequencePoints>
                <SequencePoint vc="3" uspid="2471" ordinal="0" offset="0" sl="12" sc="5" el="12" ec="5" bec="0" bev="0" fileid="31" />
                <SequencePoint vc="3" uspid="2472" ordinal="0" offset="1" sl="13" sc="9" el="13" ec="9" bec="0" bev="0" fileid="31" />
                <SequencePoint vc="3" uspid="2473" ordinal="0" offset="46" sl="19" sc="9" el="19" ec="9" bec="0" bev="0" fileid="31" />
                <SequencePoint vc="3" uspid="2474" ordinal="0" offset="58" sl="20" sc="5" el="20" ec="5" bec="0" bev="0" fileid="31" />
              </SequencePoints>
              <BranchPoints />
            </Method>
            <Method visited="true" cyclomaticComplexity="0" nPathComplexity="0" sequenceCoverage="100.0" branchCoverage="0" crapScore="0" isConstructor="false" isStatic="false" isGetter="false" isSetter="false">
              <Summary numSequencePoints="4" visitedSequencePoints="4" numBranchPoints="0" visitedBranchPoints="0" sequenceCoverage="100.0" branchCoverage="0" maxCyclomaticComplexity="0" minCyclomaticComplexity="0" maxCrapScore="0" minCrapScore="0" visitedClasses="0" numClasses="0" visitedMethods="1" numMethods="1" />
              <MetadataToken>100663344</MetadataToken>
              <Name>System.Void RuleValueTest::ShouldReturnFloatValue()</Name>
              <FileRef uid="31" />
              <SequencePoints>
                <SequencePoint vc="1" uspid="2475" ordinal="0" offset="0" sl="24" sc="5" el="24" ec="5" bec="0" bev="0" fileid="31" />
                <SequencePoint vc="1" uspid="2476" ordinal="0" offset="1" sl="25" sc="9" el="25" ec="9" bec="0" bev="0" fileid="31" />
                <SequencePoint vc="1" uspid="2477" ordinal="0" offset="21" sl="26" sc="9" el="26" ec="9" bec="0" bev="0" fileid="31" />
                <SequencePoint vc="1" uspid="2478" ordinal="0" offset="45" sl="27" sc="5" el="27" ec="5" bec="0" bev="0" fileid="31" />
              </SequencePoints>
              <BranchPoints />
            </Method>
            <Method visited="true" cyclomaticComplexity="0" nPathComplexity="0" sequenceCoverage="100.0" branchCoverage="0" crapScore="0" isConstructor="false" isStatic="false" isGetter="false" isSetter="false">
              <Summary numSequencePoints="4" visitedSequencePoints="4" numBranchPoints="0" visitedBranchPoints="0" sequenceCoverage="100.0" branchCoverage="0" maxCyclomaticComplexity="0" minCyclomaticComplexity="0" maxCrapScore="0" minCrapScore="0" visitedClasses="0" numClasses="0" visitedMethods="1" numMethods="1" />
              <MetadataToken>100663345</MetadataToken>
              <Name>System.Void RuleValueTest::ShouldReturnRangeValue()</Name>
              <FileRef uid="31" />
              <SequencePoints>
                <SequencePoint vc="1" uspid="2479" ordinal="0" offset="0" sl="31" sc="5" el="31" ec="5" bec="0" bev="0" fileid="31" />
                <SequencePoint vc="1" uspid="2480" ordinal="0" offset="1" sl="32" sc="9" el="32" ec="9" bec="0" bev="0" fileid="31" />
                <SequencePoint vc="1" uspid="2481" ordinal="0" offset="21" sl="33" sc="9" el="33" ec="9" bec="0" bev="0" fileid="31" />
                <SequencePoint vc="1" uspid="2482" ordinal="0" offset="45" sl="34" sc="5" el="34" ec="5" bec="0" bev="0" fileid="31" />
              </SequencePoints>
              <BranchPoints />
            </Method>
            <Method visited="true" cyclomaticComplexity="0" nPathComplexity="0" sequenceCoverage="83.33" branchCoverage="0" crapScore="0" isConstructor="false" isStatic="false" isGetter="false" isSetter="false">
              <Summary numSequencePoints="6" visitedSequencePoints="5" numBranchPoints="0" visitedBranchPoints="0" sequenceCoverage="83.33" branchCoverage="0" maxCyclomaticComplexity="0" minCyclomaticComplexity="0" maxCrapScore="0" minCrapScore="0" visitedClasses="0" numClasses="0" visitedMethods="1" numMethods="1" />
              <MetadataToken>100663346</MetadataToken>
              <Name>System.Void RuleValueTest::ShouldReturnNullIfValueIsNotOfTypeT()</Name>
              <FileRef uid="31" />
              <SequencePoints>
                <SequencePoint vc="1" uspid="2483" ordinal="0" offset="0" sl="38" sc="5" el="38" ec="5" bec="0" bev="0" fileid="31" />
                <SequencePoint vc="1" uspid="2484" ordinal="0" offset="1" sl="39" sc="9" el="39" ec="9" bec="0" bev="0" fileid="31" />
                <SequencePoint vc="1" uspid="2485" ordinal="0" offset="41" sl="45" sc="9" el="45" ec="9" bec="0" bev="0" fileid="31" />
                <SequencePoint vc="1" uspid="2486" ordinal="0" offset="53" sl="46" sc="9" el="46" ec="9" bec="0" bev="0" fileid="31" />
                <SequencePoint vc="1" uspid="2487" ordinal="0" offset="76" sl="47" sc="9" el="47" ec="9" bec="0" bev="0" fileid="31" />
                <SequencePoint vc="0" uspid="2488" ordinal="0" offset="100" sl="48" sc="5" el="48" ec="5" bec="0" bev="0" fileid="31" />
              </SequencePoints>
              <BranchPoints />
            </Method>
          </Methods>
        </Class>
        <Class>
          <Summary numSequencePoints="57" visitedSequencePoints="57" numBranchPoints="0" visitedBranchPoints="0" sequenceCoverage="100.0" branchCoverage="0.0" maxCyclomaticComplexity="0" minCyclomaticComplexity="0" maxCrapScore="0" minCrapScore="0" visitedClasses="1" numClasses="1" visitedMethods="11" numMethods="11" />
          <FullName>GraphTests</FullName>
          <Methods>
            <Method visited="true" cyclomaticComplexity="0" nPathComplexity="0" sequenceCoverage="100.0" branchCoverage="0" crapScore="0" isConstructor="false" isStatic="false" isGetter="false" isSetter="false">
              <Summary numSequencePoints="3" visitedSequencePoints="3" numBranchPoints="0" visitedBranchPoints="0" sequenceCoverage="100.0" branchCoverage="0" maxCyclomaticComplexity="0" minCyclomaticComplexity="0" maxCrapScore="0" minCrapScore="0" visitedClasses="0" numClasses="0" visitedMethods="1" numMethods="1" />
              <MetadataToken>100663352</MetadataToken>
              <Name>System.Void GraphTests::SetUp()</Name>
              <FileRef uid="32" />
              <SequencePoints>
                <SequencePoint vc="13" uspid="2489" ordinal="0" offset="0" sl="14" sc="25" el="14" ec="25" bec="0" bev="0" fileid="32" />
                <SequencePoint vc="13" uspid="2490" ordinal="0" offset="1" sl="14" sc="27" el="14" ec="27" bec="0" bev="0" fileid="32" />
                <SequencePoint vc="13" uspid="2491" ordinal="0" offset="12" sl="14" sc="56" el="14" ec="56" bec="0" bev="0" fileid="32" />
              </SequencePoints>
              <BranchPoints />
            </Method>
            <Method visited="true" cyclomaticComplexity="0" nPathComplexity="0" sequenceCoverage="100.0" branchCoverage="0" crapScore="0" isConstructor="false" isStatic="false" isGetter="false" isSetter="false">
              <Summary numSequencePoints="4" visitedSequencePoints="4" numBranchPoints="0" visitedBranchPoints="0" sequenceCoverage="100.0" branchCoverage="0" maxCyclomaticComplexity="0" minCyclomaticComplexity="0" maxCrapScore="0" minCrapScore="0" visitedClasses="0" numClasses="0" visitedMethods="1" numMethods="1" />
              <MetadataToken>100663353</MetadataToken>
              <Name>System.Void GraphTests::ShouldAddNode()</Name>
              <FileRef uid="32" />
              <SequencePoints>
                <SequencePoint vc="1" uspid="2492" ordinal="0" offset="0" sl="18" sc="5" el="18" ec="5" bec="0" bev="0" fileid="32" />
                <SequencePoint vc="1" uspid="2493" ordinal="0" offset="1" sl="19" sc="9" el="19" ec="9" bec="0" bev="0" fileid="32" />
                <SequencePoint vc="1" uspid="2494" ordinal="0" offset="19" sl="20" sc="9" el="20" ec="9" bec="0" bev="0" fileid="32" />
                <SequencePoint vc="1" uspid="2495" ordinal="0" offset="42" sl="21" sc="5" el="21" ec="5" bec="0" bev="0" fileid="32" />
              </SequencePoints>
              <BranchPoints />
            </Method>
            <Method visited="true" cyclomaticComplexity="0" nPathComplexity="0" sequenceCoverage="100.0" branchCoverage="0" crapScore="0" isConstructor="false" isStatic="false" isGetter="false" isSetter="false">
              <Summary numSequencePoints="6" visitedSequencePoints="6" numBranchPoints="0" visitedBranchPoints="0" sequenceCoverage="100.0" branchCoverage="0" maxCyclomaticComplexity="0" minCyclomaticComplexity="0" maxCrapScore="0" minCrapScore="0" visitedClasses="0" numClasses="0" visitedMethods="1" numMethods="1" />
              <MetadataToken>100663354</MetadataToken>
              <Name>System.Void GraphTests::ShouldAddNodeIdempotently()</Name>
              <FileRef uid="32" />
              <SequencePoints>
                <SequencePoint vc="1" uspid="2496" ordinal="0" offset="0" sl="25" sc="5" el="25" ec="5" bec="0" bev="0" fileid="32" />
                <SequencePoint vc="1" uspid="2497" ordinal="0" offset="1" sl="26" sc="9" el="26" ec="9" bec="0" bev="0" fileid="32" />
                <SequencePoint vc="1" uspid="2498" ordinal="0" offset="19" sl="27" sc="9" el="27" ec="9" bec="0" bev="0" fileid="32" />
                <SequencePoint vc="1" uspid="2499" ordinal="0" offset="39" sl="28" sc="9" el="28" ec="9" bec="0" bev="0" fileid="32" />
                <SequencePoint vc="1" uspid="2500" ordinal="0" offset="57" sl="29" sc="9" el="29" ec="9" bec="0" bev="0" fileid="32" />
                <SequencePoint vc="1" uspid="2501" ordinal="0" offset="77" sl="30" sc="5" el="30" ec="5" bec="0" bev="0" fileid="32" />
              </SequencePoints>
              <BranchPoints />
            </Method>
            <Method visited="true" cyclomaticComplexity="0" nPathComplexity="0" sequenceCoverage="100.0" branchCoverage="0" crapScore="0" isConstructor="false" isStatic="false" isGetter="false" isSetter="false">
              <Summary numSequencePoints="9" visitedSequencePoints="9" numBranchPoints="0" visitedBranchPoints="0" sequenceCoverage="100.0" branchCoverage="0" maxCyclomaticComplexity="0" minCyclomaticComplexity="0" maxCrapScore="0" minCrapScore="0" visitedClasses="0" numClasses="0" visitedMethods="1" numMethods="1" />
              <MetadataToken>100663355</MetadataToken>
              <Name>System.Void GraphTests::ShouldAddNodeWithLinkedNodes()</Name>
              <FileRef uid="32" />
              <SequencePoints>
                <SequencePoint vc="1" uspid="2502" ordinal="0" offset="0" sl="34" sc="5" el="34" ec="5" bec="0" bev="0" fileid="32" />
                <SequencePoint vc="1" uspid="2503" ordinal="0" offset="1" sl="35" sc="9" el="35" ec="9" bec="0" bev="0" fileid="32" />
                <SequencePoint vc="1" uspid="2504" ordinal="0" offset="71" sl="37" sc="9" el="37" ec="9" bec="0" bev="0" fileid="32" />
                <SequencePoint vc="1" uspid="2505" ordinal="0" offset="94" sl="38" sc="9" el="38" ec="9" bec="0" bev="0" fileid="32" />
                <SequencePoint vc="1" uspid="2506" ordinal="0" offset="131" sl="39" sc="9" el="39" ec="9" bec="0" bev="0" fileid="32" />
                <SequencePoint vc="1" uspid="2507" ordinal="0" offset="168" sl="41" sc="9" el="41" ec="9" bec="0" bev="0" fileid="32" />
                <SequencePoint vc="1" uspid="2508" ordinal="0" offset="199" sl="42" sc="9" el="42" ec="9" bec="0" bev="0" fileid="32" />
                <SequencePoint vc="1" uspid="2509" ordinal="0" offset="247" sl="43" sc="9" el="43" ec="9" bec="0" bev="0" fileid="32" />
                <SequencePoint vc="1" uspid="2510" ordinal="0" offset="295" sl="44" sc="5" el="44" ec="5" bec="0" bev="0" fileid="32" />
              </SequencePoints>
              <BranchPoints />
            </Method>
            <Method visited="true" cyclomaticComplexity="0" nPathComplexity="0" sequenceCoverage="100.0" branchCoverage="0" crapScore="0" isConstructor="false" isStatic="false" isGetter="false" isSetter="false">
              <Summary numSequencePoints="8" visitedSequencePoints="8" numBranchPoints="0" visitedBranchPoints="0" sequenceCoverage="100.0" branchCoverage="0" maxCyclomaticComplexity="0" minCyclomaticComplexity="0" maxCrapScore="0" minCrapScore="0" visitedClasses="0" numClasses="0" visitedMethods="1" numMethods="1" />
              <MetadataToken>100663356</MetadataToken>
              <Name>System.Void GraphTests::ShouldAddNodeWithLinkedNodesIdempotently()</Name>
              <FileRef uid="32" />
              <SequencePoints>
                <SequencePoint vc="1" uspid="2511" ordinal="0" offset="0" sl="48" sc="5" el="48" ec="5" bec="0" bev="0" fileid="32" />
                <SequencePoint vc="1" uspid="2512" ordinal="0" offset="1" sl="49" sc="9" el="49" ec="9" bec="0" bev="0" fileid="32" />
                <SequencePoint vc="1" uspid="2513" ordinal="0" offset="71" sl="51" sc="9" el="51" ec="9" bec="0" bev="0" fileid="32" />
                <SequencePoint vc="1" uspid="2514" ordinal="0" offset="91" sl="52" sc="9" el="52" ec="9" bec="0" bev="0" fileid="32" />
                <SequencePoint vc="1" uspid="2515" ordinal="0" offset="122" sl="54" sc="9" el="54" ec="9" bec="0" bev="0" fileid="32" />
                <SequencePoint vc="1" uspid="2516" ordinal="0" offset="192" sl="56" sc="9" el="56" ec="9" bec="0" bev="0" fileid="32" />
                <SequencePoint vc="1" uspid="2517" ordinal="0" offset="212" sl="57" sc="9" el="57" ec="9" bec="0" bev="0" fileid="32" />
                <SequencePoint vc="1" uspid="2518" ordinal="0" offset="243" sl="58" sc="5" el="58" ec="5" bec="0" bev="0" fileid="32" />
              </SequencePoints>
              <BranchPoints />
            </Method>
            <Method visited="true" cyclomaticComplexity="0" nPathComplexity="0" sequenceCoverage="100.0" branchCoverage="0" crapScore="0" isConstructor="false" isStatic="false" isGetter="false" isSetter="false">
              <Summary numSequencePoints="8" visitedSequencePoints="8" numBranchPoints="0" visitedBranchPoints="0" sequenceCoverage="100.0" branchCoverage="0" maxCyclomaticComplexity="0" minCyclomaticComplexity="0" maxCrapScore="0" minCrapScore="0" visitedClasses="0" numClasses="0" visitedMethods="1" numMethods="1" />
              <MetadataToken>100663357</MetadataToken>
              <Name>System.Void GraphTests::ShouldAddNodeWithLinkToExistingNode()</Name>
              <FileRef uid="32" />
              <SequencePoints>
                <SequencePoint vc="1" uspid="2519" ordinal="0" offset="0" sl="62" sc="5" el="62" ec="5" bec="0" bev="0" fileid="32" />
                <SequencePoint vc="1" uspid="2520" ordinal="0" offset="1" sl="63" sc="9" el="63" ec="9" bec="0" bev="0" fileid="32" />
                <SequencePoint vc="1" uspid="2521" ordinal="0" offset="48" sl="64" sc="9" el="64" ec="9" bec="0" bev="0" fileid="32" />
                <SequencePoint vc="1" uspid="2522" ordinal="0" offset="95" sl="66" sc="9" el="66" ec="9" bec="0" bev="0" fileid="32" />
                <SequencePoint vc="1" uspid="2523" ordinal="0" offset="118" sl="67" sc="9" el="67" ec="9" bec="0" bev="0" fileid="32" />
                <SequencePoint vc="1" uspid="2524" ordinal="0" offset="155" sl="68" sc="9" el="68" ec="9" bec="0" bev="0" fileid="32" />
                <SequencePoint vc="1" uspid="2525" ordinal="0" offset="192" sl="70" sc="9" el="70" ec="9" bec="0" bev="0" fileid="32" />
                <SequencePoint vc="1" uspid="2526" ordinal="0" offset="223" sl="71" sc="5" el="71" ec="5" bec="0" bev="0" fileid="32" />
              </SequencePoints>
              <BranchPoints />
            </Method>
            <Method visited="true" cyclomaticComplexity="0" nPathComplexity="0" sequenceCoverage="100.0" branchCoverage="0" crapScore="0" isConstructor="false" isStatic="false" isGetter="false" isSetter="false">
              <Summary numSequencePoints="4" visitedSequencePoints="4" numBranchPoints="0" visitedBranchPoints="0" sequenceCoverage="100.0" branchCoverage="0" maxCyclomaticComplexity="0" minCyclomaticComplexity="0" maxCrapScore="0" minCrapScore="0" visitedClasses="0" numClasses="0" visitedMethods="1" numMethods="1" />
              <MetadataToken>100663358</MetadataToken>
              <Name>System.Void GraphTests::ShouldNotLinkedNodeWithItself()</Name>
              <FileRef uid="32" />
              <SequencePoints>
                <SequencePoint vc="1" uspid="2527" ordinal="0" offset="0" sl="75" sc="5" el="75" ec="5" bec="0" bev="0" fileid="32" />
                <SequencePoint vc="1" uspid="2528" ordinal="0" offset="1" sl="76" sc="9" el="76" ec="9" bec="0" bev="0" fileid="32" />
                <SequencePoint vc="1" uspid="2529" ordinal="0" offset="34" sl="78" sc="9" el="78" ec="9" bec="0" bev="0" fileid="32" />
                <SequencePoint vc="1" uspid="2530" ordinal="0" offset="54" sl="79" sc="5" el="79" ec="5" bec="0" bev="0" fileid="32" />
              </SequencePoints>
              <BranchPoints />
            </Method>
            <Method visited="true" cyclomaticComplexity="0" nPathComplexity="0" sequenceCoverage="100.0" branchCoverage="0" crapScore="0" isConstructor="false" isStatic="false" isGetter="false" isSetter="false">
              <Summary numSequencePoints="8" visitedSequencePoints="8" numBranchPoints="0" visitedBranchPoints="0" sequenceCoverage="100.0" branchCoverage="0" maxCyclomaticComplexity="0" minCyclomaticComplexity="0" maxCrapScore="0" minCrapScore="0" visitedClasses="0" numClasses="0" visitedMethods="1" numMethods="1" />
              <MetadataToken>100663359</MetadataToken>
              <Name>System.Void GraphTests::ShouldNotAddNullValues()</Name>
              <FileRef uid="32" />
              <SequencePoints>
                <SequencePoint vc="1" uspid="2531" ordinal="0" offset="0" sl="83" sc="5" el="83" ec="5" bec="0" bev="0" fileid="32" />
                <SequencePoint vc="1" uspid="2532" ordinal="0" offset="1" sl="84" sc="9" el="84" ec="9" bec="0" bev="0" fileid="32" />
                <SequencePoint vc="1" uspid="2533" ordinal="0" offset="14" sl="86" sc="9" el="86" ec="9" bec="0" bev="0" fileid="32" />
                <SequencePoint vc="1" uspid="2534" ordinal="0" offset="34" sl="88" sc="9" el="88" ec="9" bec="0" bev="0" fileid="32" />
                <SequencePoint vc="1" uspid="2535" ordinal="0" offset="53" sl="90" sc="9" el="90" ec="9" bec="0" bev="0" fileid="32" />
                <SequencePoint vc="1" uspid="2536" ordinal="0" offset="73" sl="92" sc="9" el="92" ec="9" bec="0" bev="0" fileid="32" />
                <SequencePoint vc="1" uspid="2537" ordinal="0" offset="87" sl="94" sc="9" el="94" ec="9" bec="0" bev="0" fileid="32" />
                <SequencePoint vc="1" uspid="2538" ordinal="0" offset="107" sl="95" sc="5" el="95" ec="5" bec="0" bev="0" fileid="32" />
              </SequencePoints>
              <BranchPoints />
            </Method>
[...]
              </SequencePoints>
              <BranchPoints />
            </Method>
            <Method visited="true" cyclomaticComplexity="0" nPathComplexity="0" sequenceCoverage="33.33" branchCoverage="0" crapScore="0" isConstructor="false" isStatic="false" isGetter="false" isSetter="false">
              <Summary numSequencePoints="15" visitedSequencePoints="5" numBranchPoints="0" visitedBranchPoints="0" sequenceCoverage="33.33" branchCoverage="0" maxCyclomaticComplexity="0" minCyclomaticComplexity="0" maxCrapScore="0" minCrapScore="0" visitedClasses="0" numClasses="0" visitedMethods="1" numMethods="1" />
              <MetadataToken>100663383</MetadataToken>
              <Name>System.Void Assets.Tests.DungeonGenerator.DungeonParametersTest::ShouldIgnoreDuplicateParameters()</Name>
              <FileRef uid="36" />
              <SequencePoints>
                <SequencePoint vc="1" uspid="2580" ordinal="0" offset="0" sl="37" sc="9" el="37" ec="9" bec="0" bev="0" fileid="36" />
                <SequencePoint vc="1" uspid="2581" ordinal="0" offset="1" sl="38" sc="13" el="38" ec="13" bec="0" bev="0" fileid="36" />
                <SequencePoint vc="1" uspid="2582" ordinal="0" offset="12" sl="39" sc="13" el="39" ec="13" bec="0" bev="0" fileid="36" />
                <SequencePoint vc="1" uspid="2583" ordinal="0" offset="14" sl="41" sc="13" el="41" ec="13" bec="0" bev="0" fileid="36" />
                <SequencePoint vc="1" uspid="2584" ordinal="0" offset="26" sl="42" sc="13" el="42" ec="13" bec="0" bev="0" fileid="36" />
                <SequencePoint vc="0" uspid="2585" ordinal="0" offset="53" sl="44" sc="13" el="44" ec="13" bec="0" bev="0" fileid="36" />
                <SequencePoint vc="0" uspid="2586" ordinal="0" offset="54" sl="44" sc="38" el="44" ec="38" bec="0" bev="0" fileid="36" />
                <SequencePoint vc="0" uspid="2587" ordinal="0" offset="64" sl="44" sc="22" el="44" ec="22" bec="0" bev="0" fileid="36" />
                <SequencePoint vc="0" uspid="2588" ordinal="0" offset="73" sl="45" sc="13" el="45" ec="13" bec="0" bev="0" fileid="36" />
                <SequencePoint vc="0" uspid="2589" ordinal="0" offset="74" sl="47" sc="17" el="47" ec="17" bec="0" bev="0" fileid="36" />
                <SequencePoint vc="0" uspid="2590" ordinal="0" offset="110" sl="48" sc="13" el="48" ec="13" bec="0" bev="0" fileid="36" />
                <SequencePoint vc="0" uspid="2591" ordinal="0" offset="111" sl="44" sc="35" el="44" ec="35" bec="0" bev="0" fileid="36" />
                <SequencePoint vc="0" uspid="2592" ordinal="0" offset="135" sl="50" sc="13" el="50" ec="13" bec="0" bev="0" fileid="36" />
                <SequencePoint vc="0" uspid="2593" ordinal="0" offset="160" sl="51" sc="13" el="51" ec="13" bec="0" bev="0" fileid="36" />
                <SequencePoint vc="0" uspid="2594" ordinal="0" offset="170" sl="52" sc="9" el="52" ec="9" bec="0" bev="0" fileid="36" />
              </SequencePoints>
              <BranchPoints />
            </Method>
          </Methods>
        </Class>
        <Class>
          <Summary numSequencePoints="7" visitedSequencePoints="2" numBranchPoints="0" visitedBranchPoints="0" sequenceCoverage="28.57" branchCoverage="0.0" maxCyclomaticComplexity="0" minCyclomaticComplexity="0" maxCrapScore="0" minCrapScore="0" visitedClasses="1" numClasses="1" visitedMethods="1" numMethods="1" />
          <FullName>RandomWalkTests/&lt;ShouldGenerateCompleteDungeon&gt;d__4</FullName>
          <Methods>
            <Method visited="true" cyclomaticComplexity="0" nPathComplexity="0" sequenceCoverage="28.57" branchCoverage="0" crapScore="0" isConstructor="false" isStatic="false" isGetter="false" isSetter="false">
              <Summary numSequencePoints="7" visitedSequencePoints="2" numBranchPoints="0" visitedBranchPoints="0" sequenceCoverage="28.57" branchCoverage="0" maxCyclomaticComplexity="0" minCyclomaticComplexity="0" maxCrapScore="0" minCrapScore="0" visitedClasses="0" numClasses="0" visitedMethods="1" numMethods="1" />
              <MetadataToken>100663414</MetadataToken>
              <Name>System.Boolean RandomWalkTests/&lt;ShouldGenerateCompleteDungeon&gt;d__4::MoveNext()</Name>
              <FileRef uid="26" />
              <SequencePoints>
                <SequencePoint vc="1" uspid="2629" ordinal="0" offset="31" sl="44" sc="5" el="44" ec="5" bec="0" bev="0" fileid="26" />
                <SequencePoint vc="1" uspid="2630" ordinal="0" offset="32" sl="45" sc="9" el="45" ec="9" bec="0" bev="0" fileid="26" />
                <SequencePoint vc="0" uspid="2631" ordinal="0" offset="67" sl="47" sc="9" el="47" ec="9" bec="0" bev="0" fileid="26" />
                <SequencePoint vc="0" uspid="2632" ordinal="0" offset="84" sl="48" sc="9" el="48" ec="9" bec="0" bev="0" fileid="26" />
                <SequencePoint vc="0" uspid="2633" ordinal="0" offset="96" sl="50" sc="9" el="50" ec="9" bec="0" bev="0" fileid="26" />
                <SequencePoint vc="0" uspid="2634" ordinal="0" offset="117" sl="51" sc="9" el="51" ec="9" bec="0" bev="0" fileid="26" />
                <SequencePoint vc="0" uspid="2635" ordinal="0" offset="137" sl="52" sc="5" el="52" ec="5" bec="0" bev="0" fileid="26" />
              </SequencePoints>
              <BranchPoints />
            </Method>
          </Methods>
        </Class>
        <Class>
          <Summary numSequencePoints="10" visitedSequencePoints="8" numBranchPoints="0" visitedBranchPoints="0" sequenceCoverage="80.00" branchCoverage="0.0" maxCyclomaticComplexity="0" minCyclomaticComplexity="0" maxCrapScore="0" minCrapScore="0" visitedClasses="1" numClasses="1" visitedMethods="1" numMethods="1" />
          <FullName>RandomWalkTests/&lt;TestSetUp&gt;d__5</FullName>
          <Methods>
            <Method visited="true" cyclomaticComplexity="0" nPathComplexity="0" sequenceCoverage="80.00" branchCoverage="0" crapScore="0" isConstructor="false" isStatic="false" isGetter="false" isSetter="false">
              <Summary numSequencePoints="10" visitedSequencePoints="8" numBranchPoints="0" visitedBranchPoints="0" sequenceCoverage="80.00" branchCoverage="0" maxCyclomaticComplexity="0" minCyclomaticComplexity="0" maxCrapScore="0" minCrapScore="0" visitedClasses="0" numClasses="0" visitedMethods="1" numMethods="1" />
              <MetadataToken>100663426</MetadataToken>
              <Name>System.Boolean RandomWalkTests/&lt;TestSetUp&gt;d__5::MoveNext()</Name>
              <FileRef uid="26" />
              <SequencePoints>
                <SequencePoint vc="1" uspid="2648" ordinal="0" offset="45" sl="55" sc="5" el="55" ec="5" bec="0" bev="0" fileid="26" />
                <SequencePoint vc="1" uspid="2649" ordinal="0" offset="46" sl="56" sc="9" el="56" ec="9" bec="0" bev="0" fileid="26" />
                <SequencePoint vc="1" uspid="2650" ordinal="0" offset="67" sl="57" sc="9" el="57" ec="9" bec="0" bev="0" fileid="26" />
                <SequencePoint vc="1" uspid="2651" ordinal="0" offset="99" sl="59" sc="9" el="59" ec="9" bec="0" bev="0" fileid="26" />
                <SequencePoint vc="1" uspid="2652" ordinal="0" offset="122" sl="60" sc="9" el="60" ec="9" bec="0" bev="0" fileid="26" />
                <SequencePoint vc="1" uspid="2653" ordinal="0" offset="145" sl="62" sc="9" el="62" ec="9" bec="0" bev="0" fileid="26" />
                <SequencePoint vc="1" uspid="2654" ordinal="0" offset="173" sl="63" sc="9" el="63" ec="9" bec="0" bev="0" fileid="26" />
                <SequencePoint vc="1" uspid="2655" ordinal="0" offset="190" sl="64" sc="9" el="64" ec="9" bec="0" bev="0" fileid="26" />
                <SequencePoint vc="0" uspid="2656" ordinal="0" offset="208" sl="66" sc="9" el="66" ec="9" bec="0" bev="0" fileid="26" />
                <SequencePoint vc="0" uspid="2657" ordinal="0" offset="240" sl="67" sc="5" el="67" ec="5" bec="0" bev="0" fileid="26" />
              </SequencePoints>
              <BranchPoints />
            </Method>
          </Methods>
        </Class>
        <Class>
          <Summary numSequencePoints="1" visitedSequencePoints="1" numBranchPoints="0" visitedBranchPoints="0" sequenceCoverage="100.0" branchCoverage="0.0" maxCyclomaticComplexity="0" minCyclomaticComplexity="0" maxCrapScore="0" minCrapScore="0" visitedClasses="1" numClasses="1" visitedMethods="1" numMethods="1" />
          <FullName>DungeonMasterRulesetTest/&lt;&gt;c__DisplayClass2_0</FullName>
          <Methods>
            <Method visited="true" cyclomaticComplexity="0" nPathComplexity="0" sequenceCoverage="100.0" branchCoverage="0" crapScore="0" isConstructor="false" isStatic="false" isGetter="false" isSetter="false">
              <Summary numSequencePoints="1" visitedSequencePoints="1" numBranchPoints="0" visitedBranchPoints="0" sequenceCoverage="100.0" branchCoverage="0" maxCyclomaticComplexity="0" minCyclomaticComplexity="0" maxCrapScore="0" minCrapScore="0" visitedClasses="0" numClasses="0" visitedMethods="1" numMethods="1" />
              <MetadataToken>100663431</MetadataToken>
              <Name>System.Void DungeonMasterRulesetTest/&lt;&gt;c__DisplayClass2_0::&lt;ShouldLoopThroughRuleset&gt;b__0(Assets.DungeonGenerator.DungeonMasterRule)</Name>
              <FileRef uid="27" />
              <SequencePoints>
                <SequencePoint vc="3" uspid="2658" ordinal="0" offset="0" sl="23" sc="30" el="23" ec="30" bec="0" bev="0" fileid="27" />
              </SequencePoints>
              <BranchPoints />
            </Method>
          </Methods>
        </Class>
        <Class>
          <Summary numSequencePoints="6" visitedSequencePoints="6" numBranchPoints="0" visitedBranchPoints="0" sequenceCoverage="100.0" branchCoverage="0.0" maxCyclomaticComplexity="0" minCyclomaticComplexity="0" maxCrapScore="0" minCrapScore="0" visitedClasses="1" numClasses="1" visitedMethods="1" numMethods="1" />
          <FullName>DungeonMasterRulesetTest/&lt;&gt;c__DisplayClass3_0</FullName>
          <Methods>
            <Method visited="true" cyclomaticComplexity="0" nPathComplexity="0" sequenceCoverage="100.0" branchCoverage="0" crapScore="0" isConstructor="false" isStatic="false" isGetter="false" isSetter="false">
              <Summary numSequencePoints="6" visitedSequencePoints="6" numBranchPoints="0" visitedBranchPoints="0" sequenceCoverage="100.0" branchCoverage="0" maxCyclomaticComplexity="0" minCyclomaticComplexity="0" maxCrapScore="0" minCrapScore="0" visitedClasses="0" numClasses="0" visitedMethods="1" numMethods="1" />
              <MetadataToken>100663433</MetadataToken>
              <Name>System.Void DungeonMasterRulesetTest/&lt;&gt;c__DisplayClass3_0::&lt;ShouldHaveRulesAfterParsingJson&gt;b__0(Assets.DungeonGenerator.DungeonMasterRule)</Name>
              <FileRef uid="27" />
              <SequencePoints>
                <SequencePoint vc="3" uspid="2659" ordinal="0" offset="0" sl="32" sc="9" el="32" ec="9" bec="0" bev="0" fileid="27" />
                <SequencePoint vc="3" uspid="2660" ordinal="0" offset="1" sl="33" sc="13" el="33" ec="13" bec="0" bev="0" fileid="27" />
                <SequencePoint vc="1" uspid="2661" ordinal="0" offset="14" sl="34" sc="13" el="34" ec="13" bec="0" bev="0" fileid="27" />
                <SequencePoint vc="1" uspid="2662" ordinal="0" offset="15" sl="35" sc="17" el="35" ec="17" bec="0" bev="0" fileid="27" />
                <SequencePoint vc="1" uspid="2663" ordinal="0" offset="22" sl="36" sc="17" el="36" ec="17" bec="0" bev="0" fileid="27" />
                <SequencePoint vc="3" uspid="2664" ordinal="0" offset="24" sl="38" sc="9" el="38" ec="9" bec="0" bev="0" fileid="27" />
              </SequencePoints>
              <BranchPoints />
            </Method>
          </Methods>
        </Class>
        <Class>
          <Summary numSequencePoints="4" visitedSequencePoints="4" numBranchPoints="0" visitedBranchPoints="0" sequenceCoverage="100.0" branchCoverage="0.0" maxCyclomaticComplexity="0" minCyclomaticComplexity="0" maxCrapScore="0" minCrapScore="0" visitedClasses="1" numClasses="1" visitedMethods="1" numMethods="1" />
          <FullName>DungeonMasterTests/&lt;SetUp&gt;d__3</FullName>
          <Methods>
            <Method visited="true" cyclomaticComplexity="0" nPathComplexity="0" sequenceCoverage="100.0" branchCoverage="0" crapScore="0" isConstructor="false" isStatic="false" isGetter="false" isSetter="false">
              <Summary numSequencePoints="4" visitedSequencePoints="4" numBranchPoints="0" visitedBranchPoints="0" sequenceCoverage="100.0" branchCoverage="0" maxCyclomaticComplexity="0" minCyclomaticComplexity="0" maxCrapScore="0" minCrapScore="0" visitedClasses="0" numClasses="0" visitedMethods="1" numMethods="1" />
              <MetadataToken>100663436</MetadataToken>
              <Name>System.Boolean DungeonMasterTests/&lt;SetUp&gt;d__3::MoveNext()</Name>
              <FileRef uid="29" />
              <SequencePoints>
                <SequencePoint vc="7" uspid="2665" ordinal="0" offset="31" sl="19" sc="5" el="19" ec="5" bec="0" bev="0" fileid="29" />
                <SequencePoint vc="7" uspid="2666" ordinal="0" offset="32" sl="20" sc="9" el="20" ec="9" bec="0" bev="0" fileid="29" />
                <SequencePoint vc="7" uspid="2667" ordinal="0" offset="43" sl="21" sc="9" el="21" ec="9" bec="0" bev="0" fileid="29" />
                <SequencePoint vc="7" uspid="2668" ordinal="0" offset="66" sl="22" sc="5" el="22" ec="5" bec="0" bev="0" fileid="29" />
              </SequencePoints>
              <BranchPoints />
            </Method>
          </Methods>
        </Class>
        <Class>
          <Summary numSequencePoints="7" visitedSequencePoints="7" numBranchPoints="0" visitedBranchPoints="0" sequenceCoverage="100.0" branchCoverage="0.0" maxCyclomaticComplexity="0" minCyclomaticComplexity="0" maxCrapScore="0" minCrapScore="0" visitedClasses="1" numClasses="1" visitedMethods="1" numMethods="1" />
          <FullName>GameSceneManagerTests/&lt;GameManagerPersistsBetweenScenes&gt;d__3</FullName>
          <Methods>
            <Method visited="true" cyclomaticComplexity="0" nPathComplexity="0" sequenceCoverage="100.0" branchCoverage="0" crapScore="0" isConstructor="false" isStatic="false" isGetter="false" isSetter="false">
              <Summary numSequencePoints="7" visitedSequencePoints="7" numBranchPoints="0" visitedBranchPoints="0" sequenceCoverage="100.0" branchCoverage="0" maxCyclomaticComplexity="0" minCyclomaticComplexity="0" maxCrapScore="0" minCrapScore="0" visitedClasses="0" numClasses="0" visitedMethods="1" numMethods="1" />
              <MetadataToken>100663484</MetadataToken>
              <Name>System.Boolean GameSceneManagerTests/&lt;GameManagerPersistsBetweenScenes&gt;d__3::MoveNext()</Name>
              <FileRef uid="37" />
              <SequencePoints>
                <SequencePoint vc="1" uspid="2725" ordinal="0" offset="31" sl="32" sc="5" el="32" ec="5" bec="0" bev="0" fileid="37" />
                <SequencePoint vc="1" uspid="2726" ordinal="0" offset="32" sl="33" sc="9" el="33" ec="9" bec="0" bev="0" fileid="37" />
                <SequencePoint vc="1" uspid="2727" ordinal="0" offset="58" sl="34" sc="9" el="34" ec="9" bec="0" bev="0" fileid="37" />
                <SequencePoint vc="1" uspid="2728" ordinal="0" offset="75" sl="35" sc="9" el="35" ec="9" bec="0" bev="0" fileid="37" />
                <SequencePoint vc="1" uspid="2729" ordinal="0" offset="98" sl="37" sc="9" el="37" ec="9" bec="0" bev="0" fileid="37" />
                <SequencePoint vc="1" uspid="2730" ordinal="0" offset="124" sl="39" sc="9" el="39" ec="9" bec="0" bev="0" fileid="37" />
                <SequencePoint vc="1" uspid="2731" ordinal="0" offset="147" sl="40" sc="5" el="40" ec="5" bec="0" bev="0" fileid="37" />
              </SequencePoints>
              <BranchPoints />
            </Method>
          </Methods>
        </Class>
        <Class>
          <Summary numSequencePoints="6" visitedSequencePoints="6" numBranchPoints="0" visitedBranchPoints="0" sequenceCoverage="100.0" branchCoverage="0.0" maxCyclomaticComplexity="0" minCyclomaticComplexity="0" maxCrapScore="0" minCrapScore="0" visitedClasses="1" numClasses="1" visitedMethods="1" numMethods="1" />
          <FullName>GameSceneManagerTests/&lt;GameManagerStartsANewGame&gt;d__2</FullName>
          <Methods>
            <Method visited="true" cyclomaticComplexity="0" nPathComplexity="0" sequenceCoverage="100.0" branchCoverage="0" crapScore="0" isConstructor="false" isStatic="false" isGetter="false" isSetter="false">
              <Summary numSequencePoints="6" visitedSequencePoints="6" numBranchPoints="0" visitedBranchPoints="0" sequenceCoverage="100.0" branchCoverage="0" maxCyclomaticComplexity="0" minCyclomaticComplexity="0" maxCrapScore="0" minCrapScore="0" visitedClasses="0" numClasses="0" visitedMethods="1" numMethods="1" />
              <MetadataToken>100663490</MetadataToken>
              <Name>System.Boolean GameSceneManagerTests/&lt;GameManagerStartsANewGame&gt;d__2::MoveNext()</Name>
              <FileRef uid="37" />
              <SequencePoints>
                <SequencePoint vc="1" uspid="2732" ordinal="0" offset="31" sl="22" sc="5" el="22" ec="5" bec="0" bev="0" fileid="37" />
                <SequencePoint vc="1" uspid="2733" ordinal="0" offset="32" sl="23" sc="9" el="23" ec="9" bec="0" bev="0" fileid="37" />
                <SequencePoint vc="1" uspid="2734" ordinal="0" offset="58" sl="24" sc="9" el="24" ec="9" bec="0" bev="0" fileid="37" />
                <SequencePoint vc="1" uspid="2735" ordinal="0" offset="75" sl="25" sc="9" el="25" ec="9" bec="0" bev="0" fileid="37" />
                <SequencePoint vc="1" uspid="2736" ordinal="0" offset="98" sl="27" sc="9" el="27" ec="9" bec="0" bev="0" fileid="37" />
                <SequencePoint vc="1" uspid="2737" ordinal="0" offset="127" sl="28" sc="5" el="28" ec="5" bec="0" bev="0" fileid="37" />
              </SequencePoints>
              <BranchPoints />
            </Method>
          </Methods>
        </Class>
        <Class>
          <Summary numSequencePoints="4" visitedSequencePoints="4" numBranchPoints="0" visitedBranchPoints="0" sequenceCoverage="100.0" branchCoverage="0.0" maxCyclomaticComplexity="0" minCyclomaticComplexity="0" maxCrapScore="0" minCrapScore="0" visitedClasses="1" numClasses="1" visitedMethods="1" numMethods="1" />
          <FullName>GameSceneManagerTests/&lt;SetUp&gt;d__1</FullName>
          <Methods>
            <Method visited="true" cyclomaticComplexity="0" nPathComplexity="0" sequenceCoverage="100.0" branchCoverage="0" crapScore="0" isConstructor="false" isStatic="false" isGetter="false" isSetter="false">
              <Summary numSequencePoints="4" visitedSequencePoints="4" numBranchPoints="0" visitedBranchPoints="0" sequenceCoverage="100.0" branchCoverage="0" maxCyclomaticComplexity="0" minCyclomaticComplexity="0" maxCrapScore="0" minCrapScore="0" visitedClasses="0" numClasses="0" visitedMethods="1" numMethods="1" />
              <MetadataToken>100663496</MetadataToken>
              <Name>System.Boolean GameSceneManagerTests/&lt;SetUp&gt;d__1::MoveNext()</Name>
              <FileRef uid="37" />
              <SequencePoints>
                <SequencePoint vc="2" uspid="2738" ordinal="0" offset="31" sl="15" sc="5" el="15" ec="5" bec="0" bev="0" fileid="37" />
                <SequencePoint vc="2" uspid="2739" ordinal="0" offset="32" sl="16" sc="9" el="16" ec="9" bec="0" bev="0" fileid="37" />
                <SequencePoint vc="2" uspid="2740" ordinal="0" offset="43" sl="17" sc="9" el="17" ec="9" bec="0" bev="0" fileid="37" />
                <SequencePoint vc="2" uspid="2741" ordinal="0" offset="66" sl="18" sc="5" el="18" ec="5" bec="0" bev="0" fileid="37" />
              </SequencePoints>
              <BranchPoints />
            </Method>
          </Methods>
        </Class>
      </Classes>
    </Module>
  </Modules>
</CoverageSession>